[2025-01-28T23:23:03.276+0000] {local_task_job_runner.py:123} INFO - ::group::Pre task execution logs
[2025-01-28T23:23:03.286+0000] {taskinstance.py:2613} INFO - Dependencies all met for dep_context=non-requeueable deps ti=<TaskInstance: executing_sql_pipeline.create_table manual__2025-01-28T23:23:02.415194+00:00 [queued]>
[2025-01-28T23:23:03.292+0000] {taskinstance.py:2613} INFO - Dependencies all met for dep_context=requeueable deps ti=<TaskInstance: executing_sql_pipeline.create_table manual__2025-01-28T23:23:02.415194+00:00 [queued]>
[2025-01-28T23:23:03.294+0000] {taskinstance.py:2866} INFO - Starting attempt 1 of 1
[2025-01-28T23:23:03.303+0000] {taskinstance.py:2889} INFO - Executing <Task(PostgresOperator): create_table> on 2025-01-28 23:23:02.415194+00:00
[2025-01-28T23:23:03.308+0000] {standard_task_runner.py:72} INFO - Started process 758 to run task
[2025-01-28T23:23:03.311+0000] {standard_task_runner.py:104} INFO - Running: ['***', 'tasks', 'run', 'executing_sql_pipeline', 'create_table', 'manual__2025-01-28T23:23:02.415194+00:00', '--job-id', '7', '--raw', '--subdir', 'DAGS_FOLDER/executing_sql_pipeline.py', '--cfg-path', '/tmp/tmpk9ddhy7v']
[2025-01-28T23:23:03.312+0000] {standard_task_runner.py:105} INFO - Job 7: Subtask create_table
[2025-01-28T23:23:03.343+0000] {task_command.py:467} INFO - Running <TaskInstance: executing_sql_pipeline.create_table manual__2025-01-28T23:23:02.415194+00:00 [running]> on host 6b2a71fc0c6d
[2025-01-28T23:23:03.399+0000] {taskinstance.py:3132} INFO - Exporting env vars: AIRFLOW_CTX_DAG_OWNER='***' AIRFLOW_CTX_DAG_ID='executing_sql_pipeline' AIRFLOW_CTX_TASK_ID='create_table' AIRFLOW_CTX_EXECUTION_DATE='2025-01-28T23:23:02.415194+00:00' AIRFLOW_CTX_TRY_NUMBER='1' AIRFLOW_CTX_DAG_RUN_ID='manual__2025-01-28T23:23:02.415194+00:00'
[2025-01-28T23:23:03.401+0000] {taskinstance.py:731} INFO - ::endgroup::
[2025-01-28T23:23:03.408+0000] {sql.py:278} INFO - Executing: 
            CREATE TABLE IF NOT EXISTS users (
                    id INTEGER PRIMARY KEY,
                    name VARCHAR(50) NOT NULL,
                    age INTEGER NOT NULL,
                    is_active BOOLEAN DEFAULT true,
                    created_at TIMESTAMP DEFAULT CURRENT_TIMESTAMP
            );
        
[2025-01-28T23:23:03.414+0000] {base.py:84} INFO - Retrieving connection 'postgres_conn'
[2025-01-28T23:23:03.422+0000] {base.py:84} INFO - Retrieving connection 'postgres_conn'
[2025-01-28T23:23:03.425+0000] {sql.py:553} INFO - Running statement: 
            CREATE TABLE IF NOT EXISTS users (
                    id INTEGER PRIMARY KEY,
                    name VARCHAR(50) NOT NULL,
                    age INTEGER NOT NULL,
                    is_active BOOLEAN DEFAULT true,
                    created_at TIMESTAMP DEFAULT CURRENT_TIMESTAMP
            );
        , parameters: None
[2025-01-28T23:23:03.433+0000] {taskinstance.py:340} INFO - ::group::Post task execution logs
[2025-01-28T23:23:03.435+0000] {taskinstance.py:352} INFO - Marking task as SUCCESS. dag_id=executing_sql_pipeline, task_id=create_table, run_id=manual__2025-01-28T23:23:02.415194+00:00, execution_date=20250128T232302, start_date=20250128T232303, end_date=20250128T232303
[2025-01-28T23:23:03.484+0000] {local_task_job_runner.py:266} INFO - Task exited with return code 0
[2025-01-28T23:23:03.501+0000] {taskinstance.py:3895} INFO - 2 downstream tasks scheduled from follow-on schedule check
[2025-01-28T23:23:03.505+0000] {local_task_job_runner.py:245} INFO - ::endgroup::
