[2025-01-29T17:14:03.797+0000] {local_task_job_runner.py:123} INFO - ::group::Pre task execution logs
[2025-01-29T17:14:03.812+0000] {taskinstance.py:2613} INFO - Dependencies all met for dep_context=non-requeueable deps ti=<TaskInstance: cron_catchup_backfill.taskD backfill__2024-12-01T12:00:00+00:00 [queued]>
[2025-01-29T17:14:03.828+0000] {taskinstance.py:2613} INFO - Dependencies all met for dep_context=requeueable deps ti=<TaskInstance: cron_catchup_backfill.taskD backfill__2024-12-01T12:00:00+00:00 [queued]>
[2025-01-29T17:14:03.830+0000] {taskinstance.py:2866} INFO - Starting attempt 1 of 1
[2025-01-29T17:14:03.842+0000] {taskinstance.py:2889} INFO - Executing <Task(BashOperator): taskD> on 2024-12-01 12:00:00+00:00
[2025-01-29T17:14:03.851+0000] {standard_task_runner.py:72} INFO - Started process 3099 to run task
[2025-01-29T17:14:03.858+0000] {standard_task_runner.py:104} INFO - Running: ['***', 'tasks', 'run', 'cron_catchup_backfill', 'taskD', 'backfill__2024-12-01T12:00:00+00:00', '--job-id', '236', '--pool', 'default_pool', '--raw', '--subdir', 'DAGS_FOLDER/executing_cron_catchup_backfill.py', '--cfg-path', '/tmp/tmpel4v_5d6']
[2025-01-29T17:14:03.860+0000] {standard_task_runner.py:105} INFO - Job 236: Subtask taskD
[2025-01-29T17:14:03.910+0000] {task_command.py:467} INFO - Running <TaskInstance: cron_catchup_backfill.taskD backfill__2024-12-01T12:00:00+00:00 [running]> on host ef9d5dc750d2
[2025-01-29T17:14:04.009+0000] {taskinstance.py:3132} INFO - Exporting env vars: AIRFLOW_CTX_DAG_OWNER='***' AIRFLOW_CTX_DAG_ID='cron_catchup_backfill' AIRFLOW_CTX_TASK_ID='taskD' AIRFLOW_CTX_EXECUTION_DATE='2024-12-01T12:00:00+00:00' AIRFLOW_CTX_TRY_NUMBER='1' AIRFLOW_CTX_DAG_RUN_ID='backfill__2024-12-01T12:00:00+00:00'
[2025-01-29T17:14:04.010+0000] {taskinstance.py:731} INFO - ::endgroup::
[2025-01-29T17:14:04.026+0000] {subprocess.py:78} INFO - Tmp dir root location: /tmp
[2025-01-29T17:14:04.027+0000] {subprocess.py:88} INFO - Running command: ['/usr/bin/bash', '-c', 'echo TASK D has executed!']
[2025-01-29T17:14:04.039+0000] {subprocess.py:99} INFO - Output:
[2025-01-29T17:14:04.041+0000] {subprocess.py:106} INFO - TASK D has executed!
[2025-01-29T17:14:04.042+0000] {subprocess.py:110} INFO - Command exited with return code 0
[2025-01-29T17:14:04.066+0000] {taskinstance.py:340} INFO - ::group::Post task execution logs
[2025-01-29T17:14:04.067+0000] {taskinstance.py:352} INFO - Marking task as SUCCESS. dag_id=cron_catchup_backfill, task_id=taskD, run_id=backfill__2024-12-01T12:00:00+00:00, execution_date=20241201T120000, start_date=20250129T171403, end_date=20250129T171404
[2025-01-29T17:14:04.110+0000] {local_task_job_runner.py:266} INFO - Task exited with return code 0
[2025-01-29T17:14:04.123+0000] {taskinstance.py:3895} INFO - 0 downstream tasks scheduled from follow-on schedule check
[2025-01-29T17:14:04.127+0000] {local_task_job_runner.py:245} INFO - ::endgroup::
