[2025-01-29T01:34:53.034+0000] {local_task_job_runner.py:123} INFO - ::group::Pre task execution logs
[2025-01-29T01:34:53.046+0000] {taskinstance.py:2613} INFO - Dependencies all met for dep_context=non-requeueable deps ti=<TaskInstance: executing_conditional_branching.determine_branch manual__2025-01-29T01:34:49.861097+00:00 [queued]>
[2025-01-29T01:34:53.052+0000] {taskinstance.py:2613} INFO - Dependencies all met for dep_context=requeueable deps ti=<TaskInstance: executing_conditional_branching.determine_branch manual__2025-01-29T01:34:49.861097+00:00 [queued]>
[2025-01-29T01:34:53.068+0000] {taskinstance.py:2866} INFO - Starting attempt 1 of 1
[2025-01-29T01:34:53.084+0000] {taskinstance.py:2889} INFO - Executing <Task(BranchPythonOperator): determine_branch> on 2025-01-29 01:34:49.861097+00:00
[2025-01-29T01:34:53.090+0000] {standard_task_runner.py:72} INFO - Started process 237 to run task
[2025-01-29T01:34:53.093+0000] {standard_task_runner.py:104} INFO - Running: ['***', 'tasks', 'run', 'executing_conditional_branching', 'determine_branch', 'manual__2025-01-29T01:34:49.861097+00:00', '--job-id', '10', '--raw', '--subdir', 'DAGS_FOLDER/executing_conditional_branching.py', '--cfg-path', '/tmp/tmps4rv_zn3']
[2025-01-29T01:34:53.096+0000] {standard_task_runner.py:105} INFO - Job 10: Subtask determine_branch
[2025-01-29T01:34:53.165+0000] {task_command.py:467} INFO - Running <TaskInstance: executing_conditional_branching.determine_branch manual__2025-01-29T01:34:49.861097+00:00 [running]> on host ef9d5dc750d2
[2025-01-29T01:34:53.363+0000] {taskinstance.py:3132} INFO - Exporting env vars: AIRFLOW_CTX_DAG_OWNER='***' AIRFLOW_CTX_DAG_ID='executing_conditional_branching' AIRFLOW_CTX_TASK_ID='determine_branch' AIRFLOW_CTX_EXECUTION_DATE='2025-01-29T01:34:49.861097+00:00' AIRFLOW_CTX_TRY_NUMBER='1' AIRFLOW_CTX_DAG_RUN_ID='manual__2025-01-29T01:34:49.861097+00:00'
[2025-01-29T01:34:53.364+0000] {taskinstance.py:731} INFO - ::endgroup::
[2025-01-29T01:34:53.372+0000] {baseoperator.py:421} WARNING - BranchPythonOperator.execute cannot be called outside TaskInstance!
[2025-01-29T01:34:53.377+0000] {python.py:240} INFO - Done. Returned value was: filter_by_southwest
[2025-01-29T01:34:53.379+0000] {branch.py:38} INFO - Branch into filter_by_southwest
[2025-01-29T01:34:53.380+0000] {skipmixin.py:230} INFO - Following branch ('filter_by_southwest',)
[2025-01-29T01:34:53.391+0000] {skipmixin.py:278} INFO - Skipping tasks [('filter_by_northeast', -1), ('groupby_region_smoker', -1), ('filter_by_northwest', -1), ('filter_by_southeast', -1)]
[2025-01-29T01:34:53.414+0000] {taskinstance.py:340} INFO - ::group::Post task execution logs
[2025-01-29T01:34:53.415+0000] {taskinstance.py:352} INFO - Marking task as SUCCESS. dag_id=executing_conditional_branching, task_id=determine_branch, run_id=manual__2025-01-29T01:34:49.861097+00:00, execution_date=20250129T013449, start_date=20250129T013453, end_date=20250129T013453
[2025-01-29T01:34:53.467+0000] {local_task_job_runner.py:266} INFO - Task exited with return code 0
[2025-01-29T01:34:53.487+0000] {taskinstance.py:3895} INFO - 1 downstream tasks scheduled from follow-on schedule check
[2025-01-29T01:34:53.492+0000] {local_task_job_runner.py:245} INFO - ::endgroup::
