[2025-01-29T00:04:33.819+0000] {local_task_job_runner.py:123} INFO - ::group::Pre task execution logs
[2025-01-29T00:04:33.831+0000] {taskinstance.py:2613} INFO - Dependencies all met for dep_context=non-requeueable deps ti=<TaskInstance: executing_sql_pipeline.insert_values_1 manual__2025-01-29T00:04:32.762764+00:00 [queued]>
[2025-01-29T00:04:33.837+0000] {taskinstance.py:2613} INFO - Dependencies all met for dep_context=requeueable deps ti=<TaskInstance: executing_sql_pipeline.insert_values_1 manual__2025-01-29T00:04:32.762764+00:00 [queued]>
[2025-01-29T00:04:33.844+0000] {taskinstance.py:2866} INFO - Starting attempt 1 of 1
[2025-01-29T00:04:33.854+0000] {taskinstance.py:2889} INFO - Executing <Task(PostgresOperator): insert_values_1> on 2025-01-29 00:04:32.762764+00:00
[2025-01-29T00:04:33.860+0000] {standard_task_runner.py:72} INFO - Started process 1380 to run task
[2025-01-29T00:04:33.862+0000] {standard_task_runner.py:104} INFO - Running: ['***', 'tasks', 'run', 'executing_sql_pipeline', 'insert_values_1', 'manual__2025-01-29T00:04:32.762764+00:00', '--job-id', '29', '--raw', '--subdir', 'DAGS_FOLDER/executing_sql_pipeline.py', '--cfg-path', '/tmp/tmpy55gvxzc']
[2025-01-29T00:04:33.863+0000] {standard_task_runner.py:105} INFO - Job 29: Subtask insert_values_1
[2025-01-29T00:04:33.899+0000] {task_command.py:467} INFO - Running <TaskInstance: executing_sql_pipeline.insert_values_1 manual__2025-01-29T00:04:32.762764+00:00 [running]> on host 6b2a71fc0c6d
[2025-01-29T00:04:33.979+0000] {taskinstance.py:3132} INFO - Exporting env vars: AIRFLOW_CTX_DAG_OWNER='***' AIRFLOW_CTX_DAG_ID='executing_sql_pipeline' AIRFLOW_CTX_TASK_ID='insert_values_1' AIRFLOW_CTX_EXECUTION_DATE='2025-01-29T00:04:32.762764+00:00' AIRFLOW_CTX_TRY_NUMBER='1' AIRFLOW_CTX_DAG_RUN_ID='manual__2025-01-29T00:04:32.762764+00:00'
[2025-01-29T00:04:33.981+0000] {taskinstance.py:731} INFO - ::endgroup::
[2025-01-29T00:04:33.988+0000] {sql.py:278} INFO - Executing: 
            INSERT INTO users (name, age, is_active) VALUES
                ('Julie', 30, false),
                ('Peter', 55, true),
                ('Emily', 37, false),
                ('Katrina', 54, false),
                ('Joseph', 27, true);
        
[2025-01-29T00:04:33.995+0000] {base.py:84} INFO - Retrieving connection 'postgres_conn'
[2025-01-29T00:04:34.002+0000] {base.py:84} INFO - Retrieving connection 'postgres_conn'
[2025-01-29T00:04:34.005+0000] {sql.py:553} INFO - Running statement: 
            INSERT INTO users (name, age, is_active) VALUES
                ('Julie', 30, false),
                ('Peter', 55, true),
                ('Emily', 37, false),
                ('Katrina', 54, false),
                ('Joseph', 27, true);
        , parameters: None
[2025-01-29T00:04:34.007+0000] {sql.py:562} INFO - Rows affected: 5
[2025-01-29T00:04:34.032+0000] {taskinstance.py:340} INFO - ::group::Post task execution logs
[2025-01-29T00:04:34.033+0000] {taskinstance.py:352} INFO - Marking task as SUCCESS. dag_id=executing_sql_pipeline, task_id=insert_values_1, run_id=manual__2025-01-29T00:04:32.762764+00:00, execution_date=20250129T000432, start_date=20250129T000433, end_date=20250129T000434
[2025-01-29T00:04:34.076+0000] {local_task_job_runner.py:266} INFO - Task exited with return code 0
[2025-01-29T00:04:34.095+0000] {taskinstance.py:3895} INFO - 1 downstream tasks scheduled from follow-on schedule check
[2025-01-29T00:04:34.104+0000] {local_task_job_runner.py:245} INFO - ::endgroup::
