[2025-01-24T23:18:02.036+0000] {local_task_job_runner.py:123} INFO - ::group::Pre task execution logs
[2025-01-24T23:18:02.054+0000] {taskinstance.py:2613} INFO - Dependencies all met for dep_context=non-requeueable deps ti=<TaskInstance: executing_multiple_tasks.taskC manual__2025-01-24T23:17:59.400510+00:00 [queued]>
[2025-01-24T23:18:02.062+0000] {taskinstance.py:2613} INFO - Dependencies all met for dep_context=requeueable deps ti=<TaskInstance: executing_multiple_tasks.taskC manual__2025-01-24T23:17:59.400510+00:00 [queued]>
[2025-01-24T23:18:02.064+0000] {taskinstance.py:2866} INFO - Starting attempt 1 of 1
[2025-01-24T23:18:02.080+0000] {taskinstance.py:2889} INFO - Executing <Task(BashOperator): taskC> on 2025-01-24 23:17:59.400510+00:00
[2025-01-24T23:18:02.089+0000] {standard_task_runner.py:72} INFO - Started process 1382 to run task
[2025-01-24T23:18:02.092+0000] {standard_task_runner.py:104} INFO - Running: ['***', 'tasks', 'run', 'executing_multiple_tasks', 'taskC', 'manual__2025-01-24T23:17:59.400510+00:00', '--job-id', '17', '--raw', '--subdir', 'DAGS_FOLDER/execute_multiple_tasks.py', '--cfg-path', '/tmp/tmp8qdyf6_8']
[2025-01-24T23:18:02.093+0000] {standard_task_runner.py:105} INFO - Job 17: Subtask taskC
[2025-01-24T23:18:02.143+0000] {task_command.py:467} INFO - Running <TaskInstance: executing_multiple_tasks.taskC manual__2025-01-24T23:17:59.400510+00:00 [running]> on host 6eaa7309f7d4
[2025-01-24T23:18:02.217+0000] {taskinstance.py:3132} INFO - Exporting env vars: AIRFLOW_CTX_DAG_OWNER='***' AIRFLOW_CTX_DAG_ID='executing_multiple_tasks' AIRFLOW_CTX_TASK_ID='taskC' AIRFLOW_CTX_EXECUTION_DATE='2025-01-24T23:17:59.400510+00:00' AIRFLOW_CTX_TRY_NUMBER='1' AIRFLOW_CTX_DAG_RUN_ID='manual__2025-01-24T23:17:59.400510+00:00'
[2025-01-24T23:18:02.219+0000] {taskinstance.py:731} INFO - ::endgroup::
[2025-01-24T23:18:02.228+0000] {subprocess.py:78} INFO - Tmp dir root location: /tmp
[2025-01-24T23:18:02.230+0000] {subprocess.py:88} INFO - Running command: ['/usr/bin/bash', '-c', '\n            echo TASK C has started!\n            sleep 15\n            echo TASK C has ended!\n        ']
[2025-01-24T23:18:02.240+0000] {subprocess.py:99} INFO - Output:
[2025-01-24T23:18:02.242+0000] {subprocess.py:106} INFO - TASK C has started!
[2025-01-24T23:18:17.242+0000] {subprocess.py:106} INFO - TASK C has ended!
[2025-01-24T23:18:17.244+0000] {subprocess.py:110} INFO - Command exited with return code 0
[2025-01-24T23:18:17.268+0000] {taskinstance.py:340} INFO - ::group::Post task execution logs
[2025-01-24T23:18:17.271+0000] {taskinstance.py:352} INFO - Marking task as SUCCESS. dag_id=executing_multiple_tasks, task_id=taskC, run_id=manual__2025-01-24T23:17:59.400510+00:00, execution_date=20250124T231759, start_date=20250124T231802, end_date=20250124T231817
[2025-01-24T23:18:17.307+0000] {local_task_job_runner.py:266} INFO - Task exited with return code 0
[2025-01-24T23:18:17.324+0000] {taskinstance.py:3895} INFO - 1 downstream tasks scheduled from follow-on schedule check
[2025-01-24T23:18:17.329+0000] {local_task_job_runner.py:245} INFO - ::endgroup::
