[2025-01-24T23:14:53.848+0000] {local_task_job_runner.py:123} INFO - ::group::Pre task execution logs
[2025-01-24T23:14:53.865+0000] {taskinstance.py:2613} INFO - Dependencies all met for dep_context=non-requeueable deps ti=<TaskInstance: executing_multiple_tasks.taskC manual__2025-01-24T23:14:51.531557+00:00 [queued]>
[2025-01-24T23:14:53.873+0000] {taskinstance.py:2613} INFO - Dependencies all met for dep_context=requeueable deps ti=<TaskInstance: executing_multiple_tasks.taskC manual__2025-01-24T23:14:51.531557+00:00 [queued]>
[2025-01-24T23:14:53.876+0000] {taskinstance.py:2866} INFO - Starting attempt 1 of 1
[2025-01-24T23:14:53.893+0000] {taskinstance.py:2889} INFO - Executing <Task(BashOperator): taskC> on 2025-01-24 23:14:51.531557+00:00
[2025-01-24T23:14:53.899+0000] {standard_task_runner.py:72} INFO - Started process 1324 to run task
[2025-01-24T23:14:53.901+0000] {standard_task_runner.py:104} INFO - Running: ['***', 'tasks', 'run', 'executing_multiple_tasks', 'taskC', 'manual__2025-01-24T23:14:51.531557+00:00', '--job-id', '13', '--raw', '--subdir', 'DAGS_FOLDER/execute_multiple_tasks.py', '--cfg-path', '/tmp/tmp6rjk0vet']
[2025-01-24T23:14:53.903+0000] {standard_task_runner.py:105} INFO - Job 13: Subtask taskC
[2025-01-24T23:14:53.947+0000] {task_command.py:467} INFO - Running <TaskInstance: executing_multiple_tasks.taskC manual__2025-01-24T23:14:51.531557+00:00 [running]> on host 6eaa7309f7d4
[2025-01-24T23:14:54.023+0000] {taskinstance.py:3132} INFO - Exporting env vars: AIRFLOW_CTX_DAG_OWNER='***' AIRFLOW_CTX_DAG_ID='executing_multiple_tasks' AIRFLOW_CTX_TASK_ID='taskC' AIRFLOW_CTX_EXECUTION_DATE='2025-01-24T23:14:51.531557+00:00' AIRFLOW_CTX_TRY_NUMBER='1' AIRFLOW_CTX_DAG_RUN_ID='manual__2025-01-24T23:14:51.531557+00:00'
[2025-01-24T23:14:54.026+0000] {taskinstance.py:731} INFO - ::endgroup::
[2025-01-24T23:14:54.039+0000] {subprocess.py:78} INFO - Tmp dir root location: /tmp
[2025-01-24T23:14:54.041+0000] {subprocess.py:88} INFO - Running command: ['/usr/bin/bash', '-c', '\n            echo TASK C has started!\n            sleep 15\n            echo TASK C has ended!\n        ']
[2025-01-24T23:14:54.052+0000] {subprocess.py:99} INFO - Output:
[2025-01-24T23:14:54.054+0000] {subprocess.py:106} INFO - TASK C has started!
[2025-01-24T23:15:09.057+0000] {subprocess.py:106} INFO - TASK C has ended!
[2025-01-24T23:15:09.060+0000] {subprocess.py:110} INFO - Command exited with return code 0
[2025-01-24T23:15:09.082+0000] {taskinstance.py:340} INFO - ::group::Post task execution logs
[2025-01-24T23:15:09.085+0000] {taskinstance.py:352} INFO - Marking task as SUCCESS. dag_id=executing_multiple_tasks, task_id=taskC, run_id=manual__2025-01-24T23:14:51.531557+00:00, execution_date=20250124T231451, start_date=20250124T231453, end_date=20250124T231509
[2025-01-24T23:15:09.111+0000] {local_task_job_runner.py:266} INFO - Task exited with return code 0
[2025-01-24T23:15:09.127+0000] {taskinstance.py:3895} INFO - 1 downstream tasks scheduled from follow-on schedule check
[2025-01-24T23:15:09.134+0000] {local_task_job_runner.py:245} INFO - ::endgroup::
