[2025-01-29T16:30:44.300+0000] {local_task_job_runner.py:123} INFO - ::group::Pre task execution logs
[2025-01-29T16:30:44.321+0000] {taskinstance.py:2613} INFO - Dependencies all met for dep_context=non-requeueable deps ti=<TaskInstance: cron_catchup_backfill.taskA scheduled__2025-01-11T00:00:00+00:00 [queued]>
[2025-01-29T16:30:44.334+0000] {taskinstance.py:2613} INFO - Dependencies all met for dep_context=requeueable deps ti=<TaskInstance: cron_catchup_backfill.taskA scheduled__2025-01-11T00:00:00+00:00 [queued]>
[2025-01-29T16:30:44.373+0000] {taskinstance.py:2866} INFO - Starting attempt 1 of 1
[2025-01-29T16:30:44.396+0000] {taskinstance.py:2889} INFO - Executing <Task(BashOperator): taskA> on 2025-01-11 00:00:00+00:00
[2025-01-29T16:30:44.404+0000] {standard_task_runner.py:72} INFO - Started process 1731 to run task
[2025-01-29T16:30:44.408+0000] {standard_task_runner.py:104} INFO - Running: ['***', 'tasks', 'run', 'cron_catchup_backfill', 'taskA', 'scheduled__2025-01-11T00:00:00+00:00', '--job-id', '47', '--raw', '--subdir', 'DAGS_FOLDER/executing_cron_catchup_backfill.py', '--cfg-path', '/tmp/tmp3tpgqifi']
[2025-01-29T16:30:44.410+0000] {standard_task_runner.py:105} INFO - Job 47: Subtask taskA
[2025-01-29T16:30:44.472+0000] {task_command.py:467} INFO - Running <TaskInstance: cron_catchup_backfill.taskA scheduled__2025-01-11T00:00:00+00:00 [running]> on host ef9d5dc750d2
[2025-01-29T16:30:44.575+0000] {taskinstance.py:3132} INFO - Exporting env vars: AIRFLOW_CTX_DAG_OWNER='***' AIRFLOW_CTX_DAG_ID='cron_catchup_backfill' AIRFLOW_CTX_TASK_ID='taskA' AIRFLOW_CTX_EXECUTION_DATE='2025-01-11T00:00:00+00:00' AIRFLOW_CTX_TRY_NUMBER='1' AIRFLOW_CTX_DAG_RUN_ID='scheduled__2025-01-11T00:00:00+00:00'
[2025-01-29T16:30:44.577+0000] {taskinstance.py:731} INFO - ::endgroup::
[2025-01-29T16:30:44.600+0000] {subprocess.py:78} INFO - Tmp dir root location: /tmp
[2025-01-29T16:30:44.603+0000] {subprocess.py:88} INFO - Running command: ['/usr/bin/bash', '-c', 'echo TASK A has executed']
[2025-01-29T16:30:44.630+0000] {subprocess.py:99} INFO - Output:
[2025-01-29T16:30:44.634+0000] {subprocess.py:106} INFO - TASK A has executed
[2025-01-29T16:30:44.636+0000] {subprocess.py:110} INFO - Command exited with return code 0
[2025-01-29T16:30:44.687+0000] {taskinstance.py:340} INFO - ::group::Post task execution logs
[2025-01-29T16:30:44.690+0000] {taskinstance.py:352} INFO - Marking task as SUCCESS. dag_id=cron_catchup_backfill, task_id=taskA, run_id=scheduled__2025-01-11T00:00:00+00:00, execution_date=20250111T000000, start_date=20250129T163044, end_date=20250129T163044
[2025-01-29T16:30:44.744+0000] {local_task_job_runner.py:266} INFO - Task exited with return code 0
[2025-01-29T16:30:44.754+0000] {local_task_job_runner.py:245} INFO - ::endgroup::
