[2025-02-04T23:13:55.292+0000] {local_task_job_runner.py:123} INFO - ::group::Pre task execution logs
[2025-02-04T23:13:55.311+0000] {taskinstance.py:2613} INFO - Dependencies all met for dep_context=non-requeueable deps ti=<TaskInstance: cron_catchup_backfill.taskBranch scheduled__2025-02-02T00:00:00+00:00 [queued]>
[2025-02-04T23:13:55.321+0000] {taskinstance.py:2613} INFO - Dependencies all met for dep_context=requeueable deps ti=<TaskInstance: cron_catchup_backfill.taskBranch scheduled__2025-02-02T00:00:00+00:00 [queued]>
[2025-02-04T23:13:55.323+0000] {taskinstance.py:2866} INFO - Starting attempt 1 of 1
[2025-02-04T23:13:55.337+0000] {taskinstance.py:2889} INFO - Executing <Task(BranchPythonOperator): taskBranch> on 2025-02-02 00:00:00+00:00
[2025-02-04T23:13:55.342+0000] {standard_task_runner.py:72} INFO - Started process 90 to run task
[2025-02-04T23:13:55.346+0000] {standard_task_runner.py:104} INFO - Running: ['***', 'tasks', 'run', 'cron_catchup_backfill', 'taskBranch', 'scheduled__2025-02-02T00:00:00+00:00', '--job-id', '256', '--raw', '--subdir', 'DAGS_FOLDER/executing_cron_catchup_backfill.py', '--cfg-path', '/tmp/tmpsqq8tpwn']
[2025-02-04T23:13:55.348+0000] {standard_task_runner.py:105} INFO - Job 256: Subtask taskBranch
[2025-02-04T23:13:55.401+0000] {task_command.py:467} INFO - Running <TaskInstance: cron_catchup_backfill.taskBranch scheduled__2025-02-02T00:00:00+00:00 [running]> on host 099894fbbc67
[2025-02-04T23:13:55.483+0000] {taskinstance.py:3132} INFO - Exporting env vars: AIRFLOW_CTX_DAG_OWNER='***' AIRFLOW_CTX_DAG_ID='cron_catchup_backfill' AIRFLOW_CTX_TASK_ID='taskBranch' AIRFLOW_CTX_EXECUTION_DATE='2025-02-02T00:00:00+00:00' AIRFLOW_CTX_TRY_NUMBER='1' AIRFLOW_CTX_DAG_RUN_ID='scheduled__2025-02-02T00:00:00+00:00'
[2025-02-04T23:13:55.486+0000] {taskinstance.py:731} INFO - ::endgroup::
[2025-02-04T23:13:55.509+0000] {baseoperator.py:421} WARNING - BranchPythonOperator.execute cannot be called outside TaskInstance!
[2025-02-04T23:13:55.523+0000] {python.py:240} INFO - Done. Returned value was: taskD
[2025-02-04T23:13:55.525+0000] {branch.py:38} INFO - Branch into taskD
[2025-02-04T23:13:55.527+0000] {skipmixin.py:230} INFO - Following branch ('taskD',)
[2025-02-04T23:13:55.537+0000] {skipmixin.py:278} INFO - Skipping tasks [('taskE', -1), ('taskC', -1)]
[2025-02-04T23:13:55.575+0000] {taskinstance.py:340} INFO - ::group::Post task execution logs
[2025-02-04T23:13:55.576+0000] {taskinstance.py:352} INFO - Marking task as SUCCESS. dag_id=cron_catchup_backfill, task_id=taskBranch, run_id=scheduled__2025-02-02T00:00:00+00:00, execution_date=20250202T000000, start_date=20250204T231355, end_date=20250204T231355
[2025-02-04T23:13:55.601+0000] {local_task_job_runner.py:266} INFO - Task exited with return code 0
[2025-02-04T23:13:55.623+0000] {taskinstance.py:3895} INFO - 0 downstream tasks scheduled from follow-on schedule check
[2025-02-04T23:13:55.629+0000] {local_task_job_runner.py:245} INFO - ::endgroup::
