[2025-01-24T17:33:09.138+0000] {local_task_job_runner.py:123} INFO - ::group::Pre task execution logs
[2025-01-24T17:33:09.159+0000] {taskinstance.py:2613} INFO - Dependencies all met for dep_context=non-requeueable deps ti=<TaskInstance: example_branch_operator.branching_ext_python scheduled__2025-01-23T00:00:00+00:00 [queued]>
[2025-01-24T17:33:09.170+0000] {taskinstance.py:2613} INFO - Dependencies all met for dep_context=requeueable deps ti=<TaskInstance: example_branch_operator.branching_ext_python scheduled__2025-01-23T00:00:00+00:00 [queued]>
[2025-01-24T17:33:09.173+0000] {taskinstance.py:2866} INFO - Starting attempt 1 of 1
[2025-01-24T17:33:09.190+0000] {taskinstance.py:2889} INFO - Executing <Task(BranchExternalPythonOperator): branching_ext_python> on 2025-01-23 00:00:00+00:00
[2025-01-24T17:33:09.198+0000] {standard_task_runner.py:72} INFO - Started process 433 to run task
[2025-01-24T17:33:09.202+0000] {standard_task_runner.py:104} INFO - Running: ['***', 'tasks', 'run', 'example_branch_operator', 'branching_ext_python', 'scheduled__2025-01-23T00:00:00+00:00', '--job-id', '5', '--raw', '--subdir', '/home/***/.local/lib/python3.11/site-packages/***/example_dags/example_branch_operator.py', '--cfg-path', '/tmp/tmpvdmqx8l9']
[2025-01-24T17:33:09.204+0000] {standard_task_runner.py:105} INFO - Job 5: Subtask branching_ext_python
[2025-01-24T17:33:09.259+0000] {task_command.py:467} INFO - Running <TaskInstance: example_branch_operator.branching_ext_python scheduled__2025-01-23T00:00:00+00:00 [running]> on host 67e60a414d03
[2025-01-24T17:33:09.367+0000] {taskinstance.py:3132} INFO - Exporting env vars: AIRFLOW_CTX_DAG_OWNER='***' AIRFLOW_CTX_DAG_ID='example_branch_operator' AIRFLOW_CTX_TASK_ID='branching_ext_python' AIRFLOW_CTX_EXECUTION_DATE='2025-01-23T00:00:00+00:00' AIRFLOW_CTX_TRY_NUMBER='1' AIRFLOW_CTX_DAG_RUN_ID='scheduled__2025-01-23T00:00:00+00:00'
[2025-01-24T17:33:09.371+0000] {logging_mixin.py:190} INFO - Task instance is in running state
[2025-01-24T17:33:09.375+0000] {logging_mixin.py:190} INFO -  Previous state of the Task instance: queued
[2025-01-24T17:33:09.377+0000] {logging_mixin.py:190} INFO - Current task name:branching_ext_python state:running start_date:2025-01-24 17:33:09.162941+00:00
[2025-01-24T17:33:09.379+0000] {logging_mixin.py:190} INFO - Dag name:example_branch_operator and current dag run status:running
[2025-01-24T17:33:09.380+0000] {taskinstance.py:731} INFO - ::endgroup::
[2025-01-24T17:33:09.383+0000] {baseoperator.py:421} WARNING - BranchExternalPythonOperator.execute cannot be called outside TaskInstance!
[2025-01-24T17:33:09.655+0000] {baseoperator.py:421} WARNING - BranchExternalPythonOperator.execute cannot be called outside TaskInstance!
[2025-01-24T17:33:09.717+0000] {python.py:513} INFO - Use 'pickle' as serializer.
[2025-01-24T17:33:09.757+0000] {process_utils.py:186} INFO - Executing cmd: /home/***/.local/bin/python /tmp/venv-callcev5cqpg/script.py /tmp/venv-callcev5cqpg/script.in /tmp/venv-callcev5cqpg/script.out /tmp/venv-callcev5cqpg/string_args.txt /tmp/venv-callcev5cqpg/termination.log
[2025-01-24T17:33:09.759+0000] {process_utils.py:190} INFO - Output:
[2025-01-24T17:33:12.667+0000] {python.py:240} INFO - Done. Returned value was: ext_py_c
[2025-01-24T17:33:12.669+0000] {branch.py:38} INFO - Branch into ext_py_c
[2025-01-24T17:33:12.671+0000] {skipmixin.py:230} INFO - Following branch ('ext_py_c',)
[2025-01-24T17:33:12.689+0000] {skipmixin.py:278} INFO - Skipping tasks [('ext_py_d', -1), ('ext_py_a', -1), ('ext_py_b', -1)]
[2025-01-24T17:33:12.724+0000] {taskinstance.py:340} INFO - ::group::Post task execution logs
[2025-01-24T17:33:12.726+0000] {taskinstance.py:352} INFO - Marking task as SUCCESS. dag_id=example_branch_operator, task_id=branching_ext_python, run_id=scheduled__2025-01-23T00:00:00+00:00, execution_date=20250123T000000, start_date=20250124T173309, end_date=20250124T173312
[2025-01-24T17:33:12.738+0000] {logging_mixin.py:190} INFO - Task instance in success state
[2025-01-24T17:33:12.740+0000] {logging_mixin.py:190} INFO -  Previous state of the Task instance: running
[2025-01-24T17:33:12.741+0000] {logging_mixin.py:190} INFO - Dag name:example_branch_operator queued_at:2025-01-24 17:32:56.421664+00:00
[2025-01-24T17:33:12.743+0000] {logging_mixin.py:190} INFO - Task hostname:67e60a414d03 operator:BranchExternalPythonOperator
[2025-01-24T17:33:12.759+0000] {local_task_job_runner.py:266} INFO - Task exited with return code 0
[2025-01-24T17:33:12.786+0000] {taskinstance.py:3895} INFO - 0 downstream tasks scheduled from follow-on schedule check
[2025-01-24T17:33:12.796+0000] {local_task_job_runner.py:245} INFO - ::endgroup::
