[2025-01-29T00:45:28.863+0000] {local_task_job_runner.py:123} INFO - ::group::Pre task execution logs
[2025-01-29T00:45:28.877+0000] {taskinstance.py:2613} INFO - Dependencies all met for dep_context=non-requeueable deps ti=<TaskInstance: executing_branching.branch manual__2025-01-29T00:45:26.902634+00:00 [queued]>
[2025-01-29T00:45:28.885+0000] {taskinstance.py:2613} INFO - Dependencies all met for dep_context=requeueable deps ti=<TaskInstance: executing_branching.branch manual__2025-01-29T00:45:26.902634+00:00 [queued]>
[2025-01-29T00:45:28.887+0000] {taskinstance.py:2866} INFO - Starting attempt 1 of 1
[2025-01-29T00:45:28.899+0000] {taskinstance.py:2889} INFO - Executing <Task(BranchPythonOperator): branch> on 2025-01-29 00:45:26.902634+00:00
[2025-01-29T00:45:28.904+0000] {standard_task_runner.py:72} INFO - Started process 1962 to run task
[2025-01-29T00:45:28.907+0000] {standard_task_runner.py:104} INFO - Running: ['***', 'tasks', 'run', 'executing_branching', 'branch', 'manual__2025-01-29T00:45:26.902634+00:00', '--job-id', '40', '--raw', '--subdir', 'DAGS_FOLDER/executing_branching.py', '--cfg-path', '/tmp/tmp7ot597fy']
[2025-01-29T00:45:28.908+0000] {standard_task_runner.py:105} INFO - Job 40: Subtask branch
[2025-01-29T00:45:28.943+0000] {task_command.py:467} INFO - Running <TaskInstance: executing_branching.branch manual__2025-01-29T00:45:26.902634+00:00 [running]> on host 6b2a71fc0c6d
[2025-01-29T00:45:29.012+0000] {taskinstance.py:3132} INFO - Exporting env vars: AIRFLOW_CTX_DAG_OWNER='***' AIRFLOW_CTX_DAG_ID='executing_branching' AIRFLOW_CTX_TASK_ID='branch' AIRFLOW_CTX_EXECUTION_DATE='2025-01-29T00:45:26.902634+00:00' AIRFLOW_CTX_TRY_NUMBER='1' AIRFLOW_CTX_DAG_RUN_ID='manual__2025-01-29T00:45:26.902634+00:00'
[2025-01-29T00:45:29.014+0000] {taskinstance.py:731} INFO - ::endgroup::
[2025-01-29T00:45:29.022+0000] {baseoperator.py:421} WARNING - BranchPythonOperator.execute cannot be called outside TaskInstance!
[2025-01-29T00:45:29.032+0000] {python.py:240} INFO - Done. Returned value was: eligible_to_drive
[2025-01-29T00:45:29.033+0000] {branch.py:38} INFO - Branch into eligible_to_drive
[2025-01-29T00:45:29.034+0000] {skipmixin.py:230} INFO - Following branch ('eligible_to_drive',)
[2025-01-29T00:45:29.040+0000] {skipmixin.py:278} INFO - Skipping tasks [('not_eligible_to_drive', -1)]
[2025-01-29T00:45:29.072+0000] {taskinstance.py:340} INFO - ::group::Post task execution logs
[2025-01-29T00:45:29.073+0000] {taskinstance.py:352} INFO - Marking task as SUCCESS. dag_id=executing_branching, task_id=branch, run_id=manual__2025-01-29T00:45:26.902634+00:00, execution_date=20250129T004526, start_date=20250129T004528, end_date=20250129T004529
[2025-01-29T00:45:29.120+0000] {local_task_job_runner.py:266} INFO - Task exited with return code 0
[2025-01-29T00:45:29.137+0000] {taskinstance.py:3895} INFO - 1 downstream tasks scheduled from follow-on schedule check
[2025-01-29T00:45:29.141+0000] {local_task_job_runner.py:245} INFO - ::endgroup::
