[2025-01-28T23:28:11.788+0000] {local_task_job_runner.py:123} INFO - ::group::Pre task execution logs
[2025-01-28T23:28:11.801+0000] {taskinstance.py:2613} INFO - Dependencies all met for dep_context=non-requeueable deps ti=<TaskInstance: executing_sql_pipeline.insert_values_1 manual__2025-01-28T23:28:10.482237+00:00 [queued]>
[2025-01-28T23:28:11.809+0000] {taskinstance.py:2613} INFO - Dependencies all met for dep_context=requeueable deps ti=<TaskInstance: executing_sql_pipeline.insert_values_1 manual__2025-01-28T23:28:10.482237+00:00 [queued]>
[2025-01-28T23:28:11.812+0000] {taskinstance.py:2866} INFO - Starting attempt 1 of 1
[2025-01-28T23:28:11.823+0000] {taskinstance.py:2889} INFO - Executing <Task(PostgresOperator): insert_values_1> on 2025-01-28 23:28:10.482237+00:00
[2025-01-28T23:28:11.829+0000] {standard_task_runner.py:72} INFO - Started process 842 to run task
[2025-01-28T23:28:11.830+0000] {standard_task_runner.py:104} INFO - Running: ['***', 'tasks', 'run', 'executing_sql_pipeline', 'insert_values_1', 'manual__2025-01-28T23:28:10.482237+00:00', '--job-id', '12', '--raw', '--subdir', 'DAGS_FOLDER/executing_sql_pipeline.py', '--cfg-path', '/tmp/tmpg19utgw3']
[2025-01-28T23:28:11.832+0000] {standard_task_runner.py:105} INFO - Job 12: Subtask insert_values_1
[2025-01-28T23:28:11.894+0000] {task_command.py:467} INFO - Running <TaskInstance: executing_sql_pipeline.insert_values_1 manual__2025-01-28T23:28:10.482237+00:00 [running]> on host 6b2a71fc0c6d
[2025-01-28T23:28:11.964+0000] {taskinstance.py:3132} INFO - Exporting env vars: AIRFLOW_CTX_DAG_OWNER='***' AIRFLOW_CTX_DAG_ID='executing_sql_pipeline' AIRFLOW_CTX_TASK_ID='insert_values_1' AIRFLOW_CTX_EXECUTION_DATE='2025-01-28T23:28:10.482237+00:00' AIRFLOW_CTX_TRY_NUMBER='1' AIRFLOW_CTX_DAG_RUN_ID='manual__2025-01-28T23:28:10.482237+00:00'
[2025-01-28T23:28:11.966+0000] {taskinstance.py:731} INFO - ::endgroup::
[2025-01-28T23:28:11.973+0000] {sql.py:278} INFO - Executing: 
            INSERT INTO users (id, name, age, is_active) VALUES
                (1, 'Julie', 30, false),
                (2, 'Peter', 55, true),
                (3, 'Emily', 37, false),
                (4, 'Katrina', 54, false),
                (5, 'Joseph', 27, true);
        
[2025-01-28T23:28:11.981+0000] {base.py:84} INFO - Retrieving connection 'postgres_conn'
[2025-01-28T23:28:11.987+0000] {base.py:84} INFO - Retrieving connection 'postgres_conn'
[2025-01-28T23:28:11.991+0000] {sql.py:553} INFO - Running statement: 
            INSERT INTO users (id, name, age, is_active) VALUES
                (1, 'Julie', 30, false),
                (2, 'Peter', 55, true),
                (3, 'Emily', 37, false),
                (4, 'Katrina', 54, false),
                (5, 'Joseph', 27, true);
        , parameters: None
[2025-01-28T23:28:11.993+0000] {sql.py:562} INFO - Rows affected: 5
[2025-01-28T23:28:12.017+0000] {taskinstance.py:340} INFO - ::group::Post task execution logs
[2025-01-28T23:28:12.018+0000] {taskinstance.py:352} INFO - Marking task as SUCCESS. dag_id=executing_sql_pipeline, task_id=insert_values_1, run_id=manual__2025-01-28T23:28:10.482237+00:00, execution_date=20250128T232810, start_date=20250128T232811, end_date=20250128T232812
[2025-01-28T23:28:12.086+0000] {local_task_job_runner.py:266} INFO - Task exited with return code 0
[2025-01-28T23:28:12.100+0000] {taskinstance.py:3895} INFO - 1 downstream tasks scheduled from follow-on schedule check
[2025-01-28T23:28:12.112+0000] {local_task_job_runner.py:245} INFO - ::endgroup::
