[2025-01-24T17:35:14.890+0000] {local_task_job_runner.py:123} INFO - ::group::Pre task execution logs
[2025-01-24T17:35:14.918+0000] {taskinstance.py:2613} INFO - Dependencies all met for dep_context=non-requeueable deps ti=<TaskInstance: example_branch_operator.branch_c manual__2025-01-24T17:35:08.787038+00:00 [queued]>
[2025-01-24T17:35:14.942+0000] {taskinstance.py:2613} INFO - Dependencies all met for dep_context=requeueable deps ti=<TaskInstance: example_branch_operator.branch_c manual__2025-01-24T17:35:08.787038+00:00 [queued]>
[2025-01-24T17:35:14.975+0000] {taskinstance.py:2866} INFO - Starting attempt 1 of 1
[2025-01-24T17:35:14.995+0000] {taskinstance.py:2889} INFO - Executing <Task(PythonOperator): branch_c> on 2025-01-24 17:35:08.787038+00:00
[2025-01-24T17:35:15.009+0000] {standard_task_runner.py:72} INFO - Started process 655 to run task
[2025-01-24T17:35:15.012+0000] {standard_task_runner.py:104} INFO - Running: ['***', 'tasks', 'run', 'example_branch_operator', 'branch_c', 'manual__2025-01-24T17:35:08.787038+00:00', '--job-id', '10', '--raw', '--subdir', '/home/***/.local/lib/python3.11/site-packages/***/example_dags/example_branch_operator.py', '--cfg-path', '/tmp/tmp7qja_090']
[2025-01-24T17:35:15.015+0000] {standard_task_runner.py:105} INFO - Job 10: Subtask branch_c
[2025-01-24T17:35:15.075+0000] {task_command.py:467} INFO - Running <TaskInstance: example_branch_operator.branch_c manual__2025-01-24T17:35:08.787038+00:00 [running]> on host 67e60a414d03
[2025-01-24T17:35:15.159+0000] {taskinstance.py:3132} INFO - Exporting env vars: AIRFLOW_CTX_DAG_OWNER='***' AIRFLOW_CTX_DAG_ID='example_branch_operator' AIRFLOW_CTX_TASK_ID='branch_c' AIRFLOW_CTX_EXECUTION_DATE='2025-01-24T17:35:08.787038+00:00' AIRFLOW_CTX_TRY_NUMBER='1' AIRFLOW_CTX_DAG_RUN_ID='manual__2025-01-24T17:35:08.787038+00:00'
[2025-01-24T17:35:15.161+0000] {logging_mixin.py:190} INFO - Task instance is in running state
[2025-01-24T17:35:15.162+0000] {logging_mixin.py:190} INFO -  Previous state of the Task instance: queued
[2025-01-24T17:35:15.165+0000] {logging_mixin.py:190} INFO - Current task name:branch_c state:running start_date:2025-01-24 17:35:14.930192+00:00
[2025-01-24T17:35:15.166+0000] {logging_mixin.py:190} INFO - Dag name:example_branch_operator and current dag run status:running
[2025-01-24T17:35:15.167+0000] {taskinstance.py:731} INFO - ::endgroup::
[2025-01-24T17:35:15.168+0000] {logging_mixin.py:190} INFO - Hello World
[2025-01-24T17:35:15.169+0000] {python.py:240} INFO - Done. Returned value was: None
[2025-01-24T17:35:15.178+0000] {taskinstance.py:340} INFO - ::group::Post task execution logs
[2025-01-24T17:35:15.179+0000] {taskinstance.py:352} INFO - Marking task as SUCCESS. dag_id=example_branch_operator, task_id=branch_c, run_id=manual__2025-01-24T17:35:08.787038+00:00, execution_date=20250124T173508, start_date=20250124T173514, end_date=20250124T173515
[2025-01-24T17:35:15.189+0000] {logging_mixin.py:190} INFO - Task instance in success state
[2025-01-24T17:35:15.191+0000] {logging_mixin.py:190} INFO -  Previous state of the Task instance: running
[2025-01-24T17:35:15.193+0000] {logging_mixin.py:190} INFO - Dag name:example_branch_operator queued_at:2025-01-24 17:35:08.809398+00:00
[2025-01-24T17:35:15.194+0000] {logging_mixin.py:190} INFO - Task hostname:67e60a414d03 operator:PythonOperator
[2025-01-24T17:35:15.231+0000] {local_task_job_runner.py:266} INFO - Task exited with return code 0
[2025-01-24T17:35:15.276+0000] {taskinstance.py:3895} INFO - 0 downstream tasks scheduled from follow-on schedule check
[2025-01-24T17:35:15.283+0000] {local_task_job_runner.py:245} INFO - ::endgroup::
