[2025-01-29T00:04:33.818+0000] {local_task_job_runner.py:123} INFO - ::group::Pre task execution logs
[2025-01-29T00:04:33.831+0000] {taskinstance.py:2613} INFO - Dependencies all met for dep_context=non-requeueable deps ti=<TaskInstance: executing_sql_pipeline.insert_values_2 manual__2025-01-29T00:04:32.762764+00:00 [queued]>
[2025-01-29T00:04:33.837+0000] {taskinstance.py:2613} INFO - Dependencies all met for dep_context=requeueable deps ti=<TaskInstance: executing_sql_pipeline.insert_values_2 manual__2025-01-29T00:04:32.762764+00:00 [queued]>
[2025-01-29T00:04:33.844+0000] {taskinstance.py:2866} INFO - Starting attempt 1 of 1
[2025-01-29T00:04:33.859+0000] {taskinstance.py:2889} INFO - Executing <Task(PostgresOperator): insert_values_2> on 2025-01-29 00:04:32.762764+00:00
[2025-01-29T00:04:33.864+0000] {standard_task_runner.py:72} INFO - Started process 1382 to run task
[2025-01-29T00:04:33.867+0000] {standard_task_runner.py:104} INFO - Running: ['***', 'tasks', 'run', 'executing_sql_pipeline', 'insert_values_2', 'manual__2025-01-29T00:04:32.762764+00:00', '--job-id', '28', '--raw', '--subdir', 'DAGS_FOLDER/executing_sql_pipeline.py', '--cfg-path', '/tmp/tmpk6rvri3z']
[2025-01-29T00:04:33.868+0000] {standard_task_runner.py:105} INFO - Job 28: Subtask insert_values_2
[2025-01-29T00:04:33.899+0000] {task_command.py:467} INFO - Running <TaskInstance: executing_sql_pipeline.insert_values_2 manual__2025-01-29T00:04:32.762764+00:00 [running]> on host 6b2a71fc0c6d
[2025-01-29T00:04:33.978+0000] {taskinstance.py:3132} INFO - Exporting env vars: AIRFLOW_CTX_DAG_OWNER='***' AIRFLOW_CTX_DAG_ID='executing_sql_pipeline' AIRFLOW_CTX_TASK_ID='insert_values_2' AIRFLOW_CTX_EXECUTION_DATE='2025-01-29T00:04:32.762764+00:00' AIRFLOW_CTX_TRY_NUMBER='1' AIRFLOW_CTX_DAG_RUN_ID='manual__2025-01-29T00:04:32.762764+00:00'
[2025-01-29T00:04:33.980+0000] {taskinstance.py:731} INFO - ::endgroup::
[2025-01-29T00:04:33.988+0000] {sql.py:278} INFO - Executing: 
            INSERT INTO users (name, age) VALUES
                ('Harry', 49),
                ('Nancy', 52),
                ('Elvis', 26),
                ('Mia', 20);
        
[2025-01-29T00:04:33.995+0000] {base.py:84} INFO - Retrieving connection 'postgres_conn'
[2025-01-29T00:04:34.002+0000] {base.py:84} INFO - Retrieving connection 'postgres_conn'
[2025-01-29T00:04:34.005+0000] {sql.py:553} INFO - Running statement: 
            INSERT INTO users (name, age) VALUES
                ('Harry', 49),
                ('Nancy', 52),
                ('Elvis', 26),
                ('Mia', 20);
        , parameters: None
[2025-01-29T00:04:34.007+0000] {sql.py:562} INFO - Rows affected: 4
[2025-01-29T00:04:34.035+0000] {taskinstance.py:340} INFO - ::group::Post task execution logs
[2025-01-29T00:04:34.036+0000] {taskinstance.py:352} INFO - Marking task as SUCCESS. dag_id=executing_sql_pipeline, task_id=insert_values_2, run_id=manual__2025-01-29T00:04:32.762764+00:00, execution_date=20250129T000432, start_date=20250129T000433, end_date=20250129T000434
[2025-01-29T00:04:34.081+0000] {local_task_job_runner.py:266} INFO - Task exited with return code 0
[2025-01-29T00:04:34.089+0000] {local_task_job_runner.py:245} INFO - ::endgroup::
