[2025-01-24T21:36:28.719+0000] {local_task_job_runner.py:123} INFO - ::group::Pre task execution logs
[2025-01-24T21:36:28.733+0000] {taskinstance.py:2613} INFO - Dependencies all met for dep_context=non-requeueable deps ti=<TaskInstance: hello_world.hello_world_task manual__2025-01-24T21:36:27.730006+00:00 [queued]>
[2025-01-24T21:36:28.740+0000] {taskinstance.py:2613} INFO - Dependencies all met for dep_context=requeueable deps ti=<TaskInstance: hello_world.hello_world_task manual__2025-01-24T21:36:27.730006+00:00 [queued]>
[2025-01-24T21:36:28.743+0000] {taskinstance.py:2866} INFO - Starting attempt 1 of 1
[2025-01-24T21:36:28.761+0000] {taskinstance.py:2889} INFO - Executing <Task(BashOperator): hello_world_task> on 2025-01-24 21:36:27.730006+00:00
[2025-01-24T21:36:28.767+0000] {standard_task_runner.py:72} INFO - Started process 96 to run task
[2025-01-24T21:36:28.770+0000] {standard_task_runner.py:104} INFO - Running: ['***', 'tasks', 'run', 'hello_world', 'hello_world_task', 'manual__2025-01-24T21:36:27.730006+00:00', '--job-id', '3', '--raw', '--subdir', 'DAGS_FOLDER/simple_hello_world.py', '--cfg-path', '/tmp/tmpyi0lr5jn']
[2025-01-24T21:36:28.772+0000] {standard_task_runner.py:105} INFO - Job 3: Subtask hello_world_task
[2025-01-24T21:36:28.871+0000] {task_command.py:467} INFO - Running <TaskInstance: hello_world.hello_world_task manual__2025-01-24T21:36:27.730006+00:00 [running]> on host 5e1325f68396
[2025-01-24T21:36:28.936+0000] {taskinstance.py:3132} INFO - Exporting env vars: AIRFLOW_CTX_DAG_OWNER='***' AIRFLOW_CTX_DAG_ID='hello_world' AIRFLOW_CTX_TASK_ID='hello_world_task' AIRFLOW_CTX_EXECUTION_DATE='2025-01-24T21:36:27.730006+00:00' AIRFLOW_CTX_TRY_NUMBER='1' AIRFLOW_CTX_DAG_RUN_ID='manual__2025-01-24T21:36:27.730006+00:00'
[2025-01-24T21:36:28.938+0000] {taskinstance.py:731} INFO - ::endgroup::
[2025-01-24T21:36:28.955+0000] {subprocess.py:78} INFO - Tmp dir root location: /tmp
[2025-01-24T21:36:28.957+0000] {subprocess.py:88} INFO - Running command: ['/usr/bin/bash', '-c', 'echo Hello world!']
[2025-01-24T21:36:28.967+0000] {subprocess.py:99} INFO - Output:
[2025-01-24T21:36:28.969+0000] {subprocess.py:106} INFO - Hello world!
[2025-01-24T21:36:28.970+0000] {subprocess.py:110} INFO - Command exited with return code 0
[2025-01-24T21:36:28.994+0000] {taskinstance.py:340} INFO - ::group::Post task execution logs
[2025-01-24T21:36:28.996+0000] {taskinstance.py:352} INFO - Marking task as SUCCESS. dag_id=hello_world, task_id=hello_world_task, run_id=manual__2025-01-24T21:36:27.730006+00:00, execution_date=20250124T213627, start_date=20250124T213628, end_date=20250124T213628
[2025-01-24T21:36:29.025+0000] {local_task_job_runner.py:266} INFO - Task exited with return code 0
[2025-01-24T21:36:29.040+0000] {taskinstance.py:3895} INFO - 0 downstream tasks scheduled from follow-on schedule check
[2025-01-24T21:36:29.046+0000] {local_task_job_runner.py:245} INFO - ::endgroup::
