[2025-01-29T16:30:47.195+0000] {local_task_job_runner.py:123} INFO - ::group::Pre task execution logs
[2025-01-29T16:30:47.241+0000] {taskinstance.py:2613} INFO - Dependencies all met for dep_context=non-requeueable deps ti=<TaskInstance: cron_catchup_backfill.taskA scheduled__2025-01-25T12:00:00+00:00 [queued]>
[2025-01-29T16:30:47.259+0000] {taskinstance.py:2613} INFO - Dependencies all met for dep_context=requeueable deps ti=<TaskInstance: cron_catchup_backfill.taskA scheduled__2025-01-25T12:00:00+00:00 [queued]>
[2025-01-29T16:30:47.267+0000] {taskinstance.py:2866} INFO - Starting attempt 1 of 1
[2025-01-29T16:30:47.293+0000] {taskinstance.py:2889} INFO - Executing <Task(BashOperator): taskA> on 2025-01-25 12:00:00+00:00
[2025-01-29T16:30:47.309+0000] {standard_task_runner.py:72} INFO - Started process 1806 to run task
[2025-01-29T16:30:47.315+0000] {standard_task_runner.py:104} INFO - Running: ['***', 'tasks', 'run', 'cron_catchup_backfill', 'taskA', 'scheduled__2025-01-25T12:00:00+00:00', '--job-id', '67', '--raw', '--subdir', 'DAGS_FOLDER/executing_cron_catchup_backfill.py', '--cfg-path', '/tmp/tmpuv7zwbn8']
[2025-01-29T16:30:47.321+0000] {standard_task_runner.py:105} INFO - Job 67: Subtask taskA
[2025-01-29T16:30:47.416+0000] {task_command.py:467} INFO - Running <TaskInstance: cron_catchup_backfill.taskA scheduled__2025-01-25T12:00:00+00:00 [running]> on host ef9d5dc750d2
[2025-01-29T16:30:47.608+0000] {taskinstance.py:3132} INFO - Exporting env vars: AIRFLOW_CTX_DAG_OWNER='***' AIRFLOW_CTX_DAG_ID='cron_catchup_backfill' AIRFLOW_CTX_TASK_ID='taskA' AIRFLOW_CTX_EXECUTION_DATE='2025-01-25T12:00:00+00:00' AIRFLOW_CTX_TRY_NUMBER='1' AIRFLOW_CTX_DAG_RUN_ID='scheduled__2025-01-25T12:00:00+00:00'
[2025-01-29T16:30:47.610+0000] {taskinstance.py:731} INFO - ::endgroup::
[2025-01-29T16:30:47.637+0000] {subprocess.py:78} INFO - Tmp dir root location: /tmp
[2025-01-29T16:30:47.640+0000] {subprocess.py:88} INFO - Running command: ['/usr/bin/bash', '-c', 'echo TASK A has executed']
[2025-01-29T16:30:47.658+0000] {subprocess.py:99} INFO - Output:
[2025-01-29T16:30:47.661+0000] {subprocess.py:106} INFO - TASK A has executed
[2025-01-29T16:30:47.662+0000] {subprocess.py:110} INFO - Command exited with return code 0
[2025-01-29T16:30:47.712+0000] {taskinstance.py:340} INFO - ::group::Post task execution logs
[2025-01-29T16:30:47.717+0000] {taskinstance.py:352} INFO - Marking task as SUCCESS. dag_id=cron_catchup_backfill, task_id=taskA, run_id=scheduled__2025-01-25T12:00:00+00:00, execution_date=20250125T120000, start_date=20250129T163047, end_date=20250129T163047
[2025-01-29T16:30:47.781+0000] {local_task_job_runner.py:266} INFO - Task exited with return code 0
[2025-01-29T16:30:47.792+0000] {local_task_job_runner.py:245} INFO - ::endgroup::
