[2025-01-25T00:00:00.728+0000] {local_task_job_runner.py:123} INFO - ::group::Pre task execution logs
[2025-01-25T00:00:00.747+0000] {taskinstance.py:2613} INFO - Dependencies all met for dep_context=non-requeueable deps ti=<TaskInstance: hello_world.hello_world_task scheduled__2025-01-24T00:00:00+00:00 [queued]>
[2025-01-25T00:00:00.759+0000] {taskinstance.py:2613} INFO - Dependencies all met for dep_context=requeueable deps ti=<TaskInstance: hello_world.hello_world_task scheduled__2025-01-24T00:00:00+00:00 [queued]>
[2025-01-25T00:00:00.762+0000] {taskinstance.py:2866} INFO - Starting attempt 1 of 1
[2025-01-25T00:00:00.779+0000] {taskinstance.py:2889} INFO - Executing <Task(BashOperator): hello_world_task> on 2025-01-24 00:00:00+00:00
[2025-01-25T00:00:00.786+0000] {standard_task_runner.py:72} INFO - Started process 1948 to run task
[2025-01-25T00:00:00.788+0000] {standard_task_runner.py:104} INFO - Running: ['***', 'tasks', 'run', 'hello_world', 'hello_world_task', 'scheduled__2025-01-24T00:00:00+00:00', '--job-id', '20', '--raw', '--subdir', 'DAGS_FOLDER/simple_hello_world.py', '--cfg-path', '/tmp/tmp3u7hpg1w']
[2025-01-25T00:00:00.791+0000] {standard_task_runner.py:105} INFO - Job 20: Subtask hello_world_task
[2025-01-25T00:00:00.843+0000] {task_command.py:467} INFO - Running <TaskInstance: hello_world.hello_world_task scheduled__2025-01-24T00:00:00+00:00 [running]> on host 6eaa7309f7d4
[2025-01-25T00:00:00.941+0000] {taskinstance.py:3132} INFO - Exporting env vars: AIRFLOW_CTX_DAG_OWNER='***' AIRFLOW_CTX_DAG_ID='hello_world' AIRFLOW_CTX_TASK_ID='hello_world_task' AIRFLOW_CTX_EXECUTION_DATE='2025-01-24T00:00:00+00:00' AIRFLOW_CTX_TRY_NUMBER='1' AIRFLOW_CTX_DAG_RUN_ID='scheduled__2025-01-24T00:00:00+00:00'
[2025-01-25T00:00:00.944+0000] {taskinstance.py:731} INFO - ::endgroup::
[2025-01-25T00:00:00.954+0000] {subprocess.py:78} INFO - Tmp dir root location: /tmp
[2025-01-25T00:00:00.957+0000] {subprocess.py:88} INFO - Running command: ['/usr/bin/bash', '-c', 'echo Hello world once again!']
[2025-01-25T00:00:00.967+0000] {subprocess.py:99} INFO - Output:
[2025-01-25T00:00:00.969+0000] {subprocess.py:106} INFO - Hello world once again!
[2025-01-25T00:00:00.971+0000] {subprocess.py:110} INFO - Command exited with return code 0
[2025-01-25T00:00:00.995+0000] {taskinstance.py:340} INFO - ::group::Post task execution logs
[2025-01-25T00:00:00.997+0000] {taskinstance.py:352} INFO - Marking task as SUCCESS. dag_id=hello_world, task_id=hello_world_task, run_id=scheduled__2025-01-24T00:00:00+00:00, execution_date=20250124T000000, start_date=20250125T000000, end_date=20250125T000000
[2025-01-25T00:00:01.044+0000] {local_task_job_runner.py:266} INFO - Task exited with return code 0
[2025-01-25T00:00:01.059+0000] {taskinstance.py:3895} INFO - 0 downstream tasks scheduled from follow-on schedule check
[2025-01-25T00:00:01.065+0000] {local_task_job_runner.py:245} INFO - ::endgroup::
