[2025-02-05T20:21:48.320+0000] {local_task_job_runner.py:123} INFO - ::group::Pre task execution logs
[2025-02-05T20:21:48.334+0000] {taskinstance.py:2613} INFO - Dependencies all met for dep_context=non-requeueable deps ti=<TaskInstance: branching_using_taskflow.determine_branch manual__2025-02-05T20:21:45.812194+00:00 [queued]>
[2025-02-05T20:21:48.341+0000] {taskinstance.py:2613} INFO - Dependencies all met for dep_context=requeueable deps ti=<TaskInstance: branching_using_taskflow.determine_branch manual__2025-02-05T20:21:45.812194+00:00 [queued]>
[2025-02-05T20:21:48.343+0000] {taskinstance.py:2866} INFO - Starting attempt 1 of 1
[2025-02-05T20:21:48.353+0000] {taskinstance.py:2889} INFO - Executing <Task(_BranchPythonDecoratedOperator): determine_branch> on 2025-02-05 20:21:45.812194+00:00
[2025-02-05T20:21:48.359+0000] {standard_task_runner.py:72} INFO - Started process 4561 to run task
[2025-02-05T20:21:48.362+0000] {standard_task_runner.py:104} INFO - Running: ['***', 'tasks', 'run', 'branching_using_taskflow', 'determine_branch', 'manual__2025-02-05T20:21:45.812194+00:00', '--job-id', '34', '--raw', '--subdir', 'DAGS_FOLDER/branching_using_taskflow.py', '--cfg-path', '/tmp/tmpus__5hyx']
[2025-02-05T20:21:48.364+0000] {standard_task_runner.py:105} INFO - Job 34: Subtask determine_branch
[2025-02-05T20:21:48.400+0000] {task_command.py:467} INFO - Running <TaskInstance: branching_using_taskflow.determine_branch manual__2025-02-05T20:21:45.812194+00:00 [running]> on host c3d37860668a
[2025-02-05T20:21:48.590+0000] {taskinstance.py:3132} INFO - Exporting env vars: AIRFLOW_CTX_DAG_OWNER='***' AIRFLOW_CTX_DAG_ID='branching_using_taskflow' AIRFLOW_CTX_TASK_ID='determine_branch' AIRFLOW_CTX_EXECUTION_DATE='2025-02-05T20:21:45.812194+00:00' AIRFLOW_CTX_TRY_NUMBER='1' AIRFLOW_CTX_DAG_RUN_ID='manual__2025-02-05T20:21:45.812194+00:00'
[2025-02-05T20:21:48.592+0000] {taskinstance.py:731} INFO - ::endgroup::
[2025-02-05T20:21:48.599+0000] {python.py:240} INFO - Done. Returned value was: filter_fwds_task
[2025-02-05T20:21:48.600+0000] {branch.py:38} INFO - Branch into filter_fwds_task
[2025-02-05T20:21:48.601+0000] {skipmixin.py:230} INFO - Following branch ('filter_fwds_task',)
[2025-02-05T20:21:48.609+0000] {skipmixin.py:278} INFO - Skipping tasks [('filter_two_seaters_task', -1)]
[2025-02-05T20:21:48.633+0000] {taskinstance.py:340} INFO - ::group::Post task execution logs
[2025-02-05T20:21:48.634+0000] {taskinstance.py:352} INFO - Marking task as SUCCESS. dag_id=branching_using_taskflow, task_id=determine_branch, run_id=manual__2025-02-05T20:21:45.812194+00:00, execution_date=20250205T202145, start_date=20250205T202148, end_date=20250205T202148
[2025-02-05T20:21:48.656+0000] {local_task_job_runner.py:266} INFO - Task exited with return code 0
[2025-02-05T20:21:48.680+0000] {taskinstance.py:3895} INFO - 1 downstream tasks scheduled from follow-on schedule check
[2025-02-05T20:21:48.684+0000] {local_task_job_runner.py:245} INFO - ::endgroup::
