[2025-01-29T17:10:23.492+0000] {local_task_job_runner.py:123} INFO - ::group::Pre task execution logs
[2025-01-29T17:10:23.514+0000] {taskinstance.py:2613} INFO - Dependencies all met for dep_context=non-requeueable deps ti=<TaskInstance: cron_catchup_backfill.taskD backfill__2025-01-04T00:00:00+00:00 [queued]>
[2025-01-29T17:10:23.523+0000] {taskinstance.py:2613} INFO - Dependencies all met for dep_context=requeueable deps ti=<TaskInstance: cron_catchup_backfill.taskD backfill__2025-01-04T00:00:00+00:00 [queued]>
[2025-01-29T17:10:23.526+0000] {taskinstance.py:2866} INFO - Starting attempt 1 of 1
[2025-01-29T17:10:23.545+0000] {taskinstance.py:2889} INFO - Executing <Task(BashOperator): taskD> on 2025-01-04 00:00:00+00:00
[2025-01-29T17:10:23.551+0000] {standard_task_runner.py:72} INFO - Started process 2742 to run task
[2025-01-29T17:10:23.554+0000] {standard_task_runner.py:104} INFO - Running: ['***', 'tasks', 'run', 'cron_catchup_backfill', 'taskD', 'backfill__2025-01-04T00:00:00+00:00', '--job-id', '170', '--pool', 'default_pool', '--raw', '--subdir', 'DAGS_FOLDER/executing_cron_catchup_backfill.py', '--cfg-path', '/tmp/tmpjq_r0ins']
[2025-01-29T17:10:23.557+0000] {standard_task_runner.py:105} INFO - Job 170: Subtask taskD
[2025-01-29T17:10:23.610+0000] {task_command.py:467} INFO - Running <TaskInstance: cron_catchup_backfill.taskD backfill__2025-01-04T00:00:00+00:00 [running]> on host ef9d5dc750d2
[2025-01-29T17:10:23.695+0000] {taskinstance.py:3132} INFO - Exporting env vars: AIRFLOW_CTX_DAG_OWNER='***' AIRFLOW_CTX_DAG_ID='cron_catchup_backfill' AIRFLOW_CTX_TASK_ID='taskD' AIRFLOW_CTX_EXECUTION_DATE='2025-01-04T00:00:00+00:00' AIRFLOW_CTX_TRY_NUMBER='1' AIRFLOW_CTX_DAG_RUN_ID='backfill__2025-01-04T00:00:00+00:00'
[2025-01-29T17:10:23.697+0000] {taskinstance.py:731} INFO - ::endgroup::
[2025-01-29T17:10:23.711+0000] {subprocess.py:78} INFO - Tmp dir root location: /tmp
[2025-01-29T17:10:23.713+0000] {subprocess.py:88} INFO - Running command: ['/usr/bin/bash', '-c', 'echo TASK D has executed!']
[2025-01-29T17:10:23.725+0000] {subprocess.py:99} INFO - Output:
[2025-01-29T17:10:23.726+0000] {subprocess.py:106} INFO - TASK D has executed!
[2025-01-29T17:10:23.727+0000] {subprocess.py:110} INFO - Command exited with return code 0
[2025-01-29T17:10:23.753+0000] {taskinstance.py:340} INFO - ::group::Post task execution logs
[2025-01-29T17:10:23.755+0000] {taskinstance.py:352} INFO - Marking task as SUCCESS. dag_id=cron_catchup_backfill, task_id=taskD, run_id=backfill__2025-01-04T00:00:00+00:00, execution_date=20250104T000000, start_date=20250129T171023, end_date=20250129T171023
[2025-01-29T17:10:23.809+0000] {local_task_job_runner.py:266} INFO - Task exited with return code 0
[2025-01-29T17:10:23.826+0000] {taskinstance.py:3895} INFO - 0 downstream tasks scheduled from follow-on schedule check
[2025-01-29T17:10:23.833+0000] {local_task_job_runner.py:245} INFO - ::endgroup::
