[2025-01-24T23:14:53.972+0000] {local_task_job_runner.py:123} INFO - ::group::Pre task execution logs
[2025-01-24T23:14:53.987+0000] {taskinstance.py:2613} INFO - Dependencies all met for dep_context=non-requeueable deps ti=<TaskInstance: executing_multiple_tasks.taskB manual__2025-01-24T23:14:51.531557+00:00 [queued]>
[2025-01-24T23:14:53.999+0000] {taskinstance.py:2613} INFO - Dependencies all met for dep_context=requeueable deps ti=<TaskInstance: executing_multiple_tasks.taskB manual__2025-01-24T23:14:51.531557+00:00 [queued]>
[2025-01-24T23:14:54.002+0000] {taskinstance.py:2866} INFO - Starting attempt 1 of 1
[2025-01-24T23:14:54.021+0000] {taskinstance.py:2889} INFO - Executing <Task(BashOperator): taskB> on 2025-01-24 23:14:51.531557+00:00
[2025-01-24T23:14:54.026+0000] {standard_task_runner.py:72} INFO - Started process 1326 to run task
[2025-01-24T23:14:54.029+0000] {standard_task_runner.py:104} INFO - Running: ['***', 'tasks', 'run', 'executing_multiple_tasks', 'taskB', 'manual__2025-01-24T23:14:51.531557+00:00', '--job-id', '14', '--raw', '--subdir', 'DAGS_FOLDER/execute_multiple_tasks.py', '--cfg-path', '/tmp/tmp3t1yh7vi']
[2025-01-24T23:14:54.032+0000] {standard_task_runner.py:105} INFO - Job 14: Subtask taskB
[2025-01-24T23:14:54.082+0000] {task_command.py:467} INFO - Running <TaskInstance: executing_multiple_tasks.taskB manual__2025-01-24T23:14:51.531557+00:00 [running]> on host 6eaa7309f7d4
[2025-01-24T23:14:54.152+0000] {taskinstance.py:3132} INFO - Exporting env vars: AIRFLOW_CTX_DAG_OWNER='***' AIRFLOW_CTX_DAG_ID='executing_multiple_tasks' AIRFLOW_CTX_TASK_ID='taskB' AIRFLOW_CTX_EXECUTION_DATE='2025-01-24T23:14:51.531557+00:00' AIRFLOW_CTX_TRY_NUMBER='1' AIRFLOW_CTX_DAG_RUN_ID='manual__2025-01-24T23:14:51.531557+00:00'
[2025-01-24T23:14:54.154+0000] {taskinstance.py:731} INFO - ::endgroup::
[2025-01-24T23:14:54.165+0000] {subprocess.py:78} INFO - Tmp dir root location: /tmp
[2025-01-24T23:14:54.167+0000] {subprocess.py:88} INFO - Running command: ['/usr/bin/bash', '-c', '\n            echo TASK B has started!\n            sleep 4\n            echo TASK B has ended!\n        ']
[2025-01-24T23:14:54.177+0000] {subprocess.py:99} INFO - Output:
[2025-01-24T23:14:54.180+0000] {subprocess.py:106} INFO - TASK B has started!
[2025-01-24T23:14:58.181+0000] {subprocess.py:106} INFO - TASK B has ended!
[2025-01-24T23:14:58.183+0000] {subprocess.py:110} INFO - Command exited with return code 0
[2025-01-24T23:14:58.208+0000] {taskinstance.py:340} INFO - ::group::Post task execution logs
[2025-01-24T23:14:58.210+0000] {taskinstance.py:352} INFO - Marking task as SUCCESS. dag_id=executing_multiple_tasks, task_id=taskB, run_id=manual__2025-01-24T23:14:51.531557+00:00, execution_date=20250124T231451, start_date=20250124T231453, end_date=20250124T231458
[2025-01-24T23:14:58.270+0000] {local_task_job_runner.py:266} INFO - Task exited with return code 0
[2025-01-24T23:14:58.290+0000] {taskinstance.py:3895} INFO - 0 downstream tasks scheduled from follow-on schedule check
[2025-01-24T23:14:58.298+0000] {local_task_job_runner.py:245} INFO - ::endgroup::
