[2025-01-29T16:30:48.644+0000] {local_task_job_runner.py:123} INFO - ::group::Pre task execution logs
[2025-01-29T16:30:48.670+0000] {taskinstance.py:2613} INFO - Dependencies all met for dep_context=non-requeueable deps ti=<TaskInstance: cron_catchup_backfill.taskBranch scheduled__2025-01-18T12:00:00+00:00 [queued]>
[2025-01-29T16:30:48.680+0000] {taskinstance.py:2613} INFO - Dependencies all met for dep_context=requeueable deps ti=<TaskInstance: cron_catchup_backfill.taskBranch scheduled__2025-01-18T12:00:00+00:00 [queued]>
[2025-01-29T16:30:48.682+0000] {taskinstance.py:2866} INFO - Starting attempt 1 of 1
[2025-01-29T16:30:48.707+0000] {taskinstance.py:2889} INFO - Executing <Task(BranchPythonOperator): taskBranch> on 2025-01-18 12:00:00+00:00
[2025-01-29T16:30:48.717+0000] {standard_task_runner.py:72} INFO - Started process 1842 to run task
[2025-01-29T16:30:48.722+0000] {standard_task_runner.py:104} INFO - Running: ['***', 'tasks', 'run', 'cron_catchup_backfill', 'taskBranch', 'scheduled__2025-01-18T12:00:00+00:00', '--job-id', '81', '--raw', '--subdir', 'DAGS_FOLDER/executing_cron_catchup_backfill.py', '--cfg-path', '/tmp/tmpzvpjb0cc']
[2025-01-29T16:30:48.727+0000] {standard_task_runner.py:105} INFO - Job 81: Subtask taskBranch
[2025-01-29T16:30:48.800+0000] {task_command.py:467} INFO - Running <TaskInstance: cron_catchup_backfill.taskBranch scheduled__2025-01-18T12:00:00+00:00 [running]> on host ef9d5dc750d2
[2025-01-29T16:30:48.968+0000] {taskinstance.py:3132} INFO - Exporting env vars: AIRFLOW_CTX_DAG_OWNER='***' AIRFLOW_CTX_DAG_ID='cron_catchup_backfill' AIRFLOW_CTX_TASK_ID='taskBranch' AIRFLOW_CTX_EXECUTION_DATE='2025-01-18T12:00:00+00:00' AIRFLOW_CTX_TRY_NUMBER='1' AIRFLOW_CTX_DAG_RUN_ID='scheduled__2025-01-18T12:00:00+00:00'
[2025-01-29T16:30:48.971+0000] {taskinstance.py:731} INFO - ::endgroup::
[2025-01-29T16:30:48.996+0000] {baseoperator.py:421} WARNING - BranchPythonOperator.execute cannot be called outside TaskInstance!
[2025-01-29T16:30:49.019+0000] {python.py:240} INFO - Done. Returned value was: taskC
[2025-01-29T16:30:49.020+0000] {branch.py:38} INFO - Branch into taskC
[2025-01-29T16:30:49.024+0000] {skipmixin.py:230} INFO - Following branch ('taskC',)
[2025-01-29T16:30:49.050+0000] {skipmixin.py:278} INFO - Skipping tasks [('taskE', -1)]
[2025-01-29T16:30:49.106+0000] {taskinstance.py:340} INFO - ::group::Post task execution logs
[2025-01-29T16:30:49.107+0000] {taskinstance.py:352} INFO - Marking task as SUCCESS. dag_id=cron_catchup_backfill, task_id=taskBranch, run_id=scheduled__2025-01-18T12:00:00+00:00, execution_date=20250118T120000, start_date=20250129T163048, end_date=20250129T163049
[2025-01-29T16:30:49.180+0000] {local_task_job_runner.py:266} INFO - Task exited with return code 0
[2025-01-29T16:30:49.192+0000] {local_task_job_runner.py:245} INFO - ::endgroup::
