[2025-02-06T17:28:01.130+0000] {local_task_job_runner.py:123} INFO - ::group::Pre task execution logs
[2025-02-06T17:28:01.154+0000] {taskinstance.py:2613} INFO - Dependencies all met for dep_context=non-requeueable deps ti=<TaskInstance: data_transformation_storage_pipeline.insert_selected_data manual__2025-02-06T17:27:55.156239+00:00 [queued]>
[2025-02-06T17:28:01.168+0000] {taskinstance.py:2613} INFO - Dependencies all met for dep_context=requeueable deps ti=<TaskInstance: data_transformation_storage_pipeline.insert_selected_data manual__2025-02-06T17:27:55.156239+00:00 [queued]>
[2025-02-06T17:28:01.171+0000] {taskinstance.py:2866} INFO - Starting attempt 1 of 1
[2025-02-06T17:28:01.192+0000] {taskinstance.py:2889} INFO - Executing <Task(_PythonDecoratedOperator): insert_selected_data> on 2025-02-06 17:27:55.156239+00:00
[2025-02-06T17:28:01.200+0000] {standard_task_runner.py:72} INFO - Started process 9180 to run task
[2025-02-06T17:28:01.202+0000] {standard_task_runner.py:104} INFO - Running: ['***', 'tasks', 'run', 'data_transformation_storage_pipeline', 'insert_selected_data', 'manual__2025-02-06T17:27:55.156239+00:00', '--job-id', '65', '--raw', '--subdir', 'DAGS_FOLDER/data_transformation_storage_pipeline.py', '--cfg-path', '/tmp/tmpy8gyfrrk']
[2025-02-06T17:28:01.206+0000] {standard_task_runner.py:105} INFO - Job 65: Subtask insert_selected_data
[2025-02-06T17:28:01.421+0000] {task_command.py:467} INFO - Running <TaskInstance: data_transformation_storage_pipeline.insert_selected_data manual__2025-02-06T17:27:55.156239+00:00 [running]> on host c3d37860668a
[2025-02-06T17:28:01.509+0000] {taskinstance.py:3132} INFO - Exporting env vars: AIRFLOW_CTX_DAG_OWNER='***' AIRFLOW_CTX_DAG_ID='data_transformation_storage_pipeline' AIRFLOW_CTX_TASK_ID='insert_selected_data' AIRFLOW_CTX_EXECUTION_DATE='2025-02-06T17:27:55.156239+00:00' AIRFLOW_CTX_TRY_NUMBER='1' AIRFLOW_CTX_DAG_RUN_ID='manual__2025-02-06T17:27:55.156239+00:00'
[2025-02-06T17:28:01.512+0000] {taskinstance.py:731} INFO - ::endgroup::
[2025-02-06T17:28:01.536+0000] {warnings.py:110} WARNING - /opt/***/dags/data_transformation_storage_pipeline.py:56: FutureWarning: Passing literal json to 'read_json' is deprecated and will be removed in a future version. To read from a literal string, wrap it in a 'StringIO' object.
  df = pd.read_json(json_data)

[2025-02-06T17:28:01.554+0000] {warnings.py:110} WARNING - /opt/***/dags/data_transformation_storage_pipeline.py:60: FutureWarning: DataFrame.applymap has been deprecated. Use DataFrame.map instead.
  df = df.applymap(lambda x: x.strip() if isinstance(x, str) else x)

[2025-02-06T17:28:01.560+0000] {baseoperator.py:421} WARNING - PostgresOperator.execute cannot be called outside TaskInstance!
[2025-02-06T17:28:01.561+0000] {sql.py:278} INFO - Executing: 
            INSERT INTO car_data (brand, model, body_style, seat, price)
            VALUES (%s, %s, %s, %s, %s)
        
[2025-02-06T17:28:01.576+0000] {base.py:84} INFO - Retrieving connection 'postgres_conn'
[2025-02-06T17:28:01.590+0000] {base.py:84} INFO - Retrieving connection 'postgres_conn'
[2025-02-06T17:28:01.596+0000] {sql.py:553} INFO - Running statement: 
            INSERT INTO car_data (brand, model, body_style, seat, price)
            VALUES (%s, %s, %s, %s, %s)
        , parameters: ('Tesla', 'Model 3 Long Range Dual Motor', 'Sedan', 5, 55480)
[2025-02-06T17:28:01.600+0000] {sql.py:562} INFO - Rows affected: 1
[2025-02-06T17:28:01.606+0000] {baseoperator.py:421} WARNING - PostgresOperator.execute cannot be called outside TaskInstance!
[2025-02-06T17:28:01.608+0000] {sql.py:278} INFO - Executing: 
            INSERT INTO car_data (brand, model, body_style, seat, price)
            VALUES (%s, %s, %s, %s, %s)
        
[2025-02-06T17:28:01.619+0000] {base.py:84} INFO - Retrieving connection 'postgres_conn'
[2025-02-06T17:28:01.629+0000] {base.py:84} INFO - Retrieving connection 'postgres_conn'
[2025-02-06T17:28:01.636+0000] {sql.py:553} INFO - Running statement: 
            INSERT INTO car_data (brand, model, body_style, seat, price)
            VALUES (%s, %s, %s, %s, %s)
        , parameters: ('Volkswagen', 'ID.3 Pure', 'Hatchback', 5, 30000)
[2025-02-06T17:28:01.639+0000] {sql.py:562} INFO - Rows affected: 1
[2025-02-06T17:28:01.646+0000] {baseoperator.py:421} WARNING - PostgresOperator.execute cannot be called outside TaskInstance!
[2025-02-06T17:28:01.648+0000] {sql.py:278} INFO - Executing: 
            INSERT INTO car_data (brand, model, body_style, seat, price)
            VALUES (%s, %s, %s, %s, %s)
        
[2025-02-06T17:28:01.657+0000] {base.py:84} INFO - Retrieving connection 'postgres_conn'
[2025-02-06T17:28:01.668+0000] {base.py:84} INFO - Retrieving connection 'postgres_conn'
[2025-02-06T17:28:01.674+0000] {sql.py:553} INFO - Running statement: 
            INSERT INTO car_data (brand, model, body_style, seat, price)
            VALUES (%s, %s, %s, %s, %s)
        , parameters: ('Polestar', '2', 'Liftback', 5, 56440)
[2025-02-06T17:28:01.677+0000] {sql.py:562} INFO - Rows affected: 1
[2025-02-06T17:28:01.683+0000] {baseoperator.py:421} WARNING - PostgresOperator.execute cannot be called outside TaskInstance!
[2025-02-06T17:28:01.685+0000] {sql.py:278} INFO - Executing: 
            INSERT INTO car_data (brand, model, body_style, seat, price)
            VALUES (%s, %s, %s, %s, %s)
        
[2025-02-06T17:28:01.694+0000] {base.py:84} INFO - Retrieving connection 'postgres_conn'
[2025-02-06T17:28:01.701+0000] {base.py:84} INFO - Retrieving connection 'postgres_conn'
[2025-02-06T17:28:01.706+0000] {sql.py:553} INFO - Running statement: 
            INSERT INTO car_data (brand, model, body_style, seat, price)
            VALUES (%s, %s, %s, %s, %s)
        , parameters: ('BMW', 'iX3', 'SUV', 5, 68040)
[2025-02-06T17:28:01.709+0000] {sql.py:562} INFO - Rows affected: 1
[2025-02-06T17:28:01.715+0000] {baseoperator.py:421} WARNING - PostgresOperator.execute cannot be called outside TaskInstance!
[2025-02-06T17:28:01.717+0000] {sql.py:278} INFO - Executing: 
            INSERT INTO car_data (brand, model, body_style, seat, price)
            VALUES (%s, %s, %s, %s, %s)
        
[2025-02-06T17:28:01.727+0000] {base.py:84} INFO - Retrieving connection 'postgres_conn'
[2025-02-06T17:28:01.737+0000] {base.py:84} INFO - Retrieving connection 'postgres_conn'
[2025-02-06T17:28:01.744+0000] {sql.py:553} INFO - Running statement: 
            INSERT INTO car_data (brand, model, body_style, seat, price)
            VALUES (%s, %s, %s, %s, %s)
        , parameters: ('Honda', 'e', 'Hatchback', 4, 32997)
[2025-02-06T17:28:01.748+0000] {sql.py:562} INFO - Rows affected: 1
[2025-02-06T17:28:01.755+0000] {baseoperator.py:421} WARNING - PostgresOperator.execute cannot be called outside TaskInstance!
[2025-02-06T17:28:01.758+0000] {sql.py:278} INFO - Executing: 
            INSERT INTO car_data (brand, model, body_style, seat, price)
            VALUES (%s, %s, %s, %s, %s)
        
[2025-02-06T17:28:01.772+0000] {base.py:84} INFO - Retrieving connection 'postgres_conn'
[2025-02-06T17:28:01.784+0000] {base.py:84} INFO - Retrieving connection 'postgres_conn'
[2025-02-06T17:28:01.792+0000] {sql.py:553} INFO - Running statement: 
            INSERT INTO car_data (brand, model, body_style, seat, price)
            VALUES (%s, %s, %s, %s, %s)
        , parameters: ('Lucid', 'Air', 'Sedan', 5, 105000)
[2025-02-06T17:28:01.796+0000] {sql.py:562} INFO - Rows affected: 1
[2025-02-06T17:28:01.821+0000] {baseoperator.py:421} WARNING - PostgresOperator.execute cannot be called outside TaskInstance!
[2025-02-06T17:28:01.822+0000] {sql.py:278} INFO - Executing: 
            INSERT INTO car_data (brand, model, body_style, seat, price)
            VALUES (%s, %s, %s, %s, %s)
        
[2025-02-06T17:28:01.828+0000] {base.py:84} INFO - Retrieving connection 'postgres_conn'
[2025-02-06T17:28:01.835+0000] {base.py:84} INFO - Retrieving connection 'postgres_conn'
[2025-02-06T17:28:01.840+0000] {sql.py:553} INFO - Running statement: 
            INSERT INTO car_data (brand, model, body_style, seat, price)
            VALUES (%s, %s, %s, %s, %s)
        , parameters: ('Volkswagen', 'e-Golf', 'Hatchback', 5, 31900)
[2025-02-06T17:28:01.842+0000] {sql.py:562} INFO - Rows affected: 1
[2025-02-06T17:28:01.846+0000] {baseoperator.py:421} WARNING - PostgresOperator.execute cannot be called outside TaskInstance!
[2025-02-06T17:28:01.848+0000] {sql.py:278} INFO - Executing: 
            INSERT INTO car_data (brand, model, body_style, seat, price)
            VALUES (%s, %s, %s, %s, %s)
        
[2025-02-06T17:28:01.856+0000] {base.py:84} INFO - Retrieving connection 'postgres_conn'
[2025-02-06T17:28:01.864+0000] {base.py:84} INFO - Retrieving connection 'postgres_conn'
[2025-02-06T17:28:01.869+0000] {sql.py:553} INFO - Running statement: 
            INSERT INTO car_data (brand, model, body_style, seat, price)
            VALUES (%s, %s, %s, %s, %s)
        , parameters: ('Peugeot', 'e-208', 'Hatchback', 5, 29682)
[2025-02-06T17:28:01.871+0000] {sql.py:562} INFO - Rows affected: 1
[2025-02-06T17:28:01.886+0000] {baseoperator.py:421} WARNING - PostgresOperator.execute cannot be called outside TaskInstance!
[2025-02-06T17:28:01.888+0000] {sql.py:278} INFO - Executing: 
            INSERT INTO car_data (brand, model, body_style, seat, price)
            VALUES (%s, %s, %s, %s, %s)
        
[2025-02-06T17:28:01.896+0000] {base.py:84} INFO - Retrieving connection 'postgres_conn'
[2025-02-06T17:28:01.908+0000] {base.py:84} INFO - Retrieving connection 'postgres_conn'
[2025-02-06T17:28:01.914+0000] {sql.py:553} INFO - Running statement: 
            INSERT INTO car_data (brand, model, body_style, seat, price)
            VALUES (%s, %s, %s, %s, %s)
        , parameters: ('Tesla', 'Model 3 Standard Range Plus', 'Sedan', 5, 46380)
[2025-02-06T17:28:01.917+0000] {sql.py:562} INFO - Rows affected: 1
[2025-02-06T17:28:01.923+0000] {baseoperator.py:421} WARNING - PostgresOperator.execute cannot be called outside TaskInstance!
[2025-02-06T17:28:01.925+0000] {sql.py:278} INFO - Executing: 
            INSERT INTO car_data (brand, model, body_style, seat, price)
            VALUES (%s, %s, %s, %s, %s)
        
[2025-02-06T17:28:01.936+0000] {base.py:84} INFO - Retrieving connection 'postgres_conn'
[2025-02-06T17:28:01.946+0000] {base.py:84} INFO - Retrieving connection 'postgres_conn'
[2025-02-06T17:28:01.954+0000] {sql.py:553} INFO - Running statement: 
            INSERT INTO car_data (brand, model, body_style, seat, price)
            VALUES (%s, %s, %s, %s, %s)
        , parameters: ('Audi', 'Q4 e-tron', 'SUV', 5, 55000)
[2025-02-06T17:28:01.958+0000] {sql.py:562} INFO - Rows affected: 1
[2025-02-06T17:28:01.965+0000] {baseoperator.py:421} WARNING - PostgresOperator.execute cannot be called outside TaskInstance!
[2025-02-06T17:28:01.968+0000] {sql.py:278} INFO - Executing: 
            INSERT INTO car_data (brand, model, body_style, seat, price)
            VALUES (%s, %s, %s, %s, %s)
        
[2025-02-06T17:28:01.979+0000] {base.py:84} INFO - Retrieving connection 'postgres_conn'
[2025-02-06T17:28:01.989+0000] {base.py:84} INFO - Retrieving connection 'postgres_conn'
[2025-02-06T17:28:01.997+0000] {sql.py:553} INFO - Running statement: 
            INSERT INTO car_data (brand, model, body_style, seat, price)
            VALUES (%s, %s, %s, %s, %s)
        , parameters: ('Mercedes', 'EQC 400 4MATIC', 'SUV', 5, 69484)
[2025-02-06T17:28:02.002+0000] {sql.py:562} INFO - Rows affected: 1
[2025-02-06T17:28:02.010+0000] {baseoperator.py:421} WARNING - PostgresOperator.execute cannot be called outside TaskInstance!
[2025-02-06T17:28:02.014+0000] {sql.py:278} INFO - Executing: 
            INSERT INTO car_data (brand, model, body_style, seat, price)
            VALUES (%s, %s, %s, %s, %s)
        
[2025-02-06T17:28:02.026+0000] {base.py:84} INFO - Retrieving connection 'postgres_conn'
[2025-02-06T17:28:02.036+0000] {base.py:84} INFO - Retrieving connection 'postgres_conn'
[2025-02-06T17:28:02.043+0000] {sql.py:553} INFO - Running statement: 
            INSERT INTO car_data (brand, model, body_style, seat, price)
            VALUES (%s, %s, %s, %s, %s)
        , parameters: ('Nissan', 'Leaf', 'Hatchback', 5, 29234)
[2025-02-06T17:28:02.046+0000] {sql.py:562} INFO - Rows affected: 1
[2025-02-06T17:28:02.072+0000] {baseoperator.py:421} WARNING - PostgresOperator.execute cannot be called outside TaskInstance!
[2025-02-06T17:28:02.074+0000] {sql.py:278} INFO - Executing: 
            INSERT INTO car_data (brand, model, body_style, seat, price)
            VALUES (%s, %s, %s, %s, %s)
        
[2025-02-06T17:28:02.086+0000] {base.py:84} INFO - Retrieving connection 'postgres_conn'
[2025-02-06T17:28:02.100+0000] {base.py:84} INFO - Retrieving connection 'postgres_conn'
[2025-02-06T17:28:02.109+0000] {sql.py:553} INFO - Running statement: 
            INSERT INTO car_data (brand, model, body_style, seat, price)
            VALUES (%s, %s, %s, %s, %s)
        , parameters: ('Hyundai', 'Kona Electric 64 kWh', 'SUV', 5, 40795)
[2025-02-06T17:28:02.113+0000] {sql.py:562} INFO - Rows affected: 1
[2025-02-06T17:28:02.121+0000] {baseoperator.py:421} WARNING - PostgresOperator.execute cannot be called outside TaskInstance!
[2025-02-06T17:28:02.124+0000] {sql.py:278} INFO - Executing: 
            INSERT INTO car_data (brand, model, body_style, seat, price)
            VALUES (%s, %s, %s, %s, %s)
        
[2025-02-06T17:28:02.137+0000] {base.py:84} INFO - Retrieving connection 'postgres_conn'
[2025-02-06T17:28:02.149+0000] {base.py:84} INFO - Retrieving connection 'postgres_conn'
[2025-02-06T17:28:02.157+0000] {sql.py:553} INFO - Running statement: 
            INSERT INTO car_data (brand, model, body_style, seat, price)
            VALUES (%s, %s, %s, %s, %s)
        , parameters: ('BMW', 'i4', 'Sedan', 5, 65000)
[2025-02-06T17:28:02.162+0000] {sql.py:562} INFO - Rows affected: 1
[2025-02-06T17:28:02.170+0000] {baseoperator.py:421} WARNING - PostgresOperator.execute cannot be called outside TaskInstance!
[2025-02-06T17:28:02.172+0000] {sql.py:278} INFO - Executing: 
            INSERT INTO car_data (brand, model, body_style, seat, price)
            VALUES (%s, %s, %s, %s, %s)
        
[2025-02-06T17:28:02.187+0000] {base.py:84} INFO - Retrieving connection 'postgres_conn'
[2025-02-06T17:28:02.205+0000] {base.py:84} INFO - Retrieving connection 'postgres_conn'
[2025-02-06T17:28:02.215+0000] {sql.py:553} INFO - Running statement: 
            INSERT INTO car_data (brand, model, body_style, seat, price)
            VALUES (%s, %s, %s, %s, %s)
        , parameters: ('Hyundai', 'IONIQ Electric', 'Liftback', 5, 34459)
[2025-02-06T17:28:02.220+0000] {sql.py:562} INFO - Rows affected: 1
[2025-02-06T17:28:02.261+0000] {baseoperator.py:421} WARNING - PostgresOperator.execute cannot be called outside TaskInstance!
[2025-02-06T17:28:02.264+0000] {sql.py:278} INFO - Executing: 
            INSERT INTO car_data (brand, model, body_style, seat, price)
            VALUES (%s, %s, %s, %s, %s)
        
[2025-02-06T17:28:02.280+0000] {base.py:84} INFO - Retrieving connection 'postgres_conn'
[2025-02-06T17:28:02.296+0000] {base.py:84} INFO - Retrieving connection 'postgres_conn'
[2025-02-06T17:28:02.306+0000] {sql.py:553} INFO - Running statement: 
            INSERT INTO car_data (brand, model, body_style, seat, price)
            VALUES (%s, %s, %s, %s, %s)
        , parameters: ('Volkswagen', 'ID.3 Pro S', 'Hatchback', 4, 40936)
[2025-02-06T17:28:02.311+0000] {sql.py:562} INFO - Rows affected: 1
[2025-02-06T17:28:02.319+0000] {baseoperator.py:421} WARNING - PostgresOperator.execute cannot be called outside TaskInstance!
[2025-02-06T17:28:02.321+0000] {sql.py:278} INFO - Executing: 
            INSERT INTO car_data (brand, model, body_style, seat, price)
            VALUES (%s, %s, %s, %s, %s)
        
[2025-02-06T17:28:02.335+0000] {base.py:84} INFO - Retrieving connection 'postgres_conn'
[2025-02-06T17:28:02.349+0000] {base.py:84} INFO - Retrieving connection 'postgres_conn'
[2025-02-06T17:28:02.359+0000] {sql.py:553} INFO - Running statement: 
            INSERT INTO car_data (brand, model, body_style, seat, price)
            VALUES (%s, %s, %s, %s, %s)
        , parameters: ('Porsche', 'Taycan Turbo S', 'Sedan', 4, 180781)
[2025-02-06T17:28:02.364+0000] {sql.py:562} INFO - Rows affected: 1
[2025-02-06T17:28:02.377+0000] {baseoperator.py:421} WARNING - PostgresOperator.execute cannot be called outside TaskInstance!
[2025-02-06T17:28:02.380+0000] {sql.py:278} INFO - Executing: 
            INSERT INTO car_data (brand, model, body_style, seat, price)
            VALUES (%s, %s, %s, %s, %s)
        
[2025-02-06T17:28:02.395+0000] {base.py:84} INFO - Retrieving connection 'postgres_conn'
[2025-02-06T17:28:02.409+0000] {base.py:84} INFO - Retrieving connection 'postgres_conn'
[2025-02-06T17:28:02.418+0000] {sql.py:553} INFO - Running statement: 
            INSERT INTO car_data (brand, model, body_style, seat, price)
            VALUES (%s, %s, %s, %s, %s)
        , parameters: ('Volkswagen', 'e-Up!', 'Hatchback', 4, 21421)
[2025-02-06T17:28:02.423+0000] {sql.py:562} INFO - Rows affected: 1
[2025-02-06T17:28:02.431+0000] {baseoperator.py:421} WARNING - PostgresOperator.execute cannot be called outside TaskInstance!
[2025-02-06T17:28:02.441+0000] {sql.py:278} INFO - Executing: 
            INSERT INTO car_data (brand, model, body_style, seat, price)
            VALUES (%s, %s, %s, %s, %s)
        
[2025-02-06T17:28:02.456+0000] {base.py:84} INFO - Retrieving connection 'postgres_conn'
[2025-02-06T17:28:02.470+0000] {base.py:84} INFO - Retrieving connection 'postgres_conn'
[2025-02-06T17:28:02.477+0000] {sql.py:553} INFO - Running statement: 
            INSERT INTO car_data (brand, model, body_style, seat, price)
            VALUES (%s, %s, %s, %s, %s)
        , parameters: ('MG', 'ZS EV', 'SUV', 5, 30000)
[2025-02-06T17:28:02.481+0000] {sql.py:562} INFO - Rows affected: 1
[2025-02-06T17:28:02.493+0000] {baseoperator.py:421} WARNING - PostgresOperator.execute cannot be called outside TaskInstance!
[2025-02-06T17:28:02.495+0000] {sql.py:278} INFO - Executing: 
            INSERT INTO car_data (brand, model, body_style, seat, price)
            VALUES (%s, %s, %s, %s, %s)
        
[2025-02-06T17:28:02.508+0000] {base.py:84} INFO - Retrieving connection 'postgres_conn'
[2025-02-06T17:28:02.520+0000] {base.py:84} INFO - Retrieving connection 'postgres_conn'
[2025-02-06T17:28:02.526+0000] {sql.py:553} INFO - Running statement: 
            INSERT INTO car_data (brand, model, body_style, seat, price)
            VALUES (%s, %s, %s, %s, %s)
        , parameters: ('Mini', 'Cooper SE', 'Hatchback', 4, 31681)
[2025-02-06T17:28:02.530+0000] {sql.py:562} INFO - Rows affected: 1
[2025-02-06T17:28:02.538+0000] {baseoperator.py:421} WARNING - PostgresOperator.execute cannot be called outside TaskInstance!
[2025-02-06T17:28:02.540+0000] {sql.py:278} INFO - Executing: 
            INSERT INTO car_data (brand, model, body_style, seat, price)
            VALUES (%s, %s, %s, %s, %s)
        
[2025-02-06T17:28:02.549+0000] {base.py:84} INFO - Retrieving connection 'postgres_conn'
[2025-02-06T17:28:02.558+0000] {base.py:84} INFO - Retrieving connection 'postgres_conn'
[2025-02-06T17:28:02.565+0000] {sql.py:553} INFO - Running statement: 
            INSERT INTO car_data (brand, model, body_style, seat, price)
            VALUES (%s, %s, %s, %s, %s)
        , parameters: ('Opel', 'Corsa-e', 'Hatchback', 5, 29146)
[2025-02-06T17:28:02.569+0000] {sql.py:562} INFO - Rows affected: 1
[2025-02-06T17:28:02.575+0000] {baseoperator.py:421} WARNING - PostgresOperator.execute cannot be called outside TaskInstance!
[2025-02-06T17:28:02.577+0000] {sql.py:278} INFO - Executing: 
            INSERT INTO car_data (brand, model, body_style, seat, price)
            VALUES (%s, %s, %s, %s, %s)
        
[2025-02-06T17:28:02.586+0000] {base.py:84} INFO - Retrieving connection 'postgres_conn'
[2025-02-06T17:28:02.596+0000] {base.py:84} INFO - Retrieving connection 'postgres_conn'
[2025-02-06T17:28:02.602+0000] {sql.py:553} INFO - Running statement: 
            INSERT INTO car_data (brand, model, body_style, seat, price)
            VALUES (%s, %s, %s, %s, %s)
        , parameters: ('Tesla', 'Model Y Long Range Dual Motor', 'SUV', 7, 58620)
[2025-02-06T17:28:02.605+0000] {sql.py:562} INFO - Rows affected: 1
[2025-02-06T17:28:02.611+0000] {baseoperator.py:421} WARNING - PostgresOperator.execute cannot be called outside TaskInstance!
[2025-02-06T17:28:02.612+0000] {sql.py:278} INFO - Executing: 
            INSERT INTO car_data (brand, model, body_style, seat, price)
            VALUES (%s, %s, %s, %s, %s)
        
[2025-02-06T17:28:02.622+0000] {base.py:84} INFO - Retrieving connection 'postgres_conn'
[2025-02-06T17:28:02.637+0000] {base.py:84} INFO - Retrieving connection 'postgres_conn'
[2025-02-06T17:28:02.642+0000] {sql.py:553} INFO - Running statement: 
            INSERT INTO car_data (brand, model, body_style, seat, price)
            VALUES (%s, %s, %s, %s, %s)
        , parameters: ('Skoda', 'Enyaq iV 50', 'SUV', 5, 35000)
[2025-02-06T17:28:02.645+0000] {sql.py:562} INFO - Rows affected: 1
[2025-02-06T17:28:02.651+0000] {baseoperator.py:421} WARNING - PostgresOperator.execute cannot be called outside TaskInstance!
[2025-02-06T17:28:02.655+0000] {sql.py:278} INFO - Executing: 
            INSERT INTO car_data (brand, model, body_style, seat, price)
            VALUES (%s, %s, %s, %s, %s)
        
[2025-02-06T17:28:02.663+0000] {base.py:84} INFO - Retrieving connection 'postgres_conn'
[2025-02-06T17:28:02.674+0000] {base.py:84} INFO - Retrieving connection 'postgres_conn'
[2025-02-06T17:28:02.680+0000] {sql.py:553} INFO - Running statement: 
            INSERT INTO car_data (brand, model, body_style, seat, price)
            VALUES (%s, %s, %s, %s, %s)
        , parameters: ('Audi', 'e-tron GT', 'Sedan', 4, 125000)
[2025-02-06T17:28:02.683+0000] {sql.py:562} INFO - Rows affected: 1
[2025-02-06T17:28:02.688+0000] {baseoperator.py:421} WARNING - PostgresOperator.execute cannot be called outside TaskInstance!
[2025-02-06T17:28:02.690+0000] {sql.py:278} INFO - Executing: 
            INSERT INTO car_data (brand, model, body_style, seat, price)
            VALUES (%s, %s, %s, %s, %s)
        
[2025-02-06T17:28:02.700+0000] {base.py:84} INFO - Retrieving connection 'postgres_conn'
[2025-02-06T17:28:02.710+0000] {base.py:84} INFO - Retrieving connection 'postgres_conn'
[2025-02-06T17:28:02.717+0000] {sql.py:553} INFO - Running statement: 
            INSERT INTO car_data (brand, model, body_style, seat, price)
            VALUES (%s, %s, %s, %s, %s)
        , parameters: ('Tesla', 'Model 3 Long Range Performance', 'Sedan', 5, 61480)
[2025-02-06T17:28:02.720+0000] {sql.py:562} INFO - Rows affected: 1
[2025-02-06T17:28:02.725+0000] {baseoperator.py:421} WARNING - PostgresOperator.execute cannot be called outside TaskInstance!
[2025-02-06T17:28:02.727+0000] {sql.py:278} INFO - Executing: 
            INSERT INTO car_data (brand, model, body_style, seat, price)
            VALUES (%s, %s, %s, %s, %s)
        
[2025-02-06T17:28:02.739+0000] {base.py:84} INFO - Retrieving connection 'postgres_conn'
[2025-02-06T17:28:02.750+0000] {base.py:84} INFO - Retrieving connection 'postgres_conn'
[2025-02-06T17:28:02.757+0000] {sql.py:553} INFO - Running statement: 
            INSERT INTO car_data (brand, model, body_style, seat, price)
            VALUES (%s, %s, %s, %s, %s)
        , parameters: ('Volkswagen', 'ID.4', 'SUV', 5, 45000)
[2025-02-06T17:28:02.760+0000] {sql.py:562} INFO - Rows affected: 1
[2025-02-06T17:28:02.791+0000] {baseoperator.py:421} WARNING - PostgresOperator.execute cannot be called outside TaskInstance!
[2025-02-06T17:28:02.794+0000] {sql.py:278} INFO - Executing: 
            INSERT INTO car_data (brand, model, body_style, seat, price)
            VALUES (%s, %s, %s, %s, %s)
        
[2025-02-06T17:28:02.808+0000] {base.py:84} INFO - Retrieving connection 'postgres_conn'
[2025-02-06T17:28:02.828+0000] {base.py:84} INFO - Retrieving connection 'postgres_conn'
[2025-02-06T17:28:02.840+0000] {sql.py:553} INFO - Running statement: 
            INSERT INTO car_data (brand, model, body_style, seat, price)
            VALUES (%s, %s, %s, %s, %s)
        , parameters: ('Volkswagen', 'ID.3 Pro', 'Hatchback', 5, 33000)
[2025-02-06T17:28:02.847+0000] {sql.py:562} INFO - Rows affected: 1
[2025-02-06T17:28:02.888+0000] {baseoperator.py:421} WARNING - PostgresOperator.execute cannot be called outside TaskInstance!
[2025-02-06T17:28:02.890+0000] {sql.py:278} INFO - Executing: 
            INSERT INTO car_data (brand, model, body_style, seat, price)
            VALUES (%s, %s, %s, %s, %s)
        
[2025-02-06T17:28:02.898+0000] {base.py:84} INFO - Retrieving connection 'postgres_conn'
[2025-02-06T17:28:02.907+0000] {base.py:84} INFO - Retrieving connection 'postgres_conn'
[2025-02-06T17:28:02.911+0000] {sql.py:553} INFO - Running statement: 
            INSERT INTO car_data (brand, model, body_style, seat, price)
            VALUES (%s, %s, %s, %s, %s)
        , parameters: ('Volvo', 'XC40 P8 AWD Recharge', 'SUV', 5, 60437)
[2025-02-06T17:28:02.916+0000] {sql.py:562} INFO - Rows affected: 1
[2025-02-06T17:28:02.923+0000] {baseoperator.py:421} WARNING - PostgresOperator.execute cannot be called outside TaskInstance!
[2025-02-06T17:28:02.924+0000] {sql.py:278} INFO - Executing: 
            INSERT INTO car_data (brand, model, body_style, seat, price)
            VALUES (%s, %s, %s, %s, %s)
        
[2025-02-06T17:28:02.931+0000] {base.py:84} INFO - Retrieving connection 'postgres_conn'
[2025-02-06T17:28:02.938+0000] {base.py:84} INFO - Retrieving connection 'postgres_conn'
[2025-02-06T17:28:02.943+0000] {sql.py:553} INFO - Running statement: 
            INSERT INTO car_data (brand, model, body_style, seat, price)
            VALUES (%s, %s, %s, %s, %s)
        , parameters: ('BMW', 'i3 120 Ah', 'Hatchback', 4, 38017)
[2025-02-06T17:28:02.945+0000] {sql.py:562} INFO - Rows affected: 1
[2025-02-06T17:28:02.958+0000] {baseoperator.py:421} WARNING - PostgresOperator.execute cannot be called outside TaskInstance!
[2025-02-06T17:28:02.961+0000] {sql.py:278} INFO - Executing: 
            INSERT INTO car_data (brand, model, body_style, seat, price)
            VALUES (%s, %s, %s, %s, %s)
        
[2025-02-06T17:28:02.969+0000] {base.py:84} INFO - Retrieving connection 'postgres_conn'
[2025-02-06T17:28:02.976+0000] {base.py:84} INFO - Retrieving connection 'postgres_conn'
[2025-02-06T17:28:02.983+0000] {sql.py:553} INFO - Running statement: 
            INSERT INTO car_data (brand, model, body_style, seat, price)
            VALUES (%s, %s, %s, %s, %s)
        , parameters: ('Peugeot', 'e-2008 SUV', 'SUV', 5, 34361)
[2025-02-06T17:28:02.985+0000] {sql.py:562} INFO - Rows affected: 1
[2025-02-06T17:28:02.991+0000] {baseoperator.py:421} WARNING - PostgresOperator.execute cannot be called outside TaskInstance!
[2025-02-06T17:28:02.992+0000] {sql.py:278} INFO - Executing: 
            INSERT INTO car_data (brand, model, body_style, seat, price)
            VALUES (%s, %s, %s, %s, %s)
        
[2025-02-06T17:28:03.001+0000] {base.py:84} INFO - Retrieving connection 'postgres_conn'
[2025-02-06T17:28:03.011+0000] {base.py:84} INFO - Retrieving connection 'postgres_conn'
[2025-02-06T17:28:03.019+0000] {sql.py:553} INFO - Running statement: 
            INSERT INTO car_data (brand, model, body_style, seat, price)
            VALUES (%s, %s, %s, %s, %s)
        , parameters: ('Audi', 'e-tron 50 quattro', 'SUV', 5, 67358)
[2025-02-06T17:28:03.022+0000] {sql.py:562} INFO - Rows affected: 1
[2025-02-06T17:28:03.028+0000] {baseoperator.py:421} WARNING - PostgresOperator.execute cannot be called outside TaskInstance!
[2025-02-06T17:28:03.029+0000] {sql.py:278} INFO - Executing: 
            INSERT INTO car_data (brand, model, body_style, seat, price)
            VALUES (%s, %s, %s, %s, %s)
        
[2025-02-06T17:28:03.040+0000] {base.py:84} INFO - Retrieving connection 'postgres_conn'
[2025-02-06T17:28:03.055+0000] {base.py:84} INFO - Retrieving connection 'postgres_conn'
[2025-02-06T17:28:03.064+0000] {sql.py:553} INFO - Running statement: 
            INSERT INTO car_data (brand, model, body_style, seat, price)
            VALUES (%s, %s, %s, %s, %s)
        , parameters: ('Kia', 'e-Niro 64 kWh', 'SUV', 5, 38105)
[2025-02-06T17:28:03.068+0000] {sql.py:562} INFO - Rows affected: 1
[2025-02-06T17:28:03.073+0000] {baseoperator.py:421} WARNING - PostgresOperator.execute cannot be called outside TaskInstance!
[2025-02-06T17:28:03.076+0000] {sql.py:278} INFO - Executing: 
            INSERT INTO car_data (brand, model, body_style, seat, price)
            VALUES (%s, %s, %s, %s, %s)
        
[2025-02-06T17:28:03.089+0000] {base.py:84} INFO - Retrieving connection 'postgres_conn'
[2025-02-06T17:28:03.103+0000] {base.py:84} INFO - Retrieving connection 'postgres_conn'
[2025-02-06T17:28:03.108+0000] {sql.py:553} INFO - Running statement: 
            INSERT INTO car_data (brand, model, body_style, seat, price)
            VALUES (%s, %s, %s, %s, %s)
        , parameters: ('Renault', 'Zoe ZE50 R110', 'Hatchback', 5, 31184)
[2025-02-06T17:28:03.110+0000] {sql.py:562} INFO - Rows affected: 1
[2025-02-06T17:28:03.146+0000] {baseoperator.py:421} WARNING - PostgresOperator.execute cannot be called outside TaskInstance!
[2025-02-06T17:28:03.150+0000] {sql.py:278} INFO - Executing: 
            INSERT INTO car_data (brand, model, body_style, seat, price)
            VALUES (%s, %s, %s, %s, %s)
        
[2025-02-06T17:28:03.157+0000] {base.py:84} INFO - Retrieving connection 'postgres_conn'
[2025-02-06T17:28:03.167+0000] {base.py:84} INFO - Retrieving connection 'postgres_conn'
[2025-02-06T17:28:03.172+0000] {sql.py:553} INFO - Running statement: 
            INSERT INTO car_data (brand, model, body_style, seat, price)
            VALUES (%s, %s, %s, %s, %s)
        , parameters: ('Tesla', 'Cybertruck Tri Motor', 'Pickup', 6, 75000)
[2025-02-06T17:28:03.174+0000] {sql.py:562} INFO - Rows affected: 1
[2025-02-06T17:28:03.180+0000] {baseoperator.py:421} WARNING - PostgresOperator.execute cannot be called outside TaskInstance!
[2025-02-06T17:28:03.185+0000] {sql.py:278} INFO - Executing: 
            INSERT INTO car_data (brand, model, body_style, seat, price)
            VALUES (%s, %s, %s, %s, %s)
        
[2025-02-06T17:28:03.193+0000] {base.py:84} INFO - Retrieving connection 'postgres_conn'
[2025-02-06T17:28:03.201+0000] {base.py:84} INFO - Retrieving connection 'postgres_conn'
[2025-02-06T17:28:03.252+0000] {sql.py:553} INFO - Running statement: 
            INSERT INTO car_data (brand, model, body_style, seat, price)
            VALUES (%s, %s, %s, %s, %s)
        , parameters: ('Mazda', 'MX-30', 'SUV', 5, 32646)
[2025-02-06T17:28:03.256+0000] {sql.py:562} INFO - Rows affected: 1
[2025-02-06T17:28:03.262+0000] {baseoperator.py:421} WARNING - PostgresOperator.execute cannot be called outside TaskInstance!
[2025-02-06T17:28:03.266+0000] {sql.py:278} INFO - Executing: 
            INSERT INTO car_data (brand, model, body_style, seat, price)
            VALUES (%s, %s, %s, %s, %s)
        
[2025-02-06T17:28:03.277+0000] {base.py:84} INFO - Retrieving connection 'postgres_conn'
[2025-02-06T17:28:03.291+0000] {base.py:84} INFO - Retrieving connection 'postgres_conn'
[2025-02-06T17:28:03.301+0000] {sql.py:553} INFO - Running statement: 
            INSERT INTO car_data (brand, model, body_style, seat, price)
            VALUES (%s, %s, %s, %s, %s)
        , parameters: ('Nissan', 'Leaf e+', 'Hatchback', 5, 37237)
[2025-02-06T17:28:03.306+0000] {sql.py:562} INFO - Rows affected: 1
[2025-02-06T17:28:03.313+0000] {baseoperator.py:421} WARNING - PostgresOperator.execute cannot be called outside TaskInstance!
[2025-02-06T17:28:03.315+0000] {sql.py:278} INFO - Executing: 
            INSERT INTO car_data (brand, model, body_style, seat, price)
            VALUES (%s, %s, %s, %s, %s)
        
[2025-02-06T17:28:03.329+0000] {base.py:84} INFO - Retrieving connection 'postgres_conn'
[2025-02-06T17:28:03.340+0000] {base.py:84} INFO - Retrieving connection 'postgres_conn'
[2025-02-06T17:28:03.347+0000] {sql.py:553} INFO - Running statement: 
            INSERT INTO car_data (brand, model, body_style, seat, price)
            VALUES (%s, %s, %s, %s, %s)
        , parameters: ('Lexus', 'UX 300e', 'SUV', 5, 50000)
[2025-02-06T17:28:03.352+0000] {sql.py:562} INFO - Rows affected: 1
[2025-02-06T17:28:03.358+0000] {baseoperator.py:421} WARNING - PostgresOperator.execute cannot be called outside TaskInstance!
[2025-02-06T17:28:03.361+0000] {sql.py:278} INFO - Executing: 
            INSERT INTO car_data (brand, model, body_style, seat, price)
            VALUES (%s, %s, %s, %s, %s)
        
[2025-02-06T17:28:03.374+0000] {base.py:84} INFO - Retrieving connection 'postgres_conn'
[2025-02-06T17:28:03.386+0000] {base.py:84} INFO - Retrieving connection 'postgres_conn'
[2025-02-06T17:28:03.392+0000] {sql.py:553} INFO - Running statement: 
            INSERT INTO car_data (brand, model, body_style, seat, price)
            VALUES (%s, %s, %s, %s, %s)
        , parameters: ('CUPRA', 'el-Born', 'Hatchback', 4, 45000)
[2025-02-06T17:28:03.395+0000] {sql.py:562} INFO - Rows affected: 1
[2025-02-06T17:28:03.401+0000] {baseoperator.py:421} WARNING - PostgresOperator.execute cannot be called outside TaskInstance!
[2025-02-06T17:28:03.403+0000] {sql.py:278} INFO - Executing: 
            INSERT INTO car_data (brand, model, body_style, seat, price)
            VALUES (%s, %s, %s, %s, %s)
        
[2025-02-06T17:28:03.413+0000] {base.py:84} INFO - Retrieving connection 'postgres_conn'
[2025-02-06T17:28:03.426+0000] {base.py:84} INFO - Retrieving connection 'postgres_conn'
[2025-02-06T17:28:03.433+0000] {sql.py:553} INFO - Running statement: 
            INSERT INTO car_data (brand, model, body_style, seat, price)
            VALUES (%s, %s, %s, %s, %s)
        , parameters: ('Renault', 'Zoe ZE50 R135', 'Hatchback', 5, 33133)
[2025-02-06T17:28:03.436+0000] {sql.py:562} INFO - Rows affected: 1
[2025-02-06T17:28:03.444+0000] {baseoperator.py:421} WARNING - PostgresOperator.execute cannot be called outside TaskInstance!
[2025-02-06T17:28:03.447+0000] {sql.py:278} INFO - Executing: 
            INSERT INTO car_data (brand, model, body_style, seat, price)
            VALUES (%s, %s, %s, %s, %s)
        
[2025-02-06T17:28:03.457+0000] {base.py:84} INFO - Retrieving connection 'postgres_conn'
[2025-02-06T17:28:03.467+0000] {base.py:84} INFO - Retrieving connection 'postgres_conn'
[2025-02-06T17:28:03.472+0000] {sql.py:553} INFO - Running statement: 
            INSERT INTO car_data (brand, model, body_style, seat, price)
            VALUES (%s, %s, %s, %s, %s)
        , parameters: ('Mercedes', 'EQA', 'SUV', 5, 45000)
[2025-02-06T17:28:03.476+0000] {sql.py:562} INFO - Rows affected: 1
[2025-02-06T17:28:03.482+0000] {baseoperator.py:421} WARNING - PostgresOperator.execute cannot be called outside TaskInstance!
[2025-02-06T17:28:03.485+0000] {sql.py:278} INFO - Executing: 
            INSERT INTO car_data (brand, model, body_style, seat, price)
            VALUES (%s, %s, %s, %s, %s)
        
[2025-02-06T17:28:03.493+0000] {base.py:84} INFO - Retrieving connection 'postgres_conn'
[2025-02-06T17:28:03.505+0000] {base.py:84} INFO - Retrieving connection 'postgres_conn'
[2025-02-06T17:28:03.511+0000] {sql.py:553} INFO - Running statement: 
            INSERT INTO car_data (brand, model, body_style, seat, price)
            VALUES (%s, %s, %s, %s, %s)
        , parameters: ('Tesla', 'Model S Long Range', 'Liftback', 5, 79990)
[2025-02-06T17:28:03.515+0000] {sql.py:562} INFO - Rows affected: 1
[2025-02-06T17:28:03.521+0000] {baseoperator.py:421} WARNING - PostgresOperator.execute cannot be called outside TaskInstance!
[2025-02-06T17:28:03.523+0000] {sql.py:278} INFO - Executing: 
            INSERT INTO car_data (brand, model, body_style, seat, price)
            VALUES (%s, %s, %s, %s, %s)
        
[2025-02-06T17:28:03.532+0000] {base.py:84} INFO - Retrieving connection 'postgres_conn'
[2025-02-06T17:28:03.541+0000] {base.py:84} INFO - Retrieving connection 'postgres_conn'
[2025-02-06T17:28:03.551+0000] {sql.py:553} INFO - Running statement: 
            INSERT INTO car_data (brand, model, body_style, seat, price)
            VALUES (%s, %s, %s, %s, %s)
        , parameters: ('Hyundai', 'Kona Electric 39 kWh', 'SUV', 5, 33971)
[2025-02-06T17:28:03.554+0000] {sql.py:562} INFO - Rows affected: 1
[2025-02-06T17:28:03.561+0000] {baseoperator.py:421} WARNING - PostgresOperator.execute cannot be called outside TaskInstance!
[2025-02-06T17:28:03.565+0000] {sql.py:278} INFO - Executing: 
            INSERT INTO car_data (brand, model, body_style, seat, price)
            VALUES (%s, %s, %s, %s, %s)
        
[2025-02-06T17:28:03.576+0000] {base.py:84} INFO - Retrieving connection 'postgres_conn'
[2025-02-06T17:28:03.590+0000] {base.py:84} INFO - Retrieving connection 'postgres_conn'
[2025-02-06T17:28:03.597+0000] {sql.py:553} INFO - Running statement: 
            INSERT INTO car_data (brand, model, body_style, seat, price)
            VALUES (%s, %s, %s, %s, %s)
        , parameters: ('Audi', 'e-tron Sportback 55 quattro', 'SUV', 5, 81639)
[2025-02-06T17:28:03.600+0000] {sql.py:562} INFO - Rows affected: 1
[2025-02-06T17:28:03.608+0000] {baseoperator.py:421} WARNING - PostgresOperator.execute cannot be called outside TaskInstance!
[2025-02-06T17:28:03.610+0000] {sql.py:278} INFO - Executing: 
            INSERT INTO car_data (brand, model, body_style, seat, price)
            VALUES (%s, %s, %s, %s, %s)
        
[2025-02-06T17:28:03.621+0000] {base.py:84} INFO - Retrieving connection 'postgres_conn'
[2025-02-06T17:28:03.628+0000] {base.py:84} INFO - Retrieving connection 'postgres_conn'
[2025-02-06T17:28:03.634+0000] {sql.py:553} INFO - Running statement: 
            INSERT INTO car_data (brand, model, body_style, seat, price)
            VALUES (%s, %s, %s, %s, %s)
        , parameters: ('Skoda', 'CITIGOe iV', 'Hatchback', 4, 24534)
[2025-02-06T17:28:03.636+0000] {sql.py:562} INFO - Rows affected: 1
[2025-02-06T17:28:03.642+0000] {baseoperator.py:421} WARNING - PostgresOperator.execute cannot be called outside TaskInstance!
[2025-02-06T17:28:03.643+0000] {sql.py:278} INFO - Executing: 
            INSERT INTO car_data (brand, model, body_style, seat, price)
            VALUES (%s, %s, %s, %s, %s)
        
[2025-02-06T17:28:03.650+0000] {base.py:84} INFO - Retrieving connection 'postgres_conn'
[2025-02-06T17:28:03.656+0000] {base.py:84} INFO - Retrieving connection 'postgres_conn'
[2025-02-06T17:28:03.661+0000] {sql.py:553} INFO - Running statement: 
            INSERT INTO car_data (brand, model, body_style, seat, price)
            VALUES (%s, %s, %s, %s, %s)
        , parameters: ('SEAT', 'Mii Electric', 'Hatchback', 4, 20129)
[2025-02-06T17:28:03.663+0000] {sql.py:562} INFO - Rows affected: 1
[2025-02-06T17:28:03.669+0000] {baseoperator.py:421} WARNING - PostgresOperator.execute cannot be called outside TaskInstance!
[2025-02-06T17:28:03.671+0000] {sql.py:278} INFO - Executing: 
            INSERT INTO car_data (brand, model, body_style, seat, price)
            VALUES (%s, %s, %s, %s, %s)
        
[2025-02-06T17:28:03.677+0000] {base.py:84} INFO - Retrieving connection 'postgres_conn'
[2025-02-06T17:28:03.684+0000] {base.py:84} INFO - Retrieving connection 'postgres_conn'
[2025-02-06T17:28:03.688+0000] {sql.py:553} INFO - Running statement: 
            INSERT INTO car_data (brand, model, body_style, seat, price)
            VALUES (%s, %s, %s, %s, %s)
        , parameters: ('Kia', 'e-Soul 64 kWh', 'SUV', 5, 36837)
[2025-02-06T17:28:03.690+0000] {sql.py:562} INFO - Rows affected: 1
[2025-02-06T17:28:03.694+0000] {baseoperator.py:421} WARNING - PostgresOperator.execute cannot be called outside TaskInstance!
[2025-02-06T17:28:03.696+0000] {sql.py:278} INFO - Executing: 
            INSERT INTO car_data (brand, model, body_style, seat, price)
            VALUES (%s, %s, %s, %s, %s)
        
[2025-02-06T17:28:03.702+0000] {base.py:84} INFO - Retrieving connection 'postgres_conn'
[2025-02-06T17:28:03.710+0000] {base.py:84} INFO - Retrieving connection 'postgres_conn'
[2025-02-06T17:28:03.715+0000] {sql.py:553} INFO - Running statement: 
            INSERT INTO car_data (brand, model, body_style, seat, price)
            VALUES (%s, %s, %s, %s, %s)
        , parameters: ('Opel', 'Ampera-e', 'MPV', 5, 41906)
[2025-02-06T17:28:03.717+0000] {sql.py:562} INFO - Rows affected: 1
[2025-02-06T17:28:03.721+0000] {baseoperator.py:421} WARNING - PostgresOperator.execute cannot be called outside TaskInstance!
[2025-02-06T17:28:03.722+0000] {sql.py:278} INFO - Executing: 
            INSERT INTO car_data (brand, model, body_style, seat, price)
            VALUES (%s, %s, %s, %s, %s)
        
[2025-02-06T17:28:03.729+0000] {base.py:84} INFO - Retrieving connection 'postgres_conn'
[2025-02-06T17:28:03.737+0000] {base.py:84} INFO - Retrieving connection 'postgres_conn'
[2025-02-06T17:28:03.741+0000] {sql.py:553} INFO - Running statement: 
            INSERT INTO car_data (brand, model, body_style, seat, price)
            VALUES (%s, %s, %s, %s, %s)
        , parameters: ('Porsche', 'Taycan 4S', 'Sedan', 4, 102945)
[2025-02-06T17:28:03.743+0000] {sql.py:562} INFO - Rows affected: 1
[2025-02-06T17:28:03.748+0000] {baseoperator.py:421} WARNING - PostgresOperator.execute cannot be called outside TaskInstance!
[2025-02-06T17:28:03.749+0000] {sql.py:278} INFO - Executing: 
            INSERT INTO car_data (brand, model, body_style, seat, price)
            VALUES (%s, %s, %s, %s, %s)
        
[2025-02-06T17:28:03.755+0000] {base.py:84} INFO - Retrieving connection 'postgres_conn'
[2025-02-06T17:28:03.762+0000] {base.py:84} INFO - Retrieving connection 'postgres_conn'
[2025-02-06T17:28:03.771+0000] {sql.py:553} INFO - Running statement: 
            INSERT INTO car_data (brand, model, body_style, seat, price)
            VALUES (%s, %s, %s, %s, %s)
        , parameters: ('Lightyear', 'One', 'Liftback', 5, 149000)
[2025-02-06T17:28:03.773+0000] {sql.py:562} INFO - Rows affected: 1
[2025-02-06T17:28:03.778+0000] {baseoperator.py:421} WARNING - PostgresOperator.execute cannot be called outside TaskInstance!
[2025-02-06T17:28:03.780+0000] {sql.py:278} INFO - Executing: 
            INSERT INTO car_data (brand, model, body_style, seat, price)
            VALUES (%s, %s, %s, %s, %s)
        
[2025-02-06T17:28:03.788+0000] {base.py:84} INFO - Retrieving connection 'postgres_conn'
[2025-02-06T17:28:03.802+0000] {base.py:84} INFO - Retrieving connection 'postgres_conn'
[2025-02-06T17:28:03.807+0000] {sql.py:553} INFO - Running statement: 
            INSERT INTO car_data (brand, model, body_style, seat, price)
            VALUES (%s, %s, %s, %s, %s)
        , parameters: ('Aiways', 'U5', 'SUV', 5, 36057)
[2025-02-06T17:28:03.809+0000] {sql.py:562} INFO - Rows affected: 1
[2025-02-06T17:28:03.815+0000] {baseoperator.py:421} WARNING - PostgresOperator.execute cannot be called outside TaskInstance!
[2025-02-06T17:28:03.817+0000] {sql.py:278} INFO - Executing: 
            INSERT INTO car_data (brand, model, body_style, seat, price)
            VALUES (%s, %s, %s, %s, %s)
        
[2025-02-06T17:28:03.824+0000] {base.py:84} INFO - Retrieving connection 'postgres_conn'
[2025-02-06T17:28:03.830+0000] {base.py:84} INFO - Retrieving connection 'postgres_conn'
[2025-02-06T17:28:03.837+0000] {sql.py:553} INFO - Running statement: 
            INSERT INTO car_data (brand, model, body_style, seat, price)
            VALUES (%s, %s, %s, %s, %s)
        , parameters: ('Audi', 'e-tron 55 quattro', 'SUV', 5, 79445)
[2025-02-06T17:28:03.839+0000] {sql.py:562} INFO - Rows affected: 1
[2025-02-06T17:28:03.844+0000] {baseoperator.py:421} WARNING - PostgresOperator.execute cannot be called outside TaskInstance!
[2025-02-06T17:28:03.851+0000] {sql.py:278} INFO - Executing: 
            INSERT INTO car_data (brand, model, body_style, seat, price)
            VALUES (%s, %s, %s, %s, %s)
        
[2025-02-06T17:28:03.859+0000] {base.py:84} INFO - Retrieving connection 'postgres_conn'
[2025-02-06T17:28:03.867+0000] {base.py:84} INFO - Retrieving connection 'postgres_conn'
[2025-02-06T17:28:03.872+0000] {sql.py:553} INFO - Running statement: 
            INSERT INTO car_data (brand, model, body_style, seat, price)
            VALUES (%s, %s, %s, %s, %s)
        , parameters: ('Tesla', 'Roadster', 'Cabrio', 4, 215000)
[2025-02-06T17:28:03.874+0000] {sql.py:562} INFO - Rows affected: 1
[2025-02-06T17:28:03.878+0000] {baseoperator.py:421} WARNING - PostgresOperator.execute cannot be called outside TaskInstance!
[2025-02-06T17:28:03.879+0000] {sql.py:278} INFO - Executing: 
            INSERT INTO car_data (brand, model, body_style, seat, price)
            VALUES (%s, %s, %s, %s, %s)
        
[2025-02-06T17:28:03.887+0000] {base.py:84} INFO - Retrieving connection 'postgres_conn'
[2025-02-06T17:28:03.895+0000] {base.py:84} INFO - Retrieving connection 'postgres_conn'
[2025-02-06T17:28:03.901+0000] {sql.py:553} INFO - Running statement: 
            INSERT INTO car_data (brand, model, body_style, seat, price)
            VALUES (%s, %s, %s, %s, %s)
        , parameters: ('Opel', 'Mokka-e', 'SUV', 5, 35000)
[2025-02-06T17:28:03.904+0000] {sql.py:562} INFO - Rows affected: 1
[2025-02-06T17:28:03.908+0000] {baseoperator.py:421} WARNING - PostgresOperator.execute cannot be called outside TaskInstance!
[2025-02-06T17:28:03.917+0000] {sql.py:278} INFO - Executing: 
            INSERT INTO car_data (brand, model, body_style, seat, price)
            VALUES (%s, %s, %s, %s, %s)
        
[2025-02-06T17:28:03.926+0000] {base.py:84} INFO - Retrieving connection 'postgres_conn'
[2025-02-06T17:28:03.941+0000] {base.py:84} INFO - Retrieving connection 'postgres_conn'
[2025-02-06T17:28:03.946+0000] {sql.py:553} INFO - Running statement: 
            INSERT INTO car_data (brand, model, body_style, seat, price)
            VALUES (%s, %s, %s, %s, %s)
        , parameters: ('Skoda', 'Enyaq iV 80', 'SUV', 5, 40000)
[2025-02-06T17:28:03.950+0000] {sql.py:562} INFO - Rows affected: 1
[2025-02-06T17:28:03.955+0000] {baseoperator.py:421} WARNING - PostgresOperator.execute cannot be called outside TaskInstance!
[2025-02-06T17:28:03.956+0000] {sql.py:278} INFO - Executing: 
            INSERT INTO car_data (brand, model, body_style, seat, price)
            VALUES (%s, %s, %s, %s, %s)
        
[2025-02-06T17:28:03.964+0000] {base.py:84} INFO - Retrieving connection 'postgres_conn'
[2025-02-06T17:28:03.974+0000] {base.py:84} INFO - Retrieving connection 'postgres_conn'
[2025-02-06T17:28:03.979+0000] {sql.py:553} INFO - Running statement: 
            INSERT INTO car_data (brand, model, body_style, seat, price)
            VALUES (%s, %s, %s, %s, %s)
        , parameters: ('Tesla', 'Model X Long Range', 'SUV', 7, 85990)
[2025-02-06T17:28:03.984+0000] {sql.py:562} INFO - Rows affected: 1
[2025-02-06T17:28:03.989+0000] {baseoperator.py:421} WARNING - PostgresOperator.execute cannot be called outside TaskInstance!
[2025-02-06T17:28:03.990+0000] {sql.py:278} INFO - Executing: 
            INSERT INTO car_data (brand, model, body_style, seat, price)
            VALUES (%s, %s, %s, %s, %s)
        
[2025-02-06T17:28:04.000+0000] {base.py:84} INFO - Retrieving connection 'postgres_conn'
[2025-02-06T17:28:04.010+0000] {base.py:84} INFO - Retrieving connection 'postgres_conn'
[2025-02-06T17:28:04.016+0000] {sql.py:553} INFO - Running statement: 
            INSERT INTO car_data (brand, model, body_style, seat, price)
            VALUES (%s, %s, %s, %s, %s)
        , parameters: ('Honda', 'e Advance', 'Hatchback', 4, 35921)
[2025-02-06T17:28:04.020+0000] {sql.py:562} INFO - Rows affected: 1
[2025-02-06T17:28:04.025+0000] {baseoperator.py:421} WARNING - PostgresOperator.execute cannot be called outside TaskInstance!
[2025-02-06T17:28:04.027+0000] {sql.py:278} INFO - Executing: 
            INSERT INTO car_data (brand, model, body_style, seat, price)
            VALUES (%s, %s, %s, %s, %s)
        
[2025-02-06T17:28:04.037+0000] {base.py:84} INFO - Retrieving connection 'postgres_conn'
[2025-02-06T17:28:04.045+0000] {base.py:84} INFO - Retrieving connection 'postgres_conn'
[2025-02-06T17:28:04.052+0000] {sql.py:553} INFO - Running statement: 
            INSERT INTO car_data (brand, model, body_style, seat, price)
            VALUES (%s, %s, %s, %s, %s)
        , parameters: ('DS', '3 Crossback E-Tense', 'SUV', 5, 37422)
[2025-02-06T17:28:04.055+0000] {sql.py:562} INFO - Rows affected: 1
[2025-02-06T17:28:04.080+0000] {baseoperator.py:421} WARNING - PostgresOperator.execute cannot be called outside TaskInstance!
[2025-02-06T17:28:04.082+0000] {sql.py:278} INFO - Executing: 
            INSERT INTO car_data (brand, model, body_style, seat, price)
            VALUES (%s, %s, %s, %s, %s)
        
[2025-02-06T17:28:04.091+0000] {base.py:84} INFO - Retrieving connection 'postgres_conn'
[2025-02-06T17:28:04.102+0000] {base.py:84} INFO - Retrieving connection 'postgres_conn'
[2025-02-06T17:28:04.108+0000] {sql.py:553} INFO - Running statement: 
            INSERT INTO car_data (brand, model, body_style, seat, price)
            VALUES (%s, %s, %s, %s, %s)
        , parameters: ('Renault', 'Twingo ZE', 'Hatchback', 4, 24790)
[2025-02-06T17:28:04.111+0000] {sql.py:562} INFO - Rows affected: 1
[2025-02-06T17:28:04.116+0000] {baseoperator.py:421} WARNING - PostgresOperator.execute cannot be called outside TaskInstance!
[2025-02-06T17:28:04.118+0000] {sql.py:278} INFO - Executing: 
            INSERT INTO car_data (brand, model, body_style, seat, price)
            VALUES (%s, %s, %s, %s, %s)
        
[2025-02-06T17:28:04.127+0000] {base.py:84} INFO - Retrieving connection 'postgres_conn'
[2025-02-06T17:28:04.135+0000] {base.py:84} INFO - Retrieving connection 'postgres_conn'
[2025-02-06T17:28:04.141+0000] {sql.py:553} INFO - Running statement: 
            INSERT INTO car_data (brand, model, body_style, seat, price)
            VALUES (%s, %s, %s, %s, %s)
        , parameters: ('Citroen', 'e-C4', 'SUV', 5, 40000)
[2025-02-06T17:28:04.144+0000] {sql.py:562} INFO - Rows affected: 1
[2025-02-06T17:28:04.150+0000] {baseoperator.py:421} WARNING - PostgresOperator.execute cannot be called outside TaskInstance!
[2025-02-06T17:28:04.152+0000] {sql.py:278} INFO - Executing: 
            INSERT INTO car_data (brand, model, body_style, seat, price)
            VALUES (%s, %s, %s, %s, %s)
        
[2025-02-06T17:28:04.160+0000] {base.py:84} INFO - Retrieving connection 'postgres_conn'
[2025-02-06T17:28:04.169+0000] {base.py:84} INFO - Retrieving connection 'postgres_conn'
[2025-02-06T17:28:04.175+0000] {sql.py:553} INFO - Running statement: 
            INSERT INTO car_data (brand, model, body_style, seat, price)
            VALUES (%s, %s, %s, %s, %s)
        , parameters: ('Tesla', 'Model S Performance', 'Liftback', 5, 96990)
[2025-02-06T17:28:04.178+0000] {sql.py:562} INFO - Rows affected: 1
[2025-02-06T17:28:04.188+0000] {baseoperator.py:421} WARNING - PostgresOperator.execute cannot be called outside TaskInstance!
[2025-02-06T17:28:04.190+0000] {sql.py:278} INFO - Executing: 
            INSERT INTO car_data (brand, model, body_style, seat, price)
            VALUES (%s, %s, %s, %s, %s)
        
[2025-02-06T17:28:04.198+0000] {base.py:84} INFO - Retrieving connection 'postgres_conn'
[2025-02-06T17:28:04.205+0000] {base.py:84} INFO - Retrieving connection 'postgres_conn'
[2025-02-06T17:28:04.210+0000] {sql.py:553} INFO - Running statement: 
            INSERT INTO car_data (brand, model, body_style, seat, price)
            VALUES (%s, %s, %s, %s, %s)
        , parameters: ('Renault', 'Zoe ZE40 R110', 'Hatchback', 5, 29234)
[2025-02-06T17:28:04.212+0000] {sql.py:562} INFO - Rows affected: 1
[2025-02-06T17:28:04.218+0000] {baseoperator.py:421} WARNING - PostgresOperator.execute cannot be called outside TaskInstance!
[2025-02-06T17:28:04.219+0000] {sql.py:278} INFO - Executing: 
            INSERT INTO car_data (brand, model, body_style, seat, price)
            VALUES (%s, %s, %s, %s, %s)
        
[2025-02-06T17:28:04.227+0000] {base.py:84} INFO - Retrieving connection 'postgres_conn'
[2025-02-06T17:28:04.234+0000] {base.py:84} INFO - Retrieving connection 'postgres_conn'
[2025-02-06T17:28:04.239+0000] {sql.py:553} INFO - Running statement: 
            INSERT INTO car_data (brand, model, body_style, seat, price)
            VALUES (%s, %s, %s, %s, %s)
        , parameters: ('Tesla', 'Model Y Long Range Performance', 'SUV', 7, 65620)
[2025-02-06T17:28:04.241+0000] {sql.py:562} INFO - Rows affected: 1
[2025-02-06T17:28:04.258+0000] {baseoperator.py:421} WARNING - PostgresOperator.execute cannot be called outside TaskInstance!
[2025-02-06T17:28:04.260+0000] {sql.py:278} INFO - Executing: 
            INSERT INTO car_data (brand, model, body_style, seat, price)
            VALUES (%s, %s, %s, %s, %s)
        
[2025-02-06T17:28:04.268+0000] {base.py:84} INFO - Retrieving connection 'postgres_conn'
[2025-02-06T17:28:04.275+0000] {base.py:84} INFO - Retrieving connection 'postgres_conn'
[2025-02-06T17:28:04.279+0000] {sql.py:553} INFO - Running statement: 
            INSERT INTO car_data (brand, model, body_style, seat, price)
            VALUES (%s, %s, %s, %s, %s)
        , parameters: ('Nissan', 'Ariya 87kWh', 'Hatchback', 5, 50000)
[2025-02-06T17:28:04.282+0000] {sql.py:562} INFO - Rows affected: 1
[2025-02-06T17:28:04.286+0000] {baseoperator.py:421} WARNING - PostgresOperator.execute cannot be called outside TaskInstance!
[2025-02-06T17:28:04.287+0000] {sql.py:278} INFO - Executing: 
            INSERT INTO car_data (brand, model, body_style, seat, price)
            VALUES (%s, %s, %s, %s, %s)
        
[2025-02-06T17:28:04.294+0000] {base.py:84} INFO - Retrieving connection 'postgres_conn'
[2025-02-06T17:28:04.301+0000] {base.py:84} INFO - Retrieving connection 'postgres_conn'
[2025-02-06T17:28:04.306+0000] {sql.py:553} INFO - Running statement: 
            INSERT INTO car_data (brand, model, body_style, seat, price)
            VALUES (%s, %s, %s, %s, %s)
        , parameters: ('Jaguar', 'I-Pace', 'SUV', 5, 75351)
[2025-02-06T17:28:04.308+0000] {sql.py:562} INFO - Rows affected: 1
[2025-02-06T17:28:04.328+0000] {baseoperator.py:421} WARNING - PostgresOperator.execute cannot be called outside TaskInstance!
[2025-02-06T17:28:04.331+0000] {sql.py:278} INFO - Executing: 
            INSERT INTO car_data (brand, model, body_style, seat, price)
            VALUES (%s, %s, %s, %s, %s)
        
[2025-02-06T17:28:04.340+0000] {base.py:84} INFO - Retrieving connection 'postgres_conn'
[2025-02-06T17:28:04.350+0000] {base.py:84} INFO - Retrieving connection 'postgres_conn'
[2025-02-06T17:28:04.372+0000] {sql.py:553} INFO - Running statement: 
            INSERT INTO car_data (brand, model, body_style, seat, price)
            VALUES (%s, %s, %s, %s, %s)
        , parameters: ('Ford', 'Mustang Mach-E ER RWD', 'SUV', 5, 54475)
[2025-02-06T17:28:04.376+0000] {sql.py:562} INFO - Rows affected: 1
[2025-02-06T17:28:04.383+0000] {baseoperator.py:421} WARNING - PostgresOperator.execute cannot be called outside TaskInstance!
[2025-02-06T17:28:04.385+0000] {sql.py:278} INFO - Executing: 
            INSERT INTO car_data (brand, model, body_style, seat, price)
            VALUES (%s, %s, %s, %s, %s)
        
[2025-02-06T17:28:04.396+0000] {base.py:84} INFO - Retrieving connection 'postgres_conn'
[2025-02-06T17:28:04.408+0000] {base.py:84} INFO - Retrieving connection 'postgres_conn'
[2025-02-06T17:28:04.415+0000] {sql.py:553} INFO - Running statement: 
            INSERT INTO car_data (brand, model, body_style, seat, price)
            VALUES (%s, %s, %s, %s, %s)
        , parameters: ('Porsche', 'Taycan 4S Plus', 'Sedan', 4, 109302)
[2025-02-06T17:28:04.418+0000] {sql.py:562} INFO - Rows affected: 1
[2025-02-06T17:28:04.424+0000] {baseoperator.py:421} WARNING - PostgresOperator.execute cannot be called outside TaskInstance!
[2025-02-06T17:28:04.426+0000] {sql.py:278} INFO - Executing: 
            INSERT INTO car_data (brand, model, body_style, seat, price)
            VALUES (%s, %s, %s, %s, %s)
        
[2025-02-06T17:28:04.436+0000] {base.py:84} INFO - Retrieving connection 'postgres_conn'
[2025-02-06T17:28:04.448+0000] {base.py:84} INFO - Retrieving connection 'postgres_conn'
[2025-02-06T17:28:04.455+0000] {sql.py:553} INFO - Running statement: 
            INSERT INTO car_data (brand, model, body_style, seat, price)
            VALUES (%s, %s, %s, %s, %s)
        , parameters: ('Nissan', 'e-NV200 Evalia', 'SPV', 7, 33246)
[2025-02-06T17:28:04.463+0000] {sql.py:562} INFO - Rows affected: 1
[2025-02-06T17:28:04.512+0000] {baseoperator.py:421} WARNING - PostgresOperator.execute cannot be called outside TaskInstance!
[2025-02-06T17:28:04.516+0000] {sql.py:278} INFO - Executing: 
            INSERT INTO car_data (brand, model, body_style, seat, price)
            VALUES (%s, %s, %s, %s, %s)
        
[2025-02-06T17:28:04.533+0000] {base.py:84} INFO - Retrieving connection 'postgres_conn'
[2025-02-06T17:28:04.547+0000] {base.py:84} INFO - Retrieving connection 'postgres_conn'
[2025-02-06T17:28:04.558+0000] {sql.py:553} INFO - Running statement: 
            INSERT INTO car_data (brand, model, body_style, seat, price)
            VALUES (%s, %s, %s, %s, %s)
        , parameters: ('Tesla', 'Cybertruck Dual Motor', 'Pickup', 6, 55000)
[2025-02-06T17:28:04.563+0000] {sql.py:562} INFO - Rows affected: 1
[2025-02-06T17:28:04.572+0000] {baseoperator.py:421} WARNING - PostgresOperator.execute cannot be called outside TaskInstance!
[2025-02-06T17:28:04.575+0000] {sql.py:278} INFO - Executing: 
            INSERT INTO car_data (brand, model, body_style, seat, price)
            VALUES (%s, %s, %s, %s, %s)
        
[2025-02-06T17:28:04.590+0000] {base.py:84} INFO - Retrieving connection 'postgres_conn'
[2025-02-06T17:28:04.602+0000] {base.py:84} INFO - Retrieving connection 'postgres_conn'
[2025-02-06T17:28:04.610+0000] {sql.py:553} INFO - Running statement: 
            INSERT INTO car_data (brand, model, body_style, seat, price)
            VALUES (%s, %s, %s, %s, %s)
        , parameters: ('Renault', 'Kangoo Maxi ZE 33', 'SPV', 5, 38000)
[2025-02-06T17:28:04.614+0000] {sql.py:562} INFO - Rows affected: 1
[2025-02-06T17:28:04.623+0000] {baseoperator.py:421} WARNING - PostgresOperator.execute cannot be called outside TaskInstance!
[2025-02-06T17:28:04.626+0000] {sql.py:278} INFO - Executing: 
            INSERT INTO car_data (brand, model, body_style, seat, price)
            VALUES (%s, %s, %s, %s, %s)
        
[2025-02-06T17:28:04.637+0000] {base.py:84} INFO - Retrieving connection 'postgres_conn'
[2025-02-06T17:28:04.648+0000] {base.py:84} INFO - Retrieving connection 'postgres_conn'
[2025-02-06T17:28:04.657+0000] {sql.py:553} INFO - Running statement: 
            INSERT INTO car_data (brand, model, body_style, seat, price)
            VALUES (%s, %s, %s, %s, %s)
        , parameters: ('Ford', 'Mustang Mach-E ER AWD', 'SUV', 5, 62900)
[2025-02-06T17:28:04.660+0000] {sql.py:562} INFO - Rows affected: 1
[2025-02-06T17:28:04.673+0000] {baseoperator.py:421} WARNING - PostgresOperator.execute cannot be called outside TaskInstance!
[2025-02-06T17:28:04.675+0000] {sql.py:278} INFO - Executing: 
            INSERT INTO car_data (brand, model, body_style, seat, price)
            VALUES (%s, %s, %s, %s, %s)
        
[2025-02-06T17:28:04.687+0000] {base.py:84} INFO - Retrieving connection 'postgres_conn'
[2025-02-06T17:28:04.697+0000] {base.py:84} INFO - Retrieving connection 'postgres_conn'
[2025-02-06T17:28:04.705+0000] {sql.py:553} INFO - Running statement: 
            INSERT INTO car_data (brand, model, body_style, seat, price)
            VALUES (%s, %s, %s, %s, %s)
        , parameters: ('BMW', 'i3s 120 Ah', 'Hatchback', 4, 41526)
[2025-02-06T17:28:04.709+0000] {sql.py:562} INFO - Rows affected: 1
[2025-02-06T17:28:04.717+0000] {baseoperator.py:421} WARNING - PostgresOperator.execute cannot be called outside TaskInstance!
[2025-02-06T17:28:04.722+0000] {sql.py:278} INFO - Executing: 
            INSERT INTO car_data (brand, model, body_style, seat, price)
            VALUES (%s, %s, %s, %s, %s)
        
[2025-02-06T17:28:04.736+0000] {base.py:84} INFO - Retrieving connection 'postgres_conn'
[2025-02-06T17:28:04.748+0000] {base.py:84} INFO - Retrieving connection 'postgres_conn'
[2025-02-06T17:28:04.756+0000] {sql.py:553} INFO - Running statement: 
            INSERT INTO car_data (brand, model, body_style, seat, price)
            VALUES (%s, %s, %s, %s, %s)
        , parameters: ('Skoda', 'Enyaq iV 80X', 'SUV', 5, 45000)
[2025-02-06T17:28:04.760+0000] {sql.py:562} INFO - Rows affected: 1
[2025-02-06T17:28:04.767+0000] {baseoperator.py:421} WARNING - PostgresOperator.execute cannot be called outside TaskInstance!
[2025-02-06T17:28:04.770+0000] {sql.py:278} INFO - Executing: 
            INSERT INTO car_data (brand, model, body_style, seat, price)
            VALUES (%s, %s, %s, %s, %s)
        
[2025-02-06T17:28:04.785+0000] {base.py:84} INFO - Retrieving connection 'postgres_conn'
[2025-02-06T17:28:04.796+0000] {base.py:84} INFO - Retrieving connection 'postgres_conn'
[2025-02-06T17:28:04.805+0000] {sql.py:553} INFO - Running statement: 
            INSERT INTO car_data (brand, model, body_style, seat, price)
            VALUES (%s, %s, %s, %s, %s)
        , parameters: ('Porsche', 'Taycan Cross Turismo', 'Station', 4, 150000)
[2025-02-06T17:28:04.809+0000] {sql.py:562} INFO - Rows affected: 1
[2025-02-06T17:28:04.814+0000] {baseoperator.py:421} WARNING - PostgresOperator.execute cannot be called outside TaskInstance!
[2025-02-06T17:28:04.818+0000] {sql.py:278} INFO - Executing: 
            INSERT INTO car_data (brand, model, body_style, seat, price)
            VALUES (%s, %s, %s, %s, %s)
        
[2025-02-06T17:28:04.829+0000] {base.py:84} INFO - Retrieving connection 'postgres_conn'
[2025-02-06T17:28:04.840+0000] {base.py:84} INFO - Retrieving connection 'postgres_conn'
[2025-02-06T17:28:04.847+0000] {sql.py:553} INFO - Running statement: 
            INSERT INTO car_data (brand, model, body_style, seat, price)
            VALUES (%s, %s, %s, %s, %s)
        , parameters: ('Byton', 'M-Byte 95 kWh 4WD', 'SUV', 5, 64000)
[2025-02-06T17:28:04.851+0000] {sql.py:562} INFO - Rows affected: 1
[2025-02-06T17:28:04.857+0000] {baseoperator.py:421} WARNING - PostgresOperator.execute cannot be called outside TaskInstance!
[2025-02-06T17:28:04.859+0000] {sql.py:278} INFO - Executing: 
            INSERT INTO car_data (brand, model, body_style, seat, price)
            VALUES (%s, %s, %s, %s, %s)
        
[2025-02-06T17:28:04.867+0000] {base.py:84} INFO - Retrieving connection 'postgres_conn'
[2025-02-06T17:28:04.879+0000] {base.py:84} INFO - Retrieving connection 'postgres_conn'
[2025-02-06T17:28:04.889+0000] {sql.py:553} INFO - Running statement: 
            INSERT INTO car_data (brand, model, body_style, seat, price)
            VALUES (%s, %s, %s, %s, %s)
        , parameters: ('Sono', 'Sion', 'Hatchback', 5, 25500)
[2025-02-06T17:28:04.893+0000] {sql.py:562} INFO - Rows affected: 1
[2025-02-06T17:28:04.902+0000] {baseoperator.py:421} WARNING - PostgresOperator.execute cannot be called outside TaskInstance!
[2025-02-06T17:28:04.906+0000] {sql.py:278} INFO - Executing: 
            INSERT INTO car_data (brand, model, body_style, seat, price)
            VALUES (%s, %s, %s, %s, %s)
        
[2025-02-06T17:28:04.921+0000] {base.py:84} INFO - Retrieving connection 'postgres_conn'
[2025-02-06T17:28:04.936+0000] {base.py:84} INFO - Retrieving connection 'postgres_conn'
[2025-02-06T17:28:04.946+0000] {sql.py:553} INFO - Running statement: 
            INSERT INTO car_data (brand, model, body_style, seat, price)
            VALUES (%s, %s, %s, %s, %s)
        , parameters: ('Kia', 'e-Niro 39 kWh', 'SUV', 5, 34400)
[2025-02-06T17:28:04.953+0000] {sql.py:562} INFO - Rows affected: 1
[2025-02-06T17:28:04.962+0000] {baseoperator.py:421} WARNING - PostgresOperator.execute cannot be called outside TaskInstance!
[2025-02-06T17:28:04.965+0000] {sql.py:278} INFO - Executing: 
            INSERT INTO car_data (brand, model, body_style, seat, price)
            VALUES (%s, %s, %s, %s, %s)
        
[2025-02-06T17:28:04.978+0000] {base.py:84} INFO - Retrieving connection 'postgres_conn'
[2025-02-06T17:28:04.991+0000] {base.py:84} INFO - Retrieving connection 'postgres_conn'
[2025-02-06T17:28:04.998+0000] {sql.py:553} INFO - Running statement: 
            INSERT INTO car_data (brand, model, body_style, seat, price)
            VALUES (%s, %s, %s, %s, %s)
        , parameters: ('Audi', 'Q4 Sportback e-tron', 'SUV', 5, 57500)
[2025-02-06T17:28:05.003+0000] {sql.py:562} INFO - Rows affected: 1
[2025-02-06T17:28:05.013+0000] {baseoperator.py:421} WARNING - PostgresOperator.execute cannot be called outside TaskInstance!
[2025-02-06T17:28:05.016+0000] {sql.py:278} INFO - Executing: 
            INSERT INTO car_data (brand, model, body_style, seat, price)
            VALUES (%s, %s, %s, %s, %s)
        
[2025-02-06T17:28:05.025+0000] {base.py:84} INFO - Retrieving connection 'postgres_conn'
[2025-02-06T17:28:05.035+0000] {base.py:84} INFO - Retrieving connection 'postgres_conn'
[2025-02-06T17:28:05.042+0000] {sql.py:553} INFO - Running statement: 
            INSERT INTO car_data (brand, model, body_style, seat, price)
            VALUES (%s, %s, %s, %s, %s)
        , parameters: ('Smart', 'EQ forfour', 'Hatchback', 4, 22030)
[2025-02-06T17:28:05.046+0000] {sql.py:562} INFO - Rows affected: 1
[2025-02-06T17:28:05.053+0000] {baseoperator.py:421} WARNING - PostgresOperator.execute cannot be called outside TaskInstance!
[2025-02-06T17:28:05.055+0000] {sql.py:278} INFO - Executing: 
            INSERT INTO car_data (brand, model, body_style, seat, price)
            VALUES (%s, %s, %s, %s, %s)
        
[2025-02-06T17:28:05.067+0000] {base.py:84} INFO - Retrieving connection 'postgres_conn'
[2025-02-06T17:28:05.076+0000] {base.py:84} INFO - Retrieving connection 'postgres_conn'
[2025-02-06T17:28:05.082+0000] {sql.py:553} INFO - Running statement: 
            INSERT INTO car_data (brand, model, body_style, seat, price)
            VALUES (%s, %s, %s, %s, %s)
        , parameters: ('Ford', 'Mustang Mach-E SR AWD', 'SUV', 5, 54000)
[2025-02-06T17:28:05.086+0000] {sql.py:562} INFO - Rows affected: 1
[2025-02-06T17:28:05.091+0000] {baseoperator.py:421} WARNING - PostgresOperator.execute cannot be called outside TaskInstance!
[2025-02-06T17:28:05.093+0000] {sql.py:278} INFO - Executing: 
            INSERT INTO car_data (brand, model, body_style, seat, price)
            VALUES (%s, %s, %s, %s, %s)
        
[2025-02-06T17:28:05.101+0000] {base.py:84} INFO - Retrieving connection 'postgres_conn'
[2025-02-06T17:28:05.108+0000] {base.py:84} INFO - Retrieving connection 'postgres_conn'
[2025-02-06T17:28:05.113+0000] {sql.py:553} INFO - Running statement: 
            INSERT INTO car_data (brand, model, body_style, seat, price)
            VALUES (%s, %s, %s, %s, %s)
        , parameters: ('Porsche', 'Taycan Turbo', 'Sedan', 4, 148301)
[2025-02-06T17:28:05.117+0000] {sql.py:562} INFO - Rows affected: 1
[2025-02-06T17:28:05.121+0000] {baseoperator.py:421} WARNING - PostgresOperator.execute cannot be called outside TaskInstance!
[2025-02-06T17:28:05.122+0000] {sql.py:278} INFO - Executing: 
            INSERT INTO car_data (brand, model, body_style, seat, price)
            VALUES (%s, %s, %s, %s, %s)
        
[2025-02-06T17:28:05.128+0000] {base.py:84} INFO - Retrieving connection 'postgres_conn'
[2025-02-06T17:28:05.135+0000] {base.py:84} INFO - Retrieving connection 'postgres_conn'
[2025-02-06T17:28:05.140+0000] {sql.py:553} INFO - Running statement: 
            INSERT INTO car_data (brand, model, body_style, seat, price)
            VALUES (%s, %s, %s, %s, %s)
        , parameters: ('Volkswagen', 'ID.3 1st', 'Hatchback', 5, 38987)
[2025-02-06T17:28:05.142+0000] {sql.py:562} INFO - Rows affected: 1
[2025-02-06T17:28:05.147+0000] {baseoperator.py:421} WARNING - PostgresOperator.execute cannot be called outside TaskInstance!
[2025-02-06T17:28:05.149+0000] {sql.py:278} INFO - Executing: 
            INSERT INTO car_data (brand, model, body_style, seat, price)
            VALUES (%s, %s, %s, %s, %s)
        
[2025-02-06T17:28:05.157+0000] {base.py:84} INFO - Retrieving connection 'postgres_conn'
[2025-02-06T17:28:05.168+0000] {base.py:84} INFO - Retrieving connection 'postgres_conn'
[2025-02-06T17:28:05.172+0000] {sql.py:553} INFO - Running statement: 
            INSERT INTO car_data (brand, model, body_style, seat, price)
            VALUES (%s, %s, %s, %s, %s)
        , parameters: ('Tesla', 'Model X Performance', 'SUV', 7, 102990)
[2025-02-06T17:28:05.175+0000] {sql.py:562} INFO - Rows affected: 1
[2025-02-06T17:28:05.180+0000] {baseoperator.py:421} WARNING - PostgresOperator.execute cannot be called outside TaskInstance!
[2025-02-06T17:28:05.184+0000] {sql.py:278} INFO - Executing: 
            INSERT INTO car_data (brand, model, body_style, seat, price)
            VALUES (%s, %s, %s, %s, %s)
        
[2025-02-06T17:28:05.194+0000] {base.py:84} INFO - Retrieving connection 'postgres_conn'
[2025-02-06T17:28:05.200+0000] {base.py:84} INFO - Retrieving connection 'postgres_conn'
[2025-02-06T17:28:05.205+0000] {sql.py:553} INFO - Running statement: 
            INSERT INTO car_data (brand, model, body_style, seat, price)
            VALUES (%s, %s, %s, %s, %s)
        , parameters: ('Smart', 'EQ fortwo coupe', 'Hatchback', 2, 21387)
[2025-02-06T17:28:05.209+0000] {sql.py:562} INFO - Rows affected: 1
[2025-02-06T17:28:05.214+0000] {baseoperator.py:421} WARNING - PostgresOperator.execute cannot be called outside TaskInstance!
[2025-02-06T17:28:05.217+0000] {sql.py:278} INFO - Executing: 
            INSERT INTO car_data (brand, model, body_style, seat, price)
            VALUES (%s, %s, %s, %s, %s)
        
[2025-02-06T17:28:05.223+0000] {base.py:84} INFO - Retrieving connection 'postgres_conn'
[2025-02-06T17:28:05.229+0000] {base.py:84} INFO - Retrieving connection 'postgres_conn'
[2025-02-06T17:28:05.234+0000] {sql.py:553} INFO - Running statement: 
            INSERT INTO car_data (brand, model, body_style, seat, price)
            VALUES (%s, %s, %s, %s, %s)
        , parameters: ('Ford', 'Mustang Mach-E SR RWD', 'SUV', 5, 46900)
[2025-02-06T17:28:05.237+0000] {sql.py:562} INFO - Rows affected: 1
[2025-02-06T17:28:05.242+0000] {baseoperator.py:421} WARNING - PostgresOperator.execute cannot be called outside TaskInstance!
[2025-02-06T17:28:05.243+0000] {sql.py:278} INFO - Executing: 
            INSERT INTO car_data (brand, model, body_style, seat, price)
            VALUES (%s, %s, %s, %s, %s)
        
[2025-02-06T17:28:05.250+0000] {base.py:84} INFO - Retrieving connection 'postgres_conn'
[2025-02-06T17:28:05.257+0000] {base.py:84} INFO - Retrieving connection 'postgres_conn'
[2025-02-06T17:28:05.262+0000] {sql.py:553} INFO - Running statement: 
            INSERT INTO car_data (brand, model, body_style, seat, price)
            VALUES (%s, %s, %s, %s, %s)
        , parameters: ('Mercedes', 'EQV 300 Long', 'SPV', 7, 70631)
[2025-02-06T17:28:05.266+0000] {sql.py:562} INFO - Rows affected: 1
[2025-02-06T17:28:05.276+0000] {baseoperator.py:421} WARNING - PostgresOperator.execute cannot be called outside TaskInstance!
[2025-02-06T17:28:05.278+0000] {sql.py:278} INFO - Executing: 
            INSERT INTO car_data (brand, model, body_style, seat, price)
            VALUES (%s, %s, %s, %s, %s)
        
[2025-02-06T17:28:05.291+0000] {base.py:84} INFO - Retrieving connection 'postgres_conn'
[2025-02-06T17:28:05.302+0000] {base.py:84} INFO - Retrieving connection 'postgres_conn'
[2025-02-06T17:28:05.309+0000] {sql.py:553} INFO - Running statement: 
            INSERT INTO car_data (brand, model, body_style, seat, price)
            VALUES (%s, %s, %s, %s, %s)
        , parameters: ('Fiat', '500e Hatchback', 'Hatchback', 4, 34900)
[2025-02-06T17:28:05.312+0000] {sql.py:562} INFO - Rows affected: 1
[2025-02-06T17:28:05.318+0000] {baseoperator.py:421} WARNING - PostgresOperator.execute cannot be called outside TaskInstance!
[2025-02-06T17:28:05.321+0000] {sql.py:278} INFO - Executing: 
            INSERT INTO car_data (brand, model, body_style, seat, price)
            VALUES (%s, %s, %s, %s, %s)
        
[2025-02-06T17:28:05.330+0000] {base.py:84} INFO - Retrieving connection 'postgres_conn'
[2025-02-06T17:28:05.340+0000] {base.py:84} INFO - Retrieving connection 'postgres_conn'
[2025-02-06T17:28:05.347+0000] {sql.py:553} INFO - Running statement: 
            INSERT INTO car_data (brand, model, body_style, seat, price)
            VALUES (%s, %s, %s, %s, %s)
        , parameters: ('Tesla', 'Cybertruck Single Motor', 'Pickup', 6, 45000)
[2025-02-06T17:28:05.351+0000] {sql.py:562} INFO - Rows affected: 1
[2025-02-06T17:28:05.357+0000] {baseoperator.py:421} WARNING - PostgresOperator.execute cannot be called outside TaskInstance!
[2025-02-06T17:28:05.359+0000] {sql.py:278} INFO - Executing: 
            INSERT INTO car_data (brand, model, body_style, seat, price)
            VALUES (%s, %s, %s, %s, %s)
        
[2025-02-06T17:28:05.369+0000] {base.py:84} INFO - Retrieving connection 'postgres_conn'
[2025-02-06T17:28:05.376+0000] {base.py:84} INFO - Retrieving connection 'postgres_conn'
[2025-02-06T17:28:05.382+0000] {sql.py:553} INFO - Running statement: 
            INSERT INTO car_data (brand, model, body_style, seat, price)
            VALUES (%s, %s, %s, %s, %s)
        , parameters: ('Audi', 'e-tron Sportback 50 quattro', 'SUV', 5, 69551)
[2025-02-06T17:28:05.386+0000] {sql.py:562} INFO - Rows affected: 1
[2025-02-06T17:28:05.392+0000] {baseoperator.py:421} WARNING - PostgresOperator.execute cannot be called outside TaskInstance!
[2025-02-06T17:28:05.395+0000] {sql.py:278} INFO - Executing: 
            INSERT INTO car_data (brand, model, body_style, seat, price)
            VALUES (%s, %s, %s, %s, %s)
        
[2025-02-06T17:28:05.406+0000] {base.py:84} INFO - Retrieving connection 'postgres_conn'
[2025-02-06T17:28:05.420+0000] {base.py:84} INFO - Retrieving connection 'postgres_conn'
[2025-02-06T17:28:05.427+0000] {sql.py:553} INFO - Running statement: 
            INSERT INTO car_data (brand, model, body_style, seat, price)
            VALUES (%s, %s, %s, %s, %s)
        , parameters: ('Skoda', 'Enyaq iV vRS', 'SUV', 5, 47500)
[2025-02-06T17:28:05.432+0000] {sql.py:562} INFO - Rows affected: 1
[2025-02-06T17:28:05.441+0000] {baseoperator.py:421} WARNING - PostgresOperator.execute cannot be called outside TaskInstance!
[2025-02-06T17:28:05.443+0000] {sql.py:278} INFO - Executing: 
            INSERT INTO car_data (brand, model, body_style, seat, price)
            VALUES (%s, %s, %s, %s, %s)
        
[2025-02-06T17:28:05.452+0000] {base.py:84} INFO - Retrieving connection 'postgres_conn'
[2025-02-06T17:28:05.458+0000] {base.py:84} INFO - Retrieving connection 'postgres_conn'
[2025-02-06T17:28:05.463+0000] {sql.py:553} INFO - Running statement: 
            INSERT INTO car_data (brand, model, body_style, seat, price)
            VALUES (%s, %s, %s, %s, %s)
        , parameters: ('Skoda', 'Enyaq iV 60', 'SUV', 5, 37500)
[2025-02-06T17:28:05.466+0000] {sql.py:562} INFO - Rows affected: 1
[2025-02-06T17:28:05.471+0000] {baseoperator.py:421} WARNING - PostgresOperator.execute cannot be called outside TaskInstance!
[2025-02-06T17:28:05.472+0000] {sql.py:278} INFO - Executing: 
            INSERT INTO car_data (brand, model, body_style, seat, price)
            VALUES (%s, %s, %s, %s, %s)
        
[2025-02-06T17:28:05.479+0000] {base.py:84} INFO - Retrieving connection 'postgres_conn'
[2025-02-06T17:28:05.486+0000] {base.py:84} INFO - Retrieving connection 'postgres_conn'
[2025-02-06T17:28:05.491+0000] {sql.py:553} INFO - Running statement: 
            INSERT INTO car_data (brand, model, body_style, seat, price)
            VALUES (%s, %s, %s, %s, %s)
        , parameters: ('Audi', 'e-tron S 55 quattro', 'SUV', 5, 93800)
[2025-02-06T17:28:05.493+0000] {sql.py:562} INFO - Rows affected: 1
[2025-02-06T17:28:05.497+0000] {baseoperator.py:421} WARNING - PostgresOperator.execute cannot be called outside TaskInstance!
[2025-02-06T17:28:05.500+0000] {sql.py:278} INFO - Executing: 
            INSERT INTO car_data (brand, model, body_style, seat, price)
            VALUES (%s, %s, %s, %s, %s)
        
[2025-02-06T17:28:05.506+0000] {base.py:84} INFO - Retrieving connection 'postgres_conn'
[2025-02-06T17:28:05.513+0000] {base.py:84} INFO - Retrieving connection 'postgres_conn'
[2025-02-06T17:28:05.518+0000] {sql.py:553} INFO - Running statement: 
            INSERT INTO car_data (brand, model, body_style, seat, price)
            VALUES (%s, %s, %s, %s, %s)
        , parameters: ('Smart', 'EQ fortwo cabrio', 'Cabrio', 2, 24565)
[2025-02-06T17:28:05.521+0000] {sql.py:562} INFO - Rows affected: 1
[2025-02-06T17:28:05.525+0000] {baseoperator.py:421} WARNING - PostgresOperator.execute cannot be called outside TaskInstance!
[2025-02-06T17:28:05.526+0000] {sql.py:278} INFO - Executing: 
            INSERT INTO car_data (brand, model, body_style, seat, price)
            VALUES (%s, %s, %s, %s, %s)
        
[2025-02-06T17:28:05.532+0000] {base.py:84} INFO - Retrieving connection 'postgres_conn'
[2025-02-06T17:28:05.539+0000] {base.py:84} INFO - Retrieving connection 'postgres_conn'
[2025-02-06T17:28:05.543+0000] {sql.py:553} INFO - Running statement: 
            INSERT INTO car_data (brand, model, body_style, seat, price)
            VALUES (%s, %s, %s, %s, %s)
        , parameters: ('Kia', 'e-Soul 64 kWh', 'SUV', 5, 36837)
[2025-02-06T17:28:05.545+0000] {sql.py:562} INFO - Rows affected: 1
[2025-02-06T17:28:05.549+0000] {baseoperator.py:421} WARNING - PostgresOperator.execute cannot be called outside TaskInstance!
[2025-02-06T17:28:05.550+0000] {sql.py:278} INFO - Executing: 
            INSERT INTO car_data (brand, model, body_style, seat, price)
            VALUES (%s, %s, %s, %s, %s)
        
[2025-02-06T17:28:05.557+0000] {base.py:84} INFO - Retrieving connection 'postgres_conn'
[2025-02-06T17:28:05.564+0000] {base.py:84} INFO - Retrieving connection 'postgres_conn'
[2025-02-06T17:28:05.569+0000] {sql.py:553} INFO - Running statement: 
            INSERT INTO car_data (brand, model, body_style, seat, price)
            VALUES (%s, %s, %s, %s, %s)
        , parameters: ('Nissan', 'Ariya e-4ORCE 87kWh', 'Hatchback', 5, 57500)
[2025-02-06T17:28:05.571+0000] {sql.py:562} INFO - Rows affected: 1
[2025-02-06T17:28:05.576+0000] {baseoperator.py:421} WARNING - PostgresOperator.execute cannot be called outside TaskInstance!
[2025-02-06T17:28:05.577+0000] {sql.py:278} INFO - Executing: 
            INSERT INTO car_data (brand, model, body_style, seat, price)
            VALUES (%s, %s, %s, %s, %s)
        
[2025-02-06T17:28:05.584+0000] {base.py:84} INFO - Retrieving connection 'postgres_conn'
[2025-02-06T17:28:05.594+0000] {base.py:84} INFO - Retrieving connection 'postgres_conn'
[2025-02-06T17:28:05.604+0000] {sql.py:553} INFO - Running statement: 
            INSERT INTO car_data (brand, model, body_style, seat, price)
            VALUES (%s, %s, %s, %s, %s)
        , parameters: ('Fiat', '500e Convertible', 'Cabrio', 4, 37900)
[2025-02-06T17:28:05.615+0000] {sql.py:562} INFO - Rows affected: 1
[2025-02-06T17:28:05.620+0000] {baseoperator.py:421} WARNING - PostgresOperator.execute cannot be called outside TaskInstance!
[2025-02-06T17:28:05.623+0000] {sql.py:278} INFO - Executing: 
            INSERT INTO car_data (brand, model, body_style, seat, price)
            VALUES (%s, %s, %s, %s, %s)
        
[2025-02-06T17:28:05.633+0000] {base.py:84} INFO - Retrieving connection 'postgres_conn'
[2025-02-06T17:28:05.640+0000] {base.py:84} INFO - Retrieving connection 'postgres_conn'
[2025-02-06T17:28:05.645+0000] {sql.py:553} INFO - Running statement: 
            INSERT INTO car_data (brand, model, body_style, seat, price)
            VALUES (%s, %s, %s, %s, %s)
        , parameters: ('Volkswagen', 'ID.3 Pro Performance', 'Hatchback', 5, 35575)
[2025-02-06T17:28:05.647+0000] {sql.py:562} INFO - Rows affected: 1
[2025-02-06T17:28:05.653+0000] {baseoperator.py:421} WARNING - PostgresOperator.execute cannot be called outside TaskInstance!
[2025-02-06T17:28:05.655+0000] {sql.py:278} INFO - Executing: 
            INSERT INTO car_data (brand, model, body_style, seat, price)
            VALUES (%s, %s, %s, %s, %s)
        
[2025-02-06T17:28:05.660+0000] {base.py:84} INFO - Retrieving connection 'postgres_conn'
[2025-02-06T17:28:05.669+0000] {base.py:84} INFO - Retrieving connection 'postgres_conn'
[2025-02-06T17:28:05.675+0000] {sql.py:553} INFO - Running statement: 
            INSERT INTO car_data (brand, model, body_style, seat, price)
            VALUES (%s, %s, %s, %s, %s)
        , parameters: ('Kia', 'e-Soul 39 kWh', 'SUV', 5, 33133)
[2025-02-06T17:28:05.678+0000] {sql.py:562} INFO - Rows affected: 1
[2025-02-06T17:28:05.683+0000] {baseoperator.py:421} WARNING - PostgresOperator.execute cannot be called outside TaskInstance!
[2025-02-06T17:28:05.685+0000] {sql.py:278} INFO - Executing: 
            INSERT INTO car_data (brand, model, body_style, seat, price)
            VALUES (%s, %s, %s, %s, %s)
        
[2025-02-06T17:28:05.692+0000] {base.py:84} INFO - Retrieving connection 'postgres_conn'
[2025-02-06T17:28:05.700+0000] {base.py:84} INFO - Retrieving connection 'postgres_conn'
[2025-02-06T17:28:05.705+0000] {sql.py:553} INFO - Running statement: 
            INSERT INTO car_data (brand, model, body_style, seat, price)
            VALUES (%s, %s, %s, %s, %s)
        , parameters: ('Byton', 'M-Byte 72 kWh 2WD', 'SUV', 5, 53500)
[2025-02-06T17:28:05.708+0000] {sql.py:562} INFO - Rows affected: 1
[2025-02-06T17:28:05.713+0000] {baseoperator.py:421} WARNING - PostgresOperator.execute cannot be called outside TaskInstance!
[2025-02-06T17:28:05.715+0000] {sql.py:278} INFO - Executing: 
            INSERT INTO car_data (brand, model, body_style, seat, price)
            VALUES (%s, %s, %s, %s, %s)
        
[2025-02-06T17:28:05.723+0000] {base.py:84} INFO - Retrieving connection 'postgres_conn'
[2025-02-06T17:28:05.733+0000] {base.py:84} INFO - Retrieving connection 'postgres_conn'
[2025-02-06T17:28:05.738+0000] {sql.py:553} INFO - Running statement: 
            INSERT INTO car_data (brand, model, body_style, seat, price)
            VALUES (%s, %s, %s, %s, %s)
        , parameters: ('Nissan', 'Ariya 63kWh', 'Hatchback', 5, 45000)
[2025-02-06T17:28:05.741+0000] {sql.py:562} INFO - Rows affected: 1
[2025-02-06T17:28:05.747+0000] {baseoperator.py:421} WARNING - PostgresOperator.execute cannot be called outside TaskInstance!
[2025-02-06T17:28:05.748+0000] {sql.py:278} INFO - Executing: 
            INSERT INTO car_data (brand, model, body_style, seat, price)
            VALUES (%s, %s, %s, %s, %s)
        
[2025-02-06T17:28:05.758+0000] {base.py:84} INFO - Retrieving connection 'postgres_conn'
[2025-02-06T17:28:05.767+0000] {base.py:84} INFO - Retrieving connection 'postgres_conn'
[2025-02-06T17:28:05.771+0000] {sql.py:553} INFO - Running statement: 
            INSERT INTO car_data (brand, model, body_style, seat, price)
            VALUES (%s, %s, %s, %s, %s)
        , parameters: ('Audi', 'e-tron S Sportback 55 quattro', 'SUV', 5, 96050)
[2025-02-06T17:28:05.773+0000] {sql.py:562} INFO - Rows affected: 1
[2025-02-06T17:28:05.778+0000] {baseoperator.py:421} WARNING - PostgresOperator.execute cannot be called outside TaskInstance!
[2025-02-06T17:28:05.779+0000] {sql.py:278} INFO - Executing: 
            INSERT INTO car_data (brand, model, body_style, seat, price)
            VALUES (%s, %s, %s, %s, %s)
        
[2025-02-06T17:28:05.785+0000] {base.py:84} INFO - Retrieving connection 'postgres_conn'
[2025-02-06T17:28:05.792+0000] {base.py:84} INFO - Retrieving connection 'postgres_conn'
[2025-02-06T17:28:05.797+0000] {sql.py:553} INFO - Running statement: 
            INSERT INTO car_data (brand, model, body_style, seat, price)
            VALUES (%s, %s, %s, %s, %s)
        , parameters: ('Nissan', 'Ariya e-4ORCE 63kWh', 'Hatchback', 5, 50000)
[2025-02-06T17:28:05.801+0000] {sql.py:562} INFO - Rows affected: 1
[2025-02-06T17:28:05.807+0000] {baseoperator.py:421} WARNING - PostgresOperator.execute cannot be called outside TaskInstance!
[2025-02-06T17:28:05.809+0000] {sql.py:278} INFO - Executing: 
            INSERT INTO car_data (brand, model, body_style, seat, price)
            VALUES (%s, %s, %s, %s, %s)
        
[2025-02-06T17:28:05.818+0000] {base.py:84} INFO - Retrieving connection 'postgres_conn'
[2025-02-06T17:28:05.828+0000] {base.py:84} INFO - Retrieving connection 'postgres_conn'
[2025-02-06T17:28:05.834+0000] {sql.py:553} INFO - Running statement: 
            INSERT INTO car_data (brand, model, body_style, seat, price)
            VALUES (%s, %s, %s, %s, %s)
        , parameters: ('Nissan', 'Ariya e-4ORCE 87kWh Performance', 'Hatchback', 5, 65000)
[2025-02-06T17:28:05.837+0000] {sql.py:562} INFO - Rows affected: 1
[2025-02-06T17:28:05.843+0000] {baseoperator.py:421} WARNING - PostgresOperator.execute cannot be called outside TaskInstance!
[2025-02-06T17:28:05.844+0000] {sql.py:278} INFO - Executing: 
            INSERT INTO car_data (brand, model, body_style, seat, price)
            VALUES (%s, %s, %s, %s, %s)
        
[2025-02-06T17:28:05.849+0000] {base.py:84} INFO - Retrieving connection 'postgres_conn'
[2025-02-06T17:28:05.855+0000] {base.py:84} INFO - Retrieving connection 'postgres_conn'
[2025-02-06T17:28:05.859+0000] {sql.py:553} INFO - Running statement: 
            INSERT INTO car_data (brand, model, body_style, seat, price)
            VALUES (%s, %s, %s, %s, %s)
        , parameters: ('Byton', 'M-Byte 95 kWh 2WD', 'SUV', 5, 62000)
[2025-02-06T17:28:05.861+0000] {sql.py:562} INFO - Rows affected: 1
[2025-02-06T17:28:05.866+0000] {python.py:240} INFO - Done. Returned value was: None
[2025-02-06T17:28:05.877+0000] {taskinstance.py:340} INFO - ::group::Post task execution logs
[2025-02-06T17:28:05.879+0000] {taskinstance.py:352} INFO - Marking task as SUCCESS. dag_id=data_transformation_storage_pipeline, task_id=insert_selected_data, run_id=manual__2025-02-06T17:27:55.156239+00:00, execution_date=20250206T172755, start_date=20250206T172801, end_date=20250206T172805
[2025-02-06T17:28:05.923+0000] {local_task_job_runner.py:266} INFO - Task exited with return code 0
[2025-02-06T17:28:06.154+0000] {taskinstance.py:3895} INFO - 0 downstream tasks scheduled from follow-on schedule check
[2025-02-06T17:28:06.189+0000] {local_task_job_runner.py:245} INFO - ::endgroup::
[2025-02-06T17:28:06.206+0000] {standard_task_runner.py:217} INFO - Process not found (most likely exited), stop collecting metrics
