[2025-01-24T17:33:30.520+0000] {local_task_job_runner.py:123} INFO - ::group::Pre task execution logs
[2025-01-24T17:33:30.541+0000] {taskinstance.py:2613} INFO - Dependencies all met for dep_context=non-requeueable deps ti=<TaskInstance: example_branch_operator.venv_d scheduled__2025-01-23T00:00:00+00:00 [queued]>
[2025-01-24T17:33:30.551+0000] {taskinstance.py:2613} INFO - Dependencies all met for dep_context=requeueable deps ti=<TaskInstance: example_branch_operator.venv_d scheduled__2025-01-23T00:00:00+00:00 [queued]>
[2025-01-24T17:33:30.555+0000] {taskinstance.py:2866} INFO - Starting attempt 1 of 1
[2025-01-24T17:33:30.571+0000] {taskinstance.py:2889} INFO - Executing <Task(PythonVirtualenvOperator): venv_d> on 2025-01-23 00:00:00+00:00
[2025-01-24T17:33:30.584+0000] {standard_task_runner.py:72} INFO - Started process 610 to run task
[2025-01-24T17:33:30.588+0000] {standard_task_runner.py:104} INFO - Running: ['***', 'tasks', 'run', 'example_branch_operator', 'venv_d', 'scheduled__2025-01-23T00:00:00+00:00', '--job-id', '8', '--raw', '--subdir', '/home/***/.local/lib/python3.11/site-packages/***/example_dags/example_branch_operator.py', '--cfg-path', '/tmp/tmpa2qx8zkc']
[2025-01-24T17:33:30.590+0000] {standard_task_runner.py:105} INFO - Job 8: Subtask venv_d
[2025-01-24T17:33:30.643+0000] {task_command.py:467} INFO - Running <TaskInstance: example_branch_operator.venv_d scheduled__2025-01-23T00:00:00+00:00 [running]> on host 67e60a414d03
[2025-01-24T17:33:30.717+0000] {taskinstance.py:3132} INFO - Exporting env vars: AIRFLOW_CTX_DAG_OWNER='***' AIRFLOW_CTX_DAG_ID='example_branch_operator' AIRFLOW_CTX_TASK_ID='venv_d' AIRFLOW_CTX_EXECUTION_DATE='2025-01-23T00:00:00+00:00' AIRFLOW_CTX_TRY_NUMBER='1' AIRFLOW_CTX_DAG_RUN_ID='scheduled__2025-01-23T00:00:00+00:00'
[2025-01-24T17:33:30.720+0000] {logging_mixin.py:190} INFO - Task instance is in running state
[2025-01-24T17:33:30.722+0000] {logging_mixin.py:190} INFO -  Previous state of the Task instance: queued
[2025-01-24T17:33:30.723+0000] {logging_mixin.py:190} INFO - Current task name:venv_d state:running start_date:2025-01-24 17:33:30.543122+00:00
[2025-01-24T17:33:30.724+0000] {logging_mixin.py:190} INFO - Dag name:example_branch_operator and current dag run status:running
[2025-01-24T17:33:30.725+0000] {taskinstance.py:731} INFO - ::endgroup::
[2025-01-24T17:33:30.726+0000] {baseoperator.py:421} WARNING - PythonVirtualenvOperator.execute cannot be called outside TaskInstance!
[2025-01-24T17:33:30.737+0000] {python.py:809} INFO - Python virtual environment will be cached in /tmp/venv-5ea997a7
[2025-01-24T17:33:30.740+0000] {python.py:823} INFO - Re-using cached Python virtual environment in /tmp/venv-5ea997a7
[2025-01-24T17:33:30.754+0000] {process_utils.py:186} INFO - Executing cmd: /tmp/venv-5ea997a7/bin/python /tmp/venv-callw06wlq6c/script.py /tmp/venv-callw06wlq6c/script.in /tmp/venv-callw06wlq6c/script.out /tmp/venv-callw06wlq6c/string_args.txt /tmp/venv-callw06wlq6c/termination.log
[2025-01-24T17:33:30.757+0000] {process_utils.py:190} INFO - Output:
[2025-01-24T17:33:33.262+0000] {process_utils.py:194} INFO - Hello World with some numpy stuff: [0 1 2 3 4 5]
[2025-01-24T17:33:33.897+0000] {python.py:240} INFO - Done. Returned value was: None
[2025-01-24T17:33:33.913+0000] {taskinstance.py:340} INFO - ::group::Post task execution logs
[2025-01-24T17:33:33.916+0000] {taskinstance.py:352} INFO - Marking task as SUCCESS. dag_id=example_branch_operator, task_id=venv_d, run_id=scheduled__2025-01-23T00:00:00+00:00, execution_date=20250123T000000, start_date=20250124T173330, end_date=20250124T173333
[2025-01-24T17:33:33.967+0000] {logging_mixin.py:190} INFO - Task instance in success state
[2025-01-24T17:33:33.969+0000] {logging_mixin.py:190} INFO -  Previous state of the Task instance: running
[2025-01-24T17:33:33.971+0000] {logging_mixin.py:190} INFO - Dag name:example_branch_operator queued_at:2025-01-24 17:32:56.421664+00:00
[2025-01-24T17:33:33.972+0000] {logging_mixin.py:190} INFO - Task hostname:67e60a414d03 operator:PythonVirtualenvOperator
[2025-01-24T17:33:33.992+0000] {local_task_job_runner.py:266} INFO - Task exited with return code 0
[2025-01-24T17:33:34.020+0000] {taskinstance.py:3895} INFO - 0 downstream tasks scheduled from follow-on schedule check
[2025-01-24T17:33:34.050+0000] {local_task_job_runner.py:245} INFO - ::endgroup::
