[2025-02-05T20:16:52.312+0000] {local_task_job_runner.py:123} INFO - ::group::Pre task execution logs
[2025-02-05T20:16:52.327+0000] {taskinstance.py:2613} INFO - Dependencies all met for dep_context=non-requeueable deps ti=<TaskInstance: branching_using_taskflow.determine_branch manual__2025-02-05T20:16:49.586342+00:00 [queued]>
[2025-02-05T20:16:52.336+0000] {taskinstance.py:2613} INFO - Dependencies all met for dep_context=requeueable deps ti=<TaskInstance: branching_using_taskflow.determine_branch manual__2025-02-05T20:16:49.586342+00:00 [queued]>
[2025-02-05T20:16:52.338+0000] {taskinstance.py:2866} INFO - Starting attempt 1 of 1
[2025-02-05T20:16:52.358+0000] {taskinstance.py:2889} INFO - Executing <Task(_BranchPythonDecoratedOperator): determine_branch> on 2025-02-05 20:16:49.586342+00:00
[2025-02-05T20:16:52.364+0000] {standard_task_runner.py:72} INFO - Started process 4481 to run task
[2025-02-05T20:16:52.367+0000] {standard_task_runner.py:104} INFO - Running: ['***', 'tasks', 'run', 'branching_using_taskflow', 'determine_branch', 'manual__2025-02-05T20:16:49.586342+00:00', '--job-id', '30', '--raw', '--subdir', 'DAGS_FOLDER/branching_using_taskflow.py', '--cfg-path', '/tmp/tmpczy6u3ko']
[2025-02-05T20:16:52.369+0000] {standard_task_runner.py:105} INFO - Job 30: Subtask determine_branch
[2025-02-05T20:16:52.407+0000] {task_command.py:467} INFO - Running <TaskInstance: branching_using_taskflow.determine_branch manual__2025-02-05T20:16:49.586342+00:00 [running]> on host c3d37860668a
[2025-02-05T20:16:52.629+0000] {taskinstance.py:3132} INFO - Exporting env vars: AIRFLOW_CTX_DAG_OWNER='***' AIRFLOW_CTX_DAG_ID='branching_using_taskflow' AIRFLOW_CTX_TASK_ID='determine_branch' AIRFLOW_CTX_EXECUTION_DATE='2025-02-05T20:16:49.586342+00:00' AIRFLOW_CTX_TRY_NUMBER='1' AIRFLOW_CTX_DAG_RUN_ID='manual__2025-02-05T20:16:49.586342+00:00'
[2025-02-05T20:16:52.631+0000] {taskinstance.py:731} INFO - ::endgroup::
[2025-02-05T20:16:52.640+0000] {python.py:240} INFO - Done. Returned value was: filter_fwds_task
[2025-02-05T20:16:52.642+0000] {branch.py:38} INFO - Branch into filter_fwds_task
[2025-02-05T20:16:52.643+0000] {skipmixin.py:230} INFO - Following branch ('filter_fwds_task',)
[2025-02-05T20:16:52.655+0000] {skipmixin.py:278} INFO - Skipping tasks [('filter_two_seaters_task', -1)]
[2025-02-05T20:16:52.685+0000] {taskinstance.py:340} INFO - ::group::Post task execution logs
[2025-02-05T20:16:52.686+0000] {taskinstance.py:352} INFO - Marking task as SUCCESS. dag_id=branching_using_taskflow, task_id=determine_branch, run_id=manual__2025-02-05T20:16:49.586342+00:00, execution_date=20250205T201649, start_date=20250205T201652, end_date=20250205T201652
[2025-02-05T20:16:52.743+0000] {local_task_job_runner.py:266} INFO - Task exited with return code 0
[2025-02-05T20:16:52.770+0000] {taskinstance.py:3895} INFO - 1 downstream tasks scheduled from follow-on schedule check
[2025-02-05T20:16:52.775+0000] {local_task_job_runner.py:245} INFO - ::endgroup::
