[2025-01-29T00:04:37.127+0000] {local_task_job_runner.py:123} INFO - ::group::Pre task execution logs
[2025-01-29T00:04:37.139+0000] {taskinstance.py:2613} INFO - Dependencies all met for dep_context=non-requeueable deps ti=<TaskInstance: executing_sql_pipeline.display_result manual__2025-01-29T00:04:32.762764+00:00 [queued]>
[2025-01-29T00:04:37.146+0000] {taskinstance.py:2613} INFO - Dependencies all met for dep_context=requeueable deps ti=<TaskInstance: executing_sql_pipeline.display_result manual__2025-01-29T00:04:32.762764+00:00 [queued]>
[2025-01-29T00:04:37.148+0000] {taskinstance.py:2866} INFO - Starting attempt 1 of 1
[2025-01-29T00:04:37.160+0000] {taskinstance.py:2889} INFO - Executing <Task(PostgresOperator): display_result> on 2025-01-29 00:04:32.762764+00:00
[2025-01-29T00:04:37.166+0000] {standard_task_runner.py:72} INFO - Started process 1391 to run task
[2025-01-29T00:04:37.168+0000] {standard_task_runner.py:104} INFO - Running: ['***', 'tasks', 'run', 'executing_sql_pipeline', 'display_result', 'manual__2025-01-29T00:04:32.762764+00:00', '--job-id', '32', '--raw', '--subdir', 'DAGS_FOLDER/executing_sql_pipeline.py', '--cfg-path', '/tmp/tmpz99hag0n']
[2025-01-29T00:04:37.170+0000] {standard_task_runner.py:105} INFO - Job 32: Subtask display_result
[2025-01-29T00:04:37.210+0000] {task_command.py:467} INFO - Running <TaskInstance: executing_sql_pipeline.display_result manual__2025-01-29T00:04:32.762764+00:00 [running]> on host 6b2a71fc0c6d
[2025-01-29T00:04:37.280+0000] {taskinstance.py:3132} INFO - Exporting env vars: AIRFLOW_CTX_DAG_OWNER='***' AIRFLOW_CTX_DAG_ID='executing_sql_pipeline' AIRFLOW_CTX_TASK_ID='display_result' AIRFLOW_CTX_EXECUTION_DATE='2025-01-29T00:04:32.762764+00:00' AIRFLOW_CTX_TRY_NUMBER='1' AIRFLOW_CTX_DAG_RUN_ID='manual__2025-01-29T00:04:32.762764+00:00'
[2025-01-29T00:04:37.282+0000] {taskinstance.py:731} INFO - ::endgroup::
[2025-01-29T00:04:37.290+0000] {sql.py:278} INFO - Executing: SELECT * FROM users;
[2025-01-29T00:04:37.296+0000] {base.py:84} INFO - Retrieving connection 'postgres_conn'
[2025-01-29T00:04:37.302+0000] {base.py:84} INFO - Retrieving connection 'postgres_conn'
[2025-01-29T00:04:37.305+0000] {sql.py:553} INFO - Running statement: SELECT * FROM users;, parameters: None
[2025-01-29T00:04:37.307+0000] {sql.py:562} INFO - Rows affected: 6
[2025-01-29T00:04:37.325+0000] {taskinstance.py:340} INFO - ::group::Post task execution logs
[2025-01-29T00:04:37.326+0000] {taskinstance.py:352} INFO - Marking task as SUCCESS. dag_id=executing_sql_pipeline, task_id=display_result, run_id=manual__2025-01-29T00:04:32.762764+00:00, execution_date=20250129T000432, start_date=20250129T000437, end_date=20250129T000437
[2025-01-29T00:04:37.383+0000] {local_task_job_runner.py:266} INFO - Task exited with return code 0
[2025-01-29T00:04:37.396+0000] {taskinstance.py:3895} INFO - 0 downstream tasks scheduled from follow-on schedule check
[2025-01-29T00:04:37.400+0000] {local_task_job_runner.py:245} INFO - ::endgroup::
