[2025-01-28T22:52:00.896+0000] {local_task_job_runner.py:123} INFO - ::group::Pre task execution logs
[2025-01-28T22:52:00.908+0000] {taskinstance.py:2613} INFO - Dependencies all met for dep_context=non-requeueable deps ti=<TaskInstance: executing_sql_pipeline.create_table manual__2025-01-28T22:52:00.409116+00:00 [queued]>
[2025-01-28T22:52:00.914+0000] {taskinstance.py:2613} INFO - Dependencies all met for dep_context=requeueable deps ti=<TaskInstance: executing_sql_pipeline.create_table manual__2025-01-28T22:52:00.409116+00:00 [queued]>
[2025-01-28T22:52:00.916+0000] {taskinstance.py:2866} INFO - Starting attempt 1 of 1
[2025-01-28T22:52:00.924+0000] {taskinstance.py:2889} INFO - Executing <Task(PostgresOperator): create_table> on 2025-01-28 22:52:00.409116+00:00
[2025-01-28T22:52:00.930+0000] {standard_task_runner.py:72} INFO - Started process 337 to run task
[2025-01-28T22:52:00.933+0000] {standard_task_runner.py:104} INFO - Running: ['***', 'tasks', 'run', 'executing_sql_pipeline', 'create_table', 'manual__2025-01-28T22:52:00.409116+00:00', '--job-id', '6', '--raw', '--subdir', 'DAGS_FOLDER/executing_sql_pipeline.py', '--cfg-path', '/tmp/tmpcf5tqb3h']
[2025-01-28T22:52:00.935+0000] {standard_task_runner.py:105} INFO - Job 6: Subtask create_table
[2025-01-28T22:52:00.966+0000] {task_command.py:467} INFO - Running <TaskInstance: executing_sql_pipeline.create_table manual__2025-01-28T22:52:00.409116+00:00 [running]> on host 6b2a71fc0c6d
[2025-01-28T22:52:01.022+0000] {taskinstance.py:3132} INFO - Exporting env vars: AIRFLOW_CTX_DAG_OWNER='***' AIRFLOW_CTX_DAG_ID='executing_sql_pipeline' AIRFLOW_CTX_TASK_ID='create_table' AIRFLOW_CTX_EXECUTION_DATE='2025-01-28T22:52:00.409116+00:00' AIRFLOW_CTX_TRY_NUMBER='1' AIRFLOW_CTX_DAG_RUN_ID='manual__2025-01-28T22:52:00.409116+00:00'
[2025-01-28T22:52:01.024+0000] {taskinstance.py:731} INFO - ::endgroup::
[2025-01-28T22:52:01.033+0000] {sql.py:278} INFO - Executing: 
            CREATE TABLE IF NOT EXISTS users (
                    id INTEGER PRIMARY KEY,
                    name VARCHAR(50) NOT NULL,
                    age INTEGER NOT NULL,
                    is_active BOOLEAN DEFAULT true,
                    created_at TIMESTAMP DEFAULT CURRENT_TIMESTAMP
            );
        
[2025-01-28T22:52:01.039+0000] {base.py:84} INFO - Retrieving connection 'postgres_conn'
[2025-01-28T22:52:01.047+0000] {base.py:84} INFO - Retrieving connection 'postgres_conn'
[2025-01-28T22:52:01.051+0000] {sql.py:553} INFO - Running statement: 
            CREATE TABLE IF NOT EXISTS users (
                    id INTEGER PRIMARY KEY,
                    name VARCHAR(50) NOT NULL,
                    age INTEGER NOT NULL,
                    is_active BOOLEAN DEFAULT true,
                    created_at TIMESTAMP DEFAULT CURRENT_TIMESTAMP
            );
        , parameters: None
[2025-01-28T22:52:01.068+0000] {taskinstance.py:340} INFO - ::group::Post task execution logs
[2025-01-28T22:52:01.069+0000] {taskinstance.py:352} INFO - Marking task as SUCCESS. dag_id=executing_sql_pipeline, task_id=create_table, run_id=manual__2025-01-28T22:52:00.409116+00:00, execution_date=20250128T225200, start_date=20250128T225200, end_date=20250128T225201
[2025-01-28T22:52:01.107+0000] {local_task_job_runner.py:266} INFO - Task exited with return code 0
[2025-01-28T22:52:01.119+0000] {taskinstance.py:3895} INFO - 0 downstream tasks scheduled from follow-on schedule check
[2025-01-28T22:52:01.123+0000] {local_task_job_runner.py:245} INFO - ::endgroup::
