[2025-01-29T17:13:57.878+0000] {local_task_job_runner.py:123} INFO - ::group::Pre task execution logs
[2025-01-29T17:13:57.926+0000] {taskinstance.py:2613} INFO - Dependencies all met for dep_context=non-requeueable deps ti=<TaskInstance: cron_catchup_backfill.taskBranch backfill__2024-12-14T12:00:00+00:00 [queued]>
[2025-01-29T17:13:57.944+0000] {taskinstance.py:2613} INFO - Dependencies all met for dep_context=requeueable deps ti=<TaskInstance: cron_catchup_backfill.taskBranch backfill__2024-12-14T12:00:00+00:00 [queued]>
[2025-01-29T17:13:57.946+0000] {taskinstance.py:2866} INFO - Starting attempt 1 of 1
[2025-01-29T17:13:57.981+0000] {taskinstance.py:2889} INFO - Executing <Task(BranchPythonOperator): taskBranch> on 2024-12-14 12:00:00+00:00
[2025-01-29T17:13:57.990+0000] {standard_task_runner.py:72} INFO - Started process 2984 to run task
[2025-01-29T17:13:58.000+0000] {standard_task_runner.py:104} INFO - Running: ['***', 'tasks', 'run', 'cron_catchup_backfill', 'taskBranch', 'backfill__2024-12-14T12:00:00+00:00', '--job-id', '205', '--pool', 'default_pool', '--raw', '--subdir', 'DAGS_FOLDER/executing_cron_catchup_backfill.py', '--cfg-path', '/tmp/tmpsi8zh58m']
[2025-01-29T17:13:58.021+0000] {standard_task_runner.py:105} INFO - Job 205: Subtask taskBranch
[2025-01-29T17:13:58.132+0000] {task_command.py:467} INFO - Running <TaskInstance: cron_catchup_backfill.taskBranch backfill__2024-12-14T12:00:00+00:00 [running]> on host ef9d5dc750d2
[2025-01-29T17:13:58.270+0000] {taskinstance.py:3132} INFO - Exporting env vars: AIRFLOW_CTX_DAG_OWNER='***' AIRFLOW_CTX_DAG_ID='cron_catchup_backfill' AIRFLOW_CTX_TASK_ID='taskBranch' AIRFLOW_CTX_EXECUTION_DATE='2024-12-14T12:00:00+00:00' AIRFLOW_CTX_TRY_NUMBER='1' AIRFLOW_CTX_DAG_RUN_ID='backfill__2024-12-14T12:00:00+00:00'
[2025-01-29T17:13:58.273+0000] {taskinstance.py:731} INFO - ::endgroup::
[2025-01-29T17:13:58.294+0000] {baseoperator.py:421} WARNING - BranchPythonOperator.execute cannot be called outside TaskInstance!
[2025-01-29T17:13:58.319+0000] {python.py:240} INFO - Done. Returned value was: taskD
[2025-01-29T17:13:58.322+0000] {branch.py:38} INFO - Branch into taskD
[2025-01-29T17:13:58.329+0000] {skipmixin.py:230} INFO - Following branch ('taskD',)
[2025-01-29T17:13:58.350+0000] {skipmixin.py:278} INFO - Skipping tasks [('taskE', -1), ('taskC', -1)]
[2025-01-29T17:13:58.418+0000] {taskinstance.py:340} INFO - ::group::Post task execution logs
[2025-01-29T17:13:58.421+0000] {taskinstance.py:352} INFO - Marking task as SUCCESS. dag_id=cron_catchup_backfill, task_id=taskBranch, run_id=backfill__2024-12-14T12:00:00+00:00, execution_date=20241214T120000, start_date=20250129T171357, end_date=20250129T171358
[2025-01-29T17:13:58.456+0000] {local_task_job_runner.py:266} INFO - Task exited with return code 0
[2025-01-29T17:13:58.510+0000] {taskinstance.py:3895} INFO - 0 downstream tasks scheduled from follow-on schedule check
[2025-01-29T17:13:58.523+0000] {local_task_job_runner.py:245} INFO - ::endgroup::
