[2025-01-24T17:35:25.074+0000] {local_task_job_runner.py:123} INFO - ::group::Pre task execution logs
[2025-01-24T17:35:25.092+0000] {taskinstance.py:2613} INFO - Dependencies all met for dep_context=non-requeueable deps ti=<TaskInstance: example_branch_operator.ext_py_a manual__2025-01-24T17:35:08.787038+00:00 [queued]>
[2025-01-24T17:35:25.102+0000] {taskinstance.py:2613} INFO - Dependencies all met for dep_context=requeueable deps ti=<TaskInstance: example_branch_operator.ext_py_a manual__2025-01-24T17:35:08.787038+00:00 [queued]>
[2025-01-24T17:35:25.105+0000] {taskinstance.py:2866} INFO - Starting attempt 1 of 1
[2025-01-24T17:35:25.166+0000] {taskinstance.py:2889} INFO - Executing <Task(ExternalPythonOperator): ext_py_a> on 2025-01-24 17:35:08.787038+00:00
[2025-01-24T17:35:25.184+0000] {standard_task_runner.py:72} INFO - Started process 688 to run task
[2025-01-24T17:35:25.189+0000] {standard_task_runner.py:104} INFO - Running: ['***', 'tasks', 'run', 'example_branch_operator', 'ext_py_a', 'manual__2025-01-24T17:35:08.787038+00:00', '--job-id', '12', '--raw', '--subdir', '/home/***/.local/lib/python3.11/site-packages/***/example_dags/example_branch_operator.py', '--cfg-path', '/tmp/tmpixnsyjdj']
[2025-01-24T17:35:25.194+0000] {standard_task_runner.py:105} INFO - Job 12: Subtask ext_py_a
[2025-01-24T17:35:25.267+0000] {task_command.py:467} INFO - Running <TaskInstance: example_branch_operator.ext_py_a manual__2025-01-24T17:35:08.787038+00:00 [running]> on host 67e60a414d03
[2025-01-24T17:35:25.379+0000] {taskinstance.py:3132} INFO - Exporting env vars: AIRFLOW_CTX_DAG_OWNER='***' AIRFLOW_CTX_DAG_ID='example_branch_operator' AIRFLOW_CTX_TASK_ID='ext_py_a' AIRFLOW_CTX_EXECUTION_DATE='2025-01-24T17:35:08.787038+00:00' AIRFLOW_CTX_TRY_NUMBER='1' AIRFLOW_CTX_DAG_RUN_ID='manual__2025-01-24T17:35:08.787038+00:00'
[2025-01-24T17:35:25.382+0000] {logging_mixin.py:190} INFO - Task instance is in running state
[2025-01-24T17:35:25.384+0000] {logging_mixin.py:190} INFO -  Previous state of the Task instance: queued
[2025-01-24T17:35:25.385+0000] {logging_mixin.py:190} INFO - Current task name:ext_py_a state:running start_date:2025-01-24 17:35:25.094461+00:00
[2025-01-24T17:35:25.386+0000] {logging_mixin.py:190} INFO - Dag name:example_branch_operator and current dag run status:running
[2025-01-24T17:35:25.386+0000] {taskinstance.py:731} INFO - ::endgroup::
[2025-01-24T17:35:25.698+0000] {baseoperator.py:421} WARNING - ExternalPythonOperator.execute cannot be called outside TaskInstance!
[2025-01-24T17:35:25.760+0000] {process_utils.py:186} INFO - Executing cmd: /home/***/.local/bin/python /tmp/venv-call2z4g_5ph/script.py /tmp/venv-call2z4g_5ph/script.in /tmp/venv-call2z4g_5ph/script.out /tmp/venv-call2z4g_5ph/string_args.txt /tmp/venv-call2z4g_5ph/termination.log
[2025-01-24T17:35:25.763+0000] {process_utils.py:190} INFO - Output:
[2025-01-24T17:35:28.278+0000] {process_utils.py:194} INFO - Hello World from external Python
[2025-01-24T17:35:28.831+0000] {python.py:240} INFO - Done. Returned value was: None
[2025-01-24T17:35:28.846+0000] {taskinstance.py:340} INFO - ::group::Post task execution logs
[2025-01-24T17:35:28.849+0000] {taskinstance.py:352} INFO - Marking task as SUCCESS. dag_id=example_branch_operator, task_id=ext_py_a, run_id=manual__2025-01-24T17:35:08.787038+00:00, execution_date=20250124T173508, start_date=20250124T173525, end_date=20250124T173528
[2025-01-24T17:35:28.903+0000] {logging_mixin.py:190} INFO - Task instance in success state
[2025-01-24T17:35:28.904+0000] {logging_mixin.py:190} INFO -  Previous state of the Task instance: running
[2025-01-24T17:35:28.906+0000] {logging_mixin.py:190} INFO - Dag name:example_branch_operator queued_at:2025-01-24 17:35:08.809398+00:00
[2025-01-24T17:35:28.907+0000] {logging_mixin.py:190} INFO - Task hostname:67e60a414d03 operator:ExternalPythonOperator
[2025-01-24T17:35:28.953+0000] {local_task_job_runner.py:266} INFO - Task exited with return code 0
[2025-01-24T17:35:28.978+0000] {taskinstance.py:3895} INFO - 0 downstream tasks scheduled from follow-on schedule check
[2025-01-24T17:35:28.986+0000] {local_task_job_runner.py:245} INFO - ::endgroup::
