[2025-01-29T17:10:18.003+0000] {local_task_job_runner.py:123} INFO - ::group::Pre task execution logs
[2025-01-29T17:10:18.040+0000] {taskinstance.py:2613} INFO - Dependencies all met for dep_context=non-requeueable deps ti=<TaskInstance: cron_catchup_backfill.taskBranch backfill__2025-01-12T00:00:00+00:00 [queued]>
[2025-01-29T17:10:18.061+0000] {taskinstance.py:2613} INFO - Dependencies all met for dep_context=requeueable deps ti=<TaskInstance: cron_catchup_backfill.taskBranch backfill__2025-01-12T00:00:00+00:00 [queued]>
[2025-01-29T17:10:18.064+0000] {taskinstance.py:2866} INFO - Starting attempt 1 of 1
[2025-01-29T17:10:18.099+0000] {taskinstance.py:2889} INFO - Executing <Task(BranchPythonOperator): taskBranch> on 2025-01-12 00:00:00+00:00
[2025-01-29T17:10:18.115+0000] {standard_task_runner.py:72} INFO - Started process 2678 to run task
[2025-01-29T17:10:18.118+0000] {standard_task_runner.py:104} INFO - Running: ['***', 'tasks', 'run', 'cron_catchup_backfill', 'taskBranch', 'backfill__2025-01-12T00:00:00+00:00', '--job-id', '156', '--pool', 'default_pool', '--raw', '--subdir', 'DAGS_FOLDER/executing_cron_catchup_backfill.py', '--cfg-path', '/tmp/tmp5te1ydot']
[2025-01-29T17:10:18.123+0000] {standard_task_runner.py:105} INFO - Job 156: Subtask taskBranch
[2025-01-29T17:10:18.219+0000] {task_command.py:467} INFO - Running <TaskInstance: cron_catchup_backfill.taskBranch backfill__2025-01-12T00:00:00+00:00 [running]> on host ef9d5dc750d2
[2025-01-29T17:10:18.356+0000] {taskinstance.py:3132} INFO - Exporting env vars: AIRFLOW_CTX_DAG_OWNER='***' AIRFLOW_CTX_DAG_ID='cron_catchup_backfill' AIRFLOW_CTX_TASK_ID='taskBranch' AIRFLOW_CTX_EXECUTION_DATE='2025-01-12T00:00:00+00:00' AIRFLOW_CTX_TRY_NUMBER='1' AIRFLOW_CTX_DAG_RUN_ID='backfill__2025-01-12T00:00:00+00:00'
[2025-01-29T17:10:18.363+0000] {taskinstance.py:731} INFO - ::endgroup::
[2025-01-29T17:10:18.390+0000] {baseoperator.py:421} WARNING - BranchPythonOperator.execute cannot be called outside TaskInstance!
[2025-01-29T17:10:18.410+0000] {python.py:240} INFO - Done. Returned value was: taskD
[2025-01-29T17:10:18.414+0000] {branch.py:38} INFO - Branch into taskD
[2025-01-29T17:10:18.419+0000] {skipmixin.py:230} INFO - Following branch ('taskD',)
[2025-01-29T17:10:18.444+0000] {skipmixin.py:278} INFO - Skipping tasks [('taskE', -1), ('taskC', -1)]
[2025-01-29T17:10:18.513+0000] {taskinstance.py:340} INFO - ::group::Post task execution logs
[2025-01-29T17:10:18.516+0000] {taskinstance.py:352} INFO - Marking task as SUCCESS. dag_id=cron_catchup_backfill, task_id=taskBranch, run_id=backfill__2025-01-12T00:00:00+00:00, execution_date=20250112T000000, start_date=20250129T171018, end_date=20250129T171018
[2025-01-29T17:10:18.583+0000] {local_task_job_runner.py:266} INFO - Task exited with return code 0
[2025-01-29T17:10:18.614+0000] {taskinstance.py:3895} INFO - 0 downstream tasks scheduled from follow-on schedule check
[2025-01-29T17:10:18.621+0000] {local_task_job_runner.py:245} INFO - ::endgroup::
