[2025-01-24T17:33:14.395+0000] {local_task_job_runner.py:123} INFO - ::group::Pre task execution logs
[2025-01-24T17:33:14.436+0000] {taskinstance.py:2613} INFO - Dependencies all met for dep_context=non-requeueable deps ti=<TaskInstance: example_branch_operator.ext_py_c scheduled__2025-01-23T00:00:00+00:00 [queued]>
[2025-01-24T17:33:14.454+0000] {taskinstance.py:2613} INFO - Dependencies all met for dep_context=requeueable deps ti=<TaskInstance: example_branch_operator.ext_py_c scheduled__2025-01-23T00:00:00+00:00 [queued]>
[2025-01-24T17:33:14.457+0000] {taskinstance.py:2866} INFO - Starting attempt 1 of 1
[2025-01-24T17:33:14.480+0000] {taskinstance.py:2889} INFO - Executing <Task(ExternalPythonOperator): ext_py_c> on 2025-01-23 00:00:00+00:00
[2025-01-24T17:33:14.489+0000] {standard_task_runner.py:72} INFO - Started process 455 to run task
[2025-01-24T17:33:14.493+0000] {standard_task_runner.py:104} INFO - Running: ['***', 'tasks', 'run', 'example_branch_operator', 'ext_py_c', 'scheduled__2025-01-23T00:00:00+00:00', '--job-id', '6', '--raw', '--subdir', '/home/***/.local/lib/python3.11/site-packages/***/example_dags/example_branch_operator.py', '--cfg-path', '/tmp/tmpmajf_goq']
[2025-01-24T17:33:14.496+0000] {standard_task_runner.py:105} INFO - Job 6: Subtask ext_py_c
[2025-01-24T17:33:14.552+0000] {task_command.py:467} INFO - Running <TaskInstance: example_branch_operator.ext_py_c scheduled__2025-01-23T00:00:00+00:00 [running]> on host 67e60a414d03
[2025-01-24T17:33:14.635+0000] {taskinstance.py:3132} INFO - Exporting env vars: AIRFLOW_CTX_DAG_OWNER='***' AIRFLOW_CTX_DAG_ID='example_branch_operator' AIRFLOW_CTX_TASK_ID='ext_py_c' AIRFLOW_CTX_EXECUTION_DATE='2025-01-23T00:00:00+00:00' AIRFLOW_CTX_TRY_NUMBER='1' AIRFLOW_CTX_DAG_RUN_ID='scheduled__2025-01-23T00:00:00+00:00'
[2025-01-24T17:33:14.637+0000] {logging_mixin.py:190} INFO - Task instance is in running state
[2025-01-24T17:33:14.639+0000] {logging_mixin.py:190} INFO -  Previous state of the Task instance: queued
[2025-01-24T17:33:14.639+0000] {logging_mixin.py:190} INFO - Current task name:ext_py_c state:running start_date:2025-01-24 17:33:14.438338+00:00
[2025-01-24T17:33:14.640+0000] {logging_mixin.py:190} INFO - Dag name:example_branch_operator and current dag run status:running
[2025-01-24T17:33:14.641+0000] {taskinstance.py:731} INFO - ::endgroup::
[2025-01-24T17:33:14.901+0000] {baseoperator.py:421} WARNING - ExternalPythonOperator.execute cannot be called outside TaskInstance!
[2025-01-24T17:33:14.971+0000] {process_utils.py:186} INFO - Executing cmd: /home/***/.local/bin/python /tmp/venv-callu1ovd1ma/script.py /tmp/venv-callu1ovd1ma/script.in /tmp/venv-callu1ovd1ma/script.out /tmp/venv-callu1ovd1ma/string_args.txt /tmp/venv-callu1ovd1ma/termination.log
[2025-01-24T17:33:14.986+0000] {process_utils.py:190} INFO - Output:
[2025-01-24T17:33:17.349+0000] {process_utils.py:194} INFO - Hello World from external Python
[2025-01-24T17:33:17.969+0000] {python.py:240} INFO - Done. Returned value was: None
[2025-01-24T17:33:17.984+0000] {taskinstance.py:340} INFO - ::group::Post task execution logs
[2025-01-24T17:33:17.985+0000] {taskinstance.py:352} INFO - Marking task as SUCCESS. dag_id=example_branch_operator, task_id=ext_py_c, run_id=scheduled__2025-01-23T00:00:00+00:00, execution_date=20250123T000000, start_date=20250124T173314, end_date=20250124T173317
[2025-01-24T17:33:18.009+0000] {logging_mixin.py:190} INFO - Task instance in success state
[2025-01-24T17:33:18.014+0000] {logging_mixin.py:190} INFO -  Previous state of the Task instance: running
[2025-01-24T17:33:18.015+0000] {logging_mixin.py:190} INFO - Dag name:example_branch_operator queued_at:2025-01-24 17:32:56.421664+00:00
[2025-01-24T17:33:18.017+0000] {logging_mixin.py:190} INFO - Task hostname:67e60a414d03 operator:ExternalPythonOperator
[2025-01-24T17:33:18.046+0000] {local_task_job_runner.py:266} INFO - Task exited with return code 0
[2025-01-24T17:33:18.073+0000] {taskinstance.py:3895} INFO - 0 downstream tasks scheduled from follow-on schedule check
[2025-01-24T17:33:18.079+0000] {local_task_job_runner.py:245} INFO - ::endgroup::
