[2025-01-24T23:14:52.656+0000] {local_task_job_runner.py:123} INFO - ::group::Pre task execution logs
[2025-01-24T23:14:52.671+0000] {taskinstance.py:2613} INFO - Dependencies all met for dep_context=non-requeueable deps ti=<TaskInstance: executing_multiple_tasks.taskA manual__2025-01-24T23:14:51.531557+00:00 [queued]>
[2025-01-24T23:14:52.678+0000] {taskinstance.py:2613} INFO - Dependencies all met for dep_context=requeueable deps ti=<TaskInstance: executing_multiple_tasks.taskA manual__2025-01-24T23:14:51.531557+00:00 [queued]>
[2025-01-24T23:14:52.681+0000] {taskinstance.py:2866} INFO - Starting attempt 1 of 1
[2025-01-24T23:14:52.692+0000] {taskinstance.py:2889} INFO - Executing <Task(BashOperator): taskA> on 2025-01-24 23:14:51.531557+00:00
[2025-01-24T23:14:52.699+0000] {standard_task_runner.py:72} INFO - Started process 1319 to run task
[2025-01-24T23:14:52.701+0000] {standard_task_runner.py:104} INFO - Running: ['***', 'tasks', 'run', 'executing_multiple_tasks', 'taskA', 'manual__2025-01-24T23:14:51.531557+00:00', '--job-id', '12', '--raw', '--subdir', 'DAGS_FOLDER/execute_multiple_tasks.py', '--cfg-path', '/tmp/tmp_mpi2fa3']
[2025-01-24T23:14:52.703+0000] {standard_task_runner.py:105} INFO - Job 12: Subtask taskA
[2025-01-24T23:14:52.740+0000] {task_command.py:467} INFO - Running <TaskInstance: executing_multiple_tasks.taskA manual__2025-01-24T23:14:51.531557+00:00 [running]> on host 6eaa7309f7d4
[2025-01-24T23:14:52.804+0000] {taskinstance.py:3132} INFO - Exporting env vars: AIRFLOW_CTX_DAG_OWNER='***' AIRFLOW_CTX_DAG_ID='executing_multiple_tasks' AIRFLOW_CTX_TASK_ID='taskA' AIRFLOW_CTX_EXECUTION_DATE='2025-01-24T23:14:51.531557+00:00' AIRFLOW_CTX_TRY_NUMBER='1' AIRFLOW_CTX_DAG_RUN_ID='manual__2025-01-24T23:14:51.531557+00:00'
[2025-01-24T23:14:52.806+0000] {taskinstance.py:731} INFO - ::endgroup::
[2025-01-24T23:14:52.816+0000] {subprocess.py:78} INFO - Tmp dir root location: /tmp
[2025-01-24T23:14:52.818+0000] {subprocess.py:88} INFO - Running command: ['/usr/bin/bash', '-c', '\n            echo TASK A has started!\n        \n            for i in {1...10}\n            do\n                echo TASK A printing $i\n            done\n        \n            echo TASK A has ended!\n        ']
[2025-01-24T23:14:52.827+0000] {subprocess.py:99} INFO - Output:
[2025-01-24T23:14:52.830+0000] {subprocess.py:106} INFO - TASK A has started!
[2025-01-24T23:14:52.832+0000] {subprocess.py:106} INFO - TASK A printing {1...10}
[2025-01-24T23:14:52.833+0000] {subprocess.py:106} INFO - TASK A has ended!
[2025-01-24T23:14:52.834+0000] {subprocess.py:110} INFO - Command exited with return code 0
[2025-01-24T23:14:52.858+0000] {taskinstance.py:340} INFO - ::group::Post task execution logs
[2025-01-24T23:14:52.860+0000] {taskinstance.py:352} INFO - Marking task as SUCCESS. dag_id=executing_multiple_tasks, task_id=taskA, run_id=manual__2025-01-24T23:14:51.531557+00:00, execution_date=20250124T231451, start_date=20250124T231452, end_date=20250124T231452
[2025-01-24T23:14:52.916+0000] {local_task_job_runner.py:266} INFO - Task exited with return code 0
[2025-01-24T23:14:52.939+0000] {taskinstance.py:3895} INFO - 2 downstream tasks scheduled from follow-on schedule check
[2025-01-24T23:14:52.945+0000] {local_task_job_runner.py:245} INFO - ::endgroup::
