[2025-01-29T16:25:23.102+0000] {local_task_job_runner.py:123} INFO - ::group::Pre task execution logs
[2025-01-29T16:25:23.127+0000] {taskinstance.py:2613} INFO - Dependencies all met for dep_context=non-requeueable deps ti=<TaskInstance: cron_catchup_backfill.taskA scheduled__2025-01-25T00:00:00+00:00 [queued]>
[2025-01-29T16:25:23.137+0000] {taskinstance.py:2613} INFO - Dependencies all met for dep_context=requeueable deps ti=<TaskInstance: cron_catchup_backfill.taskA scheduled__2025-01-25T00:00:00+00:00 [queued]>
[2025-01-29T16:25:23.140+0000] {taskinstance.py:2866} INFO - Starting attempt 1 of 1
[2025-01-29T16:25:23.157+0000] {taskinstance.py:2889} INFO - Executing <Task(BashOperator): taskA> on 2025-01-25 00:00:00+00:00
[2025-01-29T16:25:23.164+0000] {standard_task_runner.py:72} INFO - Started process 1570 to run task
[2025-01-29T16:25:23.166+0000] {standard_task_runner.py:104} INFO - Running: ['***', 'tasks', 'run', 'cron_catchup_backfill', 'taskA', 'scheduled__2025-01-25T00:00:00+00:00', '--job-id', '21', '--raw', '--subdir', 'DAGS_FOLDER/executing_cron_catchup_backfill.py', '--cfg-path', '/tmp/tmpjv2p6i9v']
[2025-01-29T16:25:23.168+0000] {standard_task_runner.py:105} INFO - Job 21: Subtask taskA
[2025-01-29T16:25:23.214+0000] {task_command.py:467} INFO - Running <TaskInstance: cron_catchup_backfill.taskA scheduled__2025-01-25T00:00:00+00:00 [running]> on host ef9d5dc750d2
[2025-01-29T16:25:23.298+0000] {taskinstance.py:3132} INFO - Exporting env vars: AIRFLOW_CTX_DAG_OWNER='***' AIRFLOW_CTX_DAG_ID='cron_catchup_backfill' AIRFLOW_CTX_TASK_ID='taskA' AIRFLOW_CTX_EXECUTION_DATE='2025-01-25T00:00:00+00:00' AIRFLOW_CTX_TRY_NUMBER='1' AIRFLOW_CTX_DAG_RUN_ID='scheduled__2025-01-25T00:00:00+00:00'
[2025-01-29T16:25:23.299+0000] {taskinstance.py:731} INFO - ::endgroup::
[2025-01-29T16:25:23.312+0000] {subprocess.py:78} INFO - Tmp dir root location: /tmp
[2025-01-29T16:25:23.314+0000] {subprocess.py:88} INFO - Running command: ['/usr/bin/bash', '-c', 'echo TASK A has executed']
[2025-01-29T16:25:23.325+0000] {subprocess.py:99} INFO - Output:
[2025-01-29T16:25:23.327+0000] {subprocess.py:106} INFO - TASK A has executed
[2025-01-29T16:25:23.327+0000] {subprocess.py:110} INFO - Command exited with return code 0
[2025-01-29T16:25:23.360+0000] {taskinstance.py:340} INFO - ::group::Post task execution logs
[2025-01-29T16:25:23.362+0000] {taskinstance.py:352} INFO - Marking task as SUCCESS. dag_id=cron_catchup_backfill, task_id=taskA, run_id=scheduled__2025-01-25T00:00:00+00:00, execution_date=20250125T000000, start_date=20250129T162523, end_date=20250129T162523
[2025-01-29T16:25:23.422+0000] {local_task_job_runner.py:266} INFO - Task exited with return code 0
[2025-01-29T16:25:23.451+0000] {taskinstance.py:3895} INFO - 1 downstream tasks scheduled from follow-on schedule check
[2025-01-29T16:25:23.454+0000] {local_task_job_runner.py:245} INFO - ::endgroup::
