[2025-01-27T15:39:30.177+0000] {local_task_job_runner.py:123} INFO - ::group::Pre task execution logs
[2025-01-27T15:39:30.197+0000] {taskinstance.py:2613} INFO - Dependencies all met for dep_context=non-requeueable deps ti=<TaskInstance: executing_multiple_tasks.taskG manual__2025-01-27T15:39:26.616840+00:00 [queued]>
[2025-01-27T15:39:30.210+0000] {taskinstance.py:2613} INFO - Dependencies all met for dep_context=requeueable deps ti=<TaskInstance: executing_multiple_tasks.taskG manual__2025-01-27T15:39:26.616840+00:00 [queued]>
[2025-01-27T15:39:30.213+0000] {taskinstance.py:2866} INFO - Starting attempt 1 of 1
[2025-01-27T15:39:30.232+0000] {taskinstance.py:2889} INFO - Executing <Task(BashOperator): taskG> on 2025-01-27 15:39:26.616840+00:00
[2025-01-27T15:39:30.241+0000] {standard_task_runner.py:72} INFO - Started process 2530 to run task
[2025-01-27T15:39:30.244+0000] {standard_task_runner.py:104} INFO - Running: ['***', 'tasks', 'run', 'executing_multiple_tasks', 'taskG', 'manual__2025-01-27T15:39:26.616840+00:00', '--job-id', '32', '--raw', '--subdir', 'DAGS_FOLDER/execute_multiple_tasks.py', '--cfg-path', '/tmp/tmpky059zqz']
[2025-01-27T15:39:30.246+0000] {standard_task_runner.py:105} INFO - Job 32: Subtask taskG
[2025-01-27T15:39:30.297+0000] {task_command.py:467} INFO - Running <TaskInstance: executing_multiple_tasks.taskG manual__2025-01-27T15:39:26.616840+00:00 [running]> on host 6eaa7309f7d4
[2025-01-27T15:39:30.378+0000] {taskinstance.py:3132} INFO - Exporting env vars: AIRFLOW_CTX_DAG_OWNER='***' AIRFLOW_CTX_DAG_ID='executing_multiple_tasks' AIRFLOW_CTX_TASK_ID='taskG' AIRFLOW_CTX_EXECUTION_DATE='2025-01-27T15:39:26.616840+00:00' AIRFLOW_CTX_TRY_NUMBER='1' AIRFLOW_CTX_DAG_RUN_ID='manual__2025-01-27T15:39:26.616840+00:00'
[2025-01-27T15:39:30.380+0000] {taskinstance.py:731} INFO - ::endgroup::
[2025-01-27T15:39:30.398+0000] {subprocess.py:78} INFO - Tmp dir root location: /tmp
[2025-01-27T15:39:30.400+0000] {subprocess.py:88} INFO - Running command: ['/usr/bin/bash', 'tmpel2xfbgh.sh']
[2025-01-27T15:39:30.417+0000] {subprocess.py:99} INFO - Output:
[2025-01-27T15:39:30.423+0000] {subprocess.py:106} INFO - TASK G completed!
[2025-01-27T15:39:30.424+0000] {subprocess.py:110} INFO - Command exited with return code 0
[2025-01-27T15:39:30.452+0000] {taskinstance.py:340} INFO - ::group::Post task execution logs
[2025-01-27T15:39:30.453+0000] {taskinstance.py:352} INFO - Marking task as SUCCESS. dag_id=executing_multiple_tasks, task_id=taskG, run_id=manual__2025-01-27T15:39:26.616840+00:00, execution_date=20250127T153926, start_date=20250127T153930, end_date=20250127T153930
[2025-01-27T15:39:30.501+0000] {local_task_job_runner.py:266} INFO - Task exited with return code 0
[2025-01-27T15:39:30.531+0000] {taskinstance.py:3895} INFO - 0 downstream tasks scheduled from follow-on schedule check
[2025-01-27T15:39:30.536+0000] {local_task_job_runner.py:245} INFO - ::endgroup::
