[2025-01-29T17:10:22.091+0000] {local_task_job_runner.py:123} INFO - ::group::Pre task execution logs
[2025-01-29T17:10:22.109+0000] {taskinstance.py:2613} INFO - Dependencies all met for dep_context=non-requeueable deps ti=<TaskInstance: cron_catchup_backfill.taskD backfill__2025-01-05T00:00:00+00:00 [queued]>
[2025-01-29T17:10:22.123+0000] {taskinstance.py:2613} INFO - Dependencies all met for dep_context=requeueable deps ti=<TaskInstance: cron_catchup_backfill.taskD backfill__2025-01-05T00:00:00+00:00 [queued]>
[2025-01-29T17:10:22.127+0000] {taskinstance.py:2866} INFO - Starting attempt 1 of 1
[2025-01-29T17:10:22.139+0000] {taskinstance.py:2889} INFO - Executing <Task(BashOperator): taskD> on 2025-01-05 00:00:00+00:00
[2025-01-29T17:10:22.150+0000] {standard_task_runner.py:72} INFO - Started process 2718 to run task
[2025-01-29T17:10:22.152+0000] {standard_task_runner.py:104} INFO - Running: ['***', 'tasks', 'run', 'cron_catchup_backfill', 'taskD', 'backfill__2025-01-05T00:00:00+00:00', '--job-id', '164', '--pool', 'default_pool', '--raw', '--subdir', 'DAGS_FOLDER/executing_cron_catchup_backfill.py', '--cfg-path', '/tmp/tmpmgg5i9be']
[2025-01-29T17:10:22.154+0000] {standard_task_runner.py:105} INFO - Job 164: Subtask taskD
[2025-01-29T17:10:22.206+0000] {task_command.py:467} INFO - Running <TaskInstance: cron_catchup_backfill.taskD backfill__2025-01-05T00:00:00+00:00 [running]> on host ef9d5dc750d2
[2025-01-29T17:10:22.296+0000] {taskinstance.py:3132} INFO - Exporting env vars: AIRFLOW_CTX_DAG_OWNER='***' AIRFLOW_CTX_DAG_ID='cron_catchup_backfill' AIRFLOW_CTX_TASK_ID='taskD' AIRFLOW_CTX_EXECUTION_DATE='2025-01-05T00:00:00+00:00' AIRFLOW_CTX_TRY_NUMBER='1' AIRFLOW_CTX_DAG_RUN_ID='backfill__2025-01-05T00:00:00+00:00'
[2025-01-29T17:10:22.299+0000] {taskinstance.py:731} INFO - ::endgroup::
[2025-01-29T17:10:22.313+0000] {subprocess.py:78} INFO - Tmp dir root location: /tmp
[2025-01-29T17:10:22.315+0000] {subprocess.py:88} INFO - Running command: ['/usr/bin/bash', '-c', 'echo TASK D has executed!']
[2025-01-29T17:10:22.329+0000] {subprocess.py:99} INFO - Output:
[2025-01-29T17:10:22.331+0000] {subprocess.py:106} INFO - TASK D has executed!
[2025-01-29T17:10:22.332+0000] {subprocess.py:110} INFO - Command exited with return code 0
[2025-01-29T17:10:22.364+0000] {taskinstance.py:340} INFO - ::group::Post task execution logs
[2025-01-29T17:10:22.365+0000] {taskinstance.py:352} INFO - Marking task as SUCCESS. dag_id=cron_catchup_backfill, task_id=taskD, run_id=backfill__2025-01-05T00:00:00+00:00, execution_date=20250105T000000, start_date=20250129T171022, end_date=20250129T171022
[2025-01-29T17:10:22.408+0000] {local_task_job_runner.py:266} INFO - Task exited with return code 0
[2025-01-29T17:10:22.432+0000] {taskinstance.py:3895} INFO - 0 downstream tasks scheduled from follow-on schedule check
[2025-01-29T17:10:22.437+0000] {local_task_job_runner.py:245} INFO - ::endgroup::
