[2025-01-29T17:13:53.305+0000] {local_task_job_runner.py:123} INFO - ::group::Pre task execution logs
[2025-01-29T17:13:53.354+0000] {taskinstance.py:2613} INFO - Dependencies all met for dep_context=non-requeueable deps ti=<TaskInstance: cron_catchup_backfill.taskA backfill__2024-12-28T00:00:00+00:00 [queued]>
[2025-01-29T17:13:53.372+0000] {taskinstance.py:2613} INFO - Dependencies all met for dep_context=requeueable deps ti=<TaskInstance: cron_catchup_backfill.taskA backfill__2024-12-28T00:00:00+00:00 [queued]>
[2025-01-29T17:13:53.374+0000] {taskinstance.py:2866} INFO - Starting attempt 1 of 1
[2025-01-29T17:13:53.398+0000] {taskinstance.py:2889} INFO - Executing <Task(BashOperator): taskA> on 2024-12-28 00:00:00+00:00
[2025-01-29T17:13:53.413+0000] {standard_task_runner.py:72} INFO - Started process 2864 to run task
[2025-01-29T17:13:53.421+0000] {standard_task_runner.py:104} INFO - Running: ['***', 'tasks', 'run', 'cron_catchup_backfill', 'taskA', 'backfill__2024-12-28T00:00:00+00:00', '--job-id', '183', '--pool', 'default_pool', '--raw', '--subdir', 'DAGS_FOLDER/executing_cron_catchup_backfill.py', '--cfg-path', '/tmp/tmpnchc4eym']
[2025-01-29T17:13:53.429+0000] {standard_task_runner.py:105} INFO - Job 183: Subtask taskA
[2025-01-29T17:13:53.520+0000] {task_command.py:467} INFO - Running <TaskInstance: cron_catchup_backfill.taskA backfill__2024-12-28T00:00:00+00:00 [running]> on host ef9d5dc750d2
[2025-01-29T17:13:53.677+0000] {taskinstance.py:3132} INFO - Exporting env vars: AIRFLOW_CTX_DAG_OWNER='***' AIRFLOW_CTX_DAG_ID='cron_catchup_backfill' AIRFLOW_CTX_TASK_ID='taskA' AIRFLOW_CTX_EXECUTION_DATE='2024-12-28T00:00:00+00:00' AIRFLOW_CTX_TRY_NUMBER='1' AIRFLOW_CTX_DAG_RUN_ID='backfill__2024-12-28T00:00:00+00:00'
[2025-01-29T17:13:53.680+0000] {taskinstance.py:731} INFO - ::endgroup::
[2025-01-29T17:13:53.696+0000] {subprocess.py:78} INFO - Tmp dir root location: /tmp
[2025-01-29T17:13:53.699+0000] {subprocess.py:88} INFO - Running command: ['/usr/bin/bash', '-c', 'echo TASK A has executed']
[2025-01-29T17:13:53.719+0000] {subprocess.py:99} INFO - Output:
[2025-01-29T17:13:53.721+0000] {subprocess.py:106} INFO - TASK A has executed
[2025-01-29T17:13:53.722+0000] {subprocess.py:110} INFO - Command exited with return code 0
[2025-01-29T17:13:53.766+0000] {taskinstance.py:340} INFO - ::group::Post task execution logs
[2025-01-29T17:13:53.768+0000] {taskinstance.py:352} INFO - Marking task as SUCCESS. dag_id=cron_catchup_backfill, task_id=taskA, run_id=backfill__2024-12-28T00:00:00+00:00, execution_date=20241228T000000, start_date=20250129T171353, end_date=20250129T171353
[2025-01-29T17:13:53.803+0000] {local_task_job_runner.py:266} INFO - Task exited with return code 0
[2025-01-29T17:13:53.838+0000] {taskinstance.py:3895} INFO - 1 downstream tasks scheduled from follow-on schedule check
[2025-01-29T17:13:53.843+0000] {local_task_job_runner.py:245} INFO - ::endgroup::
