[2025-01-27T15:10:45.261+0000] {local_task_job_runner.py:123} INFO - ::group::Pre task execution logs
[2025-01-27T15:10:45.331+0000] {taskinstance.py:2613} INFO - Dependencies all met for dep_context=non-requeueable deps ti=<TaskInstance: hello_world.hello_world_task scheduled__2025-01-26T00:00:00+00:00 [queued]>
[2025-01-27T15:10:45.401+0000] {taskinstance.py:2613} INFO - Dependencies all met for dep_context=requeueable deps ti=<TaskInstance: hello_world.hello_world_task scheduled__2025-01-26T00:00:00+00:00 [queued]>
[2025-01-27T15:10:45.461+0000] {taskinstance.py:2866} INFO - Starting attempt 1 of 1
[2025-01-27T15:10:45.672+0000] {taskinstance.py:2889} INFO - Executing <Task(BashOperator): hello_world_task> on 2025-01-26 00:00:00+00:00
[2025-01-27T15:10:45.696+0000] {standard_task_runner.py:72} INFO - Started process 2116 to run task
[2025-01-27T15:10:45.700+0000] {standard_task_runner.py:104} INFO - Running: ['***', 'tasks', 'run', 'hello_world', 'hello_world_task', 'scheduled__2025-01-26T00:00:00+00:00', '--job-id', '23', '--raw', '--subdir', 'DAGS_FOLDER/simple_hello_world.py', '--cfg-path', '/tmp/tmpluzarkun']
[2025-01-27T15:10:45.724+0000] {standard_task_runner.py:105} INFO - Job 23: Subtask hello_world_task
[2025-01-27T15:10:46.045+0000] {task_command.py:467} INFO - Running <TaskInstance: hello_world.hello_world_task scheduled__2025-01-26T00:00:00+00:00 [running]> on host 6eaa7309f7d4
[2025-01-27T15:10:46.295+0000] {taskinstance.py:3132} INFO - Exporting env vars: AIRFLOW_CTX_DAG_OWNER='***' AIRFLOW_CTX_DAG_ID='hello_world' AIRFLOW_CTX_TASK_ID='hello_world_task' AIRFLOW_CTX_EXECUTION_DATE='2025-01-26T00:00:00+00:00' AIRFLOW_CTX_TRY_NUMBER='1' AIRFLOW_CTX_DAG_RUN_ID='scheduled__2025-01-26T00:00:00+00:00'
[2025-01-27T15:10:46.362+0000] {taskinstance.py:731} INFO - ::endgroup::
[2025-01-27T15:10:46.447+0000] {subprocess.py:78} INFO - Tmp dir root location: /tmp
[2025-01-27T15:10:46.528+0000] {subprocess.py:88} INFO - Running command: ['/usr/bin/bash', '-c', 'echo Hello world once again!']
[2025-01-27T15:10:46.585+0000] {subprocess.py:99} INFO - Output:
[2025-01-27T15:10:46.636+0000] {subprocess.py:106} INFO - Hello world once again!
[2025-01-27T15:10:46.710+0000] {subprocess.py:110} INFO - Command exited with return code 0
[2025-01-27T15:10:46.806+0000] {taskinstance.py:340} INFO - ::group::Post task execution logs
[2025-01-27T15:10:46.894+0000] {taskinstance.py:352} INFO - Marking task as SUCCESS. dag_id=hello_world, task_id=hello_world_task, run_id=scheduled__2025-01-26T00:00:00+00:00, execution_date=20250126T000000, start_date=20250127T151045, end_date=20250127T151046
[2025-01-27T15:10:47.018+0000] {local_task_job_runner.py:266} INFO - Task exited with return code 0
[2025-01-27T15:10:47.106+0000] {taskinstance.py:3895} INFO - 0 downstream tasks scheduled from follow-on schedule check
[2025-01-27T15:10:47.152+0000] {local_task_job_runner.py:245} INFO - ::endgroup::
