[2025-01-24T17:33:20.881+0000] {local_task_job_runner.py:123} INFO - ::group::Pre task execution logs
[2025-01-24T17:33:20.895+0000] {taskinstance.py:2613} INFO - Dependencies all met for dep_context=non-requeueable deps ti=<TaskInstance: example_branch_operator.branching_venv scheduled__2025-01-23T00:00:00+00:00 [queued]>
[2025-01-24T17:33:20.904+0000] {taskinstance.py:2613} INFO - Dependencies all met for dep_context=requeueable deps ti=<TaskInstance: example_branch_operator.branching_venv scheduled__2025-01-23T00:00:00+00:00 [queued]>
[2025-01-24T17:33:20.906+0000] {taskinstance.py:2866} INFO - Starting attempt 1 of 1
[2025-01-24T17:33:20.922+0000] {taskinstance.py:2889} INFO - Executing <Task(BranchPythonVirtualenvOperator): branching_venv> on 2025-01-23 00:00:00+00:00
[2025-01-24T17:33:20.929+0000] {standard_task_runner.py:72} INFO - Started process 477 to run task
[2025-01-24T17:33:20.932+0000] {standard_task_runner.py:104} INFO - Running: ['***', 'tasks', 'run', 'example_branch_operator', 'branching_venv', 'scheduled__2025-01-23T00:00:00+00:00', '--job-id', '7', '--raw', '--subdir', '/home/***/.local/lib/python3.11/site-packages/***/example_dags/example_branch_operator.py', '--cfg-path', '/tmp/tmpoh9a01yy']
[2025-01-24T17:33:20.934+0000] {standard_task_runner.py:105} INFO - Job 7: Subtask branching_venv
[2025-01-24T17:33:20.974+0000] {task_command.py:467} INFO - Running <TaskInstance: example_branch_operator.branching_venv scheduled__2025-01-23T00:00:00+00:00 [running]> on host 67e60a414d03
[2025-01-24T17:33:21.042+0000] {taskinstance.py:3132} INFO - Exporting env vars: AIRFLOW_CTX_DAG_OWNER='***' AIRFLOW_CTX_DAG_ID='example_branch_operator' AIRFLOW_CTX_TASK_ID='branching_venv' AIRFLOW_CTX_EXECUTION_DATE='2025-01-23T00:00:00+00:00' AIRFLOW_CTX_TRY_NUMBER='1' AIRFLOW_CTX_DAG_RUN_ID='scheduled__2025-01-23T00:00:00+00:00'
[2025-01-24T17:33:21.045+0000] {logging_mixin.py:190} INFO - Task instance is in running state
[2025-01-24T17:33:21.047+0000] {logging_mixin.py:190} INFO -  Previous state of the Task instance: queued
[2025-01-24T17:33:21.048+0000] {logging_mixin.py:190} INFO - Current task name:branching_venv state:running start_date:2025-01-24 17:33:20.896838+00:00
[2025-01-24T17:33:21.049+0000] {logging_mixin.py:190} INFO - Dag name:example_branch_operator and current dag run status:running
[2025-01-24T17:33:21.050+0000] {taskinstance.py:731} INFO - ::endgroup::
[2025-01-24T17:33:21.052+0000] {baseoperator.py:421} WARNING - BranchPythonVirtualenvOperator.execute cannot be called outside TaskInstance!
[2025-01-24T17:33:21.053+0000] {baseoperator.py:421} WARNING - BranchPythonVirtualenvOperator.execute cannot be called outside TaskInstance!
[2025-01-24T17:33:21.060+0000] {python.py:809} INFO - Python virtual environment will be cached in /tmp/venv-5ea997a7
[2025-01-24T17:33:21.063+0000] {process_utils.py:186} INFO - Executing cmd: /home/***/.local/bin/python -m virtualenv /tmp/venv-5ea997a7 --system-site-packages --python=python
[2025-01-24T17:33:21.065+0000] {process_utils.py:190} INFO - Output:
[2025-01-24T17:33:22.445+0000] {process_utils.py:194} INFO - created virtual environment CPython3.11.11.final.0-64 in 846ms
[2025-01-24T17:33:22.447+0000] {process_utils.py:194} INFO -   creator CPython3Posix(dest=/tmp/venv-5ea997a7, clear=False, no_vcs_ignore=False, global=True)
[2025-01-24T17:33:22.448+0000] {process_utils.py:194} INFO -   seeder FromAppData(download=False, pip=bundle, setuptools=bundle, wheel=bundle, via=copy, app_data_dir=/home/***/.local/share/virtualenv)
[2025-01-24T17:33:22.449+0000] {process_utils.py:194} INFO -     added seed packages: pip==24.3.1, setuptools==75.6.0, wheel==0.45.1
[2025-01-24T17:33:22.450+0000] {process_utils.py:194} INFO -   activators BashActivator,CShellActivator,FishActivator,NushellActivator,PowerShellActivator,PythonActivator
[2025-01-24T17:33:22.479+0000] {process_utils.py:186} INFO - Executing cmd: /tmp/venv-5ea997a7/bin/pip install -r /tmp/venv-5ea997a7/requirements.txt
[2025-01-24T17:33:22.480+0000] {process_utils.py:190} INFO - Output:
[2025-01-24T17:33:24.155+0000] {process_utils.py:194} INFO - Requirement already satisfied: numpy~=1.26.0 in /home/***/.local/lib/python3.11/site-packages (from -r /tmp/venv-5ea997a7/requirements.txt (line 1)) (1.26.4)
[2025-01-24T17:33:24.996+0000] {python.py:857} INFO - New Python virtual environment created in /tmp/venv-5ea997a7
[2025-01-24T17:33:24.998+0000] {python.py:513} INFO - Use 'pickle' as serializer.
[2025-01-24T17:33:25.006+0000] {process_utils.py:186} INFO - Executing cmd: /tmp/venv-5ea997a7/bin/python /tmp/venv-callafcg7hz2/script.py /tmp/venv-callafcg7hz2/script.in /tmp/venv-callafcg7hz2/script.out /tmp/venv-callafcg7hz2/string_args.txt /tmp/venv-callafcg7hz2/termination.log
[2025-01-24T17:33:25.009+0000] {process_utils.py:190} INFO - Output:
[2025-01-24T17:33:27.378+0000] {process_utils.py:194} INFO - Some numpy stuff: [0 1 2 3 4 5]
[2025-01-24T17:33:27.901+0000] {python.py:240} INFO - Done. Returned value was: venv_d
[2025-01-24T17:33:27.903+0000] {branch.py:38} INFO - Branch into venv_d
[2025-01-24T17:33:27.905+0000] {skipmixin.py:230} INFO - Following branch ('venv_d',)
[2025-01-24T17:33:27.924+0000] {skipmixin.py:278} INFO - Skipping tasks [('venv_b', -1), ('venv_a', -1), ('venv_c', -1)]
[2025-01-24T17:33:27.988+0000] {taskinstance.py:340} INFO - ::group::Post task execution logs
[2025-01-24T17:33:27.989+0000] {taskinstance.py:352} INFO - Marking task as SUCCESS. dag_id=example_branch_operator, task_id=branching_venv, run_id=scheduled__2025-01-23T00:00:00+00:00, execution_date=20250123T000000, start_date=20250124T173320, end_date=20250124T173327
[2025-01-24T17:33:28.002+0000] {logging_mixin.py:190} INFO - Task instance in success state
[2025-01-24T17:33:28.004+0000] {logging_mixin.py:190} INFO -  Previous state of the Task instance: running
[2025-01-24T17:33:28.005+0000] {logging_mixin.py:190} INFO - Dag name:example_branch_operator queued_at:2025-01-24 17:32:56.421664+00:00
[2025-01-24T17:33:28.006+0000] {logging_mixin.py:190} INFO - Task hostname:67e60a414d03 operator:BranchPythonVirtualenvOperator
[2025-01-24T17:33:28.055+0000] {local_task_job_runner.py:266} INFO - Task exited with return code 0
[2025-01-24T17:33:28.086+0000] {taskinstance.py:3895} INFO - 1 downstream tasks scheduled from follow-on schedule check
[2025-01-24T17:33:28.092+0000] {local_task_job_runner.py:245} INFO - ::endgroup::
