[2025-01-24T22:34:38.181+0000] {local_task_job_runner.py:123} INFO - ::group::Pre task execution logs
[2025-01-24T22:34:38.198+0000] {taskinstance.py:2613} INFO - Dependencies all met for dep_context=non-requeueable deps ti=<TaskInstance: executing_multiple_tasks.taskB scheduled__2025-01-23T00:00:00+00:00 [queued]>
[2025-01-24T22:34:38.205+0000] {taskinstance.py:2613} INFO - Dependencies all met for dep_context=requeueable deps ti=<TaskInstance: executing_multiple_tasks.taskB scheduled__2025-01-23T00:00:00+00:00 [queued]>
[2025-01-24T22:34:38.208+0000] {taskinstance.py:2866} INFO - Starting attempt 1 of 1
[2025-01-24T22:34:38.220+0000] {taskinstance.py:2889} INFO - Executing <Task(BashOperator): taskB> on 2025-01-23 00:00:00+00:00
[2025-01-24T22:34:38.226+0000] {standard_task_runner.py:72} INFO - Started process 783 to run task
[2025-01-24T22:34:38.230+0000] {standard_task_runner.py:104} INFO - Running: ['***', 'tasks', 'run', 'executing_multiple_tasks', 'taskB', 'scheduled__2025-01-23T00:00:00+00:00', '--job-id', '9', '--raw', '--subdir', 'DAGS_FOLDER/execute_multiple_tasks.py', '--cfg-path', '/tmp/tmpkhizs6g1']
[2025-01-24T22:34:38.232+0000] {standard_task_runner.py:105} INFO - Job 9: Subtask taskB
[2025-01-24T22:34:38.271+0000] {task_command.py:467} INFO - Running <TaskInstance: executing_multiple_tasks.taskB scheduled__2025-01-23T00:00:00+00:00 [running]> on host 6eaa7309f7d4
[2025-01-24T22:34:38.328+0000] {taskinstance.py:3132} INFO - Exporting env vars: AIRFLOW_CTX_DAG_OWNER='***' AIRFLOW_CTX_DAG_ID='executing_multiple_tasks' AIRFLOW_CTX_TASK_ID='taskB' AIRFLOW_CTX_EXECUTION_DATE='2025-01-23T00:00:00+00:00' AIRFLOW_CTX_TRY_NUMBER='1' AIRFLOW_CTX_DAG_RUN_ID='scheduled__2025-01-23T00:00:00+00:00'
[2025-01-24T22:34:38.330+0000] {taskinstance.py:731} INFO - ::endgroup::
[2025-01-24T22:34:38.340+0000] {subprocess.py:78} INFO - Tmp dir root location: /tmp
[2025-01-24T22:34:38.342+0000] {subprocess.py:88} INFO - Running command: ['/usr/bin/bash', '-c', 'echo TASK B has executed!']
[2025-01-24T22:34:38.352+0000] {subprocess.py:99} INFO - Output:
[2025-01-24T22:34:38.354+0000] {subprocess.py:106} INFO - TASK B has executed!
[2025-01-24T22:34:38.355+0000] {subprocess.py:110} INFO - Command exited with return code 0
[2025-01-24T22:34:38.381+0000] {taskinstance.py:340} INFO - ::group::Post task execution logs
[2025-01-24T22:34:38.383+0000] {taskinstance.py:352} INFO - Marking task as SUCCESS. dag_id=executing_multiple_tasks, task_id=taskB, run_id=scheduled__2025-01-23T00:00:00+00:00, execution_date=20250123T000000, start_date=20250124T223438, end_date=20250124T223438
[2025-01-24T22:34:38.404+0000] {local_task_job_runner.py:266} INFO - Task exited with return code 0
[2025-01-24T22:34:38.417+0000] {taskinstance.py:3895} INFO - 0 downstream tasks scheduled from follow-on schedule check
[2025-01-24T22:34:38.422+0000] {local_task_job_runner.py:245} INFO - ::endgroup::
