[2025-01-29T15:53:52.968+0000] {local_task_job_runner.py:123} INFO - ::group::Pre task execution logs
[2025-01-29T15:53:52.988+0000] {taskinstance.py:2613} INFO - Dependencies all met for dep_context=non-requeueable deps ti=<TaskInstance: taskgroups_and_edgelabels.determine_branch scheduled__2025-01-28T00:00:00+00:00 [queued]>
[2025-01-29T15:53:52.997+0000] {taskinstance.py:2613} INFO - Dependencies all met for dep_context=requeueable deps ti=<TaskInstance: taskgroups_and_edgelabels.determine_branch scheduled__2025-01-28T00:00:00+00:00 [queued]>
[2025-01-29T15:53:52.999+0000] {taskinstance.py:2866} INFO - Starting attempt 1 of 1
[2025-01-29T15:53:53.015+0000] {taskinstance.py:2889} INFO - Executing <Task(BranchPythonOperator): determine_branch> on 2025-01-28 00:00:00+00:00
[2025-01-29T15:53:53.023+0000] {standard_task_runner.py:72} INFO - Started process 1150 to run task
[2025-01-29T15:53:53.025+0000] {standard_task_runner.py:104} INFO - Running: ['***', 'tasks', 'run', 'taskgroups_and_edgelabels', 'determine_branch', 'scheduled__2025-01-28T00:00:00+00:00', '--job-id', '18', '--raw', '--subdir', 'DAGS_FOLDER/taskgroups_and_edgelabels.py', '--cfg-path', '/tmp/tmpwb8fk3gh']
[2025-01-29T15:53:53.028+0000] {standard_task_runner.py:105} INFO - Job 18: Subtask determine_branch
[2025-01-29T15:53:53.067+0000] {task_command.py:467} INFO - Running <TaskInstance: taskgroups_and_edgelabels.determine_branch scheduled__2025-01-28T00:00:00+00:00 [running]> on host ef9d5dc750d2
[2025-01-29T15:53:53.397+0000] {taskinstance.py:3132} INFO - Exporting env vars: AIRFLOW_CTX_DAG_OWNER='***' AIRFLOW_CTX_DAG_ID='taskgroups_and_edgelabels' AIRFLOW_CTX_TASK_ID='determine_branch' AIRFLOW_CTX_EXECUTION_DATE='2025-01-28T00:00:00+00:00' AIRFLOW_CTX_TRY_NUMBER='1' AIRFLOW_CTX_DAG_RUN_ID='scheduled__2025-01-28T00:00:00+00:00'
[2025-01-29T15:53:53.401+0000] {taskinstance.py:731} INFO - ::endgroup::
[2025-01-29T15:53:53.426+0000] {baseoperator.py:421} WARNING - BranchPythonOperator.execute cannot be called outside TaskInstance!
[2025-01-29T15:53:53.440+0000] {logging_mixin.py:190} INFO - filter_by_northwest
[2025-01-29T15:53:53.441+0000] {python.py:240} INFO - Done. Returned value was: filtering.filter_by_northwest
[2025-01-29T15:53:53.443+0000] {branch.py:38} INFO - Branch into filtering.filter_by_northwest
[2025-01-29T15:53:53.445+0000] {skipmixin.py:230} INFO - Following branch ('filtering.filter_by_northwest',)
[2025-01-29T15:53:53.473+0000] {skipmixin.py:278} INFO - Skipping tasks [('filtering.filter_by_southeast', -1), ('filtering.filter_by_southwest', -1), ('filtering.filter_by_northeast', -1), ('grouping.groupby_region_smoker', -1)]
[2025-01-29T15:53:53.512+0000] {taskinstance.py:340} INFO - ::group::Post task execution logs
[2025-01-29T15:53:53.513+0000] {taskinstance.py:352} INFO - Marking task as SUCCESS. dag_id=taskgroups_and_edgelabels, task_id=determine_branch, run_id=scheduled__2025-01-28T00:00:00+00:00, execution_date=20250128T000000, start_date=20250129T155352, end_date=20250129T155353
[2025-01-29T15:53:53.561+0000] {local_task_job_runner.py:266} INFO - Task exited with return code 0
[2025-01-29T15:53:53.587+0000] {taskinstance.py:3895} INFO - 1 downstream tasks scheduled from follow-on schedule check
[2025-01-29T15:53:53.592+0000] {local_task_job_runner.py:245} INFO - ::endgroup::
