[2025-01-24T17:35:36.735+0000] {local_task_job_runner.py:123} INFO - ::group::Pre task execution logs
[2025-01-24T17:35:36.777+0000] {taskinstance.py:2613} INFO - Dependencies all met for dep_context=non-requeueable deps ti=<TaskInstance: example_branch_operator.venv_c manual__2025-01-24T17:35:08.787038+00:00 [queued]>
[2025-01-24T17:35:36.796+0000] {taskinstance.py:2613} INFO - Dependencies all met for dep_context=requeueable deps ti=<TaskInstance: example_branch_operator.venv_c manual__2025-01-24T17:35:08.787038+00:00 [queued]>
[2025-01-24T17:35:36.799+0000] {taskinstance.py:2866} INFO - Starting attempt 1 of 1
[2025-01-24T17:35:36.829+0000] {taskinstance.py:2889} INFO - Executing <Task(PythonVirtualenvOperator): venv_c> on 2025-01-24 17:35:08.787038+00:00
[2025-01-24T17:35:36.839+0000] {standard_task_runner.py:72} INFO - Started process 730 to run task
[2025-01-24T17:35:36.842+0000] {standard_task_runner.py:104} INFO - Running: ['***', 'tasks', 'run', 'example_branch_operator', 'venv_c', 'manual__2025-01-24T17:35:08.787038+00:00', '--job-id', '14', '--raw', '--subdir', '/home/***/.local/lib/python3.11/site-packages/***/example_dags/example_branch_operator.py', '--cfg-path', '/tmp/tmphf4_i3oo']
[2025-01-24T17:35:36.845+0000] {standard_task_runner.py:105} INFO - Job 14: Subtask venv_c
[2025-01-24T17:35:36.900+0000] {task_command.py:467} INFO - Running <TaskInstance: example_branch_operator.venv_c manual__2025-01-24T17:35:08.787038+00:00 [running]> on host 67e60a414d03
[2025-01-24T17:35:36.991+0000] {taskinstance.py:3132} INFO - Exporting env vars: AIRFLOW_CTX_DAG_OWNER='***' AIRFLOW_CTX_DAG_ID='example_branch_operator' AIRFLOW_CTX_TASK_ID='venv_c' AIRFLOW_CTX_EXECUTION_DATE='2025-01-24T17:35:08.787038+00:00' AIRFLOW_CTX_TRY_NUMBER='1' AIRFLOW_CTX_DAG_RUN_ID='manual__2025-01-24T17:35:08.787038+00:00'
[2025-01-24T17:35:36.994+0000] {logging_mixin.py:190} INFO - Task instance is in running state
[2025-01-24T17:35:36.995+0000] {logging_mixin.py:190} INFO -  Previous state of the Task instance: queued
[2025-01-24T17:35:36.996+0000] {logging_mixin.py:190} INFO - Current task name:venv_c state:running start_date:2025-01-24 17:35:36.779653+00:00
[2025-01-24T17:35:36.997+0000] {logging_mixin.py:190} INFO - Dag name:example_branch_operator and current dag run status:running
[2025-01-24T17:35:36.998+0000] {taskinstance.py:731} INFO - ::endgroup::
[2025-01-24T17:35:36.999+0000] {baseoperator.py:421} WARNING - PythonVirtualenvOperator.execute cannot be called outside TaskInstance!
[2025-01-24T17:35:37.009+0000] {python.py:809} INFO - Python virtual environment will be cached in /tmp/venv-5ea997a7
[2025-01-24T17:35:37.012+0000] {python.py:823} INFO - Re-using cached Python virtual environment in /tmp/venv-5ea997a7
[2025-01-24T17:35:37.030+0000] {process_utils.py:186} INFO - Executing cmd: /tmp/venv-5ea997a7/bin/python /tmp/venv-callzsa79jhm/script.py /tmp/venv-callzsa79jhm/script.in /tmp/venv-callzsa79jhm/script.out /tmp/venv-callzsa79jhm/string_args.txt /tmp/venv-callzsa79jhm/termination.log
[2025-01-24T17:35:37.032+0000] {process_utils.py:190} INFO - Output:
[2025-01-24T17:35:39.474+0000] {process_utils.py:194} INFO - Hello World with some numpy stuff: [0 1 2 3 4 5]
[2025-01-24T17:35:40.037+0000] {python.py:240} INFO - Done. Returned value was: None
[2025-01-24T17:35:40.059+0000] {taskinstance.py:340} INFO - ::group::Post task execution logs
[2025-01-24T17:35:40.061+0000] {taskinstance.py:352} INFO - Marking task as SUCCESS. dag_id=example_branch_operator, task_id=venv_c, run_id=manual__2025-01-24T17:35:08.787038+00:00, execution_date=20250124T173508, start_date=20250124T173536, end_date=20250124T173540
[2025-01-24T17:35:40.083+0000] {logging_mixin.py:190} INFO - Task instance in success state
[2025-01-24T17:35:40.086+0000] {logging_mixin.py:190} INFO -  Previous state of the Task instance: running
[2025-01-24T17:35:40.089+0000] {logging_mixin.py:190} INFO - Dag name:example_branch_operator queued_at:2025-01-24 17:35:08.809398+00:00
[2025-01-24T17:35:40.091+0000] {logging_mixin.py:190} INFO - Task hostname:67e60a414d03 operator:PythonVirtualenvOperator
[2025-01-24T17:35:40.114+0000] {local_task_job_runner.py:266} INFO - Task exited with return code 0
[2025-01-24T17:35:40.146+0000] {taskinstance.py:3895} INFO - 0 downstream tasks scheduled from follow-on schedule check
[2025-01-24T17:35:40.153+0000] {local_task_job_runner.py:245} INFO - ::endgroup::
