[2025-01-24T21:39:12.394+0000] {local_task_job_runner.py:123} INFO - ::group::Pre task execution logs
[2025-01-24T21:39:12.410+0000] {taskinstance.py:2613} INFO - Dependencies all met for dep_context=non-requeueable deps ti=<TaskInstance: hello_world.hello_world_task manual__2025-01-24T21:39:11.439258+00:00 [queued]>
[2025-01-24T21:39:12.418+0000] {taskinstance.py:2613} INFO - Dependencies all met for dep_context=requeueable deps ti=<TaskInstance: hello_world.hello_world_task manual__2025-01-24T21:39:11.439258+00:00 [queued]>
[2025-01-24T21:39:12.421+0000] {taskinstance.py:2866} INFO - Starting attempt 1 of 1
[2025-01-24T21:39:12.438+0000] {taskinstance.py:2889} INFO - Executing <Task(BashOperator): hello_world_task> on 2025-01-24 21:39:11.439258+00:00
[2025-01-24T21:39:12.444+0000] {standard_task_runner.py:72} INFO - Started process 133 to run task
[2025-01-24T21:39:12.446+0000] {standard_task_runner.py:104} INFO - Running: ['***', 'tasks', 'run', 'hello_world', 'hello_world_task', 'manual__2025-01-24T21:39:11.439258+00:00', '--job-id', '4', '--raw', '--subdir', 'DAGS_FOLDER/simple_hello_world.py', '--cfg-path', '/tmp/tmpo6o1lk77']
[2025-01-24T21:39:12.449+0000] {standard_task_runner.py:105} INFO - Job 4: Subtask hello_world_task
[2025-01-24T21:39:12.501+0000] {task_command.py:467} INFO - Running <TaskInstance: hello_world.hello_world_task manual__2025-01-24T21:39:11.439258+00:00 [running]> on host 5e1325f68396
[2025-01-24T21:39:12.582+0000] {taskinstance.py:3132} INFO - Exporting env vars: AIRFLOW_CTX_DAG_OWNER='***' AIRFLOW_CTX_DAG_ID='hello_world' AIRFLOW_CTX_TASK_ID='hello_world_task' AIRFLOW_CTX_EXECUTION_DATE='2025-01-24T21:39:11.439258+00:00' AIRFLOW_CTX_TRY_NUMBER='1' AIRFLOW_CTX_DAG_RUN_ID='manual__2025-01-24T21:39:11.439258+00:00'
[2025-01-24T21:39:12.586+0000] {taskinstance.py:731} INFO - ::endgroup::
[2025-01-24T21:39:12.597+0000] {subprocess.py:78} INFO - Tmp dir root location: /tmp
[2025-01-24T21:39:12.600+0000] {subprocess.py:88} INFO - Running command: ['/usr/bin/bash', '-c', 'echo Hello world!']
[2025-01-24T21:39:12.610+0000] {subprocess.py:99} INFO - Output:
[2025-01-24T21:39:12.612+0000] {subprocess.py:106} INFO - Hello world!
[2025-01-24T21:39:12.613+0000] {subprocess.py:110} INFO - Command exited with return code 0
[2025-01-24T21:39:12.637+0000] {taskinstance.py:340} INFO - ::group::Post task execution logs
[2025-01-24T21:39:12.640+0000] {taskinstance.py:352} INFO - Marking task as SUCCESS. dag_id=hello_world, task_id=hello_world_task, run_id=manual__2025-01-24T21:39:11.439258+00:00, execution_date=20250124T213911, start_date=20250124T213912, end_date=20250124T213912
[2025-01-24T21:39:12.663+0000] {local_task_job_runner.py:266} INFO - Task exited with return code 0
[2025-01-24T21:39:12.677+0000] {taskinstance.py:3895} INFO - 0 downstream tasks scheduled from follow-on schedule check
[2025-01-24T21:39:12.683+0000] {local_task_job_runner.py:245} INFO - ::endgroup::
