[2025-01-29T16:25:27.858+0000] {local_task_job_runner.py:123} INFO - ::group::Pre task execution logs
[2025-01-29T16:25:27.883+0000] {taskinstance.py:2613} INFO - Dependencies all met for dep_context=non-requeueable deps ti=<TaskInstance: cron_catchup_backfill.taskC scheduled__2025-01-26T00:00:00+00:00 [queued]>
[2025-01-29T16:25:27.895+0000] {taskinstance.py:2613} INFO - Dependencies all met for dep_context=requeueable deps ti=<TaskInstance: cron_catchup_backfill.taskC scheduled__2025-01-26T00:00:00+00:00 [queued]>
[2025-01-29T16:25:27.896+0000] {taskinstance.py:2866} INFO - Starting attempt 1 of 1
[2025-01-29T16:25:27.912+0000] {taskinstance.py:2889} INFO - Executing <Task(PythonOperator): taskC> on 2025-01-26 00:00:00+00:00
[2025-01-29T16:25:27.919+0000] {standard_task_runner.py:72} INFO - Started process 1620 to run task
[2025-01-29T16:25:27.922+0000] {standard_task_runner.py:104} INFO - Running: ['***', 'tasks', 'run', 'cron_catchup_backfill', 'taskC', 'scheduled__2025-01-26T00:00:00+00:00', '--job-id', '36', '--raw', '--subdir', 'DAGS_FOLDER/executing_cron_catchup_backfill.py', '--cfg-path', '/tmp/tmprw0xbipe']
[2025-01-29T16:25:27.923+0000] {standard_task_runner.py:105} INFO - Job 36: Subtask taskC
[2025-01-29T16:25:27.969+0000] {task_command.py:467} INFO - Running <TaskInstance: cron_catchup_backfill.taskC scheduled__2025-01-26T00:00:00+00:00 [running]> on host ef9d5dc750d2
[2025-01-29T16:25:28.059+0000] {taskinstance.py:3132} INFO - Exporting env vars: AIRFLOW_CTX_DAG_OWNER='***' AIRFLOW_CTX_DAG_ID='cron_catchup_backfill' AIRFLOW_CTX_TASK_ID='taskC' AIRFLOW_CTX_EXECUTION_DATE='2025-01-26T00:00:00+00:00' AIRFLOW_CTX_TRY_NUMBER='1' AIRFLOW_CTX_DAG_RUN_ID='scheduled__2025-01-26T00:00:00+00:00'
[2025-01-29T16:25:28.060+0000] {taskinstance.py:731} INFO - ::endgroup::
[2025-01-29T16:25:28.075+0000] {logging_mixin.py:190} INFO - TASK C has been executed!
[2025-01-29T16:25:28.076+0000] {python.py:240} INFO - Done. Returned value was: None
[2025-01-29T16:25:28.087+0000] {taskinstance.py:340} INFO - ::group::Post task execution logs
[2025-01-29T16:25:28.088+0000] {taskinstance.py:352} INFO - Marking task as SUCCESS. dag_id=cron_catchup_backfill, task_id=taskC, run_id=scheduled__2025-01-26T00:00:00+00:00, execution_date=20250126T000000, start_date=20250129T162527, end_date=20250129T162528
[2025-01-29T16:25:28.137+0000] {local_task_job_runner.py:266} INFO - Task exited with return code 0
[2025-01-29T16:25:28.160+0000] {taskinstance.py:3895} INFO - 1 downstream tasks scheduled from follow-on schedule check
[2025-01-29T16:25:28.164+0000] {local_task_job_runner.py:245} INFO - ::endgroup::
[2025-01-29T16:54:47.097+0000] {local_task_job_runner.py:123} INFO - ::group::Pre task execution logs
[2025-01-29T16:54:47.131+0000] {taskinstance.py:2613} INFO - Dependencies all met for dep_context=non-requeueable deps ti=<TaskInstance: cron_catchup_backfill.taskC scheduled__2025-01-26T00:00:00+00:00 [queued]>
[2025-01-29T16:54:47.143+0000] {taskinstance.py:2613} INFO - Dependencies all met for dep_context=requeueable deps ti=<TaskInstance: cron_catchup_backfill.taskC scheduled__2025-01-26T00:00:00+00:00 [queued]>
[2025-01-29T16:54:47.145+0000] {taskinstance.py:2866} INFO - Starting attempt 1 of 1
[2025-01-29T16:54:47.161+0000] {taskinstance.py:2889} INFO - Executing <Task(PythonOperator): taskC> on 2025-01-26 00:00:00+00:00
[2025-01-29T16:54:47.168+0000] {standard_task_runner.py:72} INFO - Started process 2262 to run task
[2025-01-29T16:54:47.173+0000] {standard_task_runner.py:104} INFO - Running: ['***', 'tasks', 'run', 'cron_catchup_backfill', 'taskC', 'scheduled__2025-01-26T00:00:00+00:00', '--job-id', '113', '--raw', '--subdir', 'DAGS_FOLDER/executing_cron_catchup_backfill.py', '--cfg-path', '/tmp/tmpk1up1urx']
[2025-01-29T16:54:47.175+0000] {standard_task_runner.py:105} INFO - Job 113: Subtask taskC
[2025-01-29T16:54:47.224+0000] {task_command.py:467} INFO - Running <TaskInstance: cron_catchup_backfill.taskC scheduled__2025-01-26T00:00:00+00:00 [running]> on host ef9d5dc750d2
[2025-01-29T16:54:47.298+0000] {taskinstance.py:3132} INFO - Exporting env vars: AIRFLOW_CTX_DAG_OWNER='***' AIRFLOW_CTX_DAG_ID='cron_catchup_backfill' AIRFLOW_CTX_TASK_ID='taskC' AIRFLOW_CTX_EXECUTION_DATE='2025-01-26T00:00:00+00:00' AIRFLOW_CTX_TRY_NUMBER='1' AIRFLOW_CTX_DAG_RUN_ID='scheduled__2025-01-26T00:00:00+00:00'
[2025-01-29T16:54:47.300+0000] {taskinstance.py:731} INFO - ::endgroup::
[2025-01-29T16:54:47.310+0000] {logging_mixin.py:190} INFO - TASK C has been executed!
[2025-01-29T16:54:47.312+0000] {python.py:240} INFO - Done. Returned value was: None
[2025-01-29T16:54:47.326+0000] {taskinstance.py:340} INFO - ::group::Post task execution logs
[2025-01-29T16:54:47.327+0000] {taskinstance.py:352} INFO - Marking task as SUCCESS. dag_id=cron_catchup_backfill, task_id=taskC, run_id=scheduled__2025-01-26T00:00:00+00:00, execution_date=20250126T000000, start_date=20250129T165447, end_date=20250129T165447
[2025-01-29T16:54:47.346+0000] {local_task_job_runner.py:266} INFO - Task exited with return code 0
[2025-01-29T16:54:47.363+0000] {taskinstance.py:3895} INFO - 1 downstream tasks scheduled from follow-on schedule check
[2025-01-29T16:54:47.367+0000] {local_task_job_runner.py:245} INFO - ::endgroup::
