[2025-01-28T22:35:06.833+0000] {local_task_job_runner.py:123} INFO - ::group::Pre task execution logs
[2025-01-28T22:35:06.845+0000] {taskinstance.py:2613} INFO - Dependencies all met for dep_context=non-requeueable deps ti=<TaskInstance: executing_sql_pipeline.create_table scheduled__2025-01-27T00:00:00+00:00 [queued]>
[2025-01-28T22:35:06.850+0000] {taskinstance.py:2613} INFO - Dependencies all met for dep_context=requeueable deps ti=<TaskInstance: executing_sql_pipeline.create_table scheduled__2025-01-27T00:00:00+00:00 [queued]>
[2025-01-28T22:35:06.851+0000] {taskinstance.py:2866} INFO - Starting attempt 1 of 1
[2025-01-28T22:35:06.862+0000] {taskinstance.py:2889} INFO - Executing <Task(PostgresOperator): create_table> on 2025-01-27 00:00:00+00:00
[2025-01-28T22:35:06.867+0000] {standard_task_runner.py:72} INFO - Started process 102 to run task
[2025-01-28T22:35:06.870+0000] {standard_task_runner.py:104} INFO - Running: ['***', 'tasks', 'run', 'executing_sql_pipeline', 'create_table', 'scheduled__2025-01-27T00:00:00+00:00', '--job-id', '3', '--raw', '--subdir', 'DAGS_FOLDER/executing_sql_pipeline.py', '--cfg-path', '/tmp/tmp1cz2hk26']
[2025-01-28T22:35:06.871+0000] {standard_task_runner.py:105} INFO - Job 3: Subtask create_table
[2025-01-28T22:35:06.902+0000] {task_command.py:467} INFO - Running <TaskInstance: executing_sql_pipeline.create_table scheduled__2025-01-27T00:00:00+00:00 [running]> on host 6b2a71fc0c6d
[2025-01-28T22:35:06.952+0000] {taskinstance.py:3132} INFO - Exporting env vars: AIRFLOW_CTX_DAG_OWNER='***' AIRFLOW_CTX_DAG_ID='executing_sql_pipeline' AIRFLOW_CTX_TASK_ID='create_table' AIRFLOW_CTX_EXECUTION_DATE='2025-01-27T00:00:00+00:00' AIRFLOW_CTX_TRY_NUMBER='1' AIRFLOW_CTX_DAG_RUN_ID='scheduled__2025-01-27T00:00:00+00:00'
[2025-01-28T22:35:06.954+0000] {taskinstance.py:731} INFO - ::endgroup::
[2025-01-28T22:35:06.974+0000] {sql.py:278} INFO - Executing: 
            CREATE TABLE IF NOT EXISTS users (
                    id INTEGER PRIMARY KEY,
                    name VARCHAR(50) NOT NULL,
                    age INTEGER NOT NULL,
                    is_active BOOLEAN DEFAULT true,
                    created_at TIMESTAMP DEFAULT CURRENT_TIMESTAMP
            );
        
[2025-01-28T22:35:06.980+0000] {base.py:84} INFO - Retrieving connection 'postgres_conn'
[2025-01-28T22:35:06.988+0000] {base.py:84} INFO - Retrieving connection 'postgres_conn'
[2025-01-28T22:35:06.991+0000] {sql.py:553} INFO - Running statement: 
            CREATE TABLE IF NOT EXISTS users (
                    id INTEGER PRIMARY KEY,
                    name VARCHAR(50) NOT NULL,
                    age INTEGER NOT NULL,
                    is_active BOOLEAN DEFAULT true,
                    created_at TIMESTAMP DEFAULT CURRENT_TIMESTAMP
            );
        , parameters: None
[2025-01-28T22:35:07.008+0000] {taskinstance.py:340} INFO - ::group::Post task execution logs
[2025-01-28T22:35:07.009+0000] {taskinstance.py:352} INFO - Marking task as SUCCESS. dag_id=executing_sql_pipeline, task_id=create_table, run_id=scheduled__2025-01-27T00:00:00+00:00, execution_date=20250127T000000, start_date=20250128T223506, end_date=20250128T223507
[2025-01-28T22:35:07.044+0000] {local_task_job_runner.py:266} INFO - Task exited with return code 0
[2025-01-28T22:35:07.055+0000] {taskinstance.py:3895} INFO - 0 downstream tasks scheduled from follow-on schedule check
[2025-01-28T22:35:07.060+0000] {local_task_job_runner.py:245} INFO - ::endgroup::
