[2025-01-24T21:48:46.621+0000] {local_task_job_runner.py:123} INFO - ::group::Pre task execution logs
[2025-01-24T21:48:46.636+0000] {taskinstance.py:2613} INFO - Dependencies all met for dep_context=non-requeueable deps ti=<TaskInstance: hello_world.hello_world_task manual__2025-01-24T21:48:45.977065+00:00 [queued]>
[2025-01-24T21:48:46.643+0000] {taskinstance.py:2613} INFO - Dependencies all met for dep_context=requeueable deps ti=<TaskInstance: hello_world.hello_world_task manual__2025-01-24T21:48:45.977065+00:00 [queued]>
[2025-01-24T21:48:46.646+0000] {taskinstance.py:2866} INFO - Starting attempt 1 of 1
[2025-01-24T21:48:46.657+0000] {taskinstance.py:2889} INFO - Executing <Task(BashOperator): hello_world_task> on 2025-01-24 21:48:45.977065+00:00
[2025-01-24T21:48:46.663+0000] {standard_task_runner.py:72} INFO - Started process 149 to run task
[2025-01-24T21:48:46.665+0000] {standard_task_runner.py:104} INFO - Running: ['***', 'tasks', 'run', 'hello_world', 'hello_world_task', 'manual__2025-01-24T21:48:45.977065+00:00', '--job-id', '4', '--raw', '--subdir', 'DAGS_FOLDER/simple_hello_world.py', '--cfg-path', '/tmp/tmpwewvaidn']
[2025-01-24T21:48:46.667+0000] {standard_task_runner.py:105} INFO - Job 4: Subtask hello_world_task
[2025-01-24T21:48:46.728+0000] {task_command.py:467} INFO - Running <TaskInstance: hello_world.hello_world_task manual__2025-01-24T21:48:45.977065+00:00 [running]> on host 6eaa7309f7d4
[2025-01-24T21:48:46.797+0000] {taskinstance.py:3132} INFO - Exporting env vars: AIRFLOW_CTX_DAG_OWNER='***' AIRFLOW_CTX_DAG_ID='hello_world' AIRFLOW_CTX_TASK_ID='hello_world_task' AIRFLOW_CTX_EXECUTION_DATE='2025-01-24T21:48:45.977065+00:00' AIRFLOW_CTX_TRY_NUMBER='1' AIRFLOW_CTX_DAG_RUN_ID='manual__2025-01-24T21:48:45.977065+00:00'
[2025-01-24T21:48:46.799+0000] {taskinstance.py:731} INFO - ::endgroup::
[2025-01-24T21:48:46.807+0000] {subprocess.py:78} INFO - Tmp dir root location: /tmp
[2025-01-24T21:48:46.809+0000] {subprocess.py:88} INFO - Running command: ['/usr/bin/bash', '-c', 'echo Hello world!']
[2025-01-24T21:48:46.818+0000] {subprocess.py:99} INFO - Output:
[2025-01-24T21:48:46.820+0000] {subprocess.py:106} INFO - Hello world!
[2025-01-24T21:48:46.821+0000] {subprocess.py:110} INFO - Command exited with return code 0
[2025-01-24T21:48:46.844+0000] {taskinstance.py:340} INFO - ::group::Post task execution logs
[2025-01-24T21:48:46.846+0000] {taskinstance.py:352} INFO - Marking task as SUCCESS. dag_id=hello_world, task_id=hello_world_task, run_id=manual__2025-01-24T21:48:45.977065+00:00, execution_date=20250124T214845, start_date=20250124T214846, end_date=20250124T214846
[2025-01-24T21:48:46.880+0000] {local_task_job_runner.py:266} INFO - Task exited with return code 0
[2025-01-24T21:48:46.893+0000] {taskinstance.py:3895} INFO - 0 downstream tasks scheduled from follow-on schedule check
[2025-01-24T21:48:46.904+0000] {local_task_job_runner.py:245} INFO - ::endgroup::
