[2025-01-24T17:33:01.281+0000] {local_task_job_runner.py:123} INFO - ::group::Pre task execution logs
[2025-01-24T17:33:01.300+0000] {taskinstance.py:2613} INFO - Dependencies all met for dep_context=non-requeueable deps ti=<TaskInstance: example_branch_operator.branching scheduled__2025-01-23T00:00:00+00:00 [queued]>
[2025-01-24T17:33:01.309+0000] {taskinstance.py:2613} INFO - Dependencies all met for dep_context=requeueable deps ti=<TaskInstance: example_branch_operator.branching scheduled__2025-01-23T00:00:00+00:00 [queued]>
[2025-01-24T17:33:01.313+0000] {taskinstance.py:2866} INFO - Starting attempt 1 of 1
[2025-01-24T17:33:01.333+0000] {taskinstance.py:2889} INFO - Executing <Task(BranchPythonOperator): branching> on 2025-01-23 00:00:00+00:00
[2025-01-24T17:33:01.344+0000] {standard_task_runner.py:72} INFO - Started process 418 to run task
[2025-01-24T17:33:01.348+0000] {standard_task_runner.py:104} INFO - Running: ['***', 'tasks', 'run', 'example_branch_operator', 'branching', 'scheduled__2025-01-23T00:00:00+00:00', '--job-id', '3', '--raw', '--subdir', '/home/***/.local/lib/python3.11/site-packages/***/example_dags/example_branch_operator.py', '--cfg-path', '/tmp/tmp0kzbd385']
[2025-01-24T17:33:01.350+0000] {standard_task_runner.py:105} INFO - Job 3: Subtask branching
[2025-01-24T17:33:01.408+0000] {task_command.py:467} INFO - Running <TaskInstance: example_branch_operator.branching scheduled__2025-01-23T00:00:00+00:00 [running]> on host 67e60a414d03
[2025-01-24T17:33:01.773+0000] {taskinstance.py:3132} INFO - Exporting env vars: AIRFLOW_CTX_DAG_OWNER='***' AIRFLOW_CTX_DAG_ID='example_branch_operator' AIRFLOW_CTX_TASK_ID='branching' AIRFLOW_CTX_EXECUTION_DATE='2025-01-23T00:00:00+00:00' AIRFLOW_CTX_TRY_NUMBER='1' AIRFLOW_CTX_DAG_RUN_ID='scheduled__2025-01-23T00:00:00+00:00'
[2025-01-24T17:33:01.775+0000] {logging_mixin.py:190} INFO - Task instance is in running state
[2025-01-24T17:33:01.777+0000] {logging_mixin.py:190} INFO -  Previous state of the Task instance: queued
[2025-01-24T17:33:01.779+0000] {logging_mixin.py:190} INFO - Current task name:branching state:running start_date:2025-01-24 17:33:01.302351+00:00
[2025-01-24T17:33:01.781+0000] {logging_mixin.py:190} INFO - Dag name:example_branch_operator and current dag run status:running
[2025-01-24T17:33:01.783+0000] {taskinstance.py:731} INFO - ::endgroup::
[2025-01-24T17:33:01.785+0000] {baseoperator.py:421} WARNING - BranchPythonOperator.execute cannot be called outside TaskInstance!
[2025-01-24T17:33:01.787+0000] {python.py:240} INFO - Done. Returned value was: branch_d
[2025-01-24T17:33:01.789+0000] {branch.py:38} INFO - Branch into branch_d
[2025-01-24T17:33:01.790+0000] {skipmixin.py:230} INFO - Following branch ('branch_d',)
[2025-01-24T17:33:01.809+0000] {skipmixin.py:278} INFO - Skipping tasks [('branch_c', -1), ('branch_a', -1), ('branch_b', -1)]
[2025-01-24T17:33:01.860+0000] {taskinstance.py:340} INFO - ::group::Post task execution logs
[2025-01-24T17:33:01.862+0000] {taskinstance.py:352} INFO - Marking task as SUCCESS. dag_id=example_branch_operator, task_id=branching, run_id=scheduled__2025-01-23T00:00:00+00:00, execution_date=20250123T000000, start_date=20250124T173301, end_date=20250124T173301
[2025-01-24T17:33:01.889+0000] {logging_mixin.py:190} INFO - Task instance in success state
[2025-01-24T17:33:01.891+0000] {logging_mixin.py:190} INFO -  Previous state of the Task instance: running
[2025-01-24T17:33:01.893+0000] {logging_mixin.py:190} INFO - Dag name:example_branch_operator queued_at:2025-01-24 17:32:56.421664+00:00
[2025-01-24T17:33:01.894+0000] {logging_mixin.py:190} INFO - Task hostname:67e60a414d03 operator:BranchPythonOperator
[2025-01-24T17:33:01.923+0000] {local_task_job_runner.py:266} INFO - Task exited with return code 0
[2025-01-24T17:33:01.966+0000] {taskinstance.py:3895} INFO - 1 downstream tasks scheduled from follow-on schedule check
[2025-01-24T17:33:01.984+0000] {local_task_job_runner.py:245} INFO - ::endgroup::
