[2025-01-29T16:25:29.234+0000] {local_task_job_runner.py:123} INFO - ::group::Pre task execution logs
[2025-01-29T16:25:29.255+0000] {taskinstance.py:2613} INFO - Dependencies all met for dep_context=non-requeueable deps ti=<TaskInstance: cron_catchup_backfill.taskD scheduled__2025-01-25T00:00:00+00:00 [queued]>
[2025-01-29T16:25:29.265+0000] {taskinstance.py:2613} INFO - Dependencies all met for dep_context=requeueable deps ti=<TaskInstance: cron_catchup_backfill.taskD scheduled__2025-01-25T00:00:00+00:00 [queued]>
[2025-01-29T16:25:29.268+0000] {taskinstance.py:2866} INFO - Starting attempt 1 of 1
[2025-01-29T16:25:29.283+0000] {taskinstance.py:2889} INFO - Executing <Task(BashOperator): taskD> on 2025-01-25 00:00:00+00:00
[2025-01-29T16:25:29.292+0000] {standard_task_runner.py:72} INFO - Started process 1628 to run task
[2025-01-29T16:25:29.296+0000] {standard_task_runner.py:104} INFO - Running: ['***', 'tasks', 'run', 'cron_catchup_backfill', 'taskD', 'scheduled__2025-01-25T00:00:00+00:00', '--job-id', '40', '--raw', '--subdir', 'DAGS_FOLDER/executing_cron_catchup_backfill.py', '--cfg-path', '/tmp/tmpdztjva9p']
[2025-01-29T16:25:29.299+0000] {standard_task_runner.py:105} INFO - Job 40: Subtask taskD
[2025-01-29T16:25:29.348+0000] {task_command.py:467} INFO - Running <TaskInstance: cron_catchup_backfill.taskD scheduled__2025-01-25T00:00:00+00:00 [running]> on host ef9d5dc750d2
[2025-01-29T16:25:29.431+0000] {taskinstance.py:3132} INFO - Exporting env vars: AIRFLOW_CTX_DAG_OWNER='***' AIRFLOW_CTX_DAG_ID='cron_catchup_backfill' AIRFLOW_CTX_TASK_ID='taskD' AIRFLOW_CTX_EXECUTION_DATE='2025-01-25T00:00:00+00:00' AIRFLOW_CTX_TRY_NUMBER='1' AIRFLOW_CTX_DAG_RUN_ID='scheduled__2025-01-25T00:00:00+00:00'
[2025-01-29T16:25:29.432+0000] {taskinstance.py:731} INFO - ::endgroup::
[2025-01-29T16:25:29.445+0000] {subprocess.py:78} INFO - Tmp dir root location: /tmp
[2025-01-29T16:25:29.446+0000] {subprocess.py:88} INFO - Running command: ['/usr/bin/bash', '-c', 'echo TASK D has executed!']
[2025-01-29T16:25:29.457+0000] {subprocess.py:99} INFO - Output:
[2025-01-29T16:25:29.458+0000] {subprocess.py:106} INFO - TASK D has executed!
[2025-01-29T16:25:29.460+0000] {subprocess.py:110} INFO - Command exited with return code 0
[2025-01-29T16:25:29.491+0000] {taskinstance.py:340} INFO - ::group::Post task execution logs
[2025-01-29T16:25:29.493+0000] {taskinstance.py:352} INFO - Marking task as SUCCESS. dag_id=cron_catchup_backfill, task_id=taskD, run_id=scheduled__2025-01-25T00:00:00+00:00, execution_date=20250125T000000, start_date=20250129T162529, end_date=20250129T162529
[2025-01-29T16:25:29.511+0000] {local_task_job_runner.py:266} INFO - Task exited with return code 0
[2025-01-29T16:25:29.527+0000] {taskinstance.py:3895} INFO - 0 downstream tasks scheduled from follow-on schedule check
[2025-01-29T16:25:29.532+0000] {local_task_job_runner.py:245} INFO - ::endgroup::
[2025-01-29T16:30:53.085+0000] {local_task_job_runner.py:123} INFO - ::group::Pre task execution logs
[2025-01-29T16:30:53.100+0000] {taskinstance.py:2613} INFO - Dependencies all met for dep_context=non-requeueable deps ti=<TaskInstance: cron_catchup_backfill.taskD scheduled__2025-01-25T00:00:00+00:00 [queued]>
[2025-01-29T16:30:53.109+0000] {taskinstance.py:2613} INFO - Dependencies all met for dep_context=requeueable deps ti=<TaskInstance: cron_catchup_backfill.taskD scheduled__2025-01-25T00:00:00+00:00 [queued]>
[2025-01-29T16:30:53.110+0000] {taskinstance.py:2866} INFO - Starting attempt 1 of 1
[2025-01-29T16:30:53.128+0000] {taskinstance.py:2889} INFO - Executing <Task(BashOperator): taskD> on 2025-01-25 00:00:00+00:00
[2025-01-29T16:30:53.136+0000] {standard_task_runner.py:72} INFO - Started process 1931 to run task
[2025-01-29T16:30:53.138+0000] {standard_task_runner.py:104} INFO - Running: ['***', 'tasks', 'run', 'cron_catchup_backfill', 'taskD', 'scheduled__2025-01-25T00:00:00+00:00', '--job-id', '108', '--raw', '--subdir', 'DAGS_FOLDER/executing_cron_catchup_backfill.py', '--cfg-path', '/tmp/tmp1x6ugt64']
[2025-01-29T16:30:53.140+0000] {standard_task_runner.py:105} INFO - Job 108: Subtask taskD
[2025-01-29T16:30:53.194+0000] {task_command.py:467} INFO - Running <TaskInstance: cron_catchup_backfill.taskD scheduled__2025-01-25T00:00:00+00:00 [running]> on host ef9d5dc750d2
[2025-01-29T16:30:53.282+0000] {taskinstance.py:3132} INFO - Exporting env vars: AIRFLOW_CTX_DAG_OWNER='***' AIRFLOW_CTX_DAG_ID='cron_catchup_backfill' AIRFLOW_CTX_TASK_ID='taskD' AIRFLOW_CTX_EXECUTION_DATE='2025-01-25T00:00:00+00:00' AIRFLOW_CTX_TRY_NUMBER='1' AIRFLOW_CTX_DAG_RUN_ID='scheduled__2025-01-25T00:00:00+00:00'
[2025-01-29T16:30:53.284+0000] {taskinstance.py:731} INFO - ::endgroup::
[2025-01-29T16:30:53.296+0000] {subprocess.py:78} INFO - Tmp dir root location: /tmp
[2025-01-29T16:30:53.297+0000] {subprocess.py:88} INFO - Running command: ['/usr/bin/bash', '-c', 'echo TASK D has executed!']
[2025-01-29T16:30:53.310+0000] {subprocess.py:99} INFO - Output:
[2025-01-29T16:30:53.312+0000] {subprocess.py:106} INFO - TASK D has executed!
[2025-01-29T16:30:53.313+0000] {subprocess.py:110} INFO - Command exited with return code 0
[2025-01-29T16:30:53.345+0000] {taskinstance.py:340} INFO - ::group::Post task execution logs
[2025-01-29T16:30:53.346+0000] {taskinstance.py:352} INFO - Marking task as SUCCESS. dag_id=cron_catchup_backfill, task_id=taskD, run_id=scheduled__2025-01-25T00:00:00+00:00, execution_date=20250125T000000, start_date=20250129T163053, end_date=20250129T163053
[2025-01-29T16:30:53.394+0000] {local_task_job_runner.py:266} INFO - Task exited with return code 0
[2025-01-29T16:30:53.414+0000] {taskinstance.py:3895} INFO - 0 downstream tasks scheduled from follow-on schedule check
[2025-01-29T16:30:53.418+0000] {local_task_job_runner.py:245} INFO - ::endgroup::
