[2025-01-24T20:54:45.296+0000] {local_task_job_runner.py:123} INFO - ::group::Pre task execution logs
[2025-01-24T20:54:45.317+0000] {taskinstance.py:2613} INFO - Dependencies all met for dep_context=non-requeueable deps ti=<TaskInstance: hello_world.hello_world_task manual__2025-01-24T20:54:43.669389+00:00 [queued]>
[2025-01-24T20:54:45.326+0000] {taskinstance.py:2613} INFO - Dependencies all met for dep_context=requeueable deps ti=<TaskInstance: hello_world.hello_world_task manual__2025-01-24T20:54:43.669389+00:00 [queued]>
[2025-01-24T20:54:45.329+0000] {taskinstance.py:2866} INFO - Starting attempt 1 of 1
[2025-01-24T20:54:45.348+0000] {taskinstance.py:2889} INFO - Executing <Task(BashOperator): hello_world_task> on 2025-01-24 20:54:43.669389+00:00
[2025-01-24T20:54:45.354+0000] {standard_task_runner.py:72} INFO - Started process 152 to run task
[2025-01-24T20:54:45.359+0000] {standard_task_runner.py:104} INFO - Running: ['***', 'tasks', 'run', 'hello_world', 'hello_world_task', 'manual__2025-01-24T20:54:43.669389+00:00', '--job-id', '3', '--raw', '--subdir', 'DAGS_FOLDER/simple_hello_world.py', '--cfg-path', '/tmp/tmp1pz8w5u3']
[2025-01-24T20:54:45.362+0000] {standard_task_runner.py:105} INFO - Job 3: Subtask hello_world_task
[2025-01-24T20:54:45.418+0000] {task_command.py:467} INFO - Running <TaskInstance: hello_world.hello_world_task manual__2025-01-24T20:54:43.669389+00:00 [running]> on host 2e1760eddd29
[2025-01-24T20:54:45.503+0000] {taskinstance.py:3132} INFO - Exporting env vars: AIRFLOW_CTX_DAG_OWNER='***' AIRFLOW_CTX_DAG_ID='hello_world' AIRFLOW_CTX_TASK_ID='hello_world_task' AIRFLOW_CTX_EXECUTION_DATE='2025-01-24T20:54:43.669389+00:00' AIRFLOW_CTX_TRY_NUMBER='1' AIRFLOW_CTX_DAG_RUN_ID='manual__2025-01-24T20:54:43.669389+00:00'
[2025-01-24T20:54:45.505+0000] {taskinstance.py:731} INFO - ::endgroup::
[2025-01-24T20:54:45.540+0000] {subprocess.py:78} INFO - Tmp dir root location: /tmp
[2025-01-24T20:54:45.558+0000] {subprocess.py:88} INFO - Running command: ['/usr/bin/bash', '-c', 'echo Hello world!']
[2025-01-24T20:54:45.594+0000] {subprocess.py:99} INFO - Output:
[2025-01-24T20:54:45.601+0000] {subprocess.py:106} INFO - Hello world!
[2025-01-24T20:54:45.603+0000] {subprocess.py:110} INFO - Command exited with return code 0
[2025-01-24T20:54:45.641+0000] {taskinstance.py:340} INFO - ::group::Post task execution logs
[2025-01-24T20:54:45.643+0000] {taskinstance.py:352} INFO - Marking task as SUCCESS. dag_id=hello_world, task_id=hello_world_task, run_id=manual__2025-01-24T20:54:43.669389+00:00, execution_date=20250124T205443, start_date=20250124T205445, end_date=20250124T205445
[2025-01-24T20:54:45.694+0000] {local_task_job_runner.py:266} INFO - Task exited with return code 0
[2025-01-24T20:54:45.728+0000] {taskinstance.py:3895} INFO - 0 downstream tasks scheduled from follow-on schedule check
[2025-01-24T20:54:45.732+0000] {local_task_job_runner.py:245} INFO - ::endgroup::
