[2025-01-24T17:35:18.863+0000] {local_task_job_runner.py:123} INFO - ::group::Pre task execution logs
[2025-01-24T17:35:18.879+0000] {taskinstance.py:2613} INFO - Dependencies all met for dep_context=non-requeueable deps ti=<TaskInstance: example_branch_operator.branching_ext_python manual__2025-01-24T17:35:08.787038+00:00 [queued]>
[2025-01-24T17:35:18.892+0000] {taskinstance.py:2613} INFO - Dependencies all met for dep_context=requeueable deps ti=<TaskInstance: example_branch_operator.branching_ext_python manual__2025-01-24T17:35:08.787038+00:00 [queued]>
[2025-01-24T17:35:18.895+0000] {taskinstance.py:2866} INFO - Starting attempt 1 of 1
[2025-01-24T17:35:18.952+0000] {taskinstance.py:2889} INFO - Executing <Task(BranchExternalPythonOperator): branching_ext_python> on 2025-01-24 17:35:08.787038+00:00
[2025-01-24T17:35:18.960+0000] {standard_task_runner.py:72} INFO - Started process 666 to run task
[2025-01-24T17:35:18.962+0000] {standard_task_runner.py:104} INFO - Running: ['***', 'tasks', 'run', 'example_branch_operator', 'branching_ext_python', 'manual__2025-01-24T17:35:08.787038+00:00', '--job-id', '11', '--raw', '--subdir', '/home/***/.local/lib/python3.11/site-packages/***/example_dags/example_branch_operator.py', '--cfg-path', '/tmp/tmp3xybw0og']
[2025-01-24T17:35:18.965+0000] {standard_task_runner.py:105} INFO - Job 11: Subtask branching_ext_python
[2025-01-24T17:35:19.014+0000] {task_command.py:467} INFO - Running <TaskInstance: example_branch_operator.branching_ext_python manual__2025-01-24T17:35:08.787038+00:00 [running]> on host 67e60a414d03
[2025-01-24T17:35:19.100+0000] {taskinstance.py:3132} INFO - Exporting env vars: AIRFLOW_CTX_DAG_OWNER='***' AIRFLOW_CTX_DAG_ID='example_branch_operator' AIRFLOW_CTX_TASK_ID='branching_ext_python' AIRFLOW_CTX_EXECUTION_DATE='2025-01-24T17:35:08.787038+00:00' AIRFLOW_CTX_TRY_NUMBER='1' AIRFLOW_CTX_DAG_RUN_ID='manual__2025-01-24T17:35:08.787038+00:00'
[2025-01-24T17:35:19.103+0000] {logging_mixin.py:190} INFO - Task instance is in running state
[2025-01-24T17:35:19.105+0000] {logging_mixin.py:190} INFO -  Previous state of the Task instance: queued
[2025-01-24T17:35:19.107+0000] {logging_mixin.py:190} INFO - Current task name:branching_ext_python state:running start_date:2025-01-24 17:35:18.881646+00:00
[2025-01-24T17:35:19.108+0000] {logging_mixin.py:190} INFO - Dag name:example_branch_operator and current dag run status:running
[2025-01-24T17:35:19.109+0000] {taskinstance.py:731} INFO - ::endgroup::
[2025-01-24T17:35:19.110+0000] {baseoperator.py:421} WARNING - BranchExternalPythonOperator.execute cannot be called outside TaskInstance!
[2025-01-24T17:35:19.362+0000] {baseoperator.py:421} WARNING - BranchExternalPythonOperator.execute cannot be called outside TaskInstance!
[2025-01-24T17:35:19.425+0000] {python.py:513} INFO - Use 'pickle' as serializer.
[2025-01-24T17:35:19.436+0000] {process_utils.py:186} INFO - Executing cmd: /home/***/.local/bin/python /tmp/venv-callbv3fenxx/script.py /tmp/venv-callbv3fenxx/script.in /tmp/venv-callbv3fenxx/script.out /tmp/venv-callbv3fenxx/string_args.txt /tmp/venv-callbv3fenxx/termination.log
[2025-01-24T17:35:19.439+0000] {process_utils.py:190} INFO - Output:
[2025-01-24T17:35:22.473+0000] {python.py:240} INFO - Done. Returned value was: ext_py_a
[2025-01-24T17:35:22.475+0000] {branch.py:38} INFO - Branch into ext_py_a
[2025-01-24T17:35:22.477+0000] {skipmixin.py:230} INFO - Following branch ('ext_py_a',)
[2025-01-24T17:35:22.494+0000] {skipmixin.py:278} INFO - Skipping tasks [('ext_py_d', -1), ('ext_py_c', -1), ('ext_py_b', -1)]
[2025-01-24T17:35:22.536+0000] {taskinstance.py:340} INFO - ::group::Post task execution logs
[2025-01-24T17:35:22.538+0000] {taskinstance.py:352} INFO - Marking task as SUCCESS. dag_id=example_branch_operator, task_id=branching_ext_python, run_id=manual__2025-01-24T17:35:08.787038+00:00, execution_date=20250124T173508, start_date=20250124T173518, end_date=20250124T173522
[2025-01-24T17:35:22.579+0000] {logging_mixin.py:190} INFO - Task instance in success state
[2025-01-24T17:35:22.585+0000] {logging_mixin.py:190} INFO -  Previous state of the Task instance: running
[2025-01-24T17:35:22.589+0000] {logging_mixin.py:190} INFO - Dag name:example_branch_operator queued_at:2025-01-24 17:35:08.809398+00:00
[2025-01-24T17:35:22.591+0000] {logging_mixin.py:190} INFO - Task hostname:67e60a414d03 operator:BranchExternalPythonOperator
[2025-01-24T17:35:22.608+0000] {local_task_job_runner.py:266} INFO - Task exited with return code 0
[2025-01-24T17:35:22.672+0000] {taskinstance.py:3895} INFO - 1 downstream tasks scheduled from follow-on schedule check
[2025-01-24T17:35:22.679+0000] {local_task_job_runner.py:245} INFO - ::endgroup::
