[2025-01-24T21:44:57.091+0000] {local_task_job_runner.py:123} INFO - ::group::Pre task execution logs
[2025-01-24T21:44:57.109+0000] {taskinstance.py:2613} INFO - Dependencies all met for dep_context=non-requeueable deps ti=<TaskInstance: hello_world.hello_world_task manual__2025-01-24T21:44:56.193428+00:00 [queued]>
[2025-01-24T21:44:57.117+0000] {taskinstance.py:2613} INFO - Dependencies all met for dep_context=requeueable deps ti=<TaskInstance: hello_world.hello_world_task manual__2025-01-24T21:44:56.193428+00:00 [queued]>
[2025-01-24T21:44:57.120+0000] {taskinstance.py:2866} INFO - Starting attempt 1 of 1
[2025-01-24T21:44:57.136+0000] {taskinstance.py:2889} INFO - Executing <Task(BashOperator): hello_world_task> on 2025-01-24 21:44:56.193428+00:00
[2025-01-24T21:44:57.142+0000] {standard_task_runner.py:72} INFO - Started process 94 to run task
[2025-01-24T21:44:57.144+0000] {standard_task_runner.py:104} INFO - Running: ['***', 'tasks', 'run', 'hello_world', 'hello_world_task', 'manual__2025-01-24T21:44:56.193428+00:00', '--job-id', '3', '--raw', '--subdir', 'DAGS_FOLDER/simple_hello_world.py', '--cfg-path', '/tmp/tmpp74ik_e8']
[2025-01-24T21:44:57.147+0000] {standard_task_runner.py:105} INFO - Job 3: Subtask hello_world_task
[2025-01-24T21:44:57.194+0000] {task_command.py:467} INFO - Running <TaskInstance: hello_world.hello_world_task manual__2025-01-24T21:44:56.193428+00:00 [running]> on host 6eaa7309f7d4
[2025-01-24T21:44:57.261+0000] {taskinstance.py:3132} INFO - Exporting env vars: AIRFLOW_CTX_DAG_OWNER='***' AIRFLOW_CTX_DAG_ID='hello_world' AIRFLOW_CTX_TASK_ID='hello_world_task' AIRFLOW_CTX_EXECUTION_DATE='2025-01-24T21:44:56.193428+00:00' AIRFLOW_CTX_TRY_NUMBER='1' AIRFLOW_CTX_DAG_RUN_ID='manual__2025-01-24T21:44:56.193428+00:00'
[2025-01-24T21:44:57.263+0000] {taskinstance.py:731} INFO - ::endgroup::
[2025-01-24T21:44:57.282+0000] {subprocess.py:78} INFO - Tmp dir root location: /tmp
[2025-01-24T21:44:57.284+0000] {subprocess.py:88} INFO - Running command: ['/usr/bin/bash', '-c', 'echo Hello world!']
[2025-01-24T21:44:57.293+0000] {subprocess.py:99} INFO - Output:
[2025-01-24T21:44:57.296+0000] {subprocess.py:106} INFO - Hello world!
[2025-01-24T21:44:57.298+0000] {subprocess.py:110} INFO - Command exited with return code 0
[2025-01-24T21:44:57.323+0000] {taskinstance.py:340} INFO - ::group::Post task execution logs
[2025-01-24T21:44:57.325+0000] {taskinstance.py:352} INFO - Marking task as SUCCESS. dag_id=hello_world, task_id=hello_world_task, run_id=manual__2025-01-24T21:44:56.193428+00:00, execution_date=20250124T214456, start_date=20250124T214457, end_date=20250124T214457
[2025-01-24T21:44:57.401+0000] {local_task_job_runner.py:266} INFO - Task exited with return code 0
[2025-01-24T21:44:57.415+0000] {taskinstance.py:3895} INFO - 0 downstream tasks scheduled from follow-on schedule check
[2025-01-24T21:44:57.422+0000] {local_task_job_runner.py:245} INFO - ::endgroup::
