[2025-02-05T20:29:48.621+0000] {local_task_job_runner.py:123} INFO - ::group::Pre task execution logs
[2025-02-05T20:29:48.649+0000] {taskinstance.py:2613} INFO - Dependencies all met for dep_context=non-requeueable deps ti=<TaskInstance: branching_using_taskflow.determine_branch manual__2025-02-05T20:29:45.756590+00:00 [queued]>
[2025-02-05T20:29:48.657+0000] {taskinstance.py:2613} INFO - Dependencies all met for dep_context=requeueable deps ti=<TaskInstance: branching_using_taskflow.determine_branch manual__2025-02-05T20:29:45.756590+00:00 [queued]>
[2025-02-05T20:29:48.659+0000] {taskinstance.py:2866} INFO - Starting attempt 1 of 1
[2025-02-05T20:29:48.676+0000] {taskinstance.py:2889} INFO - Executing <Task(_BranchPythonDecoratedOperator): determine_branch> on 2025-02-05 20:29:45.756590+00:00
[2025-02-05T20:29:48.682+0000] {standard_task_runner.py:72} INFO - Started process 4685 to run task
[2025-02-05T20:29:48.686+0000] {standard_task_runner.py:104} INFO - Running: ['***', 'tasks', 'run', 'branching_using_taskflow', 'determine_branch', 'manual__2025-02-05T20:29:45.756590+00:00', '--job-id', '38', '--raw', '--subdir', 'DAGS_FOLDER/branching_using_taskflow.py', '--cfg-path', '/tmp/tmppl0e3__a']
[2025-02-05T20:29:48.688+0000] {standard_task_runner.py:105} INFO - Job 38: Subtask determine_branch
[2025-02-05T20:29:48.725+0000] {task_command.py:467} INFO - Running <TaskInstance: branching_using_taskflow.determine_branch manual__2025-02-05T20:29:45.756590+00:00 [running]> on host c3d37860668a
[2025-02-05T20:29:48.938+0000] {taskinstance.py:3132} INFO - Exporting env vars: AIRFLOW_CTX_DAG_OWNER='***' AIRFLOW_CTX_DAG_ID='branching_using_taskflow' AIRFLOW_CTX_TASK_ID='determine_branch' AIRFLOW_CTX_EXECUTION_DATE='2025-02-05T20:29:45.756590+00:00' AIRFLOW_CTX_TRY_NUMBER='1' AIRFLOW_CTX_DAG_RUN_ID='manual__2025-02-05T20:29:45.756590+00:00'
[2025-02-05T20:29:48.940+0000] {taskinstance.py:731} INFO - ::endgroup::
[2025-02-05T20:29:48.948+0000] {python.py:240} INFO - Done. Returned value was: filter_fwds_task
[2025-02-05T20:29:48.949+0000] {branch.py:38} INFO - Branch into filter_fwds_task
[2025-02-05T20:29:48.950+0000] {skipmixin.py:230} INFO - Following branch ('filter_fwds_task',)
[2025-02-05T20:29:48.964+0000] {skipmixin.py:278} INFO - Skipping tasks [('filter_two_seaters_task', -1)]
[2025-02-05T20:29:48.997+0000] {taskinstance.py:340} INFO - ::group::Post task execution logs
[2025-02-05T20:29:48.998+0000] {taskinstance.py:352} INFO - Marking task as SUCCESS. dag_id=branching_using_taskflow, task_id=determine_branch, run_id=manual__2025-02-05T20:29:45.756590+00:00, execution_date=20250205T202945, start_date=20250205T202948, end_date=20250205T202948
[2025-02-05T20:29:49.020+0000] {local_task_job_runner.py:266} INFO - Task exited with return code 0
[2025-02-05T20:29:49.051+0000] {taskinstance.py:3895} INFO - 1 downstream tasks scheduled from follow-on schedule check
[2025-02-05T20:29:49.055+0000] {local_task_job_runner.py:245} INFO - ::endgroup::
