[2025-01-24T23:18:00.838+0000] {local_task_job_runner.py:123} INFO - ::group::Pre task execution logs
[2025-01-24T23:18:00.854+0000] {taskinstance.py:2613} INFO - Dependencies all met for dep_context=non-requeueable deps ti=<TaskInstance: executing_multiple_tasks.taskA manual__2025-01-24T23:17:59.400510+00:00 [queued]>
[2025-01-24T23:18:00.861+0000] {taskinstance.py:2613} INFO - Dependencies all met for dep_context=requeueable deps ti=<TaskInstance: executing_multiple_tasks.taskA manual__2025-01-24T23:17:59.400510+00:00 [queued]>
[2025-01-24T23:18:00.864+0000] {taskinstance.py:2866} INFO - Starting attempt 1 of 1
[2025-01-24T23:18:00.880+0000] {taskinstance.py:2889} INFO - Executing <Task(BashOperator): taskA> on 2025-01-24 23:17:59.400510+00:00
[2025-01-24T23:18:00.888+0000] {standard_task_runner.py:72} INFO - Started process 1377 to run task
[2025-01-24T23:18:00.890+0000] {standard_task_runner.py:104} INFO - Running: ['***', 'tasks', 'run', 'executing_multiple_tasks', 'taskA', 'manual__2025-01-24T23:17:59.400510+00:00', '--job-id', '16', '--raw', '--subdir', 'DAGS_FOLDER/execute_multiple_tasks.py', '--cfg-path', '/tmp/tmprfpjor7k']
[2025-01-24T23:18:00.893+0000] {standard_task_runner.py:105} INFO - Job 16: Subtask taskA
[2025-01-24T23:18:00.934+0000] {task_command.py:467} INFO - Running <TaskInstance: executing_multiple_tasks.taskA manual__2025-01-24T23:17:59.400510+00:00 [running]> on host 6eaa7309f7d4
[2025-01-24T23:18:01.001+0000] {taskinstance.py:3132} INFO - Exporting env vars: AIRFLOW_CTX_DAG_OWNER='***' AIRFLOW_CTX_DAG_ID='executing_multiple_tasks' AIRFLOW_CTX_TASK_ID='taskA' AIRFLOW_CTX_EXECUTION_DATE='2025-01-24T23:17:59.400510+00:00' AIRFLOW_CTX_TRY_NUMBER='1' AIRFLOW_CTX_DAG_RUN_ID='manual__2025-01-24T23:17:59.400510+00:00'
[2025-01-24T23:18:01.004+0000] {taskinstance.py:731} INFO - ::endgroup::
[2025-01-24T23:18:01.013+0000] {subprocess.py:78} INFO - Tmp dir root location: /tmp
[2025-01-24T23:18:01.017+0000] {subprocess.py:88} INFO - Running command: ['/usr/bin/bash', '-c', '\n            echo TASK A has started!\n        \n            for i in {1..10}\n            do\n                echo TASK A printing $i\n            done\n        \n            echo TASK A has ended!\n        ']
[2025-01-24T23:18:01.026+0000] {subprocess.py:99} INFO - Output:
[2025-01-24T23:18:01.029+0000] {subprocess.py:106} INFO - TASK A has started!
[2025-01-24T23:18:01.030+0000] {subprocess.py:106} INFO - TASK A printing 1
[2025-01-24T23:18:01.032+0000] {subprocess.py:106} INFO - TASK A printing 2
[2025-01-24T23:18:01.033+0000] {subprocess.py:106} INFO - TASK A printing 3
[2025-01-24T23:18:01.035+0000] {subprocess.py:106} INFO - TASK A printing 4
[2025-01-24T23:18:01.036+0000] {subprocess.py:106} INFO - TASK A printing 5
[2025-01-24T23:18:01.037+0000] {subprocess.py:106} INFO - TASK A printing 6
[2025-01-24T23:18:01.039+0000] {subprocess.py:106} INFO - TASK A printing 7
[2025-01-24T23:18:01.040+0000] {subprocess.py:106} INFO - TASK A printing 8
[2025-01-24T23:18:01.042+0000] {subprocess.py:106} INFO - TASK A printing 9
[2025-01-24T23:18:01.042+0000] {subprocess.py:106} INFO - TASK A printing 10
[2025-01-24T23:18:01.043+0000] {subprocess.py:106} INFO - TASK A has ended!
[2025-01-24T23:18:01.045+0000] {subprocess.py:110} INFO - Command exited with return code 0
[2025-01-24T23:18:01.070+0000] {taskinstance.py:340} INFO - ::group::Post task execution logs
[2025-01-24T23:18:01.072+0000] {taskinstance.py:352} INFO - Marking task as SUCCESS. dag_id=executing_multiple_tasks, task_id=taskA, run_id=manual__2025-01-24T23:17:59.400510+00:00, execution_date=20250124T231759, start_date=20250124T231800, end_date=20250124T231801
[2025-01-24T23:18:01.106+0000] {local_task_job_runner.py:266} INFO - Task exited with return code 0
[2025-01-24T23:18:01.128+0000] {taskinstance.py:3895} INFO - 2 downstream tasks scheduled from follow-on schedule check
[2025-01-24T23:18:01.133+0000] {local_task_job_runner.py:245} INFO - ::endgroup::
