[2025-01-29T00:04:35.996+0000] {local_task_job_runner.py:123} INFO - ::group::Pre task execution logs
[2025-01-29T00:04:36.012+0000] {taskinstance.py:2613} INFO - Dependencies all met for dep_context=non-requeueable deps ti=<TaskInstance: executing_sql_pipeline.update_values manual__2025-01-29T00:04:32.762764+00:00 [queued]>
[2025-01-29T00:04:36.018+0000] {taskinstance.py:2613} INFO - Dependencies all met for dep_context=requeueable deps ti=<TaskInstance: executing_sql_pipeline.update_values manual__2025-01-29T00:04:32.762764+00:00 [queued]>
[2025-01-29T00:04:36.020+0000] {taskinstance.py:2866} INFO - Starting attempt 1 of 1
[2025-01-29T00:04:36.030+0000] {taskinstance.py:2889} INFO - Executing <Task(PostgresOperator): update_values> on 2025-01-29 00:04:32.762764+00:00
[2025-01-29T00:04:36.036+0000] {standard_task_runner.py:72} INFO - Started process 1388 to run task
[2025-01-29T00:04:36.038+0000] {standard_task_runner.py:104} INFO - Running: ['***', 'tasks', 'run', 'executing_sql_pipeline', 'update_values', 'manual__2025-01-29T00:04:32.762764+00:00', '--job-id', '31', '--raw', '--subdir', 'DAGS_FOLDER/executing_sql_pipeline.py', '--cfg-path', '/tmp/tmpfop2878_']
[2025-01-29T00:04:36.039+0000] {standard_task_runner.py:105} INFO - Job 31: Subtask update_values
[2025-01-29T00:04:36.073+0000] {task_command.py:467} INFO - Running <TaskInstance: executing_sql_pipeline.update_values manual__2025-01-29T00:04:32.762764+00:00 [running]> on host 6b2a71fc0c6d
[2025-01-29T00:04:36.127+0000] {taskinstance.py:3132} INFO - Exporting env vars: AIRFLOW_CTX_DAG_OWNER='***' AIRFLOW_CTX_DAG_ID='executing_sql_pipeline' AIRFLOW_CTX_TASK_ID='update_values' AIRFLOW_CTX_EXECUTION_DATE='2025-01-29T00:04:32.762764+00:00' AIRFLOW_CTX_TRY_NUMBER='1' AIRFLOW_CTX_DAG_RUN_ID='manual__2025-01-29T00:04:32.762764+00:00'
[2025-01-29T00:04:36.129+0000] {taskinstance.py:731} INFO - ::endgroup::
[2025-01-29T00:04:36.136+0000] {sql.py:278} INFO - Executing: 
            UPDATE users SET city = 'Seattle';
        
[2025-01-29T00:04:36.143+0000] {base.py:84} INFO - Retrieving connection 'postgres_conn'
[2025-01-29T00:04:36.149+0000] {base.py:84} INFO - Retrieving connection 'postgres_conn'
[2025-01-29T00:04:36.153+0000] {sql.py:553} INFO - Running statement: 
            UPDATE users SET city = 'Seattle';
        , parameters: None
[2025-01-29T00:04:36.154+0000] {sql.py:562} INFO - Rows affected: 6
[2025-01-29T00:04:36.163+0000] {taskinstance.py:340} INFO - ::group::Post task execution logs
[2025-01-29T00:04:36.165+0000] {taskinstance.py:352} INFO - Marking task as SUCCESS. dag_id=executing_sql_pipeline, task_id=update_values, run_id=manual__2025-01-29T00:04:32.762764+00:00, execution_date=20250129T000432, start_date=20250129T000436, end_date=20250129T000436
[2025-01-29T00:04:36.211+0000] {local_task_job_runner.py:266} INFO - Task exited with return code 0
[2025-01-29T00:04:36.226+0000] {taskinstance.py:3895} INFO - 1 downstream tasks scheduled from follow-on schedule check
[2025-01-29T00:04:36.230+0000] {local_task_job_runner.py:245} INFO - ::endgroup::
