[2025-01-22T20:18:59.516+0000] {manager.py:487} INFO - Processing files using up to 2 processes at a time 
[2025-01-22T20:18:59.519+0000] {manager.py:488} INFO - Process each file at most once every 30 seconds
[2025-01-22T20:18:59.521+0000] {manager.py:489} INFO - Checking for new files in /opt/airflow/dags every 300 seconds
[2025-01-22T20:18:59.523+0000] {manager.py:759} INFO - Searching for files in /opt/airflow/dags
[2025-01-22T20:18:59.534+0000] {manager.py:762} INFO - There are 0 files in /opt/airflow/dags
[2025-01-22T20:24:00.049+0000] {manager.py:759} INFO - Searching for files in /opt/airflow/dags
[2025-01-22T20:24:00.107+0000] {manager.py:762} INFO - There are 0 files in /opt/airflow/dags
[2025-01-22T20:29:00.915+0000] {manager.py:759} INFO - Searching for files in /opt/airflow/dags
[2025-01-22T20:29:00.932+0000] {manager.py:762} INFO - There are 0 files in /opt/airflow/dags
[2025-01-22T20:33:57.727+0000] {manager.py:469} INFO - Exiting gracefully upon receiving signal 15
[2025-01-22T20:34:41.505+0000] {manager.py:487} INFO - Processing files using up to 2 processes at a time 
[2025-01-22T20:34:41.507+0000] {manager.py:488} INFO - Process each file at most once every 30 seconds
[2025-01-22T20:34:41.509+0000] {manager.py:489} INFO - Checking for new files in /opt/airflow/dags every 300 seconds
[2025-01-22T20:34:41.512+0000] {manager.py:759} INFO - Searching for files in /opt/airflow/dags
[2025-01-22T20:34:41.526+0000] {manager.py:762} INFO - There are 0 files in /opt/airflow/dags
[2025-01-22T20:39:42.091+0000] {manager.py:759} INFO - Searching for files in /opt/airflow/dags
[2025-01-22T20:39:42.102+0000] {manager.py:762} INFO - There are 0 files in /opt/airflow/dags
[2025-01-22T20:44:42.738+0000] {manager.py:759} INFO - Searching for files in /opt/airflow/dags
[2025-01-22T20:44:42.758+0000] {manager.py:762} INFO - There are 0 files in /opt/airflow/dags
[2025-01-22T20:48:35.957+0000] {manager.py:469} INFO - Exiting gracefully upon receiving signal 15
[2025-01-22T21:01:45.275+0000] {manager.py:487} INFO - Processing files using up to 2 processes at a time 
[2025-01-22T21:01:45.277+0000] {manager.py:488} INFO - Process each file at most once every 30 seconds
[2025-01-22T21:01:45.279+0000] {manager.py:489} INFO - Checking for new files in /opt/airflow/dags every 300 seconds
[2025-01-22T21:01:45.281+0000] {manager.py:759} INFO - Searching for files in /opt/airflow/dags
[2025-01-22T21:01:45.293+0000] {manager.py:762} INFO - There are 0 files in /opt/airflow/dags
[2025-01-22T21:06:45.754+0000] {manager.py:759} INFO - Searching for files in /opt/airflow/dags
[2025-01-22T21:06:45.769+0000] {manager.py:762} INFO - There are 0 files in /opt/airflow/dags
[2025-01-22T21:11:46.210+0000] {manager.py:759} INFO - Searching for files in /opt/airflow/dags
[2025-01-22T21:11:46.219+0000] {manager.py:762} INFO - There are 0 files in /opt/airflow/dags
[2025-01-22T21:16:46.689+0000] {manager.py:759} INFO - Searching for files in /opt/airflow/dags
[2025-01-22T21:16:46.708+0000] {manager.py:762} INFO - There are 0 files in /opt/airflow/dags
[2025-01-22T21:21:47.188+0000] {manager.py:759} INFO - Searching for files in /opt/airflow/dags
[2025-01-22T21:21:47.202+0000] {manager.py:762} INFO - There are 0 files in /opt/airflow/dags
[2025-01-22T21:26:47.798+0000] {manager.py:759} INFO - Searching for files in /opt/airflow/dags
[2025-01-22T21:26:47.813+0000] {manager.py:762} INFO - There are 0 files in /opt/airflow/dags
[2025-01-22T21:31:48.470+0000] {manager.py:759} INFO - Searching for files in /opt/airflow/dags
[2025-01-22T21:31:48.488+0000] {manager.py:762} INFO - There are 0 files in /opt/airflow/dags
[2025-01-22T21:32:50.216+0000] {manager.py:469} INFO - Exiting gracefully upon receiving signal 15
[2025-01-22T21:54:10.402+0000] {manager.py:487} INFO - Processing files using up to 2 processes at a time 
[2025-01-22T21:54:10.403+0000] {manager.py:488} INFO - Process each file at most once every 30 seconds
[2025-01-22T21:54:10.404+0000] {manager.py:489} INFO - Checking for new files in /opt/airflow/dags every 300 seconds
[2025-01-22T21:54:10.405+0000] {manager.py:759} INFO - Searching for files in /opt/airflow/dags
[2025-01-22T21:54:10.414+0000] {manager.py:762} INFO - There are 0 files in /opt/airflow/dags
[2025-01-22T21:59:10.747+0000] {manager.py:759} INFO - Searching for files in /opt/airflow/dags
[2025-01-22T21:59:10.755+0000] {manager.py:762} INFO - There are 0 files in /opt/airflow/dags
[2025-01-22T22:04:11.152+0000] {manager.py:759} INFO - Searching for files in /opt/airflow/dags
[2025-01-22T22:04:11.163+0000] {manager.py:762} INFO - There are 0 files in /opt/airflow/dags
[2025-01-22T22:04:20.986+0000] {manager.py:469} INFO - Exiting gracefully upon receiving signal 15
[2025-01-22T22:05:31.105+0000] {manager.py:487} INFO - Processing files using up to 2 processes at a time 
[2025-01-22T22:05:31.106+0000] {manager.py:488} INFO - Process each file at most once every 30 seconds
[2025-01-22T22:05:31.108+0000] {manager.py:489} INFO - Checking for new files in /opt/airflow/dags every 300 seconds
[2025-01-22T22:05:31.109+0000] {manager.py:759} INFO - Searching for files in /opt/airflow/dags
[2025-01-22T22:05:31.118+0000] {manager.py:762} INFO - There are 0 files in /opt/airflow/dags
[2025-01-22T22:07:15.737+0000] {manager.py:469} INFO - Exiting gracefully upon receiving signal 15
[2025-01-22T22:07:50.509+0000] {manager.py:487} INFO - Processing files using up to 2 processes at a time 
[2025-01-22T22:07:50.511+0000] {manager.py:488} INFO - Process each file at most once every 30 seconds
[2025-01-22T22:07:50.512+0000] {manager.py:489} INFO - Checking for new files in /opt/airflow/dags every 300 seconds
[2025-01-22T22:07:50.513+0000] {manager.py:759} INFO - Searching for files in /opt/airflow/dags
[2025-01-22T22:07:50.518+0000] {manager.py:762} INFO - There are 0 files in /opt/airflow/dags
[2025-01-22T22:12:50.901+0000] {manager.py:759} INFO - Searching for files in /opt/airflow/dags
[2025-01-22T22:12:50.910+0000] {manager.py:762} INFO - There are 0 files in /opt/airflow/dags
[2025-01-22T22:17:51.436+0000] {manager.py:759} INFO - Searching for files in /opt/airflow/dags
[2025-01-22T22:17:51.443+0000] {manager.py:762} INFO - There are 0 files in /opt/airflow/dags
[2025-01-22T22:20:05.859+0000] {manager.py:469} INFO - Exiting gracefully upon receiving signal 15
[2025-01-22T22:20:41.761+0000] {manager.py:487} INFO - Processing files using up to 2 processes at a time 
[2025-01-22T22:20:41.763+0000] {manager.py:488} INFO - Process each file at most once every 30 seconds
[2025-01-22T22:20:41.765+0000] {manager.py:489} INFO - Checking for new files in /opt/airflow/dags every 300 seconds
[2025-01-22T22:20:41.768+0000] {manager.py:759} INFO - Searching for files in /opt/airflow/dags
[2025-01-22T22:20:41.779+0000] {manager.py:762} INFO - There are 0 files in /opt/airflow/dags
[2025-01-22T22:21:16.613+0000] {manager.py:469} INFO - Exiting gracefully upon receiving signal 15
[2025-01-22T22:21:51.008+0000] {manager.py:487} INFO - Processing files using up to 2 processes at a time 
[2025-01-22T22:21:51.010+0000] {manager.py:488} INFO - Process each file at most once every 30 seconds
[2025-01-22T22:21:51.011+0000] {manager.py:489} INFO - Checking for new files in /opt/airflow/dags every 300 seconds
[2025-01-22T22:21:51.012+0000] {manager.py:759} INFO - Searching for files in /opt/airflow/dags
[2025-01-22T22:21:51.020+0000] {manager.py:762} INFO - There are 0 files in /opt/airflow/dags
[2025-01-22T22:26:51.561+0000] {manager.py:759} INFO - Searching for files in /opt/airflow/dags
[2025-01-22T22:26:51.573+0000] {manager.py:762} INFO - There are 0 files in /opt/airflow/dags
[2025-01-22T22:31:51.995+0000] {manager.py:759} INFO - Searching for files in /opt/airflow/dags
[2025-01-22T22:31:52.003+0000] {manager.py:762} INFO - There are 0 files in /opt/airflow/dags
[2025-01-22T22:36:52.433+0000] {manager.py:759} INFO - Searching for files in /opt/airflow/dags
[2025-01-22T22:36:52.442+0000] {manager.py:762} INFO - There are 0 files in /opt/airflow/dags
[2025-01-22T22:41:28.164+0000] {manager.py:469} INFO - Exiting gracefully upon receiving signal 15
[2025-01-22T22:42:06.061+0000] {manager.py:487} INFO - Processing files using up to 2 processes at a time 
[2025-01-22T22:42:06.063+0000] {manager.py:488} INFO - Process each file at most once every 30 seconds
[2025-01-22T22:42:06.064+0000] {manager.py:489} INFO - Checking for new files in /opt/airflow/dags every 300 seconds
[2025-01-22T22:42:06.065+0000] {manager.py:759} INFO - Searching for files in /opt/airflow/dags
[2025-01-22T22:42:06.071+0000] {manager.py:762} INFO - There are 0 files in /opt/airflow/dags
[2025-01-22T22:44:35.242+0000] {manager.py:469} INFO - Exiting gracefully upon receiving signal 15
[2025-01-22T22:45:08.035+0000] {manager.py:487} INFO - Processing files using up to 2 processes at a time 
[2025-01-22T22:45:08.036+0000] {manager.py:488} INFO - Process each file at most once every 30 seconds
[2025-01-22T22:45:08.038+0000] {manager.py:489} INFO - Checking for new files in /opt/airflow/dags every 300 seconds
[2025-01-22T22:45:08.039+0000] {manager.py:759} INFO - Searching for files in /opt/airflow/dags
[2025-01-22T22:45:08.047+0000] {manager.py:762} INFO - There are 0 files in /opt/airflow/dags
[2025-01-22T22:50:08.465+0000] {manager.py:759} INFO - Searching for files in /opt/airflow/dags
[2025-01-22T22:50:08.473+0000] {manager.py:762} INFO - There are 0 files in /opt/airflow/dags
[2025-01-22T22:55:08.852+0000] {manager.py:759} INFO - Searching for files in /opt/airflow/dags
[2025-01-22T22:55:08.859+0000] {manager.py:762} INFO - There are 0 files in /opt/airflow/dags
[2025-01-22T22:56:20.117+0000] {manager.py:469} INFO - Exiting gracefully upon receiving signal 15
[2025-01-22T22:56:51.245+0000] {manager.py:487} INFO - Processing files using up to 2 processes at a time 
[2025-01-22T22:56:51.246+0000] {manager.py:488} INFO - Process each file at most once every 30 seconds
[2025-01-22T22:56:51.247+0000] {manager.py:489} INFO - Checking for new files in /opt/airflow/dags every 300 seconds
[2025-01-22T22:56:51.248+0000] {manager.py:759} INFO - Searching for files in /opt/airflow/dags
[2025-01-22T22:56:51.257+0000] {manager.py:762} INFO - There are 0 files in /opt/airflow/dags
[2025-01-22T23:01:51.746+0000] {manager.py:759} INFO - Searching for files in /opt/airflow/dags
[2025-01-22T23:01:51.812+0000] {manager.py:762} INFO - There are 0 files in /opt/airflow/dags
[2025-01-22T23:03:31.762+0000] {manager.py:469} INFO - Exiting gracefully upon receiving signal 15
[2025-01-22T23:06:39.305+0000] {manager.py:487} INFO - Processing files using up to 2 processes at a time 
[2025-01-22T23:06:39.306+0000] {manager.py:488} INFO - Process each file at most once every 30 seconds
[2025-01-22T23:06:39.306+0000] {manager.py:489} INFO - Checking for new files in /opt/airflow/dags every 300 seconds
[2025-01-22T23:06:39.307+0000] {manager.py:759} INFO - Searching for files in /opt/airflow/dags
[2025-01-22T23:06:39.314+0000] {manager.py:762} INFO - There are 0 files in /opt/airflow/dags
[2025-01-22T23:09:58.878+0000] {manager.py:469} INFO - Exiting gracefully upon receiving signal 15
[2025-01-22T23:10:32.880+0000] {manager.py:487} INFO - Processing files using up to 2 processes at a time 
[2025-01-22T23:10:32.881+0000] {manager.py:488} INFO - Process each file at most once every 30 seconds
[2025-01-22T23:10:32.883+0000] {manager.py:489} INFO - Checking for new files in /opt/airflow/dags every 300 seconds
[2025-01-22T23:10:32.884+0000] {manager.py:759} INFO - Searching for files in /opt/airflow/dags
[2025-01-22T23:10:32.891+0000] {manager.py:762} INFO - There are 0 files in /opt/airflow/dags
[2025-01-22T23:15:12.574+0000] {manager.py:469} INFO - Exiting gracefully upon receiving signal 15
[2025-01-22T23:15:44.829+0000] {manager.py:487} INFO - Processing files using up to 2 processes at a time 
[2025-01-22T23:15:44.831+0000] {manager.py:488} INFO - Process each file at most once every 30 seconds
[2025-01-22T23:15:44.832+0000] {manager.py:489} INFO - Checking for new files in /opt/airflow/dags every 300 seconds
[2025-01-22T23:15:44.834+0000] {manager.py:759} INFO - Searching for files in /opt/airflow/dags
[2025-01-22T23:15:44.839+0000] {manager.py:762} INFO - There are 0 files in /opt/airflow/dags
[2025-01-22T23:20:45.507+0000] {manager.py:759} INFO - Searching for files in /opt/airflow/dags
[2025-01-22T23:20:45.513+0000] {manager.py:762} INFO - There are 0 files in /opt/airflow/dags
[2025-01-22T23:25:46.067+0000] {manager.py:759} INFO - Searching for files in /opt/airflow/dags
[2025-01-22T23:25:46.075+0000] {manager.py:762} INFO - There are 0 files in /opt/airflow/dags
[2025-01-22T23:30:46.517+0000] {manager.py:759} INFO - Searching for files in /opt/airflow/dags
[2025-01-22T23:30:46.524+0000] {manager.py:762} INFO - There are 0 files in /opt/airflow/dags
[2025-01-22T23:35:46.932+0000] {manager.py:759} INFO - Searching for files in /opt/airflow/dags
[2025-01-22T23:35:46.939+0000] {manager.py:762} INFO - There are 0 files in /opt/airflow/dags
[2025-01-22T23:37:17.137+0000] {manager.py:469} INFO - Exiting gracefully upon receiving signal 15
[2025-01-22T23:37:52.266+0000] {manager.py:487} INFO - Processing files using up to 2 processes at a time 
[2025-01-22T23:37:52.268+0000] {manager.py:488} INFO - Process each file at most once every 30 seconds
[2025-01-22T23:37:52.269+0000] {manager.py:489} INFO - Checking for new files in /opt/airflow/dags every 300 seconds
[2025-01-22T23:37:52.270+0000] {manager.py:759} INFO - Searching for files in /opt/airflow/dags
[2025-01-22T23:37:52.277+0000] {manager.py:762} INFO - There are 0 files in /opt/airflow/dags
[2025-01-22T23:41:16.509+0000] {manager.py:469} INFO - Exiting gracefully upon receiving signal 15
[2025-01-22T23:44:32.779+0000] {manager.py:487} INFO - Processing files using up to 2 processes at a time 
[2025-01-22T23:44:32.781+0000] {manager.py:488} INFO - Process each file at most once every 30 seconds
[2025-01-22T23:44:32.782+0000] {manager.py:489} INFO - Checking for new files in /opt/airflow/dags every 300 seconds
[2025-01-22T23:44:32.784+0000] {manager.py:759} INFO - Searching for files in /opt/airflow/dags
[2025-01-22T23:44:32.791+0000] {manager.py:762} INFO - There are 0 files in /opt/airflow/dags
[2025-01-22T23:49:30.344+0000] {manager.py:469} INFO - Exiting gracefully upon receiving signal 15
[2025-01-22T23:52:20.541+0000] {manager.py:487} INFO - Processing files using up to 2 processes at a time 
[2025-01-22T23:52:20.543+0000] {manager.py:488} INFO - Process each file at most once every 30 seconds
[2025-01-22T23:52:20.544+0000] {manager.py:489} INFO - Checking for new files in /opt/airflow/dags every 300 seconds
[2025-01-22T23:52:20.545+0000] {manager.py:759} INFO - Searching for files in /opt/airflow/dags
[2025-01-22T23:52:20.553+0000] {manager.py:762} INFO - There are 0 files in /opt/airflow/dags
[2025-01-22T23:54:22.954+0000] {manager.py:469} INFO - Exiting gracefully upon receiving signal 15
[2025-01-22T23:55:00.039+0000] {manager.py:487} INFO - Processing files using up to 2 processes at a time 
[2025-01-22T23:55:00.041+0000] {manager.py:488} INFO - Process each file at most once every 30 seconds
[2025-01-22T23:55:00.042+0000] {manager.py:489} INFO - Checking for new files in /opt/airflow/dags every 300 seconds
[2025-01-22T23:55:00.044+0000] {manager.py:759} INFO - Searching for files in /opt/airflow/dags
[2025-01-22T23:55:00.054+0000] {manager.py:762} INFO - There are 0 files in /opt/airflow/dags
[2025-01-22T23:58:11.310+0000] {manager.py:469} INFO - Exiting gracefully upon receiving signal 15
[2025-01-22T23:58:45.613+0000] {manager.py:487} INFO - Processing files using up to 2 processes at a time 
[2025-01-22T23:58:45.615+0000] {manager.py:488} INFO - Process each file at most once every 30 seconds
[2025-01-22T23:58:45.617+0000] {manager.py:489} INFO - Checking for new files in /opt/airflow/dags every 300 seconds
[2025-01-22T23:58:45.618+0000] {manager.py:759} INFO - Searching for files in /opt/airflow/dags
[2025-01-22T23:58:45.627+0000] {manager.py:762} INFO - There are 0 files in /opt/airflow/dags
[2025-01-23T14:46:34.654+0000] {manager.py:759} INFO - Searching for files in /opt/airflow/dags
[2025-01-23T14:46:34.772+0000] {manager.py:762} INFO - There are 0 files in /opt/airflow/dags
[2025-01-23T15:02:37.980+0000] {manager.py:759} INFO - Searching for files in /opt/airflow/dags
[2025-01-23T15:02:38.143+0000] {manager.py:762} INFO - There are 0 files in /opt/airflow/dags
[2025-01-23T15:07:38.746+0000] {manager.py:759} INFO - Searching for files in /opt/airflow/dags
[2025-01-23T15:07:38.757+0000] {manager.py:762} INFO - There are 0 files in /opt/airflow/dags
[2025-01-23T15:12:39.158+0000] {manager.py:759} INFO - Searching for files in /opt/airflow/dags
[2025-01-23T15:12:39.170+0000] {manager.py:762} INFO - There are 0 files in /opt/airflow/dags
[2025-01-23T15:17:39.779+0000] {manager.py:759} INFO - Searching for files in /opt/airflow/dags
[2025-01-23T15:17:39.785+0000] {manager.py:762} INFO - There are 0 files in /opt/airflow/dags
[2025-01-23T15:22:40.363+0000] {manager.py:759} INFO - Searching for files in /opt/airflow/dags
[2025-01-23T15:22:40.371+0000] {manager.py:762} INFO - There are 0 files in /opt/airflow/dags
[2025-01-23T15:27:40.862+0000] {manager.py:759} INFO - Searching for files in /opt/airflow/dags
[2025-01-23T15:27:40.869+0000] {manager.py:762} INFO - There are 0 files in /opt/airflow/dags
[2025-01-23T15:32:41.444+0000] {manager.py:759} INFO - Searching for files in /opt/airflow/dags
[2025-01-23T15:32:41.451+0000] {manager.py:762} INFO - There are 0 files in /opt/airflow/dags
[2025-01-23T15:37:42.009+0000] {manager.py:759} INFO - Searching for files in /opt/airflow/dags
[2025-01-23T15:37:42.020+0000] {manager.py:762} INFO - There are 0 files in /opt/airflow/dags
[2025-01-23T15:42:42.432+0000] {manager.py:759} INFO - Searching for files in /opt/airflow/dags
[2025-01-23T15:42:42.442+0000] {manager.py:762} INFO - There are 0 files in /opt/airflow/dags
[2025-01-23T15:47:43.016+0000] {manager.py:759} INFO - Searching for files in /opt/airflow/dags
[2025-01-23T15:47:43.023+0000] {manager.py:762} INFO - There are 0 files in /opt/airflow/dags
[2025-01-23T15:52:43.678+0000] {manager.py:759} INFO - Searching for files in /opt/airflow/dags
[2025-01-23T15:52:43.689+0000] {manager.py:762} INFO - There are 0 files in /opt/airflow/dags
[2025-01-23T15:57:44.258+0000] {manager.py:759} INFO - Searching for files in /opt/airflow/dags
[2025-01-23T15:57:44.264+0000] {manager.py:762} INFO - There are 0 files in /opt/airflow/dags
[2025-01-23T16:02:44.857+0000] {manager.py:759} INFO - Searching for files in /opt/airflow/dags
[2025-01-23T16:02:44.863+0000] {manager.py:762} INFO - There are 0 files in /opt/airflow/dags
[2025-01-23T16:07:45.354+0000] {manager.py:759} INFO - Searching for files in /opt/airflow/dags
[2025-01-23T16:07:45.364+0000] {manager.py:762} INFO - There are 0 files in /opt/airflow/dags
[2025-01-23T16:12:46.082+0000] {manager.py:759} INFO - Searching for files in /opt/airflow/dags
[2025-01-23T16:12:46.089+0000] {manager.py:762} INFO - There are 0 files in /opt/airflow/dags
[2025-01-23T16:17:46.715+0000] {manager.py:759} INFO - Searching for files in /opt/airflow/dags
[2025-01-23T16:17:46.721+0000] {manager.py:762} INFO - There are 0 files in /opt/airflow/dags
[2025-01-23T16:20:10.585+0000] {manager.py:469} INFO - Exiting gracefully upon receiving signal 15
[2025-01-23T16:20:46.274+0000] {manager.py:487} INFO - Processing files using up to 2 processes at a time 
[2025-01-23T16:20:46.276+0000] {manager.py:488} INFO - Process each file at most once every 30 seconds
[2025-01-23T16:20:46.277+0000] {manager.py:489} INFO - Checking for new files in /opt/airflow/dags every 300 seconds
[2025-01-23T16:20:46.278+0000] {manager.py:759} INFO - Searching for files in /opt/airflow/dags
[2025-01-23T16:20:46.287+0000] {manager.py:762} INFO - There are 0 files in /opt/airflow/dags
[2025-01-23T16:25:46.843+0000] {manager.py:759} INFO - Searching for files in /opt/airflow/dags
[2025-01-23T16:25:46.853+0000] {manager.py:762} INFO - There are 0 files in /opt/airflow/dags
[2025-01-23T16:30:47.484+0000] {manager.py:759} INFO - Searching for files in /opt/airflow/dags
[2025-01-23T16:30:47.493+0000] {manager.py:762} INFO - There are 0 files in /opt/airflow/dags
[2025-01-23T16:35:48.171+0000] {manager.py:759} INFO - Searching for files in /opt/airflow/dags
[2025-01-23T16:35:48.181+0000] {manager.py:762} INFO - There are 0 files in /opt/airflow/dags
[2025-01-23T16:40:48.677+0000] {manager.py:759} INFO - Searching for files in /opt/airflow/dags
[2025-01-23T16:40:48.684+0000] {manager.py:762} INFO - There are 0 files in /opt/airflow/dags
[2025-01-23T16:44:25.420+0000] {manager.py:469} INFO - Exiting gracefully upon receiving signal 15
[2025-01-23T16:45:00.945+0000] {manager.py:487} INFO - Processing files using up to 2 processes at a time 
[2025-01-23T16:45:00.946+0000] {manager.py:488} INFO - Process each file at most once every 30 seconds
[2025-01-23T16:45:00.948+0000] {manager.py:489} INFO - Checking for new files in /opt/airflow/dags every 300 seconds
[2025-01-23T16:45:00.949+0000] {manager.py:759} INFO - Searching for files in /opt/airflow/dags
[2025-01-23T16:45:00.956+0000] {manager.py:762} INFO - There are 0 files in /opt/airflow/dags
[2025-01-23T16:50:01.618+0000] {manager.py:759} INFO - Searching for files in /opt/airflow/dags
[2025-01-23T16:50:01.628+0000] {manager.py:762} INFO - There are 0 files in /opt/airflow/dags
[2025-01-23T16:55:02.225+0000] {manager.py:759} INFO - Searching for files in /opt/airflow/dags
[2025-01-23T16:55:02.233+0000] {manager.py:762} INFO - There are 0 files in /opt/airflow/dags
[2025-01-23T17:00:02.758+0000] {manager.py:759} INFO - Searching for files in /opt/airflow/dags
[2025-01-23T17:00:02.766+0000] {manager.py:762} INFO - There are 0 files in /opt/airflow/dags
[2025-01-23T17:05:03.358+0000] {manager.py:759} INFO - Searching for files in /opt/airflow/dags
[2025-01-23T17:05:03.374+0000] {manager.py:762} INFO - There are 0 files in /opt/airflow/dags
[2025-01-23T17:10:04.023+0000] {manager.py:759} INFO - Searching for files in /opt/airflow/dags
[2025-01-23T17:10:04.033+0000] {manager.py:762} INFO - There are 0 files in /opt/airflow/dags
[2025-01-23T17:15:04.703+0000] {manager.py:759} INFO - Searching for files in /opt/airflow/dags
[2025-01-23T17:15:04.712+0000] {manager.py:762} INFO - There are 0 files in /opt/airflow/dags
[2025-01-23T17:20:05.275+0000] {manager.py:759} INFO - Searching for files in /opt/airflow/dags
[2025-01-23T17:20:05.287+0000] {manager.py:762} INFO - There are 0 files in /opt/airflow/dags
[2025-01-23T17:25:05.686+0000] {manager.py:759} INFO - Searching for files in /opt/airflow/dags
[2025-01-23T17:25:05.696+0000] {manager.py:762} INFO - There are 0 files in /opt/airflow/dags
[2025-01-23T17:30:06.258+0000] {manager.py:759} INFO - Searching for files in /opt/airflow/dags
[2025-01-23T17:30:06.267+0000] {manager.py:762} INFO - There are 0 files in /opt/airflow/dags
[2025-01-23T17:35:06.755+0000] {manager.py:759} INFO - Searching for files in /opt/airflow/dags
[2025-01-23T17:35:06.765+0000] {manager.py:762} INFO - There are 0 files in /opt/airflow/dags
[2025-01-23T17:40:07.437+0000] {manager.py:759} INFO - Searching for files in /opt/airflow/dags
[2025-01-23T17:40:07.444+0000] {manager.py:762} INFO - There are 0 files in /opt/airflow/dags
[2025-01-23T17:45:08.131+0000] {manager.py:759} INFO - Searching for files in /opt/airflow/dags
[2025-01-23T17:45:08.142+0000] {manager.py:762} INFO - There are 0 files in /opt/airflow/dags
[2025-01-23T17:50:08.660+0000] {manager.py:759} INFO - Searching for files in /opt/airflow/dags
[2025-01-23T17:50:08.670+0000] {manager.py:762} INFO - There are 0 files in /opt/airflow/dags
[2025-01-23T17:55:09.235+0000] {manager.py:759} INFO - Searching for files in /opt/airflow/dags
[2025-01-23T17:55:09.247+0000] {manager.py:762} INFO - There are 0 files in /opt/airflow/dags
[2025-01-23T18:00:09.813+0000] {manager.py:759} INFO - Searching for files in /opt/airflow/dags
[2025-01-23T18:00:09.823+0000] {manager.py:762} INFO - There are 0 files in /opt/airflow/dags
[2025-01-23T18:05:10.477+0000] {manager.py:759} INFO - Searching for files in /opt/airflow/dags
[2025-01-23T18:05:10.485+0000] {manager.py:762} INFO - There are 0 files in /opt/airflow/dags
[2025-01-23T18:10:11.094+0000] {manager.py:759} INFO - Searching for files in /opt/airflow/dags
[2025-01-23T18:10:11.101+0000] {manager.py:762} INFO - There are 0 files in /opt/airflow/dags
[2025-01-23T18:15:11.610+0000] {manager.py:759} INFO - Searching for files in /opt/airflow/dags
[2025-01-23T18:15:11.618+0000] {manager.py:762} INFO - There are 0 files in /opt/airflow/dags
[2025-01-23T18:20:11.974+0000] {manager.py:759} INFO - Searching for files in /opt/airflow/dags
[2025-01-23T18:20:11.980+0000] {manager.py:762} INFO - There are 0 files in /opt/airflow/dags
[2025-01-23T18:25:12.367+0000] {manager.py:759} INFO - Searching for files in /opt/airflow/dags
[2025-01-23T18:25:12.373+0000] {manager.py:762} INFO - There are 0 files in /opt/airflow/dags
[2025-01-23T18:30:12.755+0000] {manager.py:759} INFO - Searching for files in /opt/airflow/dags
[2025-01-23T18:30:12.760+0000] {manager.py:762} INFO - There are 0 files in /opt/airflow/dags
[2025-01-23T18:35:13.108+0000] {manager.py:759} INFO - Searching for files in /opt/airflow/dags
[2025-01-23T18:35:13.116+0000] {manager.py:762} INFO - There are 0 files in /opt/airflow/dags
[2025-01-23T18:40:13.483+0000] {manager.py:759} INFO - Searching for files in /opt/airflow/dags
[2025-01-23T18:40:13.490+0000] {manager.py:762} INFO - There are 0 files in /opt/airflow/dags
[2025-01-23T18:45:13.913+0000] {manager.py:759} INFO - Searching for files in /opt/airflow/dags
[2025-01-23T18:45:13.924+0000] {manager.py:762} INFO - There are 0 files in /opt/airflow/dags
[2025-01-23T18:50:14.307+0000] {manager.py:759} INFO - Searching for files in /opt/airflow/dags
[2025-01-23T18:50:14.318+0000] {manager.py:762} INFO - There are 0 files in /opt/airflow/dags
[2025-01-23T18:55:14.693+0000] {manager.py:759} INFO - Searching for files in /opt/airflow/dags
[2025-01-23T18:55:14.704+0000] {manager.py:762} INFO - There are 0 files in /opt/airflow/dags
[2025-01-23T19:00:15.197+0000] {manager.py:759} INFO - Searching for files in /opt/airflow/dags
[2025-01-23T19:00:15.205+0000] {manager.py:762} INFO - There are 0 files in /opt/airflow/dags
[2025-01-23T19:05:15.742+0000] {manager.py:759} INFO - Searching for files in /opt/airflow/dags
[2025-01-23T19:05:15.751+0000] {manager.py:762} INFO - There are 0 files in /opt/airflow/dags
[2025-01-23T19:10:16.072+0000] {manager.py:759} INFO - Searching for files in /opt/airflow/dags
[2025-01-23T19:10:16.089+0000] {manager.py:762} INFO - There are 0 files in /opt/airflow/dags
[2025-01-23T19:15:16.432+0000] {manager.py:759} INFO - Searching for files in /opt/airflow/dags
[2025-01-23T19:15:16.443+0000] {manager.py:762} INFO - There are 0 files in /opt/airflow/dags
[2025-01-23T19:20:16.831+0000] {manager.py:759} INFO - Searching for files in /opt/airflow/dags
[2025-01-23T19:20:16.867+0000] {manager.py:762} INFO - There are 0 files in /opt/airflow/dags
[2025-01-23T19:25:17.246+0000] {manager.py:759} INFO - Searching for files in /opt/airflow/dags
[2025-01-23T19:25:17.267+0000] {manager.py:762} INFO - There are 0 files in /opt/airflow/dags
[2025-01-23T19:30:17.577+0000] {manager.py:759} INFO - Searching for files in /opt/airflow/dags
[2025-01-23T19:30:17.607+0000] {manager.py:762} INFO - There are 0 files in /opt/airflow/dags
[2025-01-23T19:35:17.970+0000] {manager.py:759} INFO - Searching for files in /opt/airflow/dags
[2025-01-23T19:35:17.987+0000] {manager.py:762} INFO - There are 0 files in /opt/airflow/dags
[2025-01-23T19:40:18.348+0000] {manager.py:759} INFO - Searching for files in /opt/airflow/dags
[2025-01-23T19:40:18.365+0000] {manager.py:762} INFO - There are 0 files in /opt/airflow/dags
[2025-01-23T19:45:18.741+0000] {manager.py:759} INFO - Searching for files in /opt/airflow/dags
[2025-01-23T19:45:18.758+0000] {manager.py:762} INFO - There are 0 files in /opt/airflow/dags
[2025-01-23T19:50:19.174+0000] {manager.py:759} INFO - Searching for files in /opt/airflow/dags
[2025-01-23T19:50:19.186+0000] {manager.py:762} INFO - There are 0 files in /opt/airflow/dags
[2025-01-23T19:55:19.532+0000] {manager.py:759} INFO - Searching for files in /opt/airflow/dags
[2025-01-23T19:55:19.549+0000] {manager.py:762} INFO - There are 0 files in /opt/airflow/dags
[2025-01-23T20:00:19.920+0000] {manager.py:759} INFO - Searching for files in /opt/airflow/dags
[2025-01-23T20:00:19.943+0000] {manager.py:762} INFO - There are 0 files in /opt/airflow/dags
[2025-01-23T20:05:20.498+0000] {manager.py:759} INFO - Searching for files in /opt/airflow/dags
[2025-01-23T20:05:20.505+0000] {manager.py:762} INFO - There are 0 files in /opt/airflow/dags
[2025-01-23T20:10:21.183+0000] {manager.py:759} INFO - Searching for files in /opt/airflow/dags
[2025-01-23T20:10:21.195+0000] {manager.py:762} INFO - There are 0 files in /opt/airflow/dags
[2025-01-23T20:15:21.543+0000] {manager.py:759} INFO - Searching for files in /opt/airflow/dags
[2025-01-23T20:15:21.554+0000] {manager.py:762} INFO - There are 0 files in /opt/airflow/dags
[2025-01-23T20:20:21.857+0000] {manager.py:759} INFO - Searching for files in /opt/airflow/dags
[2025-01-23T20:20:21.867+0000] {manager.py:762} INFO - There are 0 files in /opt/airflow/dags
[2025-01-23T20:25:22.167+0000] {manager.py:759} INFO - Searching for files in /opt/airflow/dags
[2025-01-23T20:25:22.181+0000] {manager.py:762} INFO - There are 0 files in /opt/airflow/dags
[2025-01-23T20:30:22.547+0000] {manager.py:759} INFO - Searching for files in /opt/airflow/dags
[2025-01-23T20:30:22.559+0000] {manager.py:762} INFO - There are 0 files in /opt/airflow/dags
[2025-01-23T20:35:22.871+0000] {manager.py:759} INFO - Searching for files in /opt/airflow/dags
[2025-01-23T20:35:22.888+0000] {manager.py:762} INFO - There are 0 files in /opt/airflow/dags
[2025-01-23T20:40:23.217+0000] {manager.py:759} INFO - Searching for files in /opt/airflow/dags
[2025-01-23T20:40:23.232+0000] {manager.py:762} INFO - There are 0 files in /opt/airflow/dags
[2025-01-23T20:45:23.633+0000] {manager.py:759} INFO - Searching for files in /opt/airflow/dags
[2025-01-23T20:45:23.663+0000] {manager.py:762} INFO - There are 0 files in /opt/airflow/dags
[2025-01-23T20:50:24.038+0000] {manager.py:759} INFO - Searching for files in /opt/airflow/dags
[2025-01-23T20:50:24.051+0000] {manager.py:762} INFO - There are 0 files in /opt/airflow/dags
[2025-01-23T20:55:24.340+0000] {manager.py:759} INFO - Searching for files in /opt/airflow/dags
[2025-01-23T20:55:24.351+0000] {manager.py:762} INFO - There are 0 files in /opt/airflow/dags
[2025-01-23T21:00:24.548+0000] {manager.py:759} INFO - Searching for files in /opt/airflow/dags
[2025-01-23T21:00:24.558+0000] {manager.py:762} INFO - There are 0 files in /opt/airflow/dags
[2025-01-23T21:05:24.700+0000] {manager.py:759} INFO - Searching for files in /opt/airflow/dags
[2025-01-23T21:05:24.712+0000] {manager.py:762} INFO - There are 0 files in /opt/airflow/dags
[2025-01-23T21:10:24.997+0000] {manager.py:759} INFO - Searching for files in /opt/airflow/dags
[2025-01-23T21:10:25.008+0000] {manager.py:762} INFO - There are 0 files in /opt/airflow/dags
[2025-01-23T21:15:25.322+0000] {manager.py:759} INFO - Searching for files in /opt/airflow/dags
[2025-01-23T21:15:25.341+0000] {manager.py:762} INFO - There are 0 files in /opt/airflow/dags
[2025-01-23T21:20:26.140+0000] {manager.py:759} INFO - Searching for files in /opt/airflow/dags
[2025-01-23T21:20:26.146+0000] {manager.py:762} INFO - There are 0 files in /opt/airflow/dags
[2025-01-23T21:25:26.625+0000] {manager.py:759} INFO - Searching for files in /opt/airflow/dags
[2025-01-23T21:25:26.631+0000] {manager.py:762} INFO - There are 0 files in /opt/airflow/dags
[2025-01-23T21:30:27.513+0000] {manager.py:759} INFO - Searching for files in /opt/airflow/dags
[2025-01-23T21:30:27.522+0000] {manager.py:762} INFO - There are 0 files in /opt/airflow/dags
[2025-01-23T21:35:28.028+0000] {manager.py:759} INFO - Searching for files in /opt/airflow/dags
[2025-01-23T21:35:28.036+0000] {manager.py:762} INFO - There are 0 files in /opt/airflow/dags
[2025-01-23T21:40:28.528+0000] {manager.py:759} INFO - Searching for files in /opt/airflow/dags
[2025-01-23T21:40:28.536+0000] {manager.py:762} INFO - There are 0 files in /opt/airflow/dags
[2025-01-23T21:45:29.096+0000] {manager.py:759} INFO - Searching for files in /opt/airflow/dags
[2025-01-23T21:45:29.102+0000] {manager.py:762} INFO - There are 0 files in /opt/airflow/dags
[2025-01-23T21:50:29.545+0000] {manager.py:759} INFO - Searching for files in /opt/airflow/dags
[2025-01-23T21:50:29.553+0000] {manager.py:762} INFO - There are 0 files in /opt/airflow/dags
[2025-01-23T21:55:30.000+0000] {manager.py:759} INFO - Searching for files in /opt/airflow/dags
[2025-01-23T21:55:30.005+0000] {manager.py:762} INFO - There are 0 files in /opt/airflow/dags
[2025-01-23T22:00:30.497+0000] {manager.py:759} INFO - Searching for files in /opt/airflow/dags
[2025-01-23T22:00:30.507+0000] {manager.py:762} INFO - There are 0 files in /opt/airflow/dags
[2025-01-23T22:05:30.986+0000] {manager.py:759} INFO - Searching for files in /opt/airflow/dags
[2025-01-23T22:05:30.991+0000] {manager.py:762} INFO - There are 0 files in /opt/airflow/dags
[2025-01-23T22:10:31.472+0000] {manager.py:759} INFO - Searching for files in /opt/airflow/dags
[2025-01-23T22:10:31.482+0000] {manager.py:762} INFO - There are 0 files in /opt/airflow/dags
[2025-01-23T22:15:32.027+0000] {manager.py:759} INFO - Searching for files in /opt/airflow/dags
[2025-01-23T22:15:32.032+0000] {manager.py:762} INFO - There are 0 files in /opt/airflow/dags
[2025-01-23T22:20:32.521+0000] {manager.py:759} INFO - Searching for files in /opt/airflow/dags
[2025-01-23T22:20:32.529+0000] {manager.py:762} INFO - There are 0 files in /opt/airflow/dags
[2025-01-23T22:25:32.970+0000] {manager.py:759} INFO - Searching for files in /opt/airflow/dags
[2025-01-23T22:25:32.978+0000] {manager.py:762} INFO - There are 0 files in /opt/airflow/dags
[2025-01-23T22:30:33.407+0000] {manager.py:759} INFO - Searching for files in /opt/airflow/dags
[2025-01-23T22:30:33.415+0000] {manager.py:762} INFO - There are 0 files in /opt/airflow/dags
[2025-01-23T22:35:33.913+0000] {manager.py:759} INFO - Searching for files in /opt/airflow/dags
[2025-01-23T22:35:33.932+0000] {manager.py:762} INFO - There are 0 files in /opt/airflow/dags
[2025-01-23T22:40:34.364+0000] {manager.py:759} INFO - Searching for files in /opt/airflow/dags
[2025-01-23T22:40:34.384+0000] {manager.py:762} INFO - There are 0 files in /opt/airflow/dags
[2025-01-23T22:45:34.857+0000] {manager.py:759} INFO - Searching for files in /opt/airflow/dags
[2025-01-23T22:45:34.863+0000] {manager.py:762} INFO - There are 0 files in /opt/airflow/dags
[2025-01-23T22:50:35.338+0000] {manager.py:759} INFO - Searching for files in /opt/airflow/dags
[2025-01-23T22:50:35.344+0000] {manager.py:762} INFO - There are 0 files in /opt/airflow/dags
[2025-01-23T22:55:35.739+0000] {manager.py:759} INFO - Searching for files in /opt/airflow/dags
[2025-01-23T22:55:35.746+0000] {manager.py:762} INFO - There are 0 files in /opt/airflow/dags
[2025-01-23T23:00:36.112+0000] {manager.py:759} INFO - Searching for files in /opt/airflow/dags
[2025-01-23T23:00:36.117+0000] {manager.py:762} INFO - There are 0 files in /opt/airflow/dags
[2025-01-23T23:05:36.500+0000] {manager.py:759} INFO - Searching for files in /opt/airflow/dags
[2025-01-23T23:05:36.508+0000] {manager.py:762} INFO - There are 0 files in /opt/airflow/dags
[2025-01-23T23:10:36.933+0000] {manager.py:759} INFO - Searching for files in /opt/airflow/dags
[2025-01-23T23:10:36.943+0000] {manager.py:762} INFO - There are 0 files in /opt/airflow/dags
[2025-01-23T23:15:37.352+0000] {manager.py:759} INFO - Searching for files in /opt/airflow/dags
[2025-01-23T23:15:37.360+0000] {manager.py:762} INFO - There are 0 files in /opt/airflow/dags
[2025-01-23T23:20:37.720+0000] {manager.py:759} INFO - Searching for files in /opt/airflow/dags
[2025-01-23T23:20:37.729+0000] {manager.py:762} INFO - There are 0 files in /opt/airflow/dags
[2025-01-23T23:25:38.104+0000] {manager.py:759} INFO - Searching for files in /opt/airflow/dags
[2025-01-23T23:25:38.112+0000] {manager.py:762} INFO - There are 0 files in /opt/airflow/dags
[2025-01-23T23:30:38.650+0000] {manager.py:759} INFO - Searching for files in /opt/airflow/dags
[2025-01-23T23:30:38.658+0000] {manager.py:762} INFO - There are 0 files in /opt/airflow/dags
[2025-01-23T23:35:39.210+0000] {manager.py:759} INFO - Searching for files in /opt/airflow/dags
[2025-01-23T23:35:39.218+0000] {manager.py:762} INFO - There are 0 files in /opt/airflow/dags
[2025-01-23T23:40:39.710+0000] {manager.py:759} INFO - Searching for files in /opt/airflow/dags
[2025-01-23T23:40:39.721+0000] {manager.py:762} INFO - There are 0 files in /opt/airflow/dags
[2025-01-23T23:45:40.202+0000] {manager.py:759} INFO - Searching for files in /opt/airflow/dags
[2025-01-23T23:45:40.208+0000] {manager.py:762} INFO - There are 0 files in /opt/airflow/dags
[2025-01-23T23:50:40.724+0000] {manager.py:759} INFO - Searching for files in /opt/airflow/dags
[2025-01-23T23:50:40.731+0000] {manager.py:762} INFO - There are 0 files in /opt/airflow/dags
[2025-01-23T23:55:41.163+0000] {manager.py:759} INFO - Searching for files in /opt/airflow/dags
[2025-01-23T23:55:41.169+0000] {manager.py:762} INFO - There are 0 files in /opt/airflow/dags
[2025-01-24T00:00:41.582+0000] {manager.py:759} INFO - Searching for files in /opt/airflow/dags
[2025-01-24T00:00:41.587+0000] {manager.py:762} INFO - There are 0 files in /opt/airflow/dags
[2025-01-24T00:05:41.935+0000] {manager.py:759} INFO - Searching for files in /opt/airflow/dags
[2025-01-24T00:05:41.944+0000] {manager.py:762} INFO - There are 0 files in /opt/airflow/dags
[2025-01-24T00:10:42.337+0000] {manager.py:759} INFO - Searching for files in /opt/airflow/dags
[2025-01-24T00:10:42.343+0000] {manager.py:762} INFO - There are 0 files in /opt/airflow/dags
[2025-01-24T00:15:42.731+0000] {manager.py:759} INFO - Searching for files in /opt/airflow/dags
[2025-01-24T00:15:42.739+0000] {manager.py:762} INFO - There are 0 files in /opt/airflow/dags
[2025-01-24T00:20:43.263+0000] {manager.py:759} INFO - Searching for files in /opt/airflow/dags
[2025-01-24T00:20:43.268+0000] {manager.py:762} INFO - There are 0 files in /opt/airflow/dags
[2025-01-24T00:25:43.820+0000] {manager.py:759} INFO - Searching for files in /opt/airflow/dags
[2025-01-24T00:25:43.828+0000] {manager.py:762} INFO - There are 0 files in /opt/airflow/dags
[2025-01-24T00:30:44.396+0000] {manager.py:759} INFO - Searching for files in /opt/airflow/dags
[2025-01-24T00:30:44.405+0000] {manager.py:762} INFO - There are 0 files in /opt/airflow/dags
[2025-01-24T00:35:44.997+0000] {manager.py:759} INFO - Searching for files in /opt/airflow/dags
[2025-01-24T00:35:45.003+0000] {manager.py:762} INFO - There are 0 files in /opt/airflow/dags
[2025-01-24T00:40:45.571+0000] {manager.py:759} INFO - Searching for files in /opt/airflow/dags
[2025-01-24T00:40:45.578+0000] {manager.py:762} INFO - There are 0 files in /opt/airflow/dags
[2025-01-24T00:45:46.190+0000] {manager.py:759} INFO - Searching for files in /opt/airflow/dags
[2025-01-24T00:45:46.195+0000] {manager.py:762} INFO - There are 0 files in /opt/airflow/dags
[2025-01-24T00:50:46.737+0000] {manager.py:759} INFO - Searching for files in /opt/airflow/dags
[2025-01-24T00:50:46.742+0000] {manager.py:762} INFO - There are 0 files in /opt/airflow/dags
[2025-01-24T00:55:47.301+0000] {manager.py:759} INFO - Searching for files in /opt/airflow/dags
[2025-01-24T00:55:47.310+0000] {manager.py:762} INFO - There are 0 files in /opt/airflow/dags
[2025-01-24T01:00:47.752+0000] {manager.py:759} INFO - Searching for files in /opt/airflow/dags
[2025-01-24T01:00:47.759+0000] {manager.py:762} INFO - There are 0 files in /opt/airflow/dags
[2025-01-24T01:05:48.225+0000] {manager.py:759} INFO - Searching for files in /opt/airflow/dags
[2025-01-24T01:05:48.246+0000] {manager.py:762} INFO - There are 0 files in /opt/airflow/dags
[2025-01-24T01:10:48.668+0000] {manager.py:759} INFO - Searching for files in /opt/airflow/dags
[2025-01-24T01:10:48.677+0000] {manager.py:762} INFO - There are 0 files in /opt/airflow/dags
[2025-01-24T01:11:28.415+0000] {manager.py:469} INFO - Exiting gracefully upon receiving signal 15
[2025-01-24T01:42:55.793+0000] {manager.py:483} INFO - Processing files using up to 2 processes at a time 
[2025-01-24T01:42:55.796+0000] {manager.py:484} INFO - Process each file at most once every 30 seconds
[2025-01-24T01:42:55.797+0000] {manager.py:485} INFO - Checking for new files in /opt/airflow/dags every 300 seconds
[2025-01-24T01:42:55.799+0000] {manager.py:821} INFO - Searching for files in /opt/airflow/dags
[2025-01-24T01:42:55.808+0000] {manager.py:824} INFO - There are 0 files in /opt/airflow/dags
[2025-01-24T01:47:56.494+0000] {manager.py:821} INFO - Searching for files in /opt/airflow/dags
[2025-01-24T01:47:56.501+0000] {manager.py:824} INFO - There are 0 files in /opt/airflow/dags
[2025-01-24T01:51:22.315+0000] {manager.py:465} INFO - Exiting gracefully upon receiving signal 15
