[2025-01-29T17:10:13.246+0000] {local_task_job_runner.py:123} INFO - ::group::Pre task execution logs
[2025-01-29T17:10:13.286+0000] {taskinstance.py:2613} INFO - Dependencies all met for dep_context=non-requeueable deps ti=<TaskInstance: cron_catchup_backfill.taskA backfill__2025-01-11T00:00:00+00:00 [queued]>
[2025-01-29T17:10:13.301+0000] {taskinstance.py:2613} INFO - Dependencies all met for dep_context=requeueable deps ti=<TaskInstance: cron_catchup_backfill.taskA backfill__2025-01-11T00:00:00+00:00 [queued]>
[2025-01-29T17:10:13.305+0000] {taskinstance.py:2866} INFO - Starting attempt 1 of 1
[2025-01-29T17:10:13.331+0000] {taskinstance.py:2889} INFO - Executing <Task(BashOperator): taskA> on 2025-01-11 00:00:00+00:00
[2025-01-29T17:10:13.343+0000] {standard_task_runner.py:72} INFO - Started process 2534 to run task
[2025-01-29T17:10:13.347+0000] {standard_task_runner.py:104} INFO - Running: ['***', 'tasks', 'run', 'cron_catchup_backfill', 'taskA', 'backfill__2025-01-11T00:00:00+00:00', '--job-id', '121', '--pool', 'default_pool', '--raw', '--subdir', 'DAGS_FOLDER/executing_cron_catchup_backfill.py', '--cfg-path', '/tmp/tmpij59qnl0']
[2025-01-29T17:10:13.352+0000] {standard_task_runner.py:105} INFO - Job 121: Subtask taskA
[2025-01-29T17:10:13.449+0000] {task_command.py:467} INFO - Running <TaskInstance: cron_catchup_backfill.taskA backfill__2025-01-11T00:00:00+00:00 [running]> on host ef9d5dc750d2
[2025-01-29T17:10:13.570+0000] {taskinstance.py:3132} INFO - Exporting env vars: AIRFLOW_CTX_DAG_OWNER='***' AIRFLOW_CTX_DAG_ID='cron_catchup_backfill' AIRFLOW_CTX_TASK_ID='taskA' AIRFLOW_CTX_EXECUTION_DATE='2025-01-11T00:00:00+00:00' AIRFLOW_CTX_TRY_NUMBER='1' AIRFLOW_CTX_DAG_RUN_ID='backfill__2025-01-11T00:00:00+00:00'
[2025-01-29T17:10:13.577+0000] {taskinstance.py:731} INFO - ::endgroup::
[2025-01-29T17:10:13.597+0000] {subprocess.py:78} INFO - Tmp dir root location: /tmp
[2025-01-29T17:10:13.599+0000] {subprocess.py:88} INFO - Running command: ['/usr/bin/bash', '-c', 'echo TASK A has executed']
[2025-01-29T17:10:13.617+0000] {subprocess.py:99} INFO - Output:
[2025-01-29T17:10:13.618+0000] {subprocess.py:106} INFO - TASK A has executed
[2025-01-29T17:10:13.620+0000] {subprocess.py:110} INFO - Command exited with return code 0
[2025-01-29T17:10:13.660+0000] {taskinstance.py:340} INFO - ::group::Post task execution logs
[2025-01-29T17:10:13.662+0000] {taskinstance.py:352} INFO - Marking task as SUCCESS. dag_id=cron_catchup_backfill, task_id=taskA, run_id=backfill__2025-01-11T00:00:00+00:00, execution_date=20250111T000000, start_date=20250129T171013, end_date=20250129T171013
[2025-01-29T17:10:13.732+0000] {local_task_job_runner.py:266} INFO - Task exited with return code 0
[2025-01-29T17:10:13.764+0000] {taskinstance.py:3895} INFO - 1 downstream tasks scheduled from follow-on schedule check
[2025-01-29T17:10:13.770+0000] {local_task_job_runner.py:245} INFO - ::endgroup::
