[2025-01-28T23:52:04.677+0000] {local_task_job_runner.py:123} INFO - ::group::Pre task execution logs
[2025-01-28T23:52:04.688+0000] {taskinstance.py:2613} INFO - Dependencies all met for dep_context=non-requeueable deps ti=<TaskInstance: executing_sql_pipeline.delete_values manual__2025-01-28T23:52:01.779071+00:00 [queued]>
[2025-01-28T23:52:04.696+0000] {taskinstance.py:2613} INFO - Dependencies all met for dep_context=requeueable deps ti=<TaskInstance: executing_sql_pipeline.delete_values manual__2025-01-28T23:52:01.779071+00:00 [queued]>
[2025-01-28T23:52:04.698+0000] {taskinstance.py:2866} INFO - Starting attempt 1 of 1
[2025-01-28T23:52:04.706+0000] {taskinstance.py:2889} INFO - Executing <Task(PostgresOperator): delete_values> on 2025-01-28 23:52:01.779071+00:00
[2025-01-28T23:52:04.713+0000] {standard_task_runner.py:72} INFO - Started process 1176 to run task
[2025-01-28T23:52:04.715+0000] {standard_task_runner.py:104} INFO - Running: ['***', 'tasks', 'run', 'executing_sql_pipeline', 'delete_values', 'manual__2025-01-28T23:52:01.779071+00:00', '--job-id', '17', '--raw', '--subdir', 'DAGS_FOLDER/executing_sql_pipeline.py', '--cfg-path', '/tmp/tmpl8vl8s_f']
[2025-01-28T23:52:04.716+0000] {standard_task_runner.py:105} INFO - Job 17: Subtask delete_values
[2025-01-28T23:52:04.750+0000] {task_command.py:467} INFO - Running <TaskInstance: executing_sql_pipeline.delete_values manual__2025-01-28T23:52:01.779071+00:00 [running]> on host 6b2a71fc0c6d
[2025-01-28T23:52:04.801+0000] {taskinstance.py:3132} INFO - Exporting env vars: AIRFLOW_CTX_DAG_OWNER='***' AIRFLOW_CTX_DAG_ID='executing_sql_pipeline' AIRFLOW_CTX_TASK_ID='delete_values' AIRFLOW_CTX_EXECUTION_DATE='2025-01-28T23:52:01.779071+00:00' AIRFLOW_CTX_TRY_NUMBER='1' AIRFLOW_CTX_DAG_RUN_ID='manual__2025-01-28T23:52:01.779071+00:00'
[2025-01-28T23:52:04.802+0000] {taskinstance.py:731} INFO - ::endgroup::
[2025-01-28T23:52:04.811+0000] {sql.py:278} INFO - Executing: 
            DELETE FROM users WHERE is_active = 0;
        
[2025-01-28T23:52:04.818+0000] {base.py:84} INFO - Retrieving connection 'postgres_conn'
[2025-01-28T23:52:04.826+0000] {base.py:84} INFO - Retrieving connection 'postgres_conn'
[2025-01-28T23:52:04.830+0000] {sql.py:553} INFO - Running statement: 
            DELETE FROM users WHERE is_active = 0;
        , parameters: None
[2025-01-28T23:52:04.833+0000] {taskinstance.py:3311} ERROR - Task failed with exception
Traceback (most recent call last):
  File "/home/airflow/.local/lib/python3.11/site-packages/airflow/models/taskinstance.py", line 767, in _execute_task
    result = _execute_callable(context=context, **execute_callable_kwargs)
             ^^^^^^^^^^^^^^^^^^^^^^^^^^^^^^^^^^^^^^^^^^^^^^^^^^^^^^^^^^^^^
  File "/home/airflow/.local/lib/python3.11/site-packages/airflow/models/taskinstance.py", line 733, in _execute_callable
    return ExecutionCallableRunner(
           ^^^^^^^^^^^^^^^^^^^^^^^^
  File "/home/airflow/.local/lib/python3.11/site-packages/airflow/utils/operator_helpers.py", line 252, in run
    return self.func(*args, **kwargs)
           ^^^^^^^^^^^^^^^^^^^^^^^^^^
  File "/home/airflow/.local/lib/python3.11/site-packages/airflow/models/baseoperator.py", line 422, in wrapper
    return func(self, *args, **kwargs)
           ^^^^^^^^^^^^^^^^^^^^^^^^^^^
  File "/home/airflow/.local/lib/python3.11/site-packages/airflow/providers/common/sql/operators/sql.py", line 284, in execute
    output = hook.run(
             ^^^^^^^^^
  File "/home/airflow/.local/lib/python3.11/site-packages/airflow/providers/common/sql/hooks/sql.py", line 498, in run
    self._run_command(cur, sql_statement, parameters)
  File "/home/airflow/.local/lib/python3.11/site-packages/airflow/providers/common/sql/hooks/sql.py", line 558, in _run_command
    cur.execute(sql_statement)
psycopg2.errors.UndefinedFunction: operator does not exist: boolean = integer
LINE 2:             DELETE FROM users WHERE is_active = 0;
                                                      ^
HINT:  No operator matches the given name and argument types. You might need to add explicit type casts.

[2025-01-28T23:52:04.841+0000] {taskinstance.py:1225} INFO - Marking task as FAILED. dag_id=executing_sql_pipeline, task_id=delete_values, run_id=manual__2025-01-28T23:52:01.779071+00:00, execution_date=20250128T235201, start_date=20250128T235204, end_date=20250128T235204
[2025-01-28T23:52:04.851+0000] {taskinstance.py:340} INFO - ::group::Post task execution logs
[2025-01-28T23:52:04.853+0000] {standard_task_runner.py:124} ERROR - Failed to execute job 17 for task delete_values (operator does not exist: boolean = integer
LINE 2:             DELETE FROM users WHERE is_active = 0;
                                                      ^
HINT:  No operator matches the given name and argument types. You might need to add explicit type casts.
; 1176)
Traceback (most recent call last):
  File "/home/airflow/.local/lib/python3.11/site-packages/airflow/task/task_runner/standard_task_runner.py", line 117, in _start_by_fork
    ret = args.func(args, dag=self.dag)
          ^^^^^^^^^^^^^^^^^^^^^^^^^^^^^
  File "/home/airflow/.local/lib/python3.11/site-packages/airflow/cli/cli_config.py", line 49, in command
    return func(*args, **kwargs)
           ^^^^^^^^^^^^^^^^^^^^^
  File "/home/airflow/.local/lib/python3.11/site-packages/airflow/utils/cli.py", line 116, in wrapper
    return f(*args, **kwargs)
           ^^^^^^^^^^^^^^^^^^
  File "/home/airflow/.local/lib/python3.11/site-packages/airflow/cli/commands/task_command.py", line 483, in task_run
    task_return_code = _run_task_by_selected_method(args, _dag, ti)
                       ^^^^^^^^^^^^^^^^^^^^^^^^^^^^^^^^^^^^^^^^^^^^
  File "/home/airflow/.local/lib/python3.11/site-packages/airflow/cli/commands/task_command.py", line 256, in _run_task_by_selected_method
    return _run_raw_task(args, ti)
           ^^^^^^^^^^^^^^^^^^^^^^^
  File "/home/airflow/.local/lib/python3.11/site-packages/airflow/cli/commands/task_command.py", line 341, in _run_raw_task
    return ti._run_raw_task(
           ^^^^^^^^^^^^^^^^^
  File "/home/airflow/.local/lib/python3.11/site-packages/airflow/utils/session.py", line 97, in wrapper
    return func(*args, session=session, **kwargs)
           ^^^^^^^^^^^^^^^^^^^^^^^^^^^^^^^^^^^^^^
  File "/home/airflow/.local/lib/python3.11/site-packages/airflow/models/taskinstance.py", line 3005, in _run_raw_task
    return _run_raw_task(
           ^^^^^^^^^^^^^^
  File "/home/airflow/.local/lib/python3.11/site-packages/airflow/models/taskinstance.py", line 273, in _run_raw_task
    TaskInstance._execute_task_with_callbacks(
  File "/home/airflow/.local/lib/python3.11/site-packages/airflow/models/taskinstance.py", line 3159, in _execute_task_with_callbacks
    result = self._execute_task(context, task_orig)
             ^^^^^^^^^^^^^^^^^^^^^^^^^^^^^^^^^^^^^^
  File "/home/airflow/.local/lib/python3.11/site-packages/airflow/models/taskinstance.py", line 3183, in _execute_task
    return _execute_task(self, context, task_orig)
           ^^^^^^^^^^^^^^^^^^^^^^^^^^^^^^^^^^^^^^^
  File "/home/airflow/.local/lib/python3.11/site-packages/airflow/models/taskinstance.py", line 767, in _execute_task
    result = _execute_callable(context=context, **execute_callable_kwargs)
             ^^^^^^^^^^^^^^^^^^^^^^^^^^^^^^^^^^^^^^^^^^^^^^^^^^^^^^^^^^^^^
  File "/home/airflow/.local/lib/python3.11/site-packages/airflow/models/taskinstance.py", line 733, in _execute_callable
    return ExecutionCallableRunner(
           ^^^^^^^^^^^^^^^^^^^^^^^^
  File "/home/airflow/.local/lib/python3.11/site-packages/airflow/utils/operator_helpers.py", line 252, in run
    return self.func(*args, **kwargs)
           ^^^^^^^^^^^^^^^^^^^^^^^^^^
  File "/home/airflow/.local/lib/python3.11/site-packages/airflow/models/baseoperator.py", line 422, in wrapper
    return func(self, *args, **kwargs)
           ^^^^^^^^^^^^^^^^^^^^^^^^^^^
  File "/home/airflow/.local/lib/python3.11/site-packages/airflow/providers/common/sql/operators/sql.py", line 284, in execute
    output = hook.run(
             ^^^^^^^^^
  File "/home/airflow/.local/lib/python3.11/site-packages/airflow/providers/common/sql/hooks/sql.py", line 498, in run
    self._run_command(cur, sql_statement, parameters)
  File "/home/airflow/.local/lib/python3.11/site-packages/airflow/providers/common/sql/hooks/sql.py", line 558, in _run_command
    cur.execute(sql_statement)
psycopg2.errors.UndefinedFunction: operator does not exist: boolean = integer
LINE 2:             DELETE FROM users WHERE is_active = 0;
                                                      ^
HINT:  No operator matches the given name and argument types. You might need to add explicit type casts.

[2025-01-28T23:52:04.889+0000] {local_task_job_runner.py:266} INFO - Task exited with return code 1
[2025-01-28T23:52:04.909+0000] {taskinstance.py:3895} INFO - 0 downstream tasks scheduled from follow-on schedule check
[2025-01-28T23:52:04.916+0000] {local_task_job_runner.py:245} INFO - ::endgroup::
