[2025-01-24T17:33:04.200+0000] {local_task_job_runner.py:123} INFO - ::group::Pre task execution logs
[2025-01-24T17:33:04.222+0000] {taskinstance.py:2613} INFO - Dependencies all met for dep_context=non-requeueable deps ti=<TaskInstance: example_branch_operator.branch_d scheduled__2025-01-23T00:00:00+00:00 [queued]>
[2025-01-24T17:33:04.234+0000] {taskinstance.py:2613} INFO - Dependencies all met for dep_context=requeueable deps ti=<TaskInstance: example_branch_operator.branch_d scheduled__2025-01-23T00:00:00+00:00 [queued]>
[2025-01-24T17:33:04.237+0000] {taskinstance.py:2866} INFO - Starting attempt 1 of 1
[2025-01-24T17:33:04.254+0000] {taskinstance.py:2889} INFO - Executing <Task(PythonOperator): branch_d> on 2025-01-23 00:00:00+00:00
[2025-01-24T17:33:04.262+0000] {standard_task_runner.py:72} INFO - Started process 422 to run task
[2025-01-24T17:33:04.266+0000] {standard_task_runner.py:104} INFO - Running: ['***', 'tasks', 'run', 'example_branch_operator', 'branch_d', 'scheduled__2025-01-23T00:00:00+00:00', '--job-id', '4', '--raw', '--subdir', '/home/***/.local/lib/python3.11/site-packages/***/example_dags/example_branch_operator.py', '--cfg-path', '/tmp/tmpypk9o55q']
[2025-01-24T17:33:04.269+0000] {standard_task_runner.py:105} INFO - Job 4: Subtask branch_d
[2025-01-24T17:33:04.323+0000] {task_command.py:467} INFO - Running <TaskInstance: example_branch_operator.branch_d scheduled__2025-01-23T00:00:00+00:00 [running]> on host 67e60a414d03
[2025-01-24T17:33:04.400+0000] {taskinstance.py:3132} INFO - Exporting env vars: AIRFLOW_CTX_DAG_OWNER='***' AIRFLOW_CTX_DAG_ID='example_branch_operator' AIRFLOW_CTX_TASK_ID='branch_d' AIRFLOW_CTX_EXECUTION_DATE='2025-01-23T00:00:00+00:00' AIRFLOW_CTX_TRY_NUMBER='1' AIRFLOW_CTX_DAG_RUN_ID='scheduled__2025-01-23T00:00:00+00:00'
[2025-01-24T17:33:04.403+0000] {logging_mixin.py:190} INFO - Task instance is in running state
[2025-01-24T17:33:04.405+0000] {logging_mixin.py:190} INFO -  Previous state of the Task instance: queued
[2025-01-24T17:33:04.406+0000] {logging_mixin.py:190} INFO - Current task name:branch_d state:running start_date:2025-01-24 17:33:04.224310+00:00
[2025-01-24T17:33:04.408+0000] {logging_mixin.py:190} INFO - Dag name:example_branch_operator and current dag run status:running
[2025-01-24T17:33:04.410+0000] {taskinstance.py:731} INFO - ::endgroup::
[2025-01-24T17:33:04.411+0000] {logging_mixin.py:190} INFO - Hello World
[2025-01-24T17:33:04.413+0000] {python.py:240} INFO - Done. Returned value was: None
[2025-01-24T17:33:04.423+0000] {taskinstance.py:340} INFO - ::group::Post task execution logs
[2025-01-24T17:33:04.425+0000] {taskinstance.py:352} INFO - Marking task as SUCCESS. dag_id=example_branch_operator, task_id=branch_d, run_id=scheduled__2025-01-23T00:00:00+00:00, execution_date=20250123T000000, start_date=20250124T173304, end_date=20250124T173304
[2025-01-24T17:33:04.438+0000] {logging_mixin.py:190} INFO - Task instance in success state
[2025-01-24T17:33:04.439+0000] {logging_mixin.py:190} INFO -  Previous state of the Task instance: running
[2025-01-24T17:33:04.441+0000] {logging_mixin.py:190} INFO - Dag name:example_branch_operator queued_at:2025-01-24 17:32:56.421664+00:00
[2025-01-24T17:33:04.442+0000] {logging_mixin.py:190} INFO - Task hostname:67e60a414d03 operator:PythonOperator
[2025-01-24T17:33:04.482+0000] {local_task_job_runner.py:266} INFO - Task exited with return code 0
[2025-01-24T17:33:04.513+0000] {taskinstance.py:3895} INFO - 0 downstream tasks scheduled from follow-on schedule check
[2025-01-24T17:33:04.521+0000] {local_task_job_runner.py:245} INFO - ::endgroup::
