[2025-01-27T15:39:28.890+0000] {local_task_job_runner.py:123} INFO - ::group::Pre task execution logs
[2025-01-27T15:39:28.905+0000] {taskinstance.py:2613} INFO - Dependencies all met for dep_context=non-requeueable deps ti=<TaskInstance: executing_multiple_tasks.taskB manual__2025-01-27T15:39:26.616840+00:00 [queued]>
[2025-01-27T15:39:28.913+0000] {taskinstance.py:2613} INFO - Dependencies all met for dep_context=requeueable deps ti=<TaskInstance: executing_multiple_tasks.taskB manual__2025-01-27T15:39:26.616840+00:00 [queued]>
[2025-01-27T15:39:28.915+0000] {taskinstance.py:2866} INFO - Starting attempt 1 of 1
[2025-01-27T15:39:28.927+0000] {taskinstance.py:2889} INFO - Executing <Task(BashOperator): taskB> on 2025-01-27 15:39:26.616840+00:00
[2025-01-27T15:39:28.933+0000] {standard_task_runner.py:72} INFO - Started process 2518 to run task
[2025-01-27T15:39:28.936+0000] {standard_task_runner.py:104} INFO - Running: ['***', 'tasks', 'run', 'executing_multiple_tasks', 'taskB', 'manual__2025-01-27T15:39:26.616840+00:00', '--job-id', '29', '--raw', '--subdir', 'DAGS_FOLDER/execute_multiple_tasks.py', '--cfg-path', '/tmp/tmpyexexx4k']
[2025-01-27T15:39:28.939+0000] {standard_task_runner.py:105} INFO - Job 29: Subtask taskB
[2025-01-27T15:39:28.990+0000] {task_command.py:467} INFO - Running <TaskInstance: executing_multiple_tasks.taskB manual__2025-01-27T15:39:26.616840+00:00 [running]> on host 6eaa7309f7d4
[2025-01-27T15:39:29.074+0000] {taskinstance.py:3132} INFO - Exporting env vars: AIRFLOW_CTX_DAG_OWNER='***' AIRFLOW_CTX_DAG_ID='executing_multiple_tasks' AIRFLOW_CTX_TASK_ID='taskB' AIRFLOW_CTX_EXECUTION_DATE='2025-01-27T15:39:26.616840+00:00' AIRFLOW_CTX_TRY_NUMBER='1' AIRFLOW_CTX_DAG_RUN_ID='manual__2025-01-27T15:39:26.616840+00:00'
[2025-01-27T15:39:29.075+0000] {taskinstance.py:731} INFO - ::endgroup::
[2025-01-27T15:39:29.090+0000] {subprocess.py:78} INFO - Tmp dir root location: /tmp
[2025-01-27T15:39:29.092+0000] {subprocess.py:88} INFO - Running command: ['/usr/bin/bash', 'tmpvqdrrrdz.sh']
[2025-01-27T15:39:29.103+0000] {subprocess.py:99} INFO - Output:
[2025-01-27T15:39:29.104+0000] {subprocess.py:106} INFO - TASK B has started!
[2025-01-27T15:39:33.107+0000] {subprocess.py:110} INFO - Command exited with return code 99
[2025-01-27T15:39:33.109+0000] {taskinstance.py:301} INFO - Bash command returned exit code 99. Skipping.
[2025-01-27T15:39:33.142+0000] {taskinstance.py:340} INFO - ::group::Post task execution logs
[2025-01-27T15:39:33.143+0000] {taskinstance.py:352} INFO - Marking task as SKIPPED. dag_id=executing_multiple_tasks, task_id=taskB, run_id=manual__2025-01-27T15:39:26.616840+00:00, execution_date=20250127T153926, start_date=20250127T153928, end_date=20250127T153933
[2025-01-27T15:39:33.177+0000] {local_task_job_runner.py:266} INFO - Task exited with return code 0
[2025-01-27T15:39:33.200+0000] {taskinstance.py:3895} INFO - 0 downstream tasks scheduled from follow-on schedule check
[2025-01-27T15:39:33.207+0000] {local_task_job_runner.py:245} INFO - ::endgroup::
