[2025-01-24T21:53:16.620+0000] {local_task_job_runner.py:123} INFO - ::group::Pre task execution logs
[2025-01-24T21:53:16.633+0000] {taskinstance.py:2613} INFO - Dependencies all met for dep_context=non-requeueable deps ti=<TaskInstance: hello_world.hello_world_task scheduled__2025-01-23T00:00:00+00:00 [queued]>
[2025-01-24T21:53:16.641+0000] {taskinstance.py:2613} INFO - Dependencies all met for dep_context=requeueable deps ti=<TaskInstance: hello_world.hello_world_task scheduled__2025-01-23T00:00:00+00:00 [queued]>
[2025-01-24T21:53:16.644+0000] {taskinstance.py:2866} INFO - Starting attempt 1 of 1
[2025-01-24T21:53:16.654+0000] {taskinstance.py:2889} INFO - Executing <Task(BashOperator): hello_world_task> on 2025-01-23 00:00:00+00:00
[2025-01-24T21:53:16.660+0000] {standard_task_runner.py:72} INFO - Started process 214 to run task
[2025-01-24T21:53:16.662+0000] {standard_task_runner.py:104} INFO - Running: ['***', 'tasks', 'run', 'hello_world', 'hello_world_task', 'scheduled__2025-01-23T00:00:00+00:00', '--job-id', '5', '--raw', '--subdir', 'DAGS_FOLDER/simple_hello_world.py', '--cfg-path', '/tmp/tmpqb6o12uv']
[2025-01-24T21:53:16.665+0000] {standard_task_runner.py:105} INFO - Job 5: Subtask hello_world_task
[2025-01-24T21:53:16.705+0000] {task_command.py:467} INFO - Running <TaskInstance: hello_world.hello_world_task scheduled__2025-01-23T00:00:00+00:00 [running]> on host 6eaa7309f7d4
[2025-01-24T21:53:16.762+0000] {taskinstance.py:3132} INFO - Exporting env vars: AIRFLOW_CTX_DAG_OWNER='***' AIRFLOW_CTX_DAG_ID='hello_world' AIRFLOW_CTX_TASK_ID='hello_world_task' AIRFLOW_CTX_EXECUTION_DATE='2025-01-23T00:00:00+00:00' AIRFLOW_CTX_TRY_NUMBER='1' AIRFLOW_CTX_DAG_RUN_ID='scheduled__2025-01-23T00:00:00+00:00'
[2025-01-24T21:53:16.764+0000] {taskinstance.py:731} INFO - ::endgroup::
[2025-01-24T21:53:16.775+0000] {subprocess.py:78} INFO - Tmp dir root location: /tmp
[2025-01-24T21:53:16.777+0000] {subprocess.py:88} INFO - Running command: ['/usr/bin/bash', '-c', 'echo Hello world once again!']
[2025-01-24T21:53:16.786+0000] {subprocess.py:99} INFO - Output:
[2025-01-24T21:53:16.788+0000] {subprocess.py:106} INFO - Hello world once again!
[2025-01-24T21:53:16.789+0000] {subprocess.py:110} INFO - Command exited with return code 0
[2025-01-24T21:53:16.811+0000] {taskinstance.py:340} INFO - ::group::Post task execution logs
[2025-01-24T21:53:16.813+0000] {taskinstance.py:352} INFO - Marking task as SUCCESS. dag_id=hello_world, task_id=hello_world_task, run_id=scheduled__2025-01-23T00:00:00+00:00, execution_date=20250123T000000, start_date=20250124T215316, end_date=20250124T215316
[2025-01-24T21:53:16.837+0000] {local_task_job_runner.py:266} INFO - Task exited with return code 0
[2025-01-24T21:53:16.849+0000] {taskinstance.py:3895} INFO - 0 downstream tasks scheduled from follow-on schedule check
[2025-01-24T21:53:16.854+0000] {local_task_job_runner.py:245} INFO - ::endgroup::
