[2025-02-06T17:27:58.699+0000] {local_task_job_runner.py:123} INFO - ::group::Pre task execution logs
[2025-02-06T17:27:58.719+0000] {taskinstance.py:2613} INFO - Dependencies all met for dep_context=non-requeueable deps ti=<TaskInstance: data_transformation_storage_pipeline.create_table manual__2025-02-06T17:27:55.156239+00:00 [queued]>
[2025-02-06T17:27:58.730+0000] {taskinstance.py:2613} INFO - Dependencies all met for dep_context=requeueable deps ti=<TaskInstance: data_transformation_storage_pipeline.create_table manual__2025-02-06T17:27:55.156239+00:00 [queued]>
[2025-02-06T17:27:58.732+0000] {taskinstance.py:2866} INFO - Starting attempt 1 of 1
[2025-02-06T17:27:58.792+0000] {taskinstance.py:2889} INFO - Executing <Task(_PythonDecoratedOperator): create_table> on 2025-02-06 17:27:55.156239+00:00
[2025-02-06T17:27:58.804+0000] {standard_task_runner.py:72} INFO - Started process 9176 to run task
[2025-02-06T17:27:58.808+0000] {standard_task_runner.py:104} INFO - Running: ['***', 'tasks', 'run', 'data_transformation_storage_pipeline', 'create_table', 'manual__2025-02-06T17:27:55.156239+00:00', '--job-id', '64', '--raw', '--subdir', 'DAGS_FOLDER/data_transformation_storage_pipeline.py', '--cfg-path', '/tmp/tmpnpan4vlx']
[2025-02-06T17:27:58.811+0000] {standard_task_runner.py:105} INFO - Job 64: Subtask create_table
[2025-02-06T17:27:59.055+0000] {task_command.py:467} INFO - Running <TaskInstance: data_transformation_storage_pipeline.create_table manual__2025-02-06T17:27:55.156239+00:00 [running]> on host c3d37860668a
[2025-02-06T17:27:59.131+0000] {taskinstance.py:3132} INFO - Exporting env vars: AIRFLOW_CTX_DAG_OWNER='***' AIRFLOW_CTX_DAG_ID='data_transformation_storage_pipeline' AIRFLOW_CTX_TASK_ID='create_table' AIRFLOW_CTX_EXECUTION_DATE='2025-02-06T17:27:55.156239+00:00' AIRFLOW_CTX_TRY_NUMBER='1' AIRFLOW_CTX_DAG_RUN_ID='manual__2025-02-06T17:27:55.156239+00:00'
[2025-02-06T17:27:59.133+0000] {taskinstance.py:731} INFO - ::endgroup::
[2025-02-06T17:27:59.136+0000] {baseoperator.py:421} WARNING - PostgresOperator.execute cannot be called outside TaskInstance!
[2025-02-06T17:27:59.138+0000] {sql.py:278} INFO - Executing: CREATE TABLE IF NOT EXISTS car_data (
                    id SERIAL PRIMARY KEY,
                    brand TEXT NOT NULL,
                    model TEXT NOT NULL,
                    body_style TEXT NOT NULL,
                    seat INT NOT NULL,
                    price INT NOT NULL);
[2025-02-06T17:27:59.147+0000] {base.py:84} INFO - Retrieving connection 'postgres_conn'
[2025-02-06T17:27:59.156+0000] {base.py:84} INFO - Retrieving connection 'postgres_conn'
[2025-02-06T17:27:59.161+0000] {sql.py:553} INFO - Running statement: CREATE TABLE IF NOT EXISTS car_data (
                    id SERIAL PRIMARY KEY,
                    brand TEXT NOT NULL,
                    model TEXT NOT NULL,
                    body_style TEXT NOT NULL,
                    seat INT NOT NULL,
                    price INT NOT NULL);, parameters: None
[2025-02-06T17:27:59.164+0000] {python.py:240} INFO - Done. Returned value was: None
[2025-02-06T17:27:59.174+0000] {taskinstance.py:340} INFO - ::group::Post task execution logs
[2025-02-06T17:27:59.176+0000] {taskinstance.py:352} INFO - Marking task as SUCCESS. dag_id=data_transformation_storage_pipeline, task_id=create_table, run_id=manual__2025-02-06T17:27:55.156239+00:00, execution_date=20250206T172755, start_date=20250206T172758, end_date=20250206T172759
[2025-02-06T17:27:59.226+0000] {local_task_job_runner.py:266} INFO - Task exited with return code 0
[2025-02-06T17:27:59.421+0000] {taskinstance.py:3895} INFO - 1 downstream tasks scheduled from follow-on schedule check
[2025-02-06T17:27:59.457+0000] {local_task_job_runner.py:245} INFO - ::endgroup::
