[2025-01-24T23:15:09.513+0000] {local_task_job_runner.py:123} INFO - ::group::Pre task execution logs
[2025-01-24T23:15:09.528+0000] {taskinstance.py:2613} INFO - Dependencies all met for dep_context=non-requeueable deps ti=<TaskInstance: executing_multiple_tasks.taskD manual__2025-01-24T23:14:51.531557+00:00 [queued]>
[2025-01-24T23:15:09.536+0000] {taskinstance.py:2613} INFO - Dependencies all met for dep_context=requeueable deps ti=<TaskInstance: executing_multiple_tasks.taskD manual__2025-01-24T23:14:51.531557+00:00 [queued]>
[2025-01-24T23:15:09.540+0000] {taskinstance.py:2866} INFO - Starting attempt 1 of 1
[2025-01-24T23:15:09.560+0000] {taskinstance.py:2889} INFO - Executing <Task(BashOperator): taskD> on 2025-01-24 23:14:51.531557+00:00
[2025-01-24T23:15:09.567+0000] {standard_task_runner.py:72} INFO - Started process 1333 to run task
[2025-01-24T23:15:09.569+0000] {standard_task_runner.py:104} INFO - Running: ['***', 'tasks', 'run', 'executing_multiple_tasks', 'taskD', 'manual__2025-01-24T23:14:51.531557+00:00', '--job-id', '15', '--raw', '--subdir', 'DAGS_FOLDER/execute_multiple_tasks.py', '--cfg-path', '/tmp/tmpsoa_8c8p']
[2025-01-24T23:15:09.572+0000] {standard_task_runner.py:105} INFO - Job 15: Subtask taskD
[2025-01-24T23:15:09.620+0000] {task_command.py:467} INFO - Running <TaskInstance: executing_multiple_tasks.taskD manual__2025-01-24T23:14:51.531557+00:00 [running]> on host 6eaa7309f7d4
[2025-01-24T23:15:09.690+0000] {taskinstance.py:3132} INFO - Exporting env vars: AIRFLOW_CTX_DAG_OWNER='***' AIRFLOW_CTX_DAG_ID='executing_multiple_tasks' AIRFLOW_CTX_TASK_ID='taskD' AIRFLOW_CTX_EXECUTION_DATE='2025-01-24T23:14:51.531557+00:00' AIRFLOW_CTX_TRY_NUMBER='1' AIRFLOW_CTX_DAG_RUN_ID='manual__2025-01-24T23:14:51.531557+00:00'
[2025-01-24T23:15:09.693+0000] {taskinstance.py:731} INFO - ::endgroup::
[2025-01-24T23:15:09.703+0000] {subprocess.py:78} INFO - Tmp dir root location: /tmp
[2025-01-24T23:15:09.707+0000] {subprocess.py:88} INFO - Running command: ['/usr/bin/bash', '-c', 'echo TASK D completed!']
[2025-01-24T23:15:09.717+0000] {subprocess.py:99} INFO - Output:
[2025-01-24T23:15:09.720+0000] {subprocess.py:106} INFO - TASK D completed!
[2025-01-24T23:15:09.723+0000] {subprocess.py:110} INFO - Command exited with return code 0
[2025-01-24T23:15:09.748+0000] {taskinstance.py:340} INFO - ::group::Post task execution logs
[2025-01-24T23:15:09.751+0000] {taskinstance.py:352} INFO - Marking task as SUCCESS. dag_id=executing_multiple_tasks, task_id=taskD, run_id=manual__2025-01-24T23:14:51.531557+00:00, execution_date=20250124T231451, start_date=20250124T231509, end_date=20250124T231509
[2025-01-24T23:15:09.786+0000] {local_task_job_runner.py:266} INFO - Task exited with return code 0
[2025-01-24T23:15:09.801+0000] {taskinstance.py:3895} INFO - 0 downstream tasks scheduled from follow-on schedule check
[2025-01-24T23:15:09.808+0000] {local_task_job_runner.py:245} INFO - ::endgroup::
