[2025-01-24T17:35:12.628+0000] {local_task_job_runner.py:123} INFO - ::group::Pre task execution logs
[2025-01-24T17:35:12.647+0000] {taskinstance.py:2613} INFO - Dependencies all met for dep_context=non-requeueable deps ti=<TaskInstance: example_branch_operator.branching manual__2025-01-24T17:35:08.787038+00:00 [queued]>
[2025-01-24T17:35:12.657+0000] {taskinstance.py:2613} INFO - Dependencies all met for dep_context=requeueable deps ti=<TaskInstance: example_branch_operator.branching manual__2025-01-24T17:35:08.787038+00:00 [queued]>
[2025-01-24T17:35:12.660+0000] {taskinstance.py:2866} INFO - Starting attempt 1 of 1
[2025-01-24T17:35:12.677+0000] {taskinstance.py:2889} INFO - Executing <Task(BranchPythonOperator): branching> on 2025-01-24 17:35:08.787038+00:00
[2025-01-24T17:35:12.687+0000] {standard_task_runner.py:72} INFO - Started process 651 to run task
[2025-01-24T17:35:12.690+0000] {standard_task_runner.py:104} INFO - Running: ['***', 'tasks', 'run', 'example_branch_operator', 'branching', 'manual__2025-01-24T17:35:08.787038+00:00', '--job-id', '9', '--raw', '--subdir', '/home/***/.local/lib/python3.11/site-packages/***/example_dags/example_branch_operator.py', '--cfg-path', '/tmp/tmphkpzikj3']
[2025-01-24T17:35:12.692+0000] {standard_task_runner.py:105} INFO - Job 9: Subtask branching
[2025-01-24T17:35:12.743+0000] {task_command.py:467} INFO - Running <TaskInstance: example_branch_operator.branching manual__2025-01-24T17:35:08.787038+00:00 [running]> on host 67e60a414d03
[2025-01-24T17:35:12.822+0000] {taskinstance.py:3132} INFO - Exporting env vars: AIRFLOW_CTX_DAG_OWNER='***' AIRFLOW_CTX_DAG_ID='example_branch_operator' AIRFLOW_CTX_TASK_ID='branching' AIRFLOW_CTX_EXECUTION_DATE='2025-01-24T17:35:08.787038+00:00' AIRFLOW_CTX_TRY_NUMBER='1' AIRFLOW_CTX_DAG_RUN_ID='manual__2025-01-24T17:35:08.787038+00:00'
[2025-01-24T17:35:12.825+0000] {logging_mixin.py:190} INFO - Task instance is in running state
[2025-01-24T17:35:12.827+0000] {logging_mixin.py:190} INFO -  Previous state of the Task instance: queued
[2025-01-24T17:35:12.828+0000] {logging_mixin.py:190} INFO - Current task name:branching state:running start_date:2025-01-24 17:35:12.649521+00:00
[2025-01-24T17:35:12.831+0000] {logging_mixin.py:190} INFO - Dag name:example_branch_operator and current dag run status:running
[2025-01-24T17:35:12.833+0000] {taskinstance.py:731} INFO - ::endgroup::
[2025-01-24T17:35:12.835+0000] {baseoperator.py:421} WARNING - BranchPythonOperator.execute cannot be called outside TaskInstance!
[2025-01-24T17:35:12.837+0000] {python.py:240} INFO - Done. Returned value was: branch_c
[2025-01-24T17:35:12.838+0000] {branch.py:38} INFO - Branch into branch_c
[2025-01-24T17:35:12.840+0000] {skipmixin.py:230} INFO - Following branch ('branch_c',)
[2025-01-24T17:35:12.856+0000] {skipmixin.py:278} INFO - Skipping tasks [('branch_d', -1), ('branch_a', -1), ('branch_b', -1)]
[2025-01-24T17:35:12.890+0000] {taskinstance.py:340} INFO - ::group::Post task execution logs
[2025-01-24T17:35:12.892+0000] {taskinstance.py:352} INFO - Marking task as SUCCESS. dag_id=example_branch_operator, task_id=branching, run_id=manual__2025-01-24T17:35:08.787038+00:00, execution_date=20250124T173508, start_date=20250124T173512, end_date=20250124T173512
[2025-01-24T17:35:12.903+0000] {logging_mixin.py:190} INFO - Task instance in success state
[2025-01-24T17:35:12.906+0000] {logging_mixin.py:190} INFO -  Previous state of the Task instance: running
[2025-01-24T17:35:12.907+0000] {logging_mixin.py:190} INFO - Dag name:example_branch_operator queued_at:2025-01-24 17:35:08.809398+00:00
[2025-01-24T17:35:12.908+0000] {logging_mixin.py:190} INFO - Task hostname:67e60a414d03 operator:BranchPythonOperator
[2025-01-24T17:35:12.946+0000] {local_task_job_runner.py:266} INFO - Task exited with return code 0
[2025-01-24T17:35:12.991+0000] {taskinstance.py:3895} INFO - 1 downstream tasks scheduled from follow-on schedule check
[2025-01-24T17:35:13.000+0000] {local_task_job_runner.py:245} INFO - ::endgroup::
