[2025-01-29T16:25:29.232+0000] {local_task_job_runner.py:123} INFO - ::group::Pre task execution logs
[2025-01-29T16:25:29.256+0000] {taskinstance.py:2613} INFO - Dependencies all met for dep_context=non-requeueable deps ti=<TaskInstance: cron_catchup_backfill.taskD scheduled__2025-01-26T00:00:00+00:00 [queued]>
[2025-01-29T16:25:29.269+0000] {taskinstance.py:2613} INFO - Dependencies all met for dep_context=requeueable deps ti=<TaskInstance: cron_catchup_backfill.taskD scheduled__2025-01-26T00:00:00+00:00 [queued]>
[2025-01-29T16:25:29.270+0000] {taskinstance.py:2866} INFO - Starting attempt 1 of 1
[2025-01-29T16:25:29.289+0000] {taskinstance.py:2889} INFO - Executing <Task(BashOperator): taskD> on 2025-01-26 00:00:00+00:00
[2025-01-29T16:25:29.295+0000] {standard_task_runner.py:72} INFO - Started process 1629 to run task
[2025-01-29T16:25:29.298+0000] {standard_task_runner.py:104} INFO - Running: ['***', 'tasks', 'run', 'cron_catchup_backfill', 'taskD', 'scheduled__2025-01-26T00:00:00+00:00', '--job-id', '39', '--raw', '--subdir', 'DAGS_FOLDER/executing_cron_catchup_backfill.py', '--cfg-path', '/tmp/tmpq1k5k4w6']
[2025-01-29T16:25:29.300+0000] {standard_task_runner.py:105} INFO - Job 39: Subtask taskD
[2025-01-29T16:25:29.350+0000] {task_command.py:467} INFO - Running <TaskInstance: cron_catchup_backfill.taskD scheduled__2025-01-26T00:00:00+00:00 [running]> on host ef9d5dc750d2
[2025-01-29T16:25:29.434+0000] {taskinstance.py:3132} INFO - Exporting env vars: AIRFLOW_CTX_DAG_OWNER='***' AIRFLOW_CTX_DAG_ID='cron_catchup_backfill' AIRFLOW_CTX_TASK_ID='taskD' AIRFLOW_CTX_EXECUTION_DATE='2025-01-26T00:00:00+00:00' AIRFLOW_CTX_TRY_NUMBER='1' AIRFLOW_CTX_DAG_RUN_ID='scheduled__2025-01-26T00:00:00+00:00'
[2025-01-29T16:25:29.435+0000] {taskinstance.py:731} INFO - ::endgroup::
[2025-01-29T16:25:29.448+0000] {subprocess.py:78} INFO - Tmp dir root location: /tmp
[2025-01-29T16:25:29.450+0000] {subprocess.py:88} INFO - Running command: ['/usr/bin/bash', '-c', 'echo TASK D has executed!']
[2025-01-29T16:25:29.461+0000] {subprocess.py:99} INFO - Output:
[2025-01-29T16:25:29.462+0000] {subprocess.py:106} INFO - TASK D has executed!
[2025-01-29T16:25:29.463+0000] {subprocess.py:110} INFO - Command exited with return code 0
[2025-01-29T16:25:29.491+0000] {taskinstance.py:340} INFO - ::group::Post task execution logs
[2025-01-29T16:25:29.492+0000] {taskinstance.py:352} INFO - Marking task as SUCCESS. dag_id=cron_catchup_backfill, task_id=taskD, run_id=scheduled__2025-01-26T00:00:00+00:00, execution_date=20250126T000000, start_date=20250129T162529, end_date=20250129T162529
[2025-01-29T16:25:29.513+0000] {local_task_job_runner.py:266} INFO - Task exited with return code 0
[2025-01-29T16:25:29.530+0000] {taskinstance.py:3895} INFO - 0 downstream tasks scheduled from follow-on schedule check
[2025-01-29T16:25:29.533+0000] {local_task_job_runner.py:245} INFO - ::endgroup::
