[2025-01-24T22:21:47.178+0000] {local_task_job_runner.py:123} INFO - ::group::Pre task execution logs
[2025-01-24T22:21:47.193+0000] {taskinstance.py:2613} INFO - Dependencies all met for dep_context=non-requeueable deps ti=<TaskInstance: hello_world.hello_world_task manual__2025-01-24T22:21:46.007752+00:00 [queued]>
[2025-01-24T22:21:47.201+0000] {taskinstance.py:2613} INFO - Dependencies all met for dep_context=requeueable deps ti=<TaskInstance: hello_world.hello_world_task manual__2025-01-24T22:21:46.007752+00:00 [queued]>
[2025-01-24T22:21:47.204+0000] {taskinstance.py:2866} INFO - Starting attempt 1 of 1
[2025-01-24T22:21:47.220+0000] {taskinstance.py:2889} INFO - Executing <Task(BashOperator): hello_world_task> on 2025-01-24 22:21:46.007752+00:00
[2025-01-24T22:21:47.228+0000] {standard_task_runner.py:72} INFO - Started process 603 to run task
[2025-01-24T22:21:47.231+0000] {standard_task_runner.py:104} INFO - Running: ['***', 'tasks', 'run', 'hello_world', 'hello_world_task', 'manual__2025-01-24T22:21:46.007752+00:00', '--job-id', '7', '--raw', '--subdir', 'DAGS_FOLDER/simple_hello_world.py', '--cfg-path', '/tmp/tmpsrle3iqv']
[2025-01-24T22:21:47.233+0000] {standard_task_runner.py:105} INFO - Job 7: Subtask hello_world_task
[2025-01-24T22:21:47.280+0000] {task_command.py:467} INFO - Running <TaskInstance: hello_world.hello_world_task manual__2025-01-24T22:21:46.007752+00:00 [running]> on host 6eaa7309f7d4
[2025-01-24T22:21:47.341+0000] {taskinstance.py:3132} INFO - Exporting env vars: AIRFLOW_CTX_DAG_OWNER='***' AIRFLOW_CTX_DAG_ID='hello_world' AIRFLOW_CTX_TASK_ID='hello_world_task' AIRFLOW_CTX_EXECUTION_DATE='2025-01-24T22:21:46.007752+00:00' AIRFLOW_CTX_TRY_NUMBER='1' AIRFLOW_CTX_DAG_RUN_ID='manual__2025-01-24T22:21:46.007752+00:00'
[2025-01-24T22:21:47.343+0000] {taskinstance.py:731} INFO - ::endgroup::
[2025-01-24T22:21:47.352+0000] {subprocess.py:78} INFO - Tmp dir root location: /tmp
[2025-01-24T22:21:47.354+0000] {subprocess.py:88} INFO - Running command: ['/usr/bin/bash', '-c', 'echo Hello world once again!']
[2025-01-24T22:21:47.364+0000] {subprocess.py:99} INFO - Output:
[2025-01-24T22:21:47.366+0000] {subprocess.py:106} INFO - Hello world once again!
[2025-01-24T22:21:47.367+0000] {subprocess.py:110} INFO - Command exited with return code 0
[2025-01-24T22:21:47.389+0000] {taskinstance.py:340} INFO - ::group::Post task execution logs
[2025-01-24T22:21:47.391+0000] {taskinstance.py:352} INFO - Marking task as SUCCESS. dag_id=hello_world, task_id=hello_world_task, run_id=manual__2025-01-24T22:21:46.007752+00:00, execution_date=20250124T222146, start_date=20250124T222147, end_date=20250124T222147
[2025-01-24T22:21:47.445+0000] {local_task_job_runner.py:266} INFO - Task exited with return code 0
[2025-01-24T22:21:47.462+0000] {taskinstance.py:3895} INFO - 0 downstream tasks scheduled from follow-on schedule check
[2025-01-24T22:21:47.467+0000] {local_task_job_runner.py:245} INFO - ::endgroup::
