[2025-01-24T17:35:31.613+0000] {local_task_job_runner.py:123} INFO - ::group::Pre task execution logs
[2025-01-24T17:35:31.632+0000] {taskinstance.py:2613} INFO - Dependencies all met for dep_context=non-requeueable deps ti=<TaskInstance: example_branch_operator.branching_venv manual__2025-01-24T17:35:08.787038+00:00 [queued]>
[2025-01-24T17:35:31.642+0000] {taskinstance.py:2613} INFO - Dependencies all met for dep_context=requeueable deps ti=<TaskInstance: example_branch_operator.branching_venv manual__2025-01-24T17:35:08.787038+00:00 [queued]>
[2025-01-24T17:35:31.645+0000] {taskinstance.py:2866} INFO - Starting attempt 1 of 1
[2025-01-24T17:35:31.664+0000] {taskinstance.py:2889} INFO - Executing <Task(BranchPythonVirtualenvOperator): branching_venv> on 2025-01-24 17:35:08.787038+00:00
[2025-01-24T17:35:31.673+0000] {standard_task_runner.py:72} INFO - Started process 710 to run task
[2025-01-24T17:35:31.677+0000] {standard_task_runner.py:104} INFO - Running: ['***', 'tasks', 'run', 'example_branch_operator', 'branching_venv', 'manual__2025-01-24T17:35:08.787038+00:00', '--job-id', '13', '--raw', '--subdir', '/home/***/.local/lib/python3.11/site-packages/***/example_dags/example_branch_operator.py', '--cfg-path', '/tmp/tmp9pukhku5']
[2025-01-24T17:35:31.680+0000] {standard_task_runner.py:105} INFO - Job 13: Subtask branching_venv
[2025-01-24T17:35:31.733+0000] {task_command.py:467} INFO - Running <TaskInstance: example_branch_operator.branching_venv manual__2025-01-24T17:35:08.787038+00:00 [running]> on host 67e60a414d03
[2025-01-24T17:35:31.828+0000] {taskinstance.py:3132} INFO - Exporting env vars: AIRFLOW_CTX_DAG_OWNER='***' AIRFLOW_CTX_DAG_ID='example_branch_operator' AIRFLOW_CTX_TASK_ID='branching_venv' AIRFLOW_CTX_EXECUTION_DATE='2025-01-24T17:35:08.787038+00:00' AIRFLOW_CTX_TRY_NUMBER='1' AIRFLOW_CTX_DAG_RUN_ID='manual__2025-01-24T17:35:08.787038+00:00'
[2025-01-24T17:35:31.832+0000] {logging_mixin.py:190} INFO - Task instance is in running state
[2025-01-24T17:35:31.833+0000] {logging_mixin.py:190} INFO -  Previous state of the Task instance: queued
[2025-01-24T17:35:31.835+0000] {logging_mixin.py:190} INFO - Current task name:branching_venv state:running start_date:2025-01-24 17:35:31.635402+00:00
[2025-01-24T17:35:31.837+0000] {logging_mixin.py:190} INFO - Dag name:example_branch_operator and current dag run status:running
[2025-01-24T17:35:31.838+0000] {taskinstance.py:731} INFO - ::endgroup::
[2025-01-24T17:35:31.839+0000] {baseoperator.py:421} WARNING - BranchPythonVirtualenvOperator.execute cannot be called outside TaskInstance!
[2025-01-24T17:35:31.840+0000] {baseoperator.py:421} WARNING - BranchPythonVirtualenvOperator.execute cannot be called outside TaskInstance!
[2025-01-24T17:35:31.850+0000] {python.py:809} INFO - Python virtual environment will be cached in /tmp/venv-5ea997a7
[2025-01-24T17:35:31.855+0000] {python.py:823} INFO - Re-using cached Python virtual environment in /tmp/venv-5ea997a7
[2025-01-24T17:35:31.857+0000] {python.py:513} INFO - Use 'pickle' as serializer.
[2025-01-24T17:35:31.866+0000] {process_utils.py:186} INFO - Executing cmd: /tmp/venv-5ea997a7/bin/python /tmp/venv-calldwzf26i1/script.py /tmp/venv-calldwzf26i1/script.in /tmp/venv-calldwzf26i1/script.out /tmp/venv-calldwzf26i1/string_args.txt /tmp/venv-calldwzf26i1/termination.log
[2025-01-24T17:35:31.868+0000] {process_utils.py:190} INFO - Output:
[2025-01-24T17:35:34.282+0000] {process_utils.py:194} INFO - Some numpy stuff: [0 1 2 3 4 5]
[2025-01-24T17:35:34.729+0000] {python.py:240} INFO - Done. Returned value was: venv_c
[2025-01-24T17:35:34.731+0000] {branch.py:38} INFO - Branch into venv_c
[2025-01-24T17:35:34.733+0000] {skipmixin.py:230} INFO - Following branch ('venv_c',)
[2025-01-24T17:35:34.746+0000] {skipmixin.py:278} INFO - Skipping tasks [('venv_b', -1), ('venv_a', -1), ('venv_d', -1)]
[2025-01-24T17:35:34.823+0000] {taskinstance.py:340} INFO - ::group::Post task execution logs
[2025-01-24T17:35:34.826+0000] {taskinstance.py:352} INFO - Marking task as SUCCESS. dag_id=example_branch_operator, task_id=branching_venv, run_id=manual__2025-01-24T17:35:08.787038+00:00, execution_date=20250124T173508, start_date=20250124T173531, end_date=20250124T173534
[2025-01-24T17:35:34.847+0000] {logging_mixin.py:190} INFO - Task instance in success state
[2025-01-24T17:35:34.849+0000] {logging_mixin.py:190} INFO -  Previous state of the Task instance: running
[2025-01-24T17:35:34.852+0000] {logging_mixin.py:190} INFO - Dag name:example_branch_operator queued_at:2025-01-24 17:35:08.809398+00:00
[2025-01-24T17:35:34.854+0000] {logging_mixin.py:190} INFO - Task hostname:67e60a414d03 operator:BranchPythonVirtualenvOperator
[2025-01-24T17:35:34.870+0000] {local_task_job_runner.py:266} INFO - Task exited with return code 0
[2025-01-24T17:35:34.904+0000] {taskinstance.py:3895} INFO - 1 downstream tasks scheduled from follow-on schedule check
[2025-01-24T17:35:34.947+0000] {local_task_job_runner.py:245} INFO - ::endgroup::
