[2025-01-27T15:10:45.457+0000] {local_task_job_runner.py:123} INFO - ::group::Pre task execution logs
[2025-01-27T15:10:45.514+0000] {taskinstance.py:2613} INFO - Dependencies all met for dep_context=non-requeueable deps ti=<TaskInstance: hello_world.hello_world_task scheduled__2025-01-25T00:00:00+00:00 [queued]>
[2025-01-27T15:10:45.566+0000] {taskinstance.py:2613} INFO - Dependencies all met for dep_context=requeueable deps ti=<TaskInstance: hello_world.hello_world_task scheduled__2025-01-25T00:00:00+00:00 [queued]>
[2025-01-27T15:10:45.618+0000] {taskinstance.py:2866} INFO - Starting attempt 1 of 1
[2025-01-27T15:10:45.733+0000] {taskinstance.py:2889} INFO - Executing <Task(BashOperator): hello_world_task> on 2025-01-25 00:00:00+00:00
[2025-01-27T15:10:45.850+0000] {standard_task_runner.py:72} INFO - Started process 2118 to run task
[2025-01-27T15:10:45.853+0000] {standard_task_runner.py:104} INFO - Running: ['***', 'tasks', 'run', 'hello_world', 'hello_world_task', 'scheduled__2025-01-25T00:00:00+00:00', '--job-id', '22', '--raw', '--subdir', 'DAGS_FOLDER/simple_hello_world.py', '--cfg-path', '/tmp/tmp9n71wtj8']
[2025-01-27T15:10:46.019+0000] {standard_task_runner.py:105} INFO - Job 22: Subtask hello_world_task
[2025-01-27T15:10:46.325+0000] {task_command.py:467} INFO - Running <TaskInstance: hello_world.hello_world_task scheduled__2025-01-25T00:00:00+00:00 [running]> on host 6eaa7309f7d4
[2025-01-27T15:10:46.512+0000] {taskinstance.py:3132} INFO - Exporting env vars: AIRFLOW_CTX_DAG_OWNER='***' AIRFLOW_CTX_DAG_ID='hello_world' AIRFLOW_CTX_TASK_ID='hello_world_task' AIRFLOW_CTX_EXECUTION_DATE='2025-01-25T00:00:00+00:00' AIRFLOW_CTX_TRY_NUMBER='1' AIRFLOW_CTX_DAG_RUN_ID='scheduled__2025-01-25T00:00:00+00:00'
[2025-01-27T15:10:46.560+0000] {taskinstance.py:731} INFO - ::endgroup::
[2025-01-27T15:10:46.635+0000] {subprocess.py:78} INFO - Tmp dir root location: /tmp
[2025-01-27T15:10:46.710+0000] {subprocess.py:88} INFO - Running command: ['/usr/bin/bash', '-c', 'echo Hello world once again!']
[2025-01-27T15:10:46.783+0000] {subprocess.py:99} INFO - Output:
[2025-01-27T15:10:46.892+0000] {subprocess.py:106} INFO - Hello world once again!
[2025-01-27T15:10:46.942+0000] {subprocess.py:110} INFO - Command exited with return code 0
[2025-01-27T15:10:47.059+0000] {taskinstance.py:340} INFO - ::group::Post task execution logs
[2025-01-27T15:10:47.107+0000] {taskinstance.py:352} INFO - Marking task as SUCCESS. dag_id=hello_world, task_id=hello_world_task, run_id=scheduled__2025-01-25T00:00:00+00:00, execution_date=20250125T000000, start_date=20250127T151045, end_date=20250127T151047
[2025-01-27T15:10:47.194+0000] {local_task_job_runner.py:266} INFO - Task exited with return code 0
[2025-01-27T15:10:47.276+0000] {taskinstance.py:3895} INFO - 0 downstream tasks scheduled from follow-on schedule check
[2025-01-27T15:10:47.419+0000] {local_task_job_runner.py:245} INFO - ::endgroup::
