[2025-01-29T16:25:24.810+0000] {local_task_job_runner.py:123} INFO - ::group::Pre task execution logs
[2025-01-29T16:25:24.833+0000] {taskinstance.py:2613} INFO - Dependencies all met for dep_context=non-requeueable deps ti=<TaskInstance: cron_catchup_backfill.taskChoose scheduled__2025-01-25T00:00:00+00:00 [queued]>
[2025-01-29T16:25:24.844+0000] {taskinstance.py:2613} INFO - Dependencies all met for dep_context=requeueable deps ti=<TaskInstance: cron_catchup_backfill.taskChoose scheduled__2025-01-25T00:00:00+00:00 [queued]>
[2025-01-29T16:25:24.846+0000] {taskinstance.py:2866} INFO - Starting attempt 1 of 1
[2025-01-29T16:25:24.864+0000] {taskinstance.py:2889} INFO - Executing <Task(PythonOperator): taskChoose> on 2025-01-25 00:00:00+00:00
[2025-01-29T16:25:24.871+0000] {standard_task_runner.py:72} INFO - Started process 1588 to run task
[2025-01-29T16:25:24.874+0000] {standard_task_runner.py:104} INFO - Running: ['***', 'tasks', 'run', 'cron_catchup_backfill', 'taskChoose', 'scheduled__2025-01-25T00:00:00+00:00', '--job-id', '27', '--raw', '--subdir', 'DAGS_FOLDER/executing_cron_catchup_backfill.py', '--cfg-path', '/tmp/tmp1qhbt9bw']
[2025-01-29T16:25:24.877+0000] {standard_task_runner.py:105} INFO - Job 27: Subtask taskChoose
[2025-01-29T16:25:24.946+0000] {task_command.py:467} INFO - Running <TaskInstance: cron_catchup_backfill.taskChoose scheduled__2025-01-25T00:00:00+00:00 [running]> on host ef9d5dc750d2
[2025-01-29T16:25:25.051+0000] {taskinstance.py:3132} INFO - Exporting env vars: AIRFLOW_CTX_DAG_OWNER='***' AIRFLOW_CTX_DAG_ID='cron_catchup_backfill' AIRFLOW_CTX_TASK_ID='taskChoose' AIRFLOW_CTX_EXECUTION_DATE='2025-01-25T00:00:00+00:00' AIRFLOW_CTX_TRY_NUMBER='1' AIRFLOW_CTX_DAG_RUN_ID='scheduled__2025-01-25T00:00:00+00:00'
[2025-01-29T16:25:25.052+0000] {taskinstance.py:731} INFO - ::endgroup::
[2025-01-29T16:25:25.068+0000] {python.py:240} INFO - Done. Returned value was: True
[2025-01-29T16:25:25.093+0000] {taskinstance.py:340} INFO - ::group::Post task execution logs
[2025-01-29T16:25:25.094+0000] {taskinstance.py:352} INFO - Marking task as SUCCESS. dag_id=cron_catchup_backfill, task_id=taskChoose, run_id=scheduled__2025-01-25T00:00:00+00:00, execution_date=20250125T000000, start_date=20250129T162524, end_date=20250129T162525
[2025-01-29T16:25:25.136+0000] {local_task_job_runner.py:266} INFO - Task exited with return code 0
[2025-01-29T16:25:25.168+0000] {taskinstance.py:3895} INFO - 1 downstream tasks scheduled from follow-on schedule check
[2025-01-29T16:25:25.172+0000] {local_task_job_runner.py:245} INFO - ::endgroup::
[2025-01-29T16:30:48.642+0000] {local_task_job_runner.py:123} INFO - ::group::Pre task execution logs
[2025-01-29T16:30:48.666+0000] {taskinstance.py:2613} INFO - Dependencies all met for dep_context=non-requeueable deps ti=<TaskInstance: cron_catchup_backfill.taskChoose scheduled__2025-01-25T00:00:00+00:00 [queued]>
[2025-01-29T16:30:48.677+0000] {taskinstance.py:2613} INFO - Dependencies all met for dep_context=requeueable deps ti=<TaskInstance: cron_catchup_backfill.taskChoose scheduled__2025-01-25T00:00:00+00:00 [queued]>
[2025-01-29T16:30:48.678+0000] {taskinstance.py:2866} INFO - Starting attempt 1 of 1
[2025-01-29T16:30:48.707+0000] {taskinstance.py:2889} INFO - Executing <Task(PythonOperator): taskChoose> on 2025-01-25 00:00:00+00:00
[2025-01-29T16:30:48.717+0000] {standard_task_runner.py:72} INFO - Started process 1840 to run task
[2025-01-29T16:30:48.722+0000] {standard_task_runner.py:104} INFO - Running: ['***', 'tasks', 'run', 'cron_catchup_backfill', 'taskChoose', 'scheduled__2025-01-25T00:00:00+00:00', '--job-id', '82', '--raw', '--subdir', 'DAGS_FOLDER/executing_cron_catchup_backfill.py', '--cfg-path', '/tmp/tmp93tm3ojx']
[2025-01-29T16:30:48.724+0000] {standard_task_runner.py:105} INFO - Job 82: Subtask taskChoose
[2025-01-29T16:30:48.788+0000] {task_command.py:467} INFO - Running <TaskInstance: cron_catchup_backfill.taskChoose scheduled__2025-01-25T00:00:00+00:00 [running]> on host ef9d5dc750d2
[2025-01-29T16:30:48.972+0000] {taskinstance.py:3132} INFO - Exporting env vars: AIRFLOW_CTX_DAG_OWNER='***' AIRFLOW_CTX_DAG_ID='cron_catchup_backfill' AIRFLOW_CTX_TASK_ID='taskChoose' AIRFLOW_CTX_EXECUTION_DATE='2025-01-25T00:00:00+00:00' AIRFLOW_CTX_TRY_NUMBER='1' AIRFLOW_CTX_DAG_RUN_ID='scheduled__2025-01-25T00:00:00+00:00'
[2025-01-29T16:30:48.974+0000] {taskinstance.py:731} INFO - ::endgroup::
[2025-01-29T16:30:49.001+0000] {python.py:240} INFO - Done. Returned value was: True
[2025-01-29T16:30:49.044+0000] {taskinstance.py:340} INFO - ::group::Post task execution logs
[2025-01-29T16:30:49.045+0000] {taskinstance.py:352} INFO - Marking task as SUCCESS. dag_id=cron_catchup_backfill, task_id=taskChoose, run_id=scheduled__2025-01-25T00:00:00+00:00, execution_date=20250125T000000, start_date=20250129T163048, end_date=20250129T163049
[2025-01-29T16:30:49.103+0000] {local_task_job_runner.py:266} INFO - Task exited with return code 0
[2025-01-29T16:30:49.118+0000] {local_task_job_runner.py:245} INFO - ::endgroup::
