[2025-02-06T17:18:31.867+0000] {local_task_job_runner.py:123} INFO - ::group::Pre task execution logs
[2025-02-06T17:18:31.886+0000] {taskinstance.py:2613} INFO - Dependencies all met for dep_context=non-requeueable deps ti=<TaskInstance: data_transformation_storage_pipeline.create_table scheduled__2025-02-05T00:00:00+00:00 [queued]>
[2025-02-06T17:18:31.899+0000] {taskinstance.py:2613} INFO - Dependencies all met for dep_context=requeueable deps ti=<TaskInstance: data_transformation_storage_pipeline.create_table scheduled__2025-02-05T00:00:00+00:00 [queued]>
[2025-02-06T17:18:31.903+0000] {taskinstance.py:2866} INFO - Starting attempt 1 of 1
[2025-02-06T17:18:31.930+0000] {taskinstance.py:2889} INFO - Executing <Task(_PythonDecoratedOperator): create_table> on 2025-02-05 00:00:00+00:00
[2025-02-06T17:18:31.937+0000] {standard_task_runner.py:72} INFO - Started process 9032 to run task
[2025-02-06T17:18:31.940+0000] {standard_task_runner.py:104} INFO - Running: ['***', 'tasks', 'run', 'data_transformation_storage_pipeline', 'create_table', 'scheduled__2025-02-05T00:00:00+00:00', '--job-id', '58', '--raw', '--subdir', 'DAGS_FOLDER/data_transformation_storage_pipeline.py', '--cfg-path', '/tmp/tmprixenh7c']
[2025-02-06T17:18:31.944+0000] {standard_task_runner.py:105} INFO - Job 58: Subtask create_table
[2025-02-06T17:18:32.171+0000] {task_command.py:467} INFO - Running <TaskInstance: data_transformation_storage_pipeline.create_table scheduled__2025-02-05T00:00:00+00:00 [running]> on host c3d37860668a
[2025-02-06T17:18:32.299+0000] {taskinstance.py:3132} INFO - Exporting env vars: AIRFLOW_CTX_DAG_OWNER='***' AIRFLOW_CTX_DAG_ID='data_transformation_storage_pipeline' AIRFLOW_CTX_TASK_ID='create_table' AIRFLOW_CTX_EXECUTION_DATE='2025-02-05T00:00:00+00:00' AIRFLOW_CTX_TRY_NUMBER='1' AIRFLOW_CTX_DAG_RUN_ID='scheduled__2025-02-05T00:00:00+00:00'
[2025-02-06T17:18:32.301+0000] {taskinstance.py:731} INFO - ::endgroup::
[2025-02-06T17:18:32.305+0000] {baseoperator.py:421} WARNING - PostgresOperator.execute cannot be called outside TaskInstance!
[2025-02-06T17:18:32.306+0000] {sql.py:278} INFO - Executing: CREATE TABLE IF NOT EXISTS car_data (
                    id SERIAL PRIMARY KEY,
                    brand TEXT NOT NULL,
                    model TEXT NOT NULL,
                    body_style TEXT NOT NULL,
                    seat INT NOT NULL,
                    price INT NOT NULL);
[2025-02-06T17:18:32.316+0000] {base.py:84} INFO - Retrieving connection 'postgres_conn'
[2025-02-06T17:18:32.331+0000] {base.py:84} INFO - Retrieving connection 'postgres_conn'
[2025-02-06T17:18:32.337+0000] {sql.py:553} INFO - Running statement: CREATE TABLE IF NOT EXISTS car_data (
                    id SERIAL PRIMARY KEY,
                    brand TEXT NOT NULL,
                    model TEXT NOT NULL,
                    body_style TEXT NOT NULL,
                    seat INT NOT NULL,
                    price INT NOT NULL);, parameters: None
[2025-02-06T17:18:32.415+0000] {python.py:240} INFO - Done. Returned value was: None
[2025-02-06T17:18:32.437+0000] {taskinstance.py:340} INFO - ::group::Post task execution logs
[2025-02-06T17:18:32.441+0000] {taskinstance.py:352} INFO - Marking task as SUCCESS. dag_id=data_transformation_storage_pipeline, task_id=create_table, run_id=scheduled__2025-02-05T00:00:00+00:00, execution_date=20250205T000000, start_date=20250206T171831, end_date=20250206T171832
[2025-02-06T17:18:32.519+0000] {local_task_job_runner.py:266} INFO - Task exited with return code 0
[2025-02-06T17:18:32.756+0000] {taskinstance.py:3895} INFO - 1 downstream tasks scheduled from follow-on schedule check
[2025-02-06T17:18:32.791+0000] {local_task_job_runner.py:245} INFO - ::endgroup::
